2025-02-21 17:07:00,084 - App.src.log - WARNING - 未获取到项目目录信息，正在获取项目目录
2025-02-21 17:07:00,084 - App.src.log - WARNING - 未获取到项目信息，正在获取项目
2025-02-21 17:07:00,084 - App.src.log - INFO - 发送查询项目请求中...
2025-02-21 17:07:00,198 - App.src.log - INFO - 返回状态码:  200
2025-02-21 17:07:00,198 - App.src.log - INFO - 项目名称:农险统计分析项目,项目ID:659865788999532544,环境ID:660123898615955456
2025-02-21 17:07:00,198 - App.src.log - INFO - 项目名称:保单域模型开发,项目ID:660489178949091328,环境ID:660489357961986048
2025-02-21 17:07:00,198 - App.src.log - INFO - 项目名称:理赔域模型开发,项目ID:664105169524359168,环境ID:664110609901551616
2025-02-21 17:07:00,198 - App.src.log - INFO - 项目名称:收付域模型开发,项目ID:665558091214880768,环境ID:665558589229760512
2025-02-21 17:07:00,198 - App.src.log - INFO - 项目名称:产品域模型开发,项目ID:667309876069793792,环境ID:667310114419507200
2025-02-21 17:07:00,198 - App.src.log - INFO - 项目名称:公共域模型开发,项目ID:667309925382225920,环境ID:667310350181335040
2025-02-21 17:07:00,198 - App.src.log - INFO - 项目名称:销管域模型开发,项目ID:669492845551288320,环境ID:669492992658112512
2025-02-21 17:07:00,199 - App.src.log - INFO - 项目名称:机构域模型开发,项目ID:669499243865571328,环境ID:669499579246313472
2025-02-21 17:07:00,199 - App.src.log - INFO - 项目名称:财务域模型开发,项目ID:669499189998125056,环境ID:669500013042204672
2025-02-21 17:07:00,199 - App.src.log - INFO - 项目名称:再保域模型开发,项目ID:669540045408960512,环境ID:669540279086219264
2025-02-21 17:07:00,199 - App.src.log - INFO - 项目名称:客户域模型开发,项目ID:669544231576010752,环境ID:669544379244871680
2025-02-21 17:07:00,199 - App.src.log - INFO - 项目名称:系统配置域模型开发,项目ID:669567632545939456,环境ID:669567973840650240
2025-02-21 17:07:00,199 - App.src.log - INFO - 项目名称:监管报送,项目ID:680416668777709568,环境ID:680417741324156928
2025-02-21 17:07:00,199 - App.src.log - INFO - 项目名称:新农险域模型开发,项目ID:680809261319585792,环境ID:680809423555264512
2025-02-21 17:07:00,199 - App.src.log - INFO - 查询项目成功
2025-02-21 17:07:00,199 - App.src.log - INFO - 发送查询数据开发作业请求中...
2025-02-21 17:07:00,348 - App.src.log - INFO - 返回状态码:  200
2025-02-21 17:07:00,349 - App.src.log - INFO - 查询离线作业成功
2025-02-21 17:07:00,349 - App.src.log - INFO - 建表语句请求发送中...
2025-02-21 17:07:00,518 - App.src.log - INFO - 返回状态码:  200
2025-02-21 17:07:00,519 - App.src.log - INFO - 发送创建DDL工作请求中...
2025-02-21 17:07:00,722 - App.src.log - INFO - 返回状态码:  200
2025-02-21 17:07:00,722 - App.src.log - INFO - 返回该作业id: 680822843344158720
2025-02-21 17:07:00,722 - App.src.log - INFO - 创建DDL作业成功
2025-02-21 17:07:00,722 - App.src.log - INFO - DDL作业ID:680822843344158720
2025-02-21 17:07:00,723 - App.src.log - INFO - 保存更新DDL作业请求发送中...
2025-02-21 17:07:00,830 - App.src.log - INFO - 返回状态码:  200
2025-02-21 17:07:00,831 - App.src.log - INFO - 运行测试参数作业请求发送中...
2025-02-21 17:07:00,922 - App.src.log - INFO - 返回状态码:  200
2025-02-21 17:07:00,922 - App.src.log - INFO - 执行作业请求发送中...
2025-02-21 17:07:01,092 - App.src.log - INFO - 返回状态码:  200
2025-02-21 17:07:01,093 - App.src.log - INFO - 作业:680822843344158720,执行成功!
2025-02-21 17:07:01,093 - App.src.log - INFO - 建表语句请求发送中...
2025-02-21 17:07:01,202 - App.src.log - INFO - 返回状态码:  200
2025-02-21 17:07:01,203 - App.src.log - INFO - 发送创建DDL工作请求中...
2025-02-21 17:07:01,398 - App.src.log - INFO - 返回状态码:  200
2025-02-21 17:07:01,398 - App.src.log - INFO - 返回该作业id: 680822846213062656
2025-02-21 17:07:01,399 - App.src.log - INFO - 创建DDL作业成功
2025-02-21 17:07:01,399 - App.src.log - INFO - DDL作业ID:680822846213062656
2025-02-21 17:07:01,400 - App.src.log - INFO - 保存更新DDL作业请求发送中...
2025-02-21 17:07:01,521 - App.src.log - INFO - 返回状态码:  200
2025-02-21 17:07:01,521 - App.src.log - INFO - 运行测试参数作业请求发送中...
2025-02-21 17:07:01,583 - App.src.log - INFO - 返回状态码:  200
2025-02-21 17:07:01,583 - App.src.log - INFO - 执行作业请求发送中...
2025-02-21 17:07:01,676 - App.src.log - INFO - 返回状态码:  200
2025-02-21 17:07:01,676 - App.src.log - INFO - 作业:680822846213062656,执行成功!
2025-02-21 17:07:01,677 - App.src.log - INFO - 建表语句请求发送中...
2025-02-21 17:07:01,840 - App.src.log - INFO - 返回状态码:  200
2025-02-21 17:07:01,841 - App.src.log - INFO - 发送创建DDL工作请求中...
2025-02-21 17:07:02,001 - App.src.log - INFO - 返回状态码:  200
2025-02-21 17:07:02,001 - App.src.log - INFO - 返回该作业id: 680822848939360256
2025-02-21 17:07:02,001 - App.src.log - INFO - 创建DDL作业成功
2025-02-21 17:07:02,001 - App.src.log - INFO - DDL作业ID:680822848939360256
2025-02-21 17:07:02,002 - App.src.log - INFO - 保存更新DDL作业请求发送中...
2025-02-21 17:07:02,176 - App.src.log - INFO - 返回状态码:  200
2025-02-21 17:07:02,176 - App.src.log - INFO - 运行测试参数作业请求发送中...
2025-02-21 17:07:02,240 - App.src.log - INFO - 返回状态码:  200
2025-02-21 17:07:02,240 - App.src.log - INFO - 执行作业请求发送中...
2025-02-21 17:07:02,331 - App.src.log - INFO - 返回状态码:  200
2025-02-21 17:07:02,332 - App.src.log - INFO - 作业:680822848939360256,执行成功!
2025-02-21 17:07:02,332 - App.src.log - INFO - 建表语句请求发送中...
2025-02-21 17:07:02,554 - App.src.log - INFO - 返回状态码:  200
2025-02-21 17:07:02,554 - App.src.log - INFO - 发送创建DDL工作请求中...
2025-02-21 17:07:02,818 - App.src.log - INFO - 返回状态码:  200
2025-02-21 17:07:02,818 - App.src.log - INFO - 返回该作业id: 680822852139614208
2025-02-21 17:07:02,818 - App.src.log - INFO - 创建DDL作业成功
2025-02-21 17:07:02,818 - App.src.log - INFO - DDL作业ID:680822852139614208
2025-02-21 17:07:02,819 - App.src.log - INFO - 保存更新DDL作业请求发送中...
2025-02-21 17:07:02,968 - App.src.log - INFO - 返回状态码:  200
2025-02-21 17:07:02,969 - App.src.log - INFO - 运行测试参数作业请求发送中...
2025-02-21 17:07:03,031 - App.src.log - INFO - 返回状态码:  200
2025-02-21 17:07:03,031 - App.src.log - INFO - 执行作业请求发送中...
2025-02-21 17:07:03,109 - App.src.log - INFO - 返回状态码:  200
2025-02-21 17:07:03,110 - App.src.log - INFO - 作业:680822852139614208,执行成功!
2025-02-21 17:07:03,110 - App.src.log - INFO - 建表语句请求发送中...
2025-02-21 17:07:05,332 - App.src.log - INFO - 返回状态码:  200
2025-02-21 17:07:05,333 - App.src.log - INFO - 发送创建DDL工作请求中...
2025-02-21 17:07:06,535 - App.src.log - INFO - 返回状态码:  200
2025-02-21 17:07:06,535 - App.src.log - INFO - 返回该作业id: 680822867700482048
2025-02-21 17:07:06,535 - App.src.log - INFO - 创建DDL作业成功
2025-02-21 17:07:06,535 - App.src.log - INFO - DDL作业ID:680822867700482048
2025-02-21 17:07:06,536 - App.src.log - INFO - 保存更新DDL作业请求发送中...
2025-02-21 17:07:06,683 - App.src.log - INFO - 返回状态码:  200
2025-02-21 17:07:06,683 - App.src.log - INFO - 运行测试参数作业请求发送中...
2025-02-21 17:07:06,765 - App.src.log - INFO - 返回状态码:  200
2025-02-21 17:07:06,765 - App.src.log - INFO - 执行作业请求发送中...
2025-02-21 17:07:06,885 - App.src.log - INFO - 返回状态码:  200
2025-02-21 17:07:06,885 - App.src.log - INFO - 作业:680822867700482048,执行成功!
2025-02-21 17:07:06,886 - App.src.log - INFO - 建表语句请求发送中...
2025-02-21 17:07:07,055 - App.src.log - INFO - 返回状态码:  200
2025-02-21 17:07:07,056 - App.src.log - INFO - 发送创建DDL工作请求中...
2025-02-21 17:07:07,302 - App.src.log - INFO - 返回状态码:  200
2025-02-21 17:07:07,302 - App.src.log - INFO - 返回该作业id: 680822870984622080
2025-02-21 17:07:07,302 - App.src.log - INFO - 创建DDL作业成功
2025-02-21 17:07:07,302 - App.src.log - INFO - DDL作业ID:680822870984622080
2025-02-21 17:07:07,303 - App.src.log - INFO - 保存更新DDL作业请求发送中...
2025-02-21 17:07:07,424 - App.src.log - INFO - 返回状态码:  200
2025-02-21 17:07:07,425 - App.src.log - INFO - 运行测试参数作业请求发送中...
2025-02-21 17:07:07,517 - App.src.log - INFO - 返回状态码:  200
2025-02-21 17:07:07,517 - App.src.log - INFO - 执行作业请求发送中...
2025-02-21 17:07:07,639 - App.src.log - INFO - 返回状态码:  200
2025-02-21 17:07:07,639 - App.src.log - INFO - 作业:680822870984622080,执行成功!
2025-02-21 17:07:07,639 - App.src.log - INFO - 建表语句请求发送中...
2025-02-21 17:07:07,763 - App.src.log - INFO - 返回状态码:  200
2025-02-21 17:07:07,763 - App.src.log - INFO - 发送创建DDL工作请求中...
2025-02-21 17:07:07,949 - App.src.log - INFO - 返回状态码:  200
2025-02-21 17:07:07,949 - App.src.log - INFO - 返回该作业id: 680822873719308288
2025-02-21 17:07:07,949 - App.src.log - INFO - 创建DDL作业成功
2025-02-21 17:07:07,949 - App.src.log - INFO - DDL作业ID:680822873719308288
2025-02-21 17:07:07,950 - App.src.log - INFO - 保存更新DDL作业请求发送中...
2025-02-21 17:07:08,149 - App.src.log - INFO - 返回状态码:  200
2025-02-21 17:07:08,150 - App.src.log - INFO - 运行测试参数作业请求发送中...
2025-02-21 17:07:08,228 - App.src.log - INFO - 返回状态码:  200
2025-02-21 17:07:08,229 - App.src.log - INFO - 执行作业请求发送中...
2025-02-21 17:07:08,306 - App.src.log - INFO - 返回状态码:  200
2025-02-21 17:07:08,306 - App.src.log - INFO - 作业:680822873719308288,执行成功!
2025-02-21 17:07:08,307 - App.src.log - INFO - 建表语句请求发送中...
2025-02-21 17:07:08,490 - App.src.log - INFO - 返回状态码:  200
2025-02-21 17:07:08,491 - App.src.log - INFO - 发送创建DDL工作请求中...
2025-02-21 17:07:08,643 - App.src.log - INFO - 返回状态码:  200
2025-02-21 17:07:08,644 - App.src.log - INFO - 返回该作业id: 680822876747595776
2025-02-21 17:07:08,644 - App.src.log - INFO - 创建DDL作业成功
2025-02-21 17:07:08,644 - App.src.log - INFO - DDL作业ID:680822876747595776
2025-02-21 17:07:08,644 - App.src.log - INFO - 保存更新DDL作业请求发送中...
2025-02-21 17:07:08,766 - App.src.log - INFO - 返回状态码:  200
2025-02-21 17:07:08,766 - App.src.log - INFO - 运行测试参数作业请求发送中...
2025-02-21 17:07:08,865 - App.src.log - INFO - 返回状态码:  200
2025-02-21 17:07:08,865 - App.src.log - INFO - 执行作业请求发送中...
2025-02-21 17:07:09,001 - App.src.log - INFO - 返回状态码:  200
2025-02-21 17:07:09,001 - App.src.log - INFO - 作业:680822876747595776,执行成功!
2025-02-21 17:07:09,002 - App.src.log - INFO - 建表语句请求发送中...
2025-02-21 17:07:09,155 - App.src.log - INFO - 返回状态码:  200
2025-02-21 17:07:09,155 - App.src.log - INFO - 发送创建DDL工作请求中...
2025-02-21 17:07:09,372 - App.src.log - INFO - 返回状态码:  200
2025-02-21 17:07:09,372 - App.src.log - INFO - 返回该作业id: 680822879608111104
2025-02-21 17:07:09,372 - App.src.log - INFO - 创建DDL作业成功
2025-02-21 17:07:09,372 - App.src.log - INFO - DDL作业ID:680822879608111104
2025-02-21 17:07:09,373 - App.src.log - INFO - 保存更新DDL作业请求发送中...
2025-02-21 17:07:09,510 - App.src.log - INFO - 返回状态码:  200
2025-02-21 17:07:09,511 - App.src.log - INFO - 运行测试参数作业请求发送中...
2025-02-21 17:07:09,587 - App.src.log - INFO - 返回状态码:  200
2025-02-21 17:07:09,587 - App.src.log - INFO - 执行作业请求发送中...
2025-02-21 17:07:09,679 - App.src.log - INFO - 返回状态码:  200
2025-02-21 17:07:09,679 - App.src.log - INFO - 作业:680822879608111104,执行成功!
2025-02-21 17:07:09,680 - App.src.log - INFO - 建表语句请求发送中...
2025-02-21 17:07:09,878 - App.src.log - INFO - 返回状态码:  200
2025-02-21 17:07:09,878 - App.src.log - INFO - 发送创建DDL工作请求中...
2025-02-21 17:07:10,078 - App.src.log - INFO - 返回状态码:  200
2025-02-21 17:07:10,079 - App.src.log - INFO - 返回该作业id: 680822882602844160
2025-02-21 17:07:10,079 - App.src.log - INFO - 创建DDL作业成功
2025-02-21 17:07:10,079 - App.src.log - INFO - DDL作业ID:680822882602844160
2025-02-21 17:07:10,079 - App.src.log - INFO - 保存更新DDL作业请求发送中...
2025-02-21 17:07:10,183 - App.src.log - INFO - 返回状态码:  200
2025-02-21 17:07:10,183 - App.src.log - INFO - 运行测试参数作业请求发送中...
2025-02-21 17:07:10,251 - App.src.log - INFO - 返回状态码:  200
2025-02-21 17:07:10,251 - App.src.log - INFO - 执行作业请求发送中...
2025-02-21 17:07:10,376 - App.src.log - INFO - 返回状态码:  200
2025-02-21 17:07:10,376 - App.src.log - INFO - 作业:680822882602844160,执行成功!
2025-02-21 17:07:10,377 - App.src.log - INFO - 建表语句请求发送中...
2025-02-21 17:07:10,457 - App.src.log - INFO - 返回状态码:  200
2025-02-21 17:07:10,457 - App.src.log - INFO - 发送创建DDL工作请求中...
2025-02-21 17:07:10,717 - App.src.log - INFO - 返回状态码:  200
2025-02-21 17:07:10,717 - App.src.log - INFO - 返回该作业id: 680822885299781632
2025-02-21 17:07:10,717 - App.src.log - INFO - 创建DDL作业成功
2025-02-21 17:07:10,717 - App.src.log - INFO - DDL作业ID:680822885299781632
2025-02-21 17:07:10,718 - App.src.log - INFO - 保存更新DDL作业请求发送中...
2025-02-21 17:07:10,871 - App.src.log - INFO - 返回状态码:  200
2025-02-21 17:07:10,871 - App.src.log - INFO - 运行测试参数作业请求发送中...
2025-02-21 17:07:10,950 - App.src.log - INFO - 返回状态码:  200
2025-02-21 17:07:10,950 - App.src.log - INFO - 执行作业请求发送中...
2025-02-21 17:07:11,043 - App.src.log - INFO - 返回状态码:  200
2025-02-21 17:07:11,043 - App.src.log - INFO - 作业:680822885299781632,执行成功!
2025-02-21 17:07:11,044 - App.src.log - INFO - 建表语句请求发送中...
2025-02-21 17:07:11,137 - App.src.log - INFO - 返回状态码:  200
2025-02-21 17:07:11,137 - App.src.log - INFO - 发送创建DDL工作请求中...
2025-02-21 17:07:11,341 - App.src.log - INFO - 返回状态码:  200
2025-02-21 17:07:11,341 - App.src.log - INFO - 返回该作业id: 680822887883472896
2025-02-21 17:07:11,341 - App.src.log - INFO - 创建DDL作业成功
2025-02-21 17:07:11,341 - App.src.log - INFO - DDL作业ID:680822887883472896
2025-02-21 17:07:11,342 - App.src.log - INFO - 保存更新DDL作业请求发送中...
2025-02-21 17:07:11,541 - App.src.log - INFO - 返回状态码:  200
2025-02-21 17:07:11,542 - App.src.log - INFO - 运行测试参数作业请求发送中...
2025-02-21 17:07:11,638 - App.src.log - INFO - 返回状态码:  200
2025-02-21 17:07:11,638 - App.src.log - INFO - 执行作业请求发送中...
2025-02-21 17:07:11,715 - App.src.log - INFO - 返回状态码:  200
2025-02-21 17:07:11,715 - App.src.log - INFO - 作业:680822887883472896,执行成功!
2025-02-21 17:07:11,715 - App.src.log - INFO - 建表语句请求发送中...
2025-02-21 17:07:11,836 - App.src.log - INFO - 返回状态码:  200
2025-02-21 17:07:11,836 - App.src.log - INFO - 发送创建DDL工作请求中...
2025-02-21 17:07:12,025 - App.src.log - INFO - 返回状态码:  200
2025-02-21 17:07:12,025 - App.src.log - INFO - 返回该作业id: 680822890773348352
2025-02-21 17:07:12,025 - App.src.log - INFO - 创建DDL作业成功
2025-02-21 17:07:12,025 - App.src.log - INFO - DDL作业ID:680822890773348352
2025-02-21 17:07:12,026 - App.src.log - INFO - 保存更新DDL作业请求发送中...
2025-02-21 17:07:12,133 - App.src.log - INFO - 返回状态码:  200
2025-02-21 17:07:12,134 - App.src.log - INFO - 运行测试参数作业请求发送中...
2025-02-21 17:07:12,224 - App.src.log - INFO - 返回状态码:  200
2025-02-21 17:07:12,224 - App.src.log - INFO - 执行作业请求发送中...
2025-02-21 17:07:12,392 - App.src.log - INFO - 返回状态码:  200
2025-02-21 17:07:12,392 - App.src.log - INFO - 作业:680822890773348352,执行成功!
2025-02-21 17:07:12,393 - App.src.log - INFO - 建表语句请求发送中...
2025-02-21 17:07:12,491 - App.src.log - INFO - 返回状态码:  200
2025-02-21 17:07:12,491 - App.src.log - INFO - 发送创建DDL工作请求中...
2025-02-21 17:07:12,637 - App.src.log - INFO - 返回状态码:  200
2025-02-21 17:07:12,637 - App.src.log - INFO - 返回该作业id: 680822893566754816
2025-02-21 17:07:12,637 - App.src.log - INFO - 创建DDL作业成功
2025-02-21 17:07:12,637 - App.src.log - INFO - DDL作业ID:680822893566754816
2025-02-21 17:07:12,638 - App.src.log - INFO - 保存更新DDL作业请求发送中...
2025-02-21 17:07:12,754 - App.src.log - INFO - 返回状态码:  200
2025-02-21 17:07:12,754 - App.src.log - INFO - 运行测试参数作业请求发送中...
2025-02-21 17:07:12,832 - App.src.log - INFO - 返回状态码:  200
2025-02-21 17:07:12,832 - App.src.log - INFO - 执行作业请求发送中...
2025-02-21 17:07:12,907 - App.src.log - INFO - 返回状态码:  200
2025-02-21 17:07:12,908 - App.src.log - INFO - 作业:680822893566754816,执行成功!
2025-02-21 17:07:12,908 - App.src.log - INFO - 建表语句请求发送中...
2025-02-21 17:07:12,997 - App.src.log - INFO - 返回状态码:  200
2025-02-21 17:07:12,997 - App.src.log - INFO - 发送创建DDL工作请求中...
2025-02-21 17:07:13,259 - App.src.log - INFO - 返回状态码:  200
2025-02-21 17:07:13,259 - App.src.log - INFO - 返回该作业id: 680822895991062528
2025-02-21 17:07:13,259 - App.src.log - INFO - 创建DDL作业成功
2025-02-21 17:07:13,259 - App.src.log - INFO - DDL作业ID:680822895991062528
2025-02-21 17:07:13,260 - App.src.log - INFO - 保存更新DDL作业请求发送中...
2025-02-21 17:07:13,377 - App.src.log - INFO - 返回状态码:  200
2025-02-21 17:07:13,377 - App.src.log - INFO - 运行测试参数作业请求发送中...
2025-02-21 17:07:13,477 - App.src.log - INFO - 返回状态码:  200
2025-02-21 17:07:13,478 - App.src.log - INFO - 执行作业请求发送中...
2025-02-21 17:07:13,557 - App.src.log - INFO - 返回状态码:  200
2025-02-21 17:07:13,557 - App.src.log - INFO - 作业:680822895991062528,执行成功!
2025-02-21 17:07:13,557 - App.src.log - INFO - 建表语句请求发送中...
2025-02-21 17:07:13,654 - App.src.log - INFO - 返回状态码:  200
2025-02-21 17:07:13,654 - App.src.log - INFO - 发送创建DDL工作请求中...
2025-02-21 17:07:13,898 - App.src.log - INFO - 返回状态码:  200
2025-02-21 17:07:13,898 - App.src.log - INFO - 返回该作业id: 680822898415370240
2025-02-21 17:07:13,899 - App.src.log - INFO - 创建DDL作业成功
2025-02-21 17:07:13,899 - App.src.log - INFO - DDL作业ID:680822898415370240
2025-02-21 17:07:13,899 - App.src.log - INFO - 保存更新DDL作业请求发送中...
2025-02-21 17:07:14,002 - App.src.log - INFO - 返回状态码:  200
2025-02-21 17:07:14,002 - App.src.log - INFO - 运行测试参数作业请求发送中...
2025-02-21 17:07:14,055 - App.src.log - INFO - 返回状态码:  200
2025-02-21 17:07:14,056 - App.src.log - INFO - 执行作业请求发送中...
2025-02-21 17:07:14,148 - App.src.log - INFO - 返回状态码:  200
2025-02-21 17:07:14,149 - App.src.log - INFO - 作业:680822898415370240,执行成功!
2025-02-21 17:07:14,149 - App.src.log - INFO - 建表语句请求发送中...
2025-02-21 17:07:14,253 - App.src.log - INFO - 返回状态码:  200
2025-02-21 17:07:14,253 - App.src.log - INFO - 发送创建DDL工作请求中...
2025-02-21 17:07:14,406 - App.src.log - INFO - 返回状态码:  200
2025-02-21 17:07:14,406 - App.src.log - INFO - 返回该作业id: 680822900919369728
2025-02-21 17:07:14,406 - App.src.log - INFO - 创建DDL作业成功
2025-02-21 17:07:14,406 - App.src.log - INFO - DDL作业ID:680822900919369728
2025-02-21 17:07:14,407 - App.src.log - INFO - 保存更新DDL作业请求发送中...
2025-02-21 17:07:14,526 - App.src.log - INFO - 返回状态码:  200
2025-02-21 17:07:14,526 - App.src.log - INFO - 运行测试参数作业请求发送中...
2025-02-21 17:07:14,674 - App.src.log - INFO - 返回状态码:  200
2025-02-21 17:07:14,674 - App.src.log - INFO - 执行作业请求发送中...
2025-02-21 17:07:14,782 - App.src.log - INFO - 返回状态码:  200
2025-02-21 17:07:14,783 - App.src.log - INFO - 作业:680822900919369728,执行成功!
2025-02-21 17:07:14,783 - App.src.log - INFO - 建表语句请求发送中...
2025-02-21 17:07:14,967 - App.src.log - INFO - 返回状态码:  200
2025-02-21 17:07:14,967 - App.src.log - INFO - 发送创建DDL工作请求中...
2025-02-21 17:07:15,117 - App.src.log - INFO - 返回状态码:  200
2025-02-21 17:07:15,118 - App.src.log - INFO - 返回该作业id: 680822903947657216
2025-02-21 17:07:15,118 - App.src.log - INFO - 创建DDL作业成功
2025-02-21 17:07:15,118 - App.src.log - INFO - DDL作业ID:680822903947657216
2025-02-21 17:07:15,119 - App.src.log - INFO - 保存更新DDL作业请求发送中...
2025-02-21 17:07:15,250 - App.src.log - INFO - 返回状态码:  200
2025-02-21 17:07:15,250 - App.src.log - INFO - 运行测试参数作业请求发送中...
2025-02-21 17:07:15,340 - App.src.log - INFO - 返回状态码:  200
2025-02-21 17:07:15,340 - App.src.log - INFO - 执行作业请求发送中...
2025-02-21 17:07:15,474 - App.src.log - INFO - 返回状态码:  200
2025-02-21 17:07:15,474 - App.src.log - INFO - 作业:680822903947657216,执行成功!
2025-02-21 17:07:15,475 - App.src.log - INFO - 建表语句请求发送中...
2025-02-21 17:07:15,686 - App.src.log - INFO - 返回状态码:  200
2025-02-21 17:07:15,687 - App.src.log - INFO - 发送创建DDL工作请求中...
2025-02-21 17:07:15,843 - App.src.log - INFO - 返回状态码:  200
2025-02-21 17:07:15,843 - App.src.log - INFO - 返回该作业id: 680822906954973184
2025-02-21 17:07:15,843 - App.src.log - INFO - 创建DDL作业成功
2025-02-21 17:07:15,843 - App.src.log - INFO - DDL作业ID:680822906954973184
2025-02-21 17:07:15,844 - App.src.log - INFO - 保存更新DDL作业请求发送中...
2025-02-21 17:07:15,982 - App.src.log - INFO - 返回状态码:  200
2025-02-21 17:07:15,982 - App.src.log - INFO - 运行测试参数作业请求发送中...
2025-02-21 17:07:16,083 - App.src.log - INFO - 返回状态码:  200
2025-02-21 17:07:16,083 - App.src.log - INFO - 执行作业请求发送中...
2025-02-21 17:07:16,174 - App.src.log - INFO - 返回状态码:  200
2025-02-21 17:07:16,174 - App.src.log - INFO - 作业:680822906954973184,执行成功!
2025-02-21 17:07:16,175 - App.src.log - INFO - 建表语句请求发送中...
2025-02-21 17:07:16,360 - App.src.log - INFO - 返回状态码:  200
2025-02-21 17:07:16,360 - App.src.log - INFO - 发送创建DDL工作请求中...
2025-02-21 17:07:16,564 - App.src.log - INFO - 返回状态码:  200
2025-02-21 17:07:16,564 - App.src.log - INFO - 返回该作业id: 680822909794516992
2025-02-21 17:07:16,564 - App.src.log - INFO - 创建DDL作业成功
2025-02-21 17:07:16,564 - App.src.log - INFO - DDL作业ID:680822909794516992
2025-02-21 17:07:16,565 - App.src.log - INFO - 保存更新DDL作业请求发送中...
2025-02-21 17:07:16,681 - App.src.log - INFO - 返回状态码:  200
2025-02-21 17:07:16,682 - App.src.log - INFO - 运行测试参数作业请求发送中...
2025-02-21 17:07:16,777 - App.src.log - INFO - 返回状态码:  200
2025-02-21 17:07:16,778 - App.src.log - INFO - 执行作业请求发送中...
2025-02-21 17:07:16,855 - App.src.log - INFO - 返回状态码:  200
2025-02-21 17:07:16,856 - App.src.log - INFO - 作业:680822909794516992,执行成功!
2025-02-21 17:07:16,856 - App.src.log - INFO - 建表语句请求发送中...
2025-02-21 17:07:16,979 - App.src.log - INFO - 返回状态码:  200
2025-02-21 17:07:16,979 - App.src.log - INFO - 发送创建DDL工作请求中...
2025-02-21 17:07:17,231 - App.src.log - INFO - 返回状态码:  200
2025-02-21 17:07:17,232 - App.src.log - INFO - 返回该作业id: 680822912638255104
2025-02-21 17:07:17,232 - App.src.log - INFO - 创建DDL作业成功
2025-02-21 17:07:17,232 - App.src.log - INFO - DDL作业ID:680822912638255104
2025-02-21 17:07:17,233 - App.src.log - INFO - 保存更新DDL作业请求发送中...
2025-02-21 17:07:17,357 - App.src.log - INFO - 返回状态码:  200
2025-02-21 17:07:17,357 - App.src.log - INFO - 运行测试参数作业请求发送中...
2025-02-21 17:07:17,500 - App.src.log - INFO - 返回状态码:  200
2025-02-21 17:07:17,500 - App.src.log - INFO - 执行作业请求发送中...
2025-02-21 17:07:17,587 - App.src.log - INFO - 返回状态码:  200
2025-02-21 17:07:17,587 - App.src.log - INFO - 作业:680822912638255104,执行成功!
2025-02-21 17:07:17,588 - App.src.log - INFO - 建表语句请求发送中...
2025-02-21 17:07:17,680 - App.src.log - INFO - 返回状态码:  200
2025-02-21 17:07:17,680 - App.src.log - INFO - 发送创建DDL工作请求中...
2025-02-21 17:07:17,912 - App.src.log - INFO - 返回状态码:  200
2025-02-21 17:07:17,912 - App.src.log - INFO - 返回该作业id: 680822915389718528
2025-02-21 17:07:17,912 - App.src.log - INFO - 创建DDL作业成功
2025-02-21 17:07:17,912 - App.src.log - INFO - DDL作业ID:680822915389718528
2025-02-21 17:07:17,913 - App.src.log - INFO - 保存更新DDL作业请求发送中...
2025-02-21 17:07:18,014 - App.src.log - INFO - 返回状态码:  200
2025-02-21 17:07:18,014 - App.src.log - INFO - 运行测试参数作业请求发送中...
2025-02-21 17:07:18,111 - App.src.log - INFO - 返回状态码:  200
2025-02-21 17:07:18,111 - App.src.log - INFO - 执行作业请求发送中...
2025-02-21 17:07:18,193 - App.src.log - INFO - 返回状态码:  200
2025-02-21 17:07:18,193 - App.src.log - INFO - 作业:680822915389718528,执行成功!
2025-02-21 17:07:18,194 - App.src.log - INFO - 建表语句请求发送中...
2025-02-21 17:07:18,283 - App.src.log - INFO - 返回状态码:  200
2025-02-21 17:07:18,283 - App.src.log - INFO - 发送创建DDL工作请求中...
2025-02-21 17:07:18,470 - App.src.log - INFO - 返回状态码:  200
2025-02-21 17:07:18,470 - App.src.log - INFO - 返回该作业id: 680822917834997760
2025-02-21 17:07:18,470 - App.src.log - INFO - 创建DDL作业成功
2025-02-21 17:07:18,470 - App.src.log - INFO - DDL作业ID:680822917834997760
2025-02-21 17:07:18,471 - App.src.log - INFO - 保存更新DDL作业请求发送中...
2025-02-21 17:07:18,573 - App.src.log - INFO - 返回状态码:  200
2025-02-21 17:07:18,574 - App.src.log - INFO - 运行测试参数作业请求发送中...
2025-02-21 17:07:18,686 - App.src.log - INFO - 返回状态码:  200
2025-02-21 17:07:18,686 - App.src.log - INFO - 执行作业请求发送中...
2025-02-21 17:07:18,764 - App.src.log - INFO - 返回状态码:  200
2025-02-21 17:07:18,764 - App.src.log - INFO - 作业:680822917834997760,执行成功!
2025-02-21 17:07:18,765 - App.src.log - INFO - 建表语句请求发送中...
2025-02-21 17:07:18,903 - App.src.log - INFO - 返回状态码:  200
2025-02-21 17:07:18,903 - App.src.log - INFO - 发送创建DDL工作请求中...
2025-02-21 17:07:19,088 - App.src.log - INFO - 返回状态码:  200
2025-02-21 17:07:19,089 - App.src.log - INFO - 返回该作业id: 680822920427077632
2025-02-21 17:07:19,089 - App.src.log - INFO - 创建DDL作业成功
2025-02-21 17:07:19,089 - App.src.log - INFO - DDL作业ID:680822920427077632
2025-02-21 17:07:19,089 - App.src.log - INFO - 保存更新DDL作业请求发送中...
2025-02-21 17:07:19,188 - App.src.log - INFO - 返回状态码:  200
2025-02-21 17:07:19,188 - App.src.log - INFO - 运行测试参数作业请求发送中...
2025-02-21 17:07:19,275 - App.src.log - INFO - 返回状态码:  200
2025-02-21 17:07:19,275 - App.src.log - INFO - 执行作业请求发送中...
2025-02-21 17:07:19,359 - App.src.log - INFO - 返回状态码:  200
2025-02-21 17:07:19,359 - App.src.log - INFO - 作业:680822920427077632,执行成功!
2025-02-21 17:07:19,360 - App.src.log - INFO - 建表语句请求发送中...
2025-02-21 17:07:19,585 - App.src.log - INFO - 返回状态码:  200
2025-02-21 17:07:19,585 - App.src.log - INFO - 发送创建DDL工作请求中...
2025-02-21 17:07:20,736 - App.src.log - INFO - 返回状态码:  200
2025-02-21 17:07:20,737 - App.src.log - INFO - 返回该作业id: 680822923304370176
2025-02-21 17:07:20,737 - App.src.log - INFO - 创建DDL作业成功
2025-02-21 17:07:20,737 - App.src.log - INFO - DDL作业ID:680822923304370176
2025-02-21 17:07:20,737 - App.src.log - INFO - 保存更新DDL作业请求发送中...
2025-02-21 17:07:20,859 - App.src.log - INFO - 返回状态码:  200
2025-02-21 17:07:20,859 - App.src.log - INFO - 运行测试参数作业请求发送中...
2025-02-21 17:07:20,937 - App.src.log - INFO - 返回状态码:  200
2025-02-21 17:07:20,937 - App.src.log - INFO - 执行作业请求发送中...
2025-02-21 17:07:21,014 - App.src.log - INFO - 返回状态码:  200
2025-02-21 17:07:21,014 - App.src.log - INFO - 作业:680822923304370176,执行成功!
