2025-02-21 14:42:10,640 - werkzeug - INFO - [31m[1mWARNING: This is a development server. Do not use it in a production deployment. Use a production WSGI server instead.[0m
 * Running on http://127.0.0.1:5000
2025-02-21 14:42:10,640 - werkzeug - INFO - [33mPress CTRL+C to quit[0m
2025-02-21 14:42:10,641 - werkzeug - INFO -  * Restarting with stat
2025-02-21 14:42:11,212 - werkzeug - WARNING -  * Debugger is active!
2025-02-21 14:42:11,215 - werkzeug - INFO -  * Debugger PIN: 652-551-645
2025-02-21 14:42:19,174 - App.src.log - WARNING - æœªè·å–åˆ°é¡¹ç›®ä¿¡æ¯ï¼Œæ­£åœ¨è·å–é¡¹ç›®
2025-02-21 14:42:19,179 - App.src.log - INFO - å‘é€æŸ¥è¯¢é¡¹ç›®è¯·æ±‚ä¸­...
2025-02-21 14:42:19,211 - App.src.log - INFO - è¿”å›çŠ¶æ€ç :  200
2025-02-21 14:42:19,212 - App.src.log - INFO - é¡¹ç›®åç§°:æ’é‚¦POT,é¡¹ç›®ID:643765953825341440,ç¯å¢ƒID:643766293589131264
2025-02-21 14:42:19,212 - App.src.log - INFO - é¡¹ç›®åç§°:APIé¡¹ç›®,é¡¹ç›®ID:649935401082945536,ç¯å¢ƒID:649936207970566144
2025-02-21 14:42:19,212 - App.src.log - INFO - æŸ¥è¯¢é¡¹ç›®æˆåŠŸ
2025-02-21 14:42:19,220 - werkzeug - INFO - 127.0.0.1 - - [21/Feb/2025 14:42:19] "[35m[1mGET /PublicConfig/GetWorkspaceId HTTP/1.1[0m" 500 -
2025-02-21 14:43:11,451 - App.src.log - WARNING - æœªè·å–åˆ°é¡¹ç›®ä¿¡æ¯ï¼Œæ­£åœ¨è·å–é¡¹ç›®
2025-02-21 14:43:11,451 - App.src.log - INFO - å‘é€æŸ¥è¯¢é¡¹ç›®è¯·æ±‚ä¸­...
2025-02-21 14:43:11,521 - App.src.log - INFO - è¿”å›çŠ¶æ€ç :  200
2025-02-21 14:43:11,521 - App.src.log - INFO - é¡¹ç›®åç§°:æ’é‚¦POT,é¡¹ç›®ID:643765953825341440,ç¯å¢ƒID:643766293589131264
2025-02-21 14:43:11,521 - App.src.log - INFO - é¡¹ç›®åç§°:APIé¡¹ç›®,é¡¹ç›®ID:649935401082945536,ç¯å¢ƒID:649936207970566144
2025-02-21 14:43:11,521 - App.src.log - INFO - æŸ¥è¯¢é¡¹ç›®æˆåŠŸ
2025-02-21 14:43:11,521 - App.src.log - INFO - å‘é€æŸ¥è¯¢å·¥ä½œç©ºé—´è¯·æ±‚ä¸­...
2025-02-21 14:43:11,548 - App.src.log - INFO - è¿”å›çŠ¶æ€ç :  200
2025-02-21 14:43:11,548 - App.src.log - INFO - æŸ¥è¯¢å·¥ä½œç©ºé—´æˆåŠŸ
2025-02-21 14:43:11,548 - App.src.log - INFO - å·¥ä½œç©ºé—´ä¿¡æ¯ï¼š{'642666109299851264': 'æµ‹è¯•èµ„æºç»„'}
2025-02-21 14:43:11,549 - werkzeug - INFO - 127.0.0.1 - - [21/Feb/2025 14:43:11] "GET /PublicConfig/GetWorkspaceId?projectName=æ’é‚¦POT HTTP/1.1" 200 -
