2025-02-21 16:28:24,122 - App.src.log - WARNING - 未获取到项目目录信息，正在获取项目目录
2025-02-21 16:28:24,122 - App.src.log - WARNING - 未获取到项目信息，正在获取项目
2025-02-21 16:28:24,122 - App.src.log - INFO - 发送查询项目请求中...
2025-02-21 16:28:24,226 - App.src.log - INFO - 返回状态码:  200
2025-02-21 16:28:24,227 - App.src.log - INFO - 项目名称:农险统计分析项目,项目ID:659865788999532544,环境ID:660123898615955456
2025-02-21 16:28:24,227 - App.src.log - INFO - 项目名称:保单域模型开发,项目ID:660489178949091328,环境ID:660489357961986048
2025-02-21 16:28:24,227 - App.src.log - INFO - 项目名称:理赔域模型开发,项目ID:664105169524359168,环境ID:664110609901551616
2025-02-21 16:28:24,227 - App.src.log - INFO - 项目名称:收付域模型开发,项目ID:665558091214880768,环境ID:665558589229760512
2025-02-21 16:28:24,227 - App.src.log - INFO - 项目名称:产品域模型开发,项目ID:667309876069793792,环境ID:667310114419507200
2025-02-21 16:28:24,227 - App.src.log - INFO - 项目名称:公共域模型开发,项目ID:667309925382225920,环境ID:667310350181335040
2025-02-21 16:28:24,227 - App.src.log - INFO - 项目名称:销管域模型开发,项目ID:669492845551288320,环境ID:669492992658112512
2025-02-21 16:28:24,227 - App.src.log - INFO - 项目名称:机构域模型开发,项目ID:669499243865571328,环境ID:669499579246313472
2025-02-21 16:28:24,227 - App.src.log - INFO - 项目名称:财务域模型开发,项目ID:669499189998125056,环境ID:669500013042204672
2025-02-21 16:28:24,227 - App.src.log - INFO - 项目名称:再保域模型开发,项目ID:669540045408960512,环境ID:669540279086219264
2025-02-21 16:28:24,227 - App.src.log - INFO - 项目名称:客户域模型开发,项目ID:669544231576010752,环境ID:669544379244871680
2025-02-21 16:28:24,227 - App.src.log - INFO - 项目名称:系统配置域模型开发,项目ID:669567632545939456,环境ID:669567973840650240
2025-02-21 16:28:24,227 - App.src.log - INFO - 项目名称:监管报送,项目ID:680416668777709568,环境ID:680417741324156928
2025-02-21 16:28:24,227 - App.src.log - INFO - 项目名称:新农险域模型开发,项目ID:680809261319585792,环境ID:680809423555264512
2025-02-21 16:28:24,227 - App.src.log - INFO - 查询项目成功
2025-02-21 16:28:24,227 - App.src.log - INFO - 发送查询数据开发作业请求中...
2025-02-21 16:28:24,298 - App.src.log - INFO - 返回状态码:  200
2025-02-21 16:28:24,298 - App.src.log - INFO - 查询离线作业成功
2025-02-21 16:28:24,298 - App.src.log - INFO - 建表语句请求发送中...
2025-02-21 16:28:24,383 - App.src.log - INFO - 返回状态码:  200
2025-02-21 16:28:24,385 - App.src.log - INFO - 发送创建DDL工作请求中...
2025-02-21 16:28:24,594 - App.src.log - INFO - 返回状态码:  200
2025-02-21 16:28:24,594 - App.src.log - INFO - 返回该作业id: 680813128765669376
2025-02-21 16:28:24,594 - App.src.log - INFO - 创建DDL作业成功
2025-02-21 16:28:24,595 - App.src.log - INFO - DDL作业ID:680813128765669376
2025-02-21 16:28:24,595 - App.src.log - INFO - 保存更新DDL作业请求发送中...
2025-02-21 16:28:24,714 - App.src.log - INFO - 返回状态码:  200
2025-02-21 16:28:24,714 - App.src.log - INFO - 运行测试参数作业请求发送中...
2025-02-21 16:28:24,809 - App.src.log - INFO - 返回状态码:  200
2025-02-21 16:28:24,809 - App.src.log - INFO - 执行作业请求发送中...
2025-02-21 16:28:24,886 - App.src.log - INFO - 返回状态码:  200
2025-02-21 16:28:24,886 - App.src.log - INFO - 作业:680813128765669376,执行成功!
2025-02-21 16:28:24,887 - App.src.log - INFO - 建表语句请求发送中...
2025-02-21 16:28:24,969 - App.src.log - INFO - 返回状态码:  200
2025-02-21 16:28:24,969 - App.src.log - INFO - 发送创建DDL工作请求中...
2025-02-21 16:28:25,163 - App.src.log - INFO - 返回状态码:  200
2025-02-21 16:28:25,164 - App.src.log - INFO - 返回该作业id: 680813131219337216
2025-02-21 16:28:25,164 - App.src.log - INFO - 创建DDL作业成功
2025-02-21 16:28:25,164 - App.src.log - INFO - DDL作业ID:680813131219337216
2025-02-21 16:28:25,165 - App.src.log - INFO - 保存更新DDL作业请求发送中...
2025-02-21 16:28:25,350 - App.src.log - INFO - 返回状态码:  200
2025-02-21 16:28:25,350 - App.src.log - INFO - 运行测试参数作业请求发送中...
2025-02-21 16:28:25,442 - App.src.log - INFO - 返回状态码:  200
2025-02-21 16:28:25,443 - App.src.log - INFO - 执行作业请求发送中...
2025-02-21 16:28:25,555 - App.src.log - INFO - 返回状态码:  200
2025-02-21 16:28:25,556 - App.src.log - INFO - 作业:680813131219337216,执行成功!
2025-02-21 16:28:25,556 - App.src.log - INFO - 建表语句请求发送中...
2025-02-21 16:28:25,627 - App.src.log - INFO - 返回状态码:  200
2025-02-21 16:28:25,628 - App.src.log - INFO - 发送创建DDL工作请求中...
2025-02-21 16:28:25,812 - App.src.log - INFO - 返回状态码:  200
2025-02-21 16:28:25,812 - App.src.log - INFO - 返回该作业id: 680813133916274688
2025-02-21 16:28:25,812 - App.src.log - INFO - 创建DDL作业成功
2025-02-21 16:28:25,812 - App.src.log - INFO - DDL作业ID:680813133916274688
2025-02-21 16:28:25,813 - App.src.log - INFO - 保存更新DDL作业请求发送中...
2025-02-21 16:28:25,937 - App.src.log - INFO - 返回状态码:  200
2025-02-21 16:28:25,937 - App.src.log - INFO - 运行测试参数作业请求发送中...
2025-02-21 16:28:26,027 - App.src.log - INFO - 返回状态码:  200
2025-02-21 16:28:26,028 - App.src.log - INFO - 执行作业请求发送中...
2025-02-21 16:28:26,105 - App.src.log - INFO - 返回状态码:  200
2025-02-21 16:28:26,106 - App.src.log - INFO - 作业:680813133916274688,执行成功!
2025-02-21 16:28:26,106 - App.src.log - INFO - 建表语句请求发送中...
2025-02-21 16:28:26,164 - App.src.log - INFO - 返回状态码:  200
2025-02-21 16:28:26,164 - App.src.log - INFO - 发送创建DDL工作请求中...
2025-02-21 16:28:26,350 - App.src.log - INFO - 返回状态码:  200
2025-02-21 16:28:26,350 - App.src.log - INFO - 返回该作业id: 680813136181198848
2025-02-21 16:28:26,350 - App.src.log - INFO - 创建DDL作业成功
2025-02-21 16:28:26,350 - App.src.log - INFO - DDL作业ID:680813136181198848
2025-02-21 16:28:26,351 - App.src.log - INFO - 保存更新DDL作业请求发送中...
2025-02-21 16:28:26,446 - App.src.log - INFO - 返回状态码:  200
2025-02-21 16:28:26,446 - App.src.log - INFO - 运行测试参数作业请求发送中...
2025-02-21 16:28:26,506 - App.src.log - INFO - 返回状态码:  200
2025-02-21 16:28:26,507 - App.src.log - INFO - 执行作业请求发送中...
2025-02-21 16:28:26,597 - App.src.log - INFO - 返回状态码:  200
2025-02-21 16:28:26,597 - App.src.log - INFO - 作业:680813136181198848,执行成功!
2025-02-21 16:28:26,598 - App.src.log - INFO - 建表语句请求发送中...
2025-02-21 16:28:26,673 - App.src.log - INFO - 返回状态码:  200
2025-02-21 16:28:26,673 - App.src.log - INFO - 发送创建DDL工作请求中...
2025-02-21 16:28:26,857 - App.src.log - INFO - 返回状态码:  200
2025-02-21 16:28:26,857 - App.src.log - INFO - 返回该作业id: 680813138332876800
2025-02-21 16:28:26,858 - App.src.log - INFO - 创建DDL作业成功
2025-02-21 16:28:26,858 - App.src.log - INFO - DDL作业ID:680813138332876800
2025-02-21 16:28:26,858 - App.src.log - INFO - 保存更新DDL作业请求发送中...
2025-02-21 16:28:27,014 - App.src.log - INFO - 返回状态码:  200
2025-02-21 16:28:27,014 - App.src.log - INFO - 运行测试参数作业请求发送中...
2025-02-21 16:28:27,090 - App.src.log - INFO - 返回状态码:  200
2025-02-21 16:28:27,091 - App.src.log - INFO - 执行作业请求发送中...
2025-02-21 16:28:27,211 - App.src.log - INFO - 返回状态码:  200
2025-02-21 16:28:27,211 - App.src.log - INFO - 作业:680813138332876800,执行成功!
2025-02-21 16:28:27,212 - App.src.log - INFO - 建表语句请求发送中...
2025-02-21 16:28:27,259 - App.src.log - INFO - 返回状态码:  200
2025-02-21 16:28:27,260 - App.src.log - INFO - 发送创建DDL工作请求中...
2025-02-21 16:28:27,431 - App.src.log - INFO - 返回状态码:  200
2025-02-21 16:28:27,431 - App.src.log - INFO - 返回该作业id: 680813140748795904
2025-02-21 16:28:27,432 - App.src.log - INFO - 创建DDL作业成功
2025-02-21 16:28:27,432 - App.src.log - INFO - DDL作业ID:680813140748795904
2025-02-21 16:28:27,432 - App.src.log - INFO - 保存更新DDL作业请求发送中...
2025-02-21 16:28:27,538 - App.src.log - INFO - 返回状态码:  200
2025-02-21 16:28:27,538 - App.src.log - INFO - 运行测试参数作业请求发送中...
2025-02-21 16:28:27,616 - App.src.log - INFO - 返回状态码:  200
2025-02-21 16:28:27,616 - App.src.log - INFO - 执行作业请求发送中...
2025-02-21 16:28:27,694 - App.src.log - INFO - 返回状态码:  200
2025-02-21 16:28:27,694 - App.src.log - INFO - 作业:680813140748795904,执行成功!
2025-02-21 16:28:27,695 - App.src.log - INFO - 建表语句请求发送中...
2025-02-21 16:28:27,769 - App.src.log - INFO - 返回状态码:  200
2025-02-21 16:28:27,769 - App.src.log - INFO - 发送创建DDL工作请求中...
2025-02-21 16:28:27,956 - App.src.log - INFO - 返回状态码:  200
2025-02-21 16:28:27,957 - App.src.log - INFO - 返回该作业id: 680813142934028288
2025-02-21 16:28:27,957 - App.src.log - INFO - 创建DDL作业成功
2025-02-21 16:28:27,957 - App.src.log - INFO - DDL作业ID:680813142934028288
2025-02-21 16:28:27,958 - App.src.log - INFO - 保存更新DDL作业请求发送中...
2025-02-21 16:28:28,096 - App.src.log - INFO - 返回状态码:  200
2025-02-21 16:28:28,096 - App.src.log - INFO - 运行测试参数作业请求发送中...
2025-02-21 16:28:28,177 - App.src.log - INFO - 返回状态码:  200
2025-02-21 16:28:28,177 - App.src.log - INFO - 执行作业请求发送中...
2025-02-21 16:28:28,251 - App.src.log - INFO - 返回状态码:  200
2025-02-21 16:28:28,251 - App.src.log - INFO - 作业:680813142934028288,执行成功!
2025-02-21 16:28:28,252 - App.src.log - INFO - 建表语句请求发送中...
2025-02-21 16:28:28,300 - App.src.log - INFO - 返回状态码:  200
2025-02-21 16:28:28,300 - App.src.log - INFO - 发送创建DDL工作请求中...
2025-02-21 16:28:28,486 - App.src.log - INFO - 返回状态码:  200
2025-02-21 16:28:28,487 - App.src.log - INFO - 返回该作业id: 680813145136037888
2025-02-21 16:28:28,487 - App.src.log - INFO - 创建DDL作业成功
2025-02-21 16:28:28,487 - App.src.log - INFO - DDL作业ID:680813145136037888
2025-02-21 16:28:28,487 - App.src.log - INFO - 保存更新DDL作业请求发送中...
2025-02-21 16:28:28,599 - App.src.log - INFO - 返回状态码:  200
2025-02-21 16:28:28,599 - App.src.log - INFO - 运行测试参数作业请求发送中...
2025-02-21 16:28:28,670 - App.src.log - INFO - 返回状态码:  200
2025-02-21 16:28:28,671 - App.src.log - INFO - 执行作业请求发送中...
2025-02-21 16:28:28,777 - App.src.log - INFO - 返回状态码:  200
2025-02-21 16:28:28,777 - App.src.log - INFO - 作业:680813145136037888,执行成功!
2025-02-21 16:28:28,778 - App.src.log - INFO - 建表语句请求发送中...
2025-02-21 16:28:28,841 - App.src.log - INFO - 返回状态码:  200
2025-02-21 16:28:28,841 - App.src.log - INFO - 发送创建DDL工作请求中...
2025-02-21 16:28:29,059 - App.src.log - INFO - 返回状态码:  200
2025-02-21 16:28:29,059 - App.src.log - INFO - 返回该作业id: 680813147652620288
2025-02-21 16:28:29,059 - App.src.log - INFO - 创建DDL作业成功
2025-02-21 16:28:29,059 - App.src.log - INFO - DDL作业ID:680813147652620288
2025-02-21 16:28:29,060 - App.src.log - INFO - 保存更新DDL作业请求发送中...
2025-02-21 16:28:29,234 - App.src.log - INFO - 返回状态码:  200
2025-02-21 16:28:29,234 - App.src.log - INFO - 运行测试参数作业请求发送中...
2025-02-21 16:28:29,347 - App.src.log - INFO - 返回状态码:  200
2025-02-21 16:28:29,347 - App.src.log - INFO - 执行作业请求发送中...
2025-02-21 16:28:29,486 - App.src.log - INFO - 返回状态码:  200
2025-02-21 16:28:29,487 - App.src.log - INFO - 作业:680813147652620288,执行成功!
2025-02-21 16:28:29,487 - App.src.log - INFO - 建表语句请求发送中...
2025-02-21 16:28:29,633 - App.src.log - INFO - 返回状态码:  200
2025-02-21 16:28:29,633 - App.src.log - INFO - 发送创建DDL工作请求中...
2025-02-21 16:28:29,856 - App.src.log - INFO - 返回状态码:  200
2025-02-21 16:28:29,856 - App.src.log - INFO - 返回该作业id: 680813151037423616
2025-02-21 16:28:29,857 - App.src.log - INFO - 创建DDL作业成功
2025-02-21 16:28:29,857 - App.src.log - INFO - DDL作业ID:680813151037423616
2025-02-21 16:28:29,858 - App.src.log - INFO - 保存更新DDL作业请求发送中...
2025-02-21 16:28:30,101 - App.src.log - INFO - 返回状态码:  200
2025-02-21 16:28:30,101 - App.src.log - INFO - 运行测试参数作业请求发送中...
2025-02-21 16:28:30,268 - App.src.log - INFO - 返回状态码:  200
2025-02-21 16:28:30,269 - App.src.log - INFO - 执行作业请求发送中...
2025-02-21 16:28:30,343 - App.src.log - INFO - 返回状态码:  200
2025-02-21 16:28:30,344 - App.src.log - INFO - 作业:680813151037423616,执行成功!
2025-02-21 16:28:30,344 - App.src.log - INFO - 建表语句请求发送中...
2025-02-21 16:28:30,399 - App.src.log - INFO - 返回状态码:  200
2025-02-21 16:28:30,400 - App.src.log - INFO - 发送创建DDL工作请求中...
2025-02-21 16:28:30,545 - App.src.log - INFO - 返回状态码:  200
2025-02-21 16:28:30,545 - App.src.log - INFO - 返回该作业id: 680813153935687680
2025-02-21 16:28:30,545 - App.src.log - INFO - 创建DDL作业成功
2025-02-21 16:28:30,545 - App.src.log - INFO - DDL作业ID:680813153935687680
2025-02-21 16:28:30,546 - App.src.log - INFO - 保存更新DDL作业请求发送中...
2025-02-21 16:28:30,676 - App.src.log - INFO - 返回状态码:  200
2025-02-21 16:28:30,677 - App.src.log - INFO - 运行测试参数作业请求发送中...
2025-02-21 16:28:30,770 - App.src.log - INFO - 返回状态码:  200
2025-02-21 16:28:30,771 - App.src.log - INFO - 执行作业请求发送中...
2025-02-21 16:28:30,864 - App.src.log - INFO - 返回状态码:  200
2025-02-21 16:28:30,864 - App.src.log - INFO - 作业:680813153935687680,执行成功!
2025-02-21 16:28:30,865 - App.src.log - INFO - 建表语句请求发送中...
2025-02-21 16:28:30,976 - App.src.log - INFO - 返回状态码:  200
2025-02-21 16:28:30,977 - App.src.log - INFO - 发送创建DDL工作请求中...
2025-02-21 16:28:31,206 - App.src.log - INFO - 返回状态码:  200
2025-02-21 16:28:31,206 - App.src.log - INFO - 返回该作业id: 680813156523573248
2025-02-21 16:28:31,207 - App.src.log - INFO - 创建DDL作业成功
2025-02-21 16:28:31,207 - App.src.log - INFO - DDL作业ID:680813156523573248
2025-02-21 16:28:31,208 - App.src.log - INFO - 保存更新DDL作业请求发送中...
2025-02-21 16:28:31,350 - App.src.log - INFO - 返回状态码:  200
2025-02-21 16:28:31,350 - App.src.log - INFO - 运行测试参数作业请求发送中...
2025-02-21 16:28:31,607 - App.src.log - INFO - 返回状态码:  200
2025-02-21 16:28:31,607 - App.src.log - INFO - 执行作业请求发送中...
2025-02-21 16:28:31,719 - App.src.log - INFO - 返回状态码:  200
2025-02-21 16:28:31,720 - App.src.log - INFO - 作业:680813156523573248,执行成功!
2025-02-21 16:28:31,720 - App.src.log - INFO - 建表语句请求发送中...
2025-02-21 16:28:31,806 - App.src.log - INFO - 返回状态码:  200
2025-02-21 16:28:31,806 - App.src.log - INFO - 发送创建DDL工作请求中...
2025-02-21 16:28:32,127 - App.src.log - INFO - 返回状态码:  200
2025-02-21 16:28:32,127 - App.src.log - INFO - 返回该作业id: 680813160512356352
2025-02-21 16:28:32,127 - App.src.log - INFO - 创建DDL作业成功
2025-02-21 16:28:32,127 - App.src.log - INFO - DDL作业ID:680813160512356352
2025-02-21 16:28:32,128 - App.src.log - INFO - 保存更新DDL作业请求发送中...
2025-02-21 16:28:32,279 - App.src.log - INFO - 返回状态码:  200
2025-02-21 16:28:32,280 - App.src.log - INFO - 运行测试参数作业请求发送中...
2025-02-21 16:28:32,373 - App.src.log - INFO - 返回状态码:  200
2025-02-21 16:28:32,373 - App.src.log - INFO - 执行作业请求发送中...
2025-02-21 16:28:32,466 - App.src.log - INFO - 返回状态码:  200
2025-02-21 16:28:32,466 - App.src.log - INFO - 作业:680813160512356352,执行成功!
2025-02-21 16:28:32,466 - App.src.log - INFO - 建表语句请求发送中...
2025-02-21 16:28:32,534 - App.src.log - INFO - 返回状态码:  200
2025-02-21 16:28:32,534 - App.src.log - INFO - 发送创建DDL工作请求中...
2025-02-21 16:28:32,729 - App.src.log - INFO - 返回状态码:  200
2025-02-21 16:28:32,729 - App.src.log - INFO - 返回该作业id: 680813162915692544
2025-02-21 16:28:32,730 - App.src.log - INFO - 创建DDL作业成功
2025-02-21 16:28:32,730 - App.src.log - INFO - DDL作业ID:680813162915692544
2025-02-21 16:28:32,730 - App.src.log - INFO - 保存更新DDL作业请求发送中...
2025-02-21 16:28:32,832 - App.src.log - INFO - 返回状态码:  200
2025-02-21 16:28:32,832 - App.src.log - INFO - 运行测试参数作业请求发送中...
2025-02-21 16:28:32,901 - App.src.log - INFO - 返回状态码:  200
2025-02-21 16:28:32,901 - App.src.log - INFO - 执行作业请求发送中...
2025-02-21 16:28:32,992 - App.src.log - INFO - 返回状态码:  200
2025-02-21 16:28:32,993 - App.src.log - INFO - 作业:680813162915692544,执行成功!
2025-02-21 16:28:32,993 - App.src.log - INFO - 建表语句请求发送中...
2025-02-21 16:28:33,069 - App.src.log - INFO - 返回状态码:  200
2025-02-21 16:28:33,070 - App.src.log - INFO - 发送创建DDL工作请求中...
2025-02-21 16:28:33,253 - App.src.log - INFO - 返回状态码:  200
2025-02-21 16:28:33,253 - App.src.log - INFO - 返回该作业id: 680813165126090752
2025-02-21 16:28:33,254 - App.src.log - INFO - 创建DDL作业成功
2025-02-21 16:28:33,254 - App.src.log - INFO - DDL作业ID:680813165126090752
2025-02-21 16:28:33,254 - App.src.log - INFO - 保存更新DDL作业请求发送中...
2025-02-21 16:28:33,405 - App.src.log - INFO - 返回状态码:  200
2025-02-21 16:28:33,406 - App.src.log - INFO - 运行测试参数作业请求发送中...
2025-02-21 16:28:33,477 - App.src.log - INFO - 返回状态码:  200
2025-02-21 16:28:33,477 - App.src.log - INFO - 执行作业请求发送中...
2025-02-21 16:28:33,627 - App.src.log - INFO - 返回状态码:  200
2025-02-21 16:28:33,627 - App.src.log - INFO - 作业:680813165126090752,执行成功!
2025-02-21 16:28:33,627 - App.src.log - INFO - 建表语句请求发送中...
2025-02-21 16:28:33,695 - App.src.log - INFO - 返回状态码:  200
2025-02-21 16:28:33,697 - App.src.log - INFO - 发送创建DDL工作请求中...
2025-02-21 16:28:33,884 - App.src.log - INFO - 返回状态码:  200
2025-02-21 16:28:33,884 - App.src.log - INFO - 返回该作业id: 680813167772696576
2025-02-21 16:28:33,885 - App.src.log - INFO - 创建DDL作业成功
2025-02-21 16:28:33,885 - App.src.log - INFO - DDL作业ID:680813167772696576
2025-02-21 16:28:33,885 - App.src.log - INFO - 保存更新DDL作业请求发送中...
2025-02-21 16:28:34,014 - App.src.log - INFO - 返回状态码:  200
2025-02-21 16:28:34,015 - App.src.log - INFO - 运行测试参数作业请求发送中...
2025-02-21 16:28:34,104 - App.src.log - INFO - 返回状态码:  200
2025-02-21 16:28:34,104 - App.src.log - INFO - 执行作业请求发送中...
2025-02-21 16:28:34,210 - App.src.log - INFO - 返回状态码:  200
2025-02-21 16:28:34,210 - App.src.log - INFO - 作业:680813167772696576,执行成功!
2025-02-21 16:28:34,211 - App.src.log - INFO - 建表语句请求发送中...
2025-02-21 16:28:34,262 - App.src.log - INFO - 返回状态码:  200
2025-02-21 16:28:34,263 - App.src.log - INFO - 发送创建DDL工作请求中...
2025-02-21 16:28:34,444 - App.src.log - INFO - 返回状态码:  200
2025-02-21 16:28:34,444 - App.src.log - INFO - 返回该作业id: 680813170150866944
2025-02-21 16:28:34,444 - App.src.log - INFO - 创建DDL作业成功
2025-02-21 16:28:34,444 - App.src.log - INFO - DDL作业ID:680813170150866944
2025-02-21 16:28:34,445 - App.src.log - INFO - 保存更新DDL作业请求发送中...
2025-02-21 16:28:34,555 - App.src.log - INFO - 返回状态码:  200
2025-02-21 16:28:34,556 - App.src.log - INFO - 运行测试参数作业请求发送中...
2025-02-21 16:28:34,632 - App.src.log - INFO - 返回状态码:  200
2025-02-21 16:28:34,632 - App.src.log - INFO - 执行作业请求发送中...
2025-02-21 16:28:34,725 - App.src.log - INFO - 返回状态码:  200
2025-02-21 16:28:34,725 - App.src.log - INFO - 作业:680813170150866944,执行成功!
2025-02-21 16:28:34,725 - App.src.log - INFO - 建表语句请求发送中...
2025-02-21 16:28:34,776 - App.src.log - INFO - 返回状态码:  200
2025-02-21 16:28:34,777 - App.src.log - INFO - 发送创建DDL工作请求中...
2025-02-21 16:28:34,970 - App.src.log - INFO - 返回状态码:  200
2025-02-21 16:28:34,971 - App.src.log - INFO - 返回该作业id: 680813172298350592
2025-02-21 16:28:34,971 - App.src.log - INFO - 创建DDL作业成功
2025-02-21 16:28:34,971 - App.src.log - INFO - DDL作业ID:680813172298350592
2025-02-21 16:28:34,971 - App.src.log - INFO - 保存更新DDL作业请求发送中...
2025-02-21 16:28:35,068 - App.src.log - INFO - 返回状态码:  200
2025-02-21 16:28:35,069 - App.src.log - INFO - 运行测试参数作业请求发送中...
2025-02-21 16:28:35,128 - App.src.log - INFO - 返回状态码:  200
2025-02-21 16:28:35,128 - App.src.log - INFO - 执行作业请求发送中...
2025-02-21 16:28:35,208 - App.src.log - INFO - 返回状态码:  200
2025-02-21 16:28:35,208 - App.src.log - INFO - 作业:680813172298350592,执行成功!
2025-02-21 16:28:35,208 - App.src.log - INFO - 建表语句请求发送中...
2025-02-21 16:28:35,299 - App.src.log - INFO - 返回状态码:  200
2025-02-21 16:28:35,300 - App.src.log - INFO - 发送创建DDL工作请求中...
2025-02-21 16:28:35,527 - App.src.log - INFO - 返回状态码:  200
2025-02-21 16:28:35,528 - App.src.log - INFO - 返回该作业id: 680813174651355136
2025-02-21 16:28:35,528 - App.src.log - INFO - 创建DDL作业成功
2025-02-21 16:28:35,528 - App.src.log - INFO - DDL作业ID:680813174651355136
2025-02-21 16:28:35,529 - App.src.log - INFO - 保存更新DDL作业请求发送中...
2025-02-21 16:28:35,687 - App.src.log - INFO - 返回状态码:  200
2025-02-21 16:28:35,687 - App.src.log - INFO - 运行测试参数作业请求发送中...
2025-02-21 16:28:35,775 - App.src.log - INFO - 返回状态码:  200
2025-02-21 16:28:35,776 - App.src.log - INFO - 执行作业请求发送中...
2025-02-21 16:28:35,869 - App.src.log - INFO - 返回状态码:  200
2025-02-21 16:28:35,869 - App.src.log - INFO - 作业:680813174651355136,执行成功!
2025-02-21 16:28:35,870 - App.src.log - INFO - 建表语句请求发送中...
2025-02-21 16:28:35,920 - App.src.log - INFO - 返回状态码:  200
2025-02-21 16:28:35,921 - App.src.log - INFO - 发送创建DDL工作请求中...
2025-02-21 16:28:36,118 - App.src.log - INFO - 返回状态码:  200
2025-02-21 16:28:36,118 - App.src.log - INFO - 返回该作业id: 680813177113411584
2025-02-21 16:28:36,118 - App.src.log - INFO - 创建DDL作业成功
2025-02-21 16:28:36,118 - App.src.log - INFO - DDL作业ID:680813177113411584
2025-02-21 16:28:36,119 - App.src.log - INFO - 保存更新DDL作业请求发送中...
2025-02-21 16:28:36,215 - App.src.log - INFO - 返回状态码:  200
2025-02-21 16:28:36,216 - App.src.log - INFO - 运行测试参数作业请求发送中...
2025-02-21 16:28:36,317 - App.src.log - INFO - 返回状态码:  200
2025-02-21 16:28:36,317 - App.src.log - INFO - 执行作业请求发送中...
2025-02-21 16:28:36,381 - App.src.log - INFO - 返回状态码:  200
2025-02-21 16:28:36,381 - App.src.log - INFO - 作业:680813177113411584,执行成功!
2025-02-21 16:28:36,382 - App.src.log - INFO - 建表语句请求发送中...
2025-02-21 16:28:36,438 - App.src.log - INFO - 返回状态码:  200
2025-02-21 16:28:36,438 - App.src.log - INFO - 发送创建DDL工作请求中...
2025-02-21 16:28:36,629 - App.src.log - INFO - 返回状态码:  200
2025-02-21 16:28:36,629 - App.src.log - INFO - 返回该作业id: 680813179256700928
2025-02-21 16:28:36,629 - App.src.log - INFO - 创建DDL作业成功
2025-02-21 16:28:36,629 - App.src.log - INFO - DDL作业ID:680813179256700928
2025-02-21 16:28:36,630 - App.src.log - INFO - 保存更新DDL作业请求发送中...
2025-02-21 16:28:36,729 - App.src.log - INFO - 返回状态码:  200
2025-02-21 16:28:36,729 - App.src.log - INFO - 运行测试参数作业请求发送中...
2025-02-21 16:28:36,787 - App.src.log - INFO - 返回状态码:  200
2025-02-21 16:28:36,787 - App.src.log - INFO - 执行作业请求发送中...
2025-02-21 16:28:36,871 - App.src.log - INFO - 返回状态码:  200
2025-02-21 16:28:36,871 - App.src.log - INFO - 作业:680813179256700928,执行成功!
2025-02-21 16:28:36,872 - App.src.log - INFO - 建表语句请求发送中...
2025-02-21 16:28:36,926 - App.src.log - INFO - 返回状态码:  200
2025-02-21 16:28:36,927 - App.src.log - INFO - 发送创建DDL工作请求中...
2025-02-21 16:28:37,124 - App.src.log - INFO - 返回状态码:  200
2025-02-21 16:28:37,125 - App.src.log - INFO - 返回该作业id: 680813181307715584
2025-02-21 16:28:37,125 - App.src.log - INFO - 创建DDL作业成功
2025-02-21 16:28:37,125 - App.src.log - INFO - DDL作业ID:680813181307715584
2025-02-21 16:28:37,126 - App.src.log - INFO - 保存更新DDL作业请求发送中...
2025-02-21 16:28:37,240 - App.src.log - INFO - 返回状态码:  200
2025-02-21 16:28:37,241 - App.src.log - INFO - 运行测试参数作业请求发送中...
2025-02-21 16:28:37,391 - App.src.log - INFO - 返回状态码:  200
2025-02-21 16:28:37,391 - App.src.log - INFO - 执行作业请求发送中...
2025-02-21 16:28:37,500 - App.src.log - INFO - 返回状态码:  200
2025-02-21 16:28:37,501 - App.src.log - INFO - 作业:680813181307715584,执行成功!
2025-02-21 16:28:37,502 - App.src.log - INFO - 建表语句请求发送中...
2025-02-21 16:28:37,564 - App.src.log - INFO - 返回状态码:  200
2025-02-21 16:28:37,564 - App.src.log - INFO - 发送创建DDL工作请求中...
2025-02-21 16:28:37,742 - App.src.log - INFO - 返回状态码:  200
2025-02-21 16:28:37,742 - App.src.log - INFO - 返回该作业id: 680813183966904320
2025-02-21 16:28:37,743 - App.src.log - INFO - 创建DDL作业成功
2025-02-21 16:28:37,743 - App.src.log - INFO - DDL作业ID:680813183966904320
2025-02-21 16:28:37,744 - App.src.log - INFO - 保存更新DDL作业请求发送中...
2025-02-21 16:28:37,885 - App.src.log - INFO - 返回状态码:  200
2025-02-21 16:28:37,886 - App.src.log - INFO - 运行测试参数作业请求发送中...
2025-02-21 16:28:37,971 - App.src.log - INFO - 返回状态码:  200
2025-02-21 16:28:37,971 - App.src.log - INFO - 执行作业请求发送中...
2025-02-21 16:28:38,071 - App.src.log - INFO - 返回状态码:  200
2025-02-21 16:28:38,071 - App.src.log - INFO - 作业:680813183966904320,执行成功!
2025-02-21 16:28:38,071 - App.src.log - INFO - 建表语句请求发送中...
2025-02-21 16:28:38,116 - App.src.log - INFO - 返回状态码:  200
2025-02-21 16:28:38,116 - App.src.log - INFO - 发送创建DDL工作请求中...
2025-02-21 16:28:38,318 - App.src.log - INFO - 返回状态码:  200
2025-02-21 16:28:38,318 - App.src.log - INFO - 返回该作业id: 680813186303131648
2025-02-21 16:28:38,318 - App.src.log - INFO - 创建DDL作业成功
2025-02-21 16:28:38,318 - App.src.log - INFO - DDL作业ID:680813186303131648
2025-02-21 16:28:38,319 - App.src.log - INFO - 保存更新DDL作业请求发送中...
2025-02-21 16:28:38,418 - App.src.log - INFO - 返回状态码:  200
2025-02-21 16:28:38,418 - App.src.log - INFO - 运行测试参数作业请求发送中...
2025-02-21 16:28:38,487 - App.src.log - INFO - 返回状态码:  200
2025-02-21 16:28:38,488 - App.src.log - INFO - 执行作业请求发送中...
2025-02-21 16:28:38,551 - App.src.log - INFO - 返回状态码:  200
2025-02-21 16:28:38,551 - App.src.log - INFO - 作业:680813186303131648,执行成功!
2025-02-21 16:28:38,552 - App.src.log - INFO - 建表语句请求发送中...
2025-02-21 16:28:38,611 - App.src.log - INFO - 返回状态码:  200
2025-02-21 16:28:38,612 - App.src.log - INFO - 发送创建DDL工作请求中...
2025-02-21 16:28:38,810 - App.src.log - INFO - 返回状态码:  200
2025-02-21 16:28:38,810 - App.src.log - INFO - 返回该作业id: 680813188375117824
2025-02-21 16:28:38,811 - App.src.log - INFO - 创建DDL作业成功
2025-02-21 16:28:38,811 - App.src.log - INFO - DDL作业ID:680813188375117824
2025-02-21 16:28:38,811 - App.src.log - INFO - 保存更新DDL作业请求发送中...
2025-02-21 16:28:38,916 - App.src.log - INFO - 返回状态码:  200
2025-02-21 16:28:38,916 - App.src.log - INFO - 运行测试参数作业请求发送中...
2025-02-21 16:28:38,996 - App.src.log - INFO - 返回状态码:  200
2025-02-21 16:28:38,996 - App.src.log - INFO - 执行作业请求发送中...
2025-02-21 16:28:39,090 - App.src.log - INFO - 返回状态码:  200
2025-02-21 16:28:39,090 - App.src.log - INFO - 作业:680813188375117824,执行成功!
