2025-02-21 16:58:29,271 - App.src.log - WARNING - 未获取到项目目录信息，正在获取项目目录
2025-02-21 16:58:29,271 - App.src.log - WARNING - 未获取到项目信息，正在获取项目
2025-02-21 16:58:29,271 - App.src.log - INFO - 发送查询项目请求中...
2025-02-21 16:58:29,427 - App.src.log - INFO - 返回状态码:  200
2025-02-21 16:58:29,427 - App.src.log - INFO - 项目名称:农险统计分析项目,项目ID:659865788999532544,环境ID:660123898615955456
2025-02-21 16:58:29,427 - App.src.log - INFO - 项目名称:保单域模型开发,项目ID:660489178949091328,环境ID:660489357961986048
2025-02-21 16:58:29,433 - App.src.log - INFO - 项目名称:理赔域模型开发,项目ID:664105169524359168,环境ID:664110609901551616
2025-02-21 16:58:29,433 - App.src.log - INFO - 项目名称:收付域模型开发,项目ID:665558091214880768,环境ID:665558589229760512
2025-02-21 16:58:29,433 - App.src.log - INFO - 项目名称:产品域模型开发,项目ID:667309876069793792,环境ID:667310114419507200
2025-02-21 16:58:29,433 - App.src.log - INFO - 项目名称:公共域模型开发,项目ID:667309925382225920,环境ID:667310350181335040
2025-02-21 16:58:29,433 - App.src.log - INFO - 项目名称:销管域模型开发,项目ID:669492845551288320,环境ID:669492992658112512
2025-02-21 16:58:29,433 - App.src.log - INFO - 项目名称:机构域模型开发,项目ID:669499243865571328,环境ID:669499579246313472
2025-02-21 16:58:29,433 - App.src.log - INFO - 项目名称:财务域模型开发,项目ID:669499189998125056,环境ID:669500013042204672
2025-02-21 16:58:29,433 - App.src.log - INFO - 项目名称:再保域模型开发,项目ID:669540045408960512,环境ID:669540279086219264
2025-02-21 16:58:29,433 - App.src.log - INFO - 项目名称:客户域模型开发,项目ID:669544231576010752,环境ID:669544379244871680
2025-02-21 16:58:29,433 - App.src.log - INFO - 项目名称:系统配置域模型开发,项目ID:669567632545939456,环境ID:669567973840650240
2025-02-21 16:58:29,433 - App.src.log - INFO - 项目名称:监管报送,项目ID:680416668777709568,环境ID:680417741324156928
2025-02-21 16:58:29,433 - App.src.log - INFO - 项目名称:新农险域模型开发,项目ID:680809261319585792,环境ID:680809423555264512
2025-02-21 16:58:29,433 - App.src.log - INFO - 查询项目成功
2025-02-21 16:58:29,433 - App.src.log - INFO - 发送查询数据开发作业请求中...
2025-02-21 16:58:29,520 - App.src.log - INFO - 返回状态码:  200
2025-02-21 16:58:29,521 - App.src.log - INFO - 查询离线作业成功
2025-02-21 16:58:29,521 - App.src.log - INFO - 建表语句请求发送中...
2025-02-21 16:58:29,579 - App.src.log - INFO - 返回状态码:  200
2025-02-21 16:58:29,580 - App.src.log - INFO - 发送创建DDL工作请求中...
2025-02-21 16:58:29,759 - App.src.log - INFO - 返回状态码:  200
2025-02-21 16:58:29,759 - App.src.log - INFO - 返回该作业id: 680820700268724224
2025-02-21 16:58:29,759 - App.src.log - INFO - 创建DDL作业成功
2025-02-21 16:58:29,759 - App.src.log - INFO - DDL作业ID:680820700268724224
2025-02-21 16:58:29,760 - App.src.log - INFO - 保存更新DDL作业请求发送中...
2025-02-21 16:58:29,880 - App.src.log - INFO - 返回状态码:  200
2025-02-21 16:58:29,880 - App.src.log - INFO - 运行测试参数作业请求发送中...
2025-02-21 16:58:29,978 - App.src.log - INFO - 返回状态码:  200
2025-02-21 16:58:29,978 - App.src.log - INFO - 执行作业请求发送中...
2025-02-21 16:58:30,050 - App.src.log - INFO - 返回状态码:  200
2025-02-21 16:58:30,050 - App.src.log - INFO - 作业:680820700268724224,执行成功!
2025-02-21 16:58:30,051 - App.src.log - INFO - 建表语句请求发送中...
2025-02-21 16:58:30,103 - App.src.log - INFO - 返回状态码:  200
2025-02-21 16:58:30,104 - App.src.log - INFO - 发送创建DDL工作请求中...
2025-02-21 16:58:30,362 - App.src.log - INFO - 返回状态码:  200
2025-02-21 16:58:30,362 - App.src.log - INFO - 返回该作业id: 680820702722392064
2025-02-21 16:58:30,362 - App.src.log - INFO - 创建DDL作业成功
2025-02-21 16:58:30,362 - App.src.log - INFO - DDL作业ID:680820702722392064
2025-02-21 16:58:30,363 - App.src.log - INFO - 保存更新DDL作业请求发送中...
2025-02-21 16:58:30,458 - App.src.log - INFO - 返回状态码:  200
2025-02-21 16:58:30,459 - App.src.log - INFO - 运行测试参数作业请求发送中...
2025-02-21 16:58:30,548 - App.src.log - INFO - 返回状态码:  200
2025-02-21 16:58:30,549 - App.src.log - INFO - 执行作业请求发送中...
2025-02-21 16:58:30,625 - App.src.log - INFO - 返回状态码:  200
2025-02-21 16:58:30,626 - App.src.log - INFO - 作业:680820702722392064,执行成功!
2025-02-21 16:58:30,626 - App.src.log - INFO - 建表语句请求发送中...
2025-02-21 16:58:30,680 - App.src.log - INFO - 返回状态码:  200
2025-02-21 16:58:30,680 - App.src.log - INFO - 发送创建DDL工作请求中...
2025-02-21 16:58:30,906 - App.src.log - INFO - 返回状态码:  200
2025-02-21 16:58:30,906 - App.src.log - INFO - 返回该作业id: 680820704907624448
2025-02-21 16:58:30,907 - App.src.log - INFO - 创建DDL作业成功
2025-02-21 16:58:30,907 - App.src.log - INFO - DDL作业ID:680820704907624448
2025-02-21 16:58:30,908 - App.src.log - INFO - 保存更新DDL作业请求发送中...
2025-02-21 16:58:31,089 - App.src.log - INFO - 返回状态码:  200
2025-02-21 16:58:31,089 - App.src.log - INFO - 运行测试参数作业请求发送中...
2025-02-21 16:58:31,142 - App.src.log - INFO - 返回状态码:  200
2025-02-21 16:58:31,143 - App.src.log - INFO - 执行作业请求发送中...
2025-02-21 16:58:31,249 - App.src.log - INFO - 返回状态码:  200
2025-02-21 16:58:31,250 - App.src.log - INFO - 作业:680820704907624448,执行成功!
2025-02-21 16:58:31,250 - App.src.log - INFO - 建表语句请求发送中...
2025-02-21 16:58:31,340 - App.src.log - INFO - 返回状态码:  200
2025-02-21 16:58:31,341 - App.src.log - INFO - 发送创建DDL工作请求中...
2025-02-21 16:58:31,539 - App.src.log - INFO - 返回状态码:  200
2025-02-21 16:58:31,539 - App.src.log - INFO - 返回该作业id: 680820707692642304
2025-02-21 16:58:31,540 - App.src.log - INFO - 创建DDL作业成功
2025-02-21 16:58:31,540 - App.src.log - INFO - DDL作业ID:680820707692642304
2025-02-21 16:58:31,540 - App.src.log - INFO - 保存更新DDL作业请求发送中...
2025-02-21 16:58:31,693 - App.src.log - INFO - 返回状态码:  200
2025-02-21 16:58:31,693 - App.src.log - INFO - 运行测试参数作业请求发送中...
2025-02-21 16:58:31,755 - App.src.log - INFO - 返回状态码:  200
2025-02-21 16:58:31,755 - App.src.log - INFO - 执行作业请求发送中...
2025-02-21 16:58:31,912 - App.src.log - INFO - 返回状态码:  200
2025-02-21 16:58:31,913 - App.src.log - INFO - 作业:680820707692642304,执行成功!
2025-02-21 16:58:31,913 - App.src.log - INFO - 建表语句请求发送中...
2025-02-21 16:58:31,986 - App.src.log - INFO - 返回状态码:  200
2025-02-21 16:58:31,986 - App.src.log - INFO - 发送创建DDL工作请求中...
2025-02-21 16:58:32,173 - App.src.log - INFO - 返回状态码:  200
2025-02-21 16:58:32,173 - App.src.log - INFO - 返回该作业id: 680820710372802560
2025-02-21 16:58:32,173 - App.src.log - INFO - 创建DDL作业成功
2025-02-21 16:58:32,173 - App.src.log - INFO - DDL作业ID:680820710372802560
2025-02-21 16:58:32,174 - App.src.log - INFO - 保存更新DDL作业请求发送中...
2025-02-21 16:58:32,298 - App.src.log - INFO - 返回状态码:  200
2025-02-21 16:58:32,299 - App.src.log - INFO - 运行测试参数作业请求发送中...
2025-02-21 16:58:32,378 - App.src.log - INFO - 返回状态码:  200
2025-02-21 16:58:32,378 - App.src.log - INFO - 执行作业请求发送中...
2025-02-21 16:58:32,470 - App.src.log - INFO - 返回状态码:  200
2025-02-21 16:58:32,471 - App.src.log - INFO - 作业:680820710372802560,执行成功!
2025-02-21 16:58:32,471 - App.src.log - INFO - 建表语句请求发送中...
2025-02-21 16:58:32,521 - App.src.log - INFO - 返回状态码:  200
2025-02-21 16:58:32,521 - App.src.log - INFO - 发送创建DDL工作请求中...
2025-02-21 16:58:32,779 - App.src.log - INFO - 返回状态码:  200
2025-02-21 16:58:32,779 - App.src.log - INFO - 返回该作业id: 680820712860024832
2025-02-21 16:58:32,780 - App.src.log - INFO - 创建DDL作业成功
2025-02-21 16:58:32,780 - App.src.log - INFO - DDL作业ID:680820712860024832
2025-02-21 16:58:32,780 - App.src.log - INFO - 保存更新DDL作业请求发送中...
2025-02-21 16:58:32,908 - App.src.log - INFO - 返回状态码:  200
2025-02-21 16:58:32,908 - App.src.log - INFO - 运行测试参数作业请求发送中...
2025-02-21 16:58:33,003 - App.src.log - INFO - 返回状态码:  200
2025-02-21 16:58:33,003 - App.src.log - INFO - 执行作业请求发送中...
2025-02-21 16:58:33,131 - App.src.log - INFO - 返回状态码:  200
2025-02-21 16:58:33,132 - App.src.log - INFO - 作业:680820712860024832,执行成功!
2025-02-21 16:58:33,132 - App.src.log - INFO - 建表语句请求发送中...
2025-02-21 16:58:33,213 - App.src.log - INFO - 返回状态码:  200
2025-02-21 16:58:33,214 - App.src.log - INFO - 发送创建DDL工作请求中...
2025-02-21 16:58:33,401 - App.src.log - INFO - 返回状态码:  200
2025-02-21 16:58:33,401 - App.src.log - INFO - 返回该作业id: 680820715531796480
2025-02-21 16:58:33,401 - App.src.log - INFO - 创建DDL作业成功
2025-02-21 16:58:33,401 - App.src.log - INFO - DDL作业ID:680820715531796480
2025-02-21 16:58:33,402 - App.src.log - INFO - 保存更新DDL作业请求发送中...
2025-02-21 16:58:33,579 - App.src.log - INFO - 返回状态码:  200
2025-02-21 16:58:33,580 - App.src.log - INFO - 运行测试参数作业请求发送中...
2025-02-21 16:58:33,676 - App.src.log - INFO - 返回状态码:  200
2025-02-21 16:58:33,677 - App.src.log - INFO - 执行作业请求发送中...
2025-02-21 16:58:33,755 - App.src.log - INFO - 返回状态码:  200
2025-02-21 16:58:33,756 - App.src.log - INFO - 作业:680820715531796480,执行成功!
2025-02-21 16:58:33,756 - App.src.log - INFO - 建表语句请求发送中...
2025-02-21 16:58:33,804 - App.src.log - INFO - 返回状态码:  200
2025-02-21 16:58:33,806 - App.src.log - INFO - 发送创建DDL工作请求中...
2025-02-21 16:58:34,002 - App.src.log - INFO - 返回状态码:  200
2025-02-21 16:58:34,003 - App.src.log - INFO - 返回该作业id: 680820718014824448
2025-02-21 16:58:34,003 - App.src.log - INFO - 创建DDL作业成功
2025-02-21 16:58:34,003 - App.src.log - INFO - DDL作业ID:680820718014824448
2025-02-21 16:58:34,004 - App.src.log - INFO - 保存更新DDL作业请求发送中...
2025-02-21 16:58:34,120 - App.src.log - INFO - 返回状态码:  200
2025-02-21 16:58:34,121 - App.src.log - INFO - 运行测试参数作业请求发送中...
2025-02-21 16:58:34,205 - App.src.log - INFO - 返回状态码:  200
2025-02-21 16:58:34,205 - App.src.log - INFO - 执行作业请求发送中...
2025-02-21 16:58:34,345 - App.src.log - INFO - 返回状态码:  200
2025-02-21 16:58:34,346 - App.src.log - INFO - 作业:680820718014824448,执行成功!
2025-02-21 16:58:34,347 - App.src.log - INFO - 建表语句请求发送中...
2025-02-21 16:58:34,391 - App.src.log - INFO - 返回状态码:  200
2025-02-21 16:58:34,392 - App.src.log - INFO - 发送创建DDL工作请求中...
2025-02-21 16:58:34,539 - App.src.log - INFO - 返回状态码:  200
2025-02-21 16:58:34,539 - App.src.log - INFO - 返回该作业id: 680820720481075200
2025-02-21 16:58:34,539 - App.src.log - INFO - 创建DDL作业成功
2025-02-21 16:58:34,539 - App.src.log - INFO - DDL作业ID:680820720481075200
2025-02-21 16:58:34,540 - App.src.log - INFO - 保存更新DDL作业请求发送中...
2025-02-21 16:58:34,683 - App.src.log - INFO - 返回状态码:  200
2025-02-21 16:58:34,684 - App.src.log - INFO - 运行测试参数作业请求发送中...
2025-02-21 16:58:34,748 - App.src.log - INFO - 返回状态码:  200
2025-02-21 16:58:34,748 - App.src.log - INFO - 执行作业请求发送中...
2025-02-21 16:58:34,855 - App.src.log - INFO - 返回状态码:  200
2025-02-21 16:58:34,855 - App.src.log - INFO - 作业:680820720481075200,执行成功!
2025-02-21 16:58:34,856 - App.src.log - INFO - 建表语句请求发送中...
2025-02-21 16:58:34,911 - App.src.log - INFO - 返回状态码:  200
2025-02-21 16:58:34,912 - App.src.log - INFO - 发送创建DDL工作请求中...
2025-02-21 16:58:35,172 - App.src.log - INFO - 返回状态码:  200
2025-02-21 16:58:35,172 - App.src.log - INFO - 返回该作业id: 680820722892800001
2025-02-21 16:58:35,172 - App.src.log - INFO - 创建DDL作业成功
2025-02-21 16:58:35,172 - App.src.log - INFO - DDL作业ID:680820722892800001
2025-02-21 16:58:35,173 - App.src.log - INFO - 保存更新DDL作业请求发送中...
2025-02-21 16:58:35,277 - App.src.log - INFO - 返回状态码:  200
2025-02-21 16:58:35,277 - App.src.log - INFO - 运行测试参数作业请求发送中...
2025-02-21 16:58:35,353 - App.src.log - INFO - 返回状态码:  200
2025-02-21 16:58:35,353 - App.src.log - INFO - 执行作业请求发送中...
2025-02-21 16:58:35,483 - App.src.log - INFO - 返回状态码:  200
2025-02-21 16:58:35,483 - App.src.log - INFO - 作业:680820722892800001,执行成功!
2025-02-21 16:58:35,484 - App.src.log - INFO - 建表语句请求发送中...
2025-02-21 16:58:35,617 - App.src.log - INFO - 返回状态码:  200
2025-02-21 16:58:35,618 - App.src.log - INFO - 发送创建DDL工作请求中...
2025-02-21 16:58:35,802 - App.src.log - INFO - 返回状态码:  200
2025-02-21 16:58:35,802 - App.src.log - INFO - 返回该作业id: 680820725606514688
2025-02-21 16:58:35,802 - App.src.log - INFO - 创建DDL作业成功
2025-02-21 16:58:35,802 - App.src.log - INFO - DDL作业ID:680820725606514688
2025-02-21 16:58:35,803 - App.src.log - INFO - 保存更新DDL作业请求发送中...
2025-02-21 16:58:36,003 - App.src.log - INFO - 返回状态码:  200
2025-02-21 16:58:36,003 - App.src.log - INFO - 运行测试参数作业请求发送中...
2025-02-21 16:58:36,069 - App.src.log - INFO - 返回状态码:  200
2025-02-21 16:58:36,070 - App.src.log - INFO - 执行作业请求发送中...
2025-02-21 16:58:36,172 - App.src.log - INFO - 返回状态码:  200
2025-02-21 16:58:36,172 - App.src.log - INFO - 作业:680820725606514688,执行成功!
2025-02-21 16:58:36,173 - App.src.log - INFO - 建表语句请求发送中...
2025-02-21 16:58:36,221 - App.src.log - INFO - 返回状态码:  200
2025-02-21 16:58:36,222 - App.src.log - INFO - 发送创建DDL工作请求中...
2025-02-21 16:58:36,421 - App.src.log - INFO - 返回状态码:  200
2025-02-21 16:58:36,421 - App.src.log - INFO - 返回该作业id: 680820728131485696
2025-02-21 16:58:36,422 - App.src.log - INFO - 创建DDL作业成功
2025-02-21 16:58:36,422 - App.src.log - INFO - DDL作业ID:680820728131485696
2025-02-21 16:58:36,423 - App.src.log - INFO - 保存更新DDL作业请求发送中...
2025-02-21 16:58:36,523 - App.src.log - INFO - 返回状态码:  200
2025-02-21 16:58:36,523 - App.src.log - INFO - 运行测试参数作业请求发送中...
2025-02-21 16:58:36,585 - App.src.log - INFO - 返回状态码:  200
2025-02-21 16:58:36,585 - App.src.log - INFO - 执行作业请求发送中...
2025-02-21 16:58:36,730 - App.src.log - INFO - 返回状态码:  200
2025-02-21 16:58:36,730 - App.src.log - INFO - 作业:680820728131485696,执行成功!
2025-02-21 16:58:36,731 - App.src.log - INFO - 建表语句请求发送中...
2025-02-21 16:58:36,808 - App.src.log - INFO - 返回状态码:  200
2025-02-21 16:58:36,809 - App.src.log - INFO - 发送创建DDL工作请求中...
2025-02-21 16:58:37,016 - App.src.log - INFO - 返回状态码:  200
2025-02-21 16:58:37,016 - App.src.log - INFO - 返回该作业id: 680820730669039616
2025-02-21 16:58:37,016 - App.src.log - INFO - 创建DDL作业成功
2025-02-21 16:58:37,016 - App.src.log - INFO - DDL作业ID:680820730669039616
2025-02-21 16:58:37,017 - App.src.log - INFO - 保存更新DDL作业请求发送中...
2025-02-21 16:58:37,117 - App.src.log - INFO - 返回状态码:  200
2025-02-21 16:58:37,117 - App.src.log - INFO - 运行测试参数作业请求发送中...
2025-02-21 16:58:37,170 - App.src.log - INFO - 返回状态码:  200
2025-02-21 16:58:37,170 - App.src.log - INFO - 执行作业请求发送中...
2025-02-21 16:58:37,279 - App.src.log - INFO - 返回状态码:  200
2025-02-21 16:58:37,279 - App.src.log - INFO - 作业:680820730669039616,执行成功!
2025-02-21 16:58:37,280 - App.src.log - INFO - 建表语句请求发送中...
2025-02-21 16:58:37,352 - App.src.log - INFO - 返回状态码:  200
2025-02-21 16:58:37,352 - App.src.log - INFO - 发送创建DDL工作请求中...
2025-02-21 16:58:37,606 - App.src.log - INFO - 返回状态码:  200
2025-02-21 16:58:37,606 - App.src.log - INFO - 返回该作业id: 680820733160456192
2025-02-21 16:58:37,606 - App.src.log - INFO - 创建DDL作业成功
2025-02-21 16:58:37,606 - App.src.log - INFO - DDL作业ID:680820733160456192
2025-02-21 16:58:37,607 - App.src.log - INFO - 保存更新DDL作业请求发送中...
2025-02-21 16:58:37,746 - App.src.log - INFO - 返回状态码:  200
2025-02-21 16:58:37,746 - App.src.log - INFO - 运行测试参数作业请求发送中...
2025-02-21 16:58:37,808 - App.src.log - INFO - 返回状态码:  200
2025-02-21 16:58:37,808 - App.src.log - INFO - 执行作业请求发送中...
2025-02-21 16:58:37,885 - App.src.log - INFO - 返回状态码:  200
2025-02-21 16:58:37,885 - App.src.log - INFO - 作业:680820733160456192,执行成功!
2025-02-21 16:58:37,885 - App.src.log - INFO - 建表语句请求发送中...
2025-02-21 16:58:37,953 - App.src.log - INFO - 返回状态码:  200
2025-02-21 16:58:37,954 - App.src.log - INFO - 发送创建DDL工作请求中...
2025-02-21 16:58:38,150 - App.src.log - INFO - 返回状态码:  200
2025-02-21 16:58:38,150 - App.src.log - INFO - 返回该作业id: 680820735454740480
2025-02-21 16:58:38,150 - App.src.log - INFO - 创建DDL作业成功
2025-02-21 16:58:38,150 - App.src.log - INFO - DDL作业ID:680820735454740480
2025-02-21 16:58:38,151 - App.src.log - INFO - 保存更新DDL作业请求发送中...
2025-02-21 16:58:38,322 - App.src.log - INFO - 返回状态码:  200
2025-02-21 16:58:38,323 - App.src.log - INFO - 运行测试参数作业请求发送中...
2025-02-21 16:58:38,399 - App.src.log - INFO - 返回状态码:  200
2025-02-21 16:58:38,399 - App.src.log - INFO - 执行作业请求发送中...
2025-02-21 16:58:38,523 - App.src.log - INFO - 返回状态码:  200
2025-02-21 16:58:38,523 - App.src.log - INFO - 作业:680820735454740480,执行成功!
2025-02-21 16:58:38,524 - App.src.log - INFO - 建表语句请求发送中...
2025-02-21 16:58:38,572 - App.src.log - INFO - 返回状态码:  200
2025-02-21 16:58:38,573 - App.src.log - INFO - 发送创建DDL工作请求中...
2025-02-21 16:58:38,771 - App.src.log - INFO - 返回状态码:  200
2025-02-21 16:58:38,771 - App.src.log - INFO - 返回该作业id: 680820738017460224
2025-02-21 16:58:38,771 - App.src.log - INFO - 创建DDL作业成功
2025-02-21 16:58:38,771 - App.src.log - INFO - DDL作业ID:680820738017460224
2025-02-21 16:58:38,772 - App.src.log - INFO - 保存更新DDL作业请求发送中...
2025-02-21 16:58:38,890 - App.src.log - INFO - 返回状态码:  200
2025-02-21 16:58:38,890 - App.src.log - INFO - 运行测试参数作业请求发送中...
2025-02-21 16:58:38,958 - App.src.log - INFO - 返回状态码:  200
2025-02-21 16:58:38,958 - App.src.log - INFO - 执行作业请求发送中...
2025-02-21 16:58:39,095 - App.src.log - INFO - 返回状态码:  200
2025-02-21 16:58:39,095 - App.src.log - INFO - 作业:680820738017460224,执行成功!
2025-02-21 16:58:39,096 - App.src.log - INFO - 建表语句请求发送中...
2025-02-21 16:58:39,177 - App.src.log - INFO - 返回状态码:  200
2025-02-21 16:58:39,177 - App.src.log - INFO - 发送创建DDL工作请求中...
2025-02-21 16:58:39,332 - App.src.log - INFO - 返回状态码:  200
2025-02-21 16:58:39,332 - App.src.log - INFO - 返回该作业id: 680820740588568576
2025-02-21 16:58:39,332 - App.src.log - INFO - 创建DDL作业成功
2025-02-21 16:58:39,332 - App.src.log - INFO - DDL作业ID:680820740588568576
2025-02-21 16:58:39,333 - App.src.log - INFO - 保存更新DDL作业请求发送中...
2025-02-21 16:58:39,431 - App.src.log - INFO - 返回状态码:  200
2025-02-21 16:58:39,432 - App.src.log - INFO - 运行测试参数作业请求发送中...
2025-02-21 16:58:39,487 - App.src.log - INFO - 返回状态码:  200
2025-02-21 16:58:39,487 - App.src.log - INFO - 执行作业请求发送中...
2025-02-21 16:58:39,565 - App.src.log - INFO - 返回状态码:  200
2025-02-21 16:58:39,565 - App.src.log - INFO - 作业:680820740588568576,执行成功!
2025-02-21 16:58:39,565 - App.src.log - INFO - 建表语句请求发送中...
2025-02-21 16:58:39,635 - App.src.log - INFO - 返回状态码:  200
2025-02-21 16:58:39,635 - App.src.log - INFO - 发送创建DDL工作请求中...
2025-02-21 16:58:39,837 - App.src.log - INFO - 返回状态码:  200
2025-02-21 16:58:39,837 - App.src.log - INFO - 返回该作业id: 680820742484393984
2025-02-21 16:58:39,837 - App.src.log - INFO - 创建DDL作业成功
2025-02-21 16:58:39,837 - App.src.log - INFO - DDL作业ID:680820742484393984
2025-02-21 16:58:39,838 - App.src.log - INFO - 保存更新DDL作业请求发送中...
2025-02-21 16:58:39,936 - App.src.log - INFO - 返回状态码:  200
2025-02-21 16:58:39,936 - App.src.log - INFO - 运行测试参数作业请求发送中...
2025-02-21 16:58:40,010 - App.src.log - INFO - 返回状态码:  200
2025-02-21 16:58:40,011 - App.src.log - INFO - 执行作业请求发送中...
2025-02-21 16:58:40,103 - App.src.log - INFO - 返回状态码:  200
2025-02-21 16:58:40,103 - App.src.log - INFO - 作业:680820742484393984,执行成功!
2025-02-21 16:58:40,103 - App.src.log - INFO - 建表语句请求发送中...
2025-02-21 16:58:40,149 - App.src.log - INFO - 返回状态码:  200
2025-02-21 16:58:40,150 - App.src.log - INFO - 发送创建DDL工作请求中...
2025-02-21 16:58:40,368 - App.src.log - INFO - 返回状态码:  200
2025-02-21 16:58:40,369 - App.src.log - INFO - 返回该作业id: 680820744652849152
2025-02-21 16:58:40,369 - App.src.log - INFO - 创建DDL作业成功
2025-02-21 16:58:40,369 - App.src.log - INFO - DDL作业ID:680820744652849152
2025-02-21 16:58:40,369 - App.src.log - INFO - 保存更新DDL作业请求发送中...
2025-02-21 16:58:40,519 - App.src.log - INFO - 返回状态码:  200
2025-02-21 16:58:40,519 - App.src.log - INFO - 运行测试参数作业请求发送中...
2025-02-21 16:58:40,597 - App.src.log - INFO - 返回状态码:  200
2025-02-21 16:58:40,597 - App.src.log - INFO - 执行作业请求发送中...
2025-02-21 16:58:40,767 - App.src.log - INFO - 返回状态码:  200
2025-02-21 16:58:40,767 - App.src.log - INFO - 作业:680820744652849152,执行成功!
2025-02-21 16:58:40,768 - App.src.log - INFO - 建表语句请求发送中...
2025-02-21 16:58:40,818 - App.src.log - INFO - 返回状态码:  200
2025-02-21 16:58:40,821 - App.src.log - INFO - 发送创建DDL工作请求中...
2025-02-21 16:58:41,013 - App.src.log - INFO - 返回状态码:  200
2025-02-21 16:58:41,013 - App.src.log - INFO - 返回该作业id: 680820747395923968
2025-02-21 16:58:41,013 - App.src.log - INFO - 创建DDL作业成功
2025-02-21 16:58:41,013 - App.src.log - INFO - DDL作业ID:680820747395923968
2025-02-21 16:58:41,014 - App.src.log - INFO - 保存更新DDL作业请求发送中...
2025-02-21 16:58:41,136 - App.src.log - INFO - 返回状态码:  200
2025-02-21 16:58:41,137 - App.src.log - INFO - 运行测试参数作业请求发送中...
2025-02-21 16:58:41,233 - App.src.log - INFO - 返回状态码:  200
2025-02-21 16:58:41,233 - App.src.log - INFO - 执行作业请求发送中...
2025-02-21 16:58:41,342 - App.src.log - INFO - 返回状态码:  200
2025-02-21 16:58:41,342 - App.src.log - INFO - 作业:680820747395923968,执行成功!
2025-02-21 16:58:41,343 - App.src.log - INFO - 建表语句请求发送中...
2025-02-21 16:58:41,517 - App.src.log - INFO - 返回状态码:  200
2025-02-21 16:58:41,518 - App.src.log - INFO - 发送创建DDL工作请求中...
2025-02-21 16:58:41,710 - App.src.log - INFO - 返回状态码:  200
2025-02-21 16:58:41,710 - App.src.log - INFO - 返回该作业id: 680820750344519680
2025-02-21 16:58:41,711 - App.src.log - INFO - 创建DDL作业成功
2025-02-21 16:58:41,711 - App.src.log - INFO - DDL作业ID:680820750344519680
2025-02-21 16:58:41,711 - App.src.log - INFO - 保存更新DDL作业请求发送中...
2025-02-21 16:58:41,820 - App.src.log - INFO - 返回状态码:  200
2025-02-21 16:58:41,820 - App.src.log - INFO - 运行测试参数作业请求发送中...
2025-02-21 16:58:41,885 - App.src.log - INFO - 返回状态码:  200
2025-02-21 16:58:41,885 - App.src.log - INFO - 执行作业请求发送中...
2025-02-21 16:58:41,990 - App.src.log - INFO - 返回状态码:  200
2025-02-21 16:58:41,990 - App.src.log - INFO - 作业:680820750344519680,执行成功!
2025-02-21 16:58:41,991 - App.src.log - INFO - 建表语句请求发送中...
2025-02-21 16:58:42,050 - App.src.log - INFO - 返回状态码:  200
2025-02-21 16:58:42,050 - App.src.log - INFO - 发送创建DDL工作请求中...
2025-02-21 16:58:42,252 - App.src.log - INFO - 返回状态码:  200
2025-02-21 16:58:42,252 - App.src.log - INFO - 返回该作业id: 680820752601055233
2025-02-21 16:58:42,253 - App.src.log - INFO - 创建DDL作业成功
2025-02-21 16:58:42,253 - App.src.log - INFO - DDL作业ID:680820752601055233
2025-02-21 16:58:42,253 - App.src.log - INFO - 保存更新DDL作业请求发送中...
2025-02-21 16:58:42,390 - App.src.log - INFO - 返回状态码:  200
2025-02-21 16:58:42,391 - App.src.log - INFO - 运行测试参数作业请求发送中...
2025-02-21 16:58:42,455 - App.src.log - INFO - 返回状态码:  200
2025-02-21 16:58:42,455 - App.src.log - INFO - 执行作业请求发送中...
2025-02-21 16:58:42,522 - App.src.log - INFO - 返回状态码:  200
2025-02-21 16:58:42,523 - App.src.log - INFO - 作业:680820752601055233,执行成功!
2025-02-21 16:58:42,523 - App.src.log - INFO - 建表语句请求发送中...
2025-02-21 16:58:42,580 - App.src.log - INFO - 返回状态码:  200
2025-02-21 16:58:42,581 - App.src.log - INFO - 发送创建DDL工作请求中...
2025-02-21 16:58:42,778 - App.src.log - INFO - 返回状态码:  200
2025-02-21 16:58:42,779 - App.src.log - INFO - 返回该作业id: 680820754836619264
2025-02-21 16:58:42,779 - App.src.log - INFO - 创建DDL作业成功
2025-02-21 16:58:42,779 - App.src.log - INFO - DDL作业ID:680820754836619264
2025-02-21 16:58:42,780 - App.src.log - INFO - 保存更新DDL作业请求发送中...
2025-02-21 16:58:42,889 - App.src.log - INFO - 返回状态码:  200
2025-02-21 16:58:42,889 - App.src.log - INFO - 运行测试参数作业请求发送中...
2025-02-21 16:58:42,964 - App.src.log - INFO - 返回状态码:  200
2025-02-21 16:58:42,964 - App.src.log - INFO - 执行作业请求发送中...
2025-02-21 16:58:43,104 - App.src.log - INFO - 返回状态码:  200
2025-02-21 16:58:43,104 - App.src.log - INFO - 作业:680820754836619264,执行成功!
2025-02-21 16:58:43,104 - App.src.log - INFO - 建表语句请求发送中...
2025-02-21 16:58:43,181 - App.src.log - INFO - 返回状态码:  200
2025-02-21 16:58:43,181 - App.src.log - INFO - 发送创建DDL工作请求中...
2025-02-21 16:58:43,366 - App.src.log - INFO - 返回状态码:  200
2025-02-21 16:58:43,367 - App.src.log - INFO - 返回该作业id: 680820757336424448
2025-02-21 16:58:43,367 - App.src.log - INFO - 创建DDL作业成功
2025-02-21 16:58:43,367 - App.src.log - INFO - DDL作业ID:680820757336424448
2025-02-21 16:58:43,368 - App.src.log - INFO - 保存更新DDL作业请求发送中...
2025-02-21 16:58:43,483 - App.src.log - INFO - 返回状态码:  200
2025-02-21 16:58:43,483 - App.src.log - INFO - 运行测试参数作业请求发送中...
2025-02-21 16:58:43,585 - App.src.log - INFO - 返回状态码:  200
2025-02-21 16:58:43,585 - App.src.log - INFO - 执行作业请求发送中...
2025-02-21 16:58:43,663 - App.src.log - INFO - 返回状态码:  200
2025-02-21 16:58:43,664 - App.src.log - INFO - 作业:680820757336424448,执行成功!
2025-02-21 16:58:43,664 - App.src.log - INFO - 建表语句请求发送中...
2025-02-21 16:58:43,715 - App.src.log - INFO - 返回状态码:  200
2025-02-21 16:58:43,716 - App.src.log - INFO - 发送创建DDL工作请求中...
2025-02-21 16:58:43,975 - App.src.log - INFO - 返回状态码:  200
2025-02-21 16:58:43,975 - App.src.log - INFO - 返回该作业id: 680820759844618240
2025-02-21 16:58:43,975 - App.src.log - INFO - 创建DDL作业成功
2025-02-21 16:58:43,975 - App.src.log - INFO - DDL作业ID:680820759844618240
2025-02-21 16:58:43,976 - App.src.log - INFO - 保存更新DDL作业请求发送中...
2025-02-21 16:58:44,079 - App.src.log - INFO - 返回状态码:  200
2025-02-21 16:58:44,079 - App.src.log - INFO - 运行测试参数作业请求发送中...
2025-02-21 16:58:44,151 - App.src.log - INFO - 返回状态码:  200
2025-02-21 16:58:44,152 - App.src.log - INFO - 执行作业请求发送中...
2025-02-21 16:58:44,270 - App.src.log - INFO - 返回状态码:  200
2025-02-21 16:58:44,270 - App.src.log - INFO - 作业:680820759844618240,执行成功!
