2025-02-21 17:01:10,656 - App.src.log - WARNING - 未获取到项目目录信息，正在获取项目目录
2025-02-21 17:01:10,656 - App.src.log - WARNING - 未获取到项目信息，正在获取项目
2025-02-21 17:01:10,656 - App.src.log - INFO - 发送查询项目请求中...
2025-02-21 17:01:10,756 - App.src.log - INFO - 返回状态码:  200
2025-02-21 17:01:10,756 - App.src.log - INFO - 项目名称:农险统计分析项目,项目ID:659865788999532544,环境ID:660123898615955456
2025-02-21 17:01:10,756 - App.src.log - INFO - 项目名称:保单域模型开发,项目ID:660489178949091328,环境ID:660489357961986048
2025-02-21 17:01:10,762 - App.src.log - INFO - 项目名称:理赔域模型开发,项目ID:664105169524359168,环境ID:664110609901551616
2025-02-21 17:01:10,762 - App.src.log - INFO - 项目名称:收付域模型开发,项目ID:665558091214880768,环境ID:665558589229760512
2025-02-21 17:01:10,762 - App.src.log - INFO - 项目名称:产品域模型开发,项目ID:667309876069793792,环境ID:667310114419507200
2025-02-21 17:01:10,762 - App.src.log - INFO - 项目名称:公共域模型开发,项目ID:667309925382225920,环境ID:667310350181335040
2025-02-21 17:01:10,762 - App.src.log - INFO - 项目名称:销管域模型开发,项目ID:669492845551288320,环境ID:669492992658112512
2025-02-21 17:01:10,762 - App.src.log - INFO - 项目名称:机构域模型开发,项目ID:669499243865571328,环境ID:669499579246313472
2025-02-21 17:01:10,762 - App.src.log - INFO - 项目名称:财务域模型开发,项目ID:669499189998125056,环境ID:669500013042204672
2025-02-21 17:01:10,762 - App.src.log - INFO - 项目名称:再保域模型开发,项目ID:669540045408960512,环境ID:669540279086219264
2025-02-21 17:01:10,762 - App.src.log - INFO - 项目名称:客户域模型开发,项目ID:669544231576010752,环境ID:669544379244871680
2025-02-21 17:01:10,762 - App.src.log - INFO - 项目名称:系统配置域模型开发,项目ID:669567632545939456,环境ID:669567973840650240
2025-02-21 17:01:10,762 - App.src.log - INFO - 项目名称:监管报送,项目ID:680416668777709568,环境ID:680417741324156928
2025-02-21 17:01:10,762 - App.src.log - INFO - 项目名称:新农险域模型开发,项目ID:680809261319585792,环境ID:680809423555264512
2025-02-21 17:01:10,762 - App.src.log - INFO - 查询项目成功
2025-02-21 17:01:10,763 - App.src.log - INFO - 发送查询数据开发作业请求中...
2025-02-21 17:01:10,909 - App.src.log - INFO - 返回状态码:  200
2025-02-21 17:01:10,910 - App.src.log - INFO - 查询离线作业成功
2025-02-21 17:01:10,910 - App.src.log - INFO - 建表语句请求发送中...
2025-02-21 17:01:10,965 - App.src.log - INFO - 返回状态码:  200
2025-02-21 17:01:10,966 - App.src.log - INFO - 发送创建DDL工作请求中...
2025-02-21 17:01:11,119 - App.src.log - ERROR - 创建DDL作业失败,错误信息:'NoneType' object is not subscriptable
2025-02-21 17:01:11,119 - App.src.log - ERROR - 请检查当前作业名称是否重复'STG_HBAGR_PRPCPEXPENSE'
2025-02-21 17:01:11,120 - App.src.log - INFO - 建表语句请求发送中...
2025-02-21 17:01:11,214 - App.src.log - INFO - 返回状态码:  200
2025-02-21 17:01:11,215 - App.src.log - INFO - 发送创建DDL工作请求中...
2025-02-21 17:01:11,385 - App.src.log - ERROR - 创建DDL作业失败,错误信息:'NoneType' object is not subscriptable
2025-02-21 17:01:11,385 - App.src.log - ERROR - 请检查当前作业名称是否重复'STG_HBAGR_PRPPHEAD'
2025-02-21 17:01:11,386 - App.src.log - INFO - 建表语句请求发送中...
2025-02-21 17:01:11,460 - App.src.log - INFO - 返回状态码:  200
2025-02-21 17:01:11,460 - App.src.log - INFO - 发送创建DDL工作请求中...
2025-02-21 17:01:11,676 - App.src.log - ERROR - 创建DDL作业失败,错误信息:'NoneType' object is not subscriptable
2025-02-21 17:01:11,676 - App.src.log - ERROR - 请检查当前作业名称是否重复'STG_HBAGR_PRPLCTEXT'
2025-02-21 17:01:11,677 - App.src.log - INFO - 建表语句请求发送中...
2025-02-21 17:01:11,834 - App.src.log - INFO - 返回状态码:  200
2025-02-21 17:01:11,835 - App.src.log - INFO - 发送创建DDL工作请求中...
2025-02-21 17:01:12,090 - App.src.log - ERROR - 创建DDL作业失败,错误信息:'NoneType' object is not subscriptable
2025-02-21 17:01:12,090 - App.src.log - ERROR - 请检查当前作业名称是否重复'STG_HBAGR_SYNDATALOG'
2025-02-21 17:01:12,091 - App.src.log - INFO - 建表语句请求发送中...
2025-02-21 17:01:12,240 - App.src.log - INFO - 返回状态码:  200
2025-02-21 17:01:12,241 - App.src.log - INFO - 发送创建DDL工作请求中...
2025-02-21 17:01:12,526 - App.src.log - ERROR - 创建DDL作业失败,错误信息:'NoneType' object is not subscriptable
2025-02-21 17:01:12,527 - App.src.log - ERROR - 请检查当前作业名称是否重复'STG_HBAGR_PRPDRISKSUBCLASSCLASS'
2025-02-21 17:01:12,527 - App.src.log - INFO - 建表语句请求发送中...
2025-02-21 17:01:12,626 - App.src.log - INFO - 返回状态码:  200
2025-02-21 17:01:12,627 - App.src.log - INFO - 发送创建DDL工作请求中...
2025-02-21 17:01:12,898 - App.src.log - ERROR - 创建DDL作业失败,错误信息:'NoneType' object is not subscriptable
2025-02-21 17:01:12,898 - App.src.log - ERROR - 请检查当前作业名称是否重复'STG_HBAGR_PRPTCOINSDETAIL'
2025-02-21 17:01:12,899 - App.src.log - INFO - 建表语句请求发送中...
2025-02-21 17:01:12,980 - App.src.log - INFO - 返回状态码:  200
2025-02-21 17:01:12,980 - App.src.log - INFO - 发送创建DDL工作请求中...
2025-02-21 17:01:13,139 - App.src.log - ERROR - 创建DDL作业失败,错误信息:'NoneType' object is not subscriptable
2025-02-21 17:01:13,139 - App.src.log - ERROR - 请检查当前作业名称是否重复'STG_HBAGR_PRPDOCCUPATIONCODE'
2025-02-21 17:01:13,140 - App.src.log - INFO - 建表语句请求发送中...
2025-02-21 17:01:13,226 - App.src.log - INFO - 返回状态码:  200
2025-02-21 17:01:13,226 - App.src.log - INFO - 发送创建DDL工作请求中...
2025-02-21 17:01:13,525 - App.src.log - ERROR - 创建DDL作业失败,错误信息:'NoneType' object is not subscriptable
2025-02-21 17:01:13,525 - App.src.log - ERROR - 请检查当前作业名称是否重复'STG_HBAGR_PRPDVERSIONVIRTURLCONFIG'
2025-02-21 17:01:13,526 - App.src.log - INFO - 建表语句请求发送中...
2025-02-21 17:01:13,688 - App.src.log - INFO - 返回状态码:  200
2025-02-21 17:01:13,688 - App.src.log - INFO - 发送创建DDL工作请求中...
2025-02-21 17:01:13,929 - App.src.log - ERROR - 创建DDL作业失败,错误信息:'NoneType' object is not subscriptable
2025-02-21 17:01:13,930 - App.src.log - ERROR - 请检查当前作业名称是否重复'STG_HBAGR_PRPLSCHEDULEITEM'
2025-02-21 17:01:13,930 - App.src.log - INFO - 建表语句请求发送中...
2025-02-21 17:01:14,085 - App.src.log - INFO - 返回状态码:  200
2025-02-21 17:01:14,086 - App.src.log - INFO - 发送创建DDL工作请求中...
2025-02-21 17:01:14,307 - App.src.log - ERROR - 创建DDL作业失败,错误信息:'NoneType' object is not subscriptable
2025-02-21 17:01:14,308 - App.src.log - ERROR - 请检查当前作业名称是否重复'STG_HBAGR_UPLOADSEARCHENGINE'
2025-02-21 17:01:14,308 - App.src.log - INFO - 建表语句请求发送中...
2025-02-21 17:01:14,367 - App.src.log - INFO - 返回状态码:  200
2025-02-21 17:01:14,368 - App.src.log - INFO - 发送创建DDL工作请求中...
2025-02-21 17:01:14,495 - App.src.log - ERROR - 创建DDL作业失败,错误信息:'NoneType' object is not subscriptable
2025-02-21 17:01:14,495 - App.src.log - ERROR - 请检查当前作业名称是否重复'STG_HBAGR_PRPTINVOICE'
2025-02-21 17:01:14,496 - App.src.log - INFO - 建表语句请求发送中...
2025-02-21 17:01:14,557 - App.src.log - INFO - 返回状态码:  200
2025-02-21 17:01:14,558 - App.src.log - INFO - 发送创建DDL工作请求中...
2025-02-21 17:01:14,713 - App.src.log - ERROR - 创建DDL作业失败,错误信息:'NoneType' object is not subscriptable
2025-02-21 17:01:14,713 - App.src.log - ERROR - 请检查当前作业名称是否重复'STG_HBAGR_PRPCVIRTURLITEM'
2025-02-21 17:01:14,713 - App.src.log - INFO - 建表语句请求发送中...
2025-02-21 17:01:14,787 - App.src.log - INFO - 返回状态码:  200
2025-02-21 17:01:14,788 - App.src.log - INFO - 发送创建DDL工作请求中...
2025-02-21 17:01:14,946 - App.src.log - ERROR - 创建DDL作业失败,错误信息:'NoneType' object is not subscriptable
2025-02-21 17:01:14,946 - App.src.log - ERROR - 请检查当前作业名称是否重复'STG_HBAGR_PRPTPLAN'
2025-02-21 17:01:14,947 - App.src.log - INFO - 建表语句请求发送中...
2025-02-21 17:01:15,087 - App.src.log - INFO - 返回状态码:  200
2025-02-21 17:01:15,087 - App.src.log - INFO - 发送创建DDL工作请求中...
2025-02-21 17:01:15,254 - App.src.log - ERROR - 创建DDL作业失败,错误信息:'NoneType' object is not subscriptable
2025-02-21 17:01:15,254 - App.src.log - ERROR - 请检查当前作业名称是否重复'STG_HBAGR_UTISYSTEM'
2025-02-21 17:01:15,255 - App.src.log - INFO - 建表语句请求发送中...
2025-02-21 17:01:15,314 - App.src.log - INFO - 返回状态码:  200
2025-02-21 17:01:15,315 - App.src.log - INFO - 发送创建DDL工作请求中...
2025-02-21 17:01:15,472 - App.src.log - ERROR - 创建DDL作业失败,错误信息:'NoneType' object is not subscriptable
2025-02-21 17:01:15,472 - App.src.log - ERROR - 请检查当前作业名称是否重复'STG_HBAGR_PRPCPINSURED'
2025-02-21 17:01:15,473 - App.src.log - INFO - 建表语句请求发送中...
2025-02-21 17:01:15,531 - App.src.log - INFO - 返回状态码:  200
2025-02-21 17:01:15,532 - App.src.log - INFO - 发送创建DDL工作请求中...
2025-02-21 17:01:15,687 - App.src.log - ERROR - 创建DDL作业失败,错误信息:'NoneType' object is not subscriptable
2025-02-21 17:01:15,687 - App.src.log - ERROR - 请检查当前作业名称是否重复'STG_HBAGR_PRPTFEE'
2025-02-21 17:01:15,688 - App.src.log - INFO - 建表语句请求发送中...
2025-02-21 17:01:15,761 - App.src.log - INFO - 返回状态码:  200
2025-02-21 17:01:15,762 - App.src.log - INFO - 发送创建DDL工作请求中...
2025-02-21 17:01:15,920 - App.src.log - ERROR - 创建DDL作业失败,错误信息:'NoneType' object is not subscriptable
2025-02-21 17:01:15,921 - App.src.log - ERROR - 请检查当前作业名称是否重复'STG_HBAGR_PRPCPITEMKINDAGRI'
2025-02-21 17:01:15,921 - App.src.log - INFO - 建表语句请求发送中...
2025-02-21 17:01:15,970 - App.src.log - INFO - 返回状态码:  200
2025-02-21 17:01:15,971 - App.src.log - INFO - 发送创建DDL工作请求中...
2025-02-21 17:01:16,093 - App.src.log - ERROR - 创建DDL作业失败,错误信息:'NoneType' object is not subscriptable
2025-02-21 17:01:16,093 - App.src.log - ERROR - 请检查当前作业名称是否重复'STG_HBAGR_PRPDIDENTIFIER'
2025-02-21 17:01:16,094 - App.src.log - INFO - 建表语句请求发送中...
2025-02-21 17:01:16,157 - App.src.log - INFO - 返回状态码:  200
2025-02-21 17:01:16,159 - App.src.log - INFO - 发送创建DDL工作请求中...
2025-02-21 17:01:16,339 - App.src.log - ERROR - 创建DDL作业失败,错误信息:'NoneType' object is not subscriptable
2025-02-21 17:01:16,340 - App.src.log - ERROR - 请检查当前作业名称是否重复'STG_HBAGR_PRPDCUSTOMERUNIT'
2025-02-21 17:01:16,341 - App.src.log - INFO - 建表语句请求发送中...
2025-02-21 17:01:16,458 - App.src.log - INFO - 返回状态码:  200
2025-02-21 17:01:16,460 - App.src.log - INFO - 发送创建DDL工作请求中...
2025-02-21 17:01:16,616 - App.src.log - ERROR - 创建DDL作业失败,错误信息:'NoneType' object is not subscriptable
2025-02-21 17:01:16,617 - App.src.log - ERROR - 请检查当前作业名称是否重复'STG_HBAGR_PRPPINSURED'
2025-02-21 17:01:16,617 - App.src.log - INFO - 建表语句请求发送中...
2025-02-21 17:01:16,680 - App.src.log - INFO - 返回状态码:  200
2025-02-21 17:01:16,683 - App.src.log - INFO - 发送创建DDL工作请求中...
2025-02-21 17:01:16,802 - App.src.log - ERROR - 创建DDL作业失败,错误信息:'NoneType' object is not subscriptable
2025-02-21 17:01:16,802 - App.src.log - ERROR - 请检查当前作业名称是否重复'STG_HBAGR_PRPCPMAIN'
2025-02-21 17:01:16,803 - App.src.log - INFO - 建表语句请求发送中...
2025-02-21 17:01:16,880 - App.src.log - INFO - 返回状态码:  200
2025-02-21 17:01:16,880 - App.src.log - INFO - 发送创建DDL工作请求中...
2025-02-21 17:01:17,043 - App.src.log - ERROR - 创建DDL作业失败,错误信息:'NoneType' object is not subscriptable
2025-02-21 17:01:17,043 - App.src.log - ERROR - 请检查当前作业名称是否重复'STG_HBAGR_PRPDRISKSTARTENDDATE'
2025-02-21 17:01:17,044 - App.src.log - INFO - 建表语句请求发送中...
2025-02-21 17:01:17,098 - App.src.log - INFO - 返回状态码:  200
2025-02-21 17:01:17,099 - App.src.log - INFO - 发送创建DDL工作请求中...
2025-02-21 17:01:17,317 - App.src.log - ERROR - 创建DDL作业失败,错误信息:'NoneType' object is not subscriptable
2025-02-21 17:01:17,317 - App.src.log - ERROR - 请检查当前作业名称是否重复'STG_HBAGR_PRPTENGAGE'
2025-02-21 17:01:17,318 - App.src.log - INFO - 建表语句请求发送中...
2025-02-21 17:01:17,376 - App.src.log - INFO - 返回状态码:  200
2025-02-21 17:01:17,376 - App.src.log - INFO - 发送创建DDL工作请求中...
2025-02-21 17:01:17,553 - App.src.log - ERROR - 创建DDL作业失败,错误信息:'NoneType' object is not subscriptable
2025-02-21 17:01:17,554 - App.src.log - ERROR - 请检查当前作业名称是否重复'STG_HBAGR_PRPCPMAINAGRI'
2025-02-21 17:01:17,554 - App.src.log - INFO - 建表语句请求发送中...
2025-02-21 17:01:17,625 - App.src.log - INFO - 返回状态码:  200
2025-02-21 17:01:17,625 - App.src.log - INFO - 发送创建DDL工作请求中...
2025-02-21 17:01:17,783 - App.src.log - ERROR - 创建DDL作业失败,错误信息:'NoneType' object is not subscriptable
2025-02-21 17:01:17,783 - App.src.log - ERROR - 请检查当前作业名称是否重复'STG_HBAGR_PRPCMAINAGRI'
