2025-02-21 16:58:09,051 - App.src.log - WARNING - 未获取到项目目录信息，正在获取项目目录
2025-02-21 16:58:09,051 - App.src.log - WARNING - 未获取到项目信息，正在获取项目
2025-02-21 16:58:09,051 - App.src.log - INFO - 发送查询项目请求中...
2025-02-21 16:58:09,133 - App.src.log - INFO - 返回状态码:  200
2025-02-21 16:58:09,134 - App.src.log - INFO - 项目名称:农险统计分析项目,项目ID:659865788999532544,环境ID:660123898615955456
2025-02-21 16:58:09,134 - App.src.log - INFO - 项目名称:保单域模型开发,项目ID:660489178949091328,环境ID:660489357961986048
2025-02-21 16:58:09,139 - App.src.log - INFO - 项目名称:理赔域模型开发,项目ID:664105169524359168,环境ID:664110609901551616
2025-02-21 16:58:09,139 - App.src.log - INFO - 项目名称:收付域模型开发,项目ID:665558091214880768,环境ID:665558589229760512
2025-02-21 16:58:09,139 - App.src.log - INFO - 项目名称:产品域模型开发,项目ID:667309876069793792,环境ID:667310114419507200
2025-02-21 16:58:09,139 - App.src.log - INFO - 项目名称:公共域模型开发,项目ID:667309925382225920,环境ID:667310350181335040
2025-02-21 16:58:09,139 - App.src.log - INFO - 项目名称:销管域模型开发,项目ID:669492845551288320,环境ID:669492992658112512
2025-02-21 16:58:09,139 - App.src.log - INFO - 项目名称:机构域模型开发,项目ID:669499243865571328,环境ID:669499579246313472
2025-02-21 16:58:09,139 - App.src.log - INFO - 项目名称:财务域模型开发,项目ID:669499189998125056,环境ID:669500013042204672
2025-02-21 16:58:09,139 - App.src.log - INFO - 项目名称:再保域模型开发,项目ID:669540045408960512,环境ID:669540279086219264
2025-02-21 16:58:09,139 - App.src.log - INFO - 项目名称:客户域模型开发,项目ID:669544231576010752,环境ID:669544379244871680
2025-02-21 16:58:09,139 - App.src.log - INFO - 项目名称:系统配置域模型开发,项目ID:669567632545939456,环境ID:669567973840650240
2025-02-21 16:58:09,139 - App.src.log - INFO - 项目名称:监管报送,项目ID:680416668777709568,环境ID:680417741324156928
2025-02-21 16:58:09,139 - App.src.log - INFO - 项目名称:新农险域模型开发,项目ID:680809261319585792,环境ID:680809423555264512
2025-02-21 16:58:09,139 - App.src.log - INFO - 查询项目成功
2025-02-21 16:58:09,139 - App.src.log - INFO - 发送查询数据开发作业请求中...
2025-02-21 16:58:09,244 - App.src.log - INFO - 返回状态码:  200
2025-02-21 16:58:09,245 - App.src.log - INFO - 查询离线作业成功
2025-02-21 16:58:09,245 - App.src.log - INFO - 建表语句请求发送中...
2025-02-21 16:58:09,490 - App.src.log - INFO - 返回状态码:  200
2025-02-21 16:58:09,491 - App.src.log - INFO - 发送创建DDL工作请求中...
2025-02-21 16:58:09,654 - App.src.log - INFO - 返回状态码:  200
2025-02-21 16:58:09,654 - App.src.log - INFO - 返回该作业id: 680820616009351168
2025-02-21 16:58:09,654 - App.src.log - INFO - 创建DDL作业成功
2025-02-21 16:58:09,654 - App.src.log - INFO - DDL作业ID:680820616009351168
2025-02-21 16:58:09,655 - App.src.log - INFO - 保存更新DDL作业请求发送中...
2025-02-21 16:58:09,883 - App.src.log - INFO - 返回状态码:  200
2025-02-21 16:58:09,884 - App.src.log - INFO - 运行测试参数作业请求发送中...
2025-02-21 16:58:09,955 - App.src.log - INFO - 返回状态码:  200
2025-02-21 16:58:09,956 - App.src.log - INFO - 执行作业请求发送中...
2025-02-21 16:58:10,070 - App.src.log - INFO - 返回状态码:  200
2025-02-21 16:58:10,070 - App.src.log - INFO - 作业:680820616009351168,执行成功!
2025-02-21 16:58:10,071 - App.src.log - INFO - 建表语句请求发送中...
2025-02-21 16:58:10,242 - App.src.log - INFO - 返回状态码:  200
2025-02-21 16:58:10,242 - App.src.log - INFO - 发送创建DDL工作请求中...
2025-02-21 16:58:10,442 - App.src.log - INFO - 返回状态码:  200
2025-02-21 16:58:10,442 - App.src.log - INFO - 返回该作业id: 680820619180244992
2025-02-21 16:58:10,442 - App.src.log - INFO - 创建DDL作业成功
2025-02-21 16:58:10,443 - App.src.log - INFO - DDL作业ID:680820619180244992
2025-02-21 16:58:10,443 - App.src.log - INFO - 保存更新DDL作业请求发送中...
2025-02-21 16:58:10,557 - App.src.log - INFO - 返回状态码:  200
2025-02-21 16:58:10,557 - App.src.log - INFO - 运行测试参数作业请求发送中...
2025-02-21 16:58:10,647 - App.src.log - INFO - 返回状态码:  200
2025-02-21 16:58:10,647 - App.src.log - INFO - 执行作业请求发送中...
2025-02-21 16:58:10,810 - App.src.log - INFO - 返回状态码:  200
2025-02-21 16:58:10,810 - App.src.log - INFO - 作业:680820619180244992,执行成功!
2025-02-21 16:58:10,811 - App.src.log - INFO - 建表语句请求发送中...
2025-02-21 16:58:10,993 - App.src.log - INFO - 返回状态码:  200
2025-02-21 16:58:10,994 - App.src.log - INFO - 发送创建DDL工作请求中...
2025-02-21 16:58:11,182 - App.src.log - INFO - 返回状态码:  200
2025-02-21 16:58:11,182 - App.src.log - INFO - 返回该作业id: 680820622539882496
2025-02-21 16:58:11,182 - App.src.log - INFO - 创建DDL作业成功
2025-02-21 16:58:11,182 - App.src.log - INFO - DDL作业ID:680820622539882496
2025-02-21 16:58:11,183 - App.src.log - INFO - 保存更新DDL作业请求发送中...
2025-02-21 16:58:11,300 - App.src.log - INFO - 返回状态码:  200
2025-02-21 16:58:11,301 - App.src.log - INFO - 运行测试参数作业请求发送中...
2025-02-21 16:58:11,357 - App.src.log - INFO - 返回状态码:  200
2025-02-21 16:58:11,358 - App.src.log - INFO - 执行作业请求发送中...
2025-02-21 16:58:11,460 - App.src.log - INFO - 返回状态码:  200
2025-02-21 16:58:11,461 - App.src.log - INFO - 作业:680820622539882496,执行成功!
2025-02-21 16:58:11,461 - App.src.log - INFO - 建表语句请求发送中...
2025-02-21 16:58:11,699 - App.src.log - INFO - 返回状态码:  200
2025-02-21 16:58:11,699 - App.src.log - INFO - 发送创建DDL工作请求中...
2025-02-21 16:58:11,839 - App.src.log - INFO - 返回状态码:  200
2025-02-21 16:58:11,839 - App.src.log - INFO - 返回该作业id: 680820625282957312
2025-02-21 16:58:11,839 - App.src.log - INFO - 创建DDL作业成功
2025-02-21 16:58:11,839 - App.src.log - INFO - DDL作业ID:680820625282957312
2025-02-21 16:58:11,840 - App.src.log - INFO - 保存更新DDL作业请求发送中...
2025-02-21 16:58:11,991 - App.src.log - INFO - 返回状态码:  200
2025-02-21 16:58:11,991 - App.src.log - INFO - 运行测试参数作业请求发送中...
2025-02-21 16:58:12,102 - App.src.log - INFO - 返回状态码:  200
2025-02-21 16:58:12,102 - App.src.log - INFO - 执行作业请求发送中...
2025-02-21 16:58:12,208 - App.src.log - INFO - 返回状态码:  200
2025-02-21 16:58:12,208 - App.src.log - INFO - 作业:680820625282957312,执行成功!
2025-02-21 16:58:12,209 - App.src.log - INFO - 建表语句请求发送中...
2025-02-21 16:58:12,377 - App.src.log - INFO - 返回状态码:  200
2025-02-21 16:58:12,377 - App.src.log - INFO - 发送创建DDL工作请求中...
2025-02-21 16:58:12,628 - App.src.log - INFO - 返回状态码:  200
2025-02-21 16:58:12,628 - App.src.log - INFO - 返回该作业id: 680820628382547968
2025-02-21 16:58:12,629 - App.src.log - INFO - 创建DDL作业成功
2025-02-21 16:58:12,629 - App.src.log - INFO - DDL作业ID:680820628382547968
2025-02-21 16:58:12,630 - App.src.log - INFO - 保存更新DDL作业请求发送中...
2025-02-21 16:58:12,794 - App.src.log - INFO - 返回状态码:  200
2025-02-21 16:58:12,795 - App.src.log - INFO - 运行测试参数作业请求发送中...
2025-02-21 16:58:12,857 - App.src.log - INFO - 返回状态码:  200
2025-02-21 16:58:12,857 - App.src.log - INFO - 执行作业请求发送中...
2025-02-21 16:58:12,934 - App.src.log - INFO - 返回状态码:  200
2025-02-21 16:58:12,935 - App.src.log - INFO - 作业:680820628382547968,执行成功!
2025-02-21 16:58:12,935 - App.src.log - INFO - 建表语句请求发送中...
2025-02-21 16:58:13,021 - App.src.log - INFO - 返回状态码:  200
2025-02-21 16:58:13,022 - App.src.log - INFO - 发送创建DDL工作请求中...
2025-02-21 16:58:13,215 - App.src.log - INFO - 返回状态码:  200
2025-02-21 16:58:13,216 - App.src.log - INFO - 返回该作业id: 680820630819438592
2025-02-21 16:58:13,216 - App.src.log - INFO - 创建DDL作业成功
2025-02-21 16:58:13,216 - App.src.log - INFO - DDL作业ID:680820630819438592
2025-02-21 16:58:13,217 - App.src.log - INFO - 保存更新DDL作业请求发送中...
2025-02-21 16:58:13,415 - App.src.log - INFO - 返回状态码:  200
2025-02-21 16:58:13,415 - App.src.log - INFO - 运行测试参数作业请求发送中...
2025-02-21 16:58:13,511 - App.src.log - INFO - 返回状态码:  200
2025-02-21 16:58:13,511 - App.src.log - INFO - 执行作业请求发送中...
2025-02-21 16:58:13,622 - App.src.log - INFO - 返回状态码:  200
2025-02-21 16:58:13,622 - App.src.log - INFO - 作业:680820630819438592,执行成功!
2025-02-21 16:58:13,623 - App.src.log - INFO - 建表语句请求发送中...
2025-02-21 16:58:13,764 - App.src.log - INFO - 返回状态码:  200
2025-02-21 16:58:13,764 - App.src.log - INFO - 发送创建DDL工作请求中...
2025-02-21 16:58:13,946 - App.src.log - INFO - 返回状态码:  200
2025-02-21 16:58:13,946 - App.src.log - INFO - 返回该作业id: 680820633927417856
2025-02-21 16:58:13,946 - App.src.log - INFO - 创建DDL作业成功
2025-02-21 16:58:13,946 - App.src.log - INFO - DDL作业ID:680820633927417856
2025-02-21 16:58:13,947 - App.src.log - INFO - 保存更新DDL作业请求发送中...
2025-02-21 16:58:14,053 - App.src.log - INFO - 返回状态码:  200
2025-02-21 16:58:14,053 - App.src.log - INFO - 运行测试参数作业请求发送中...
2025-02-21 16:58:14,161 - App.src.log - INFO - 返回状态码:  200
2025-02-21 16:58:14,162 - App.src.log - INFO - 执行作业请求发送中...
2025-02-21 16:58:14,237 - App.src.log - INFO - 返回状态码:  200
2025-02-21 16:58:14,238 - App.src.log - INFO - 作业:680820633927417856,执行成功!
2025-02-21 16:58:14,238 - App.src.log - INFO - 建表语句请求发送中...
2025-02-21 16:58:14,366 - App.src.log - INFO - 返回状态码:  200
2025-02-21 16:58:14,368 - App.src.log - INFO - 发送创建DDL工作请求中...
2025-02-21 16:58:14,567 - App.src.log - INFO - 返回状态码:  200
2025-02-21 16:58:14,567 - App.src.log - INFO - 返回该作业id: 680820636464971776
2025-02-21 16:58:14,567 - App.src.log - INFO - 创建DDL作业成功
2025-02-21 16:58:14,567 - App.src.log - INFO - DDL作业ID:680820636464971776
2025-02-21 16:58:14,568 - App.src.log - INFO - 保存更新DDL作业请求发送中...
2025-02-21 16:58:14,673 - App.src.log - INFO - 返回状态码:  200
2025-02-21 16:58:14,674 - App.src.log - INFO - 运行测试参数作业请求发送中...
2025-02-21 16:58:14,736 - App.src.log - INFO - 返回状态码:  200
2025-02-21 16:58:14,736 - App.src.log - INFO - 执行作业请求发送中...
2025-02-21 16:58:14,859 - App.src.log - INFO - 返回状态码:  200
2025-02-21 16:58:14,860 - App.src.log - INFO - 作业:680820636464971776,执行成功!
2025-02-21 16:58:14,861 - App.src.log - INFO - 建表语句请求发送中...
2025-02-21 16:58:15,014 - App.src.log - INFO - 返回状态码:  200
2025-02-21 16:58:15,015 - App.src.log - INFO - 发送创建DDL工作请求中...
2025-02-21 16:58:15,186 - App.src.log - INFO - 返回状态码:  200
2025-02-21 16:58:15,186 - App.src.log - INFO - 返回该作业id: 680820639166103552
2025-02-21 16:58:15,186 - App.src.log - INFO - 创建DDL作业成功
2025-02-21 16:58:15,186 - App.src.log - INFO - DDL作业ID:680820639166103552
2025-02-21 16:58:15,187 - App.src.log - INFO - 保存更新DDL作业请求发送中...
2025-02-21 16:58:15,290 - App.src.log - INFO - 返回状态码:  200
2025-02-21 16:58:15,291 - App.src.log - INFO - 运行测试参数作业请求发送中...
2025-02-21 16:58:15,360 - App.src.log - INFO - 返回状态码:  200
2025-02-21 16:58:15,360 - App.src.log - INFO - 执行作业请求发送中...
2025-02-21 16:58:15,441 - App.src.log - INFO - 返回状态码:  200
2025-02-21 16:58:15,441 - App.src.log - INFO - 作业:680820639166103552,执行成功!
2025-02-21 16:58:15,441 - App.src.log - INFO - 建表语句请求发送中...
2025-02-21 16:58:15,604 - App.src.log - INFO - 返回状态码:  200
2025-02-21 16:58:15,604 - App.src.log - INFO - 发送创建DDL工作请求中...
2025-02-21 16:58:15,812 - App.src.log - INFO - 返回状态码:  200
2025-02-21 16:58:15,812 - App.src.log - INFO - 返回该作业id: 680820641888206848
2025-02-21 16:58:15,812 - App.src.log - INFO - 创建DDL作业成功
2025-02-21 16:58:15,812 - App.src.log - INFO - DDL作业ID:680820641888206848
2025-02-21 16:58:15,813 - App.src.log - INFO - 保存更新DDL作业请求发送中...
2025-02-21 16:58:15,990 - App.src.log - INFO - 返回状态码:  200
2025-02-21 16:58:15,990 - App.src.log - INFO - 运行测试参数作业请求发送中...
2025-02-21 16:58:16,070 - App.src.log - INFO - 返回状态码:  200
2025-02-21 16:58:16,070 - App.src.log - INFO - 执行作业请求发送中...
2025-02-21 16:58:16,145 - App.src.log - INFO - 返回状态码:  200
2025-02-21 16:58:16,145 - App.src.log - INFO - 作业:680820641888206848,执行成功!
2025-02-21 16:58:16,145 - App.src.log - INFO - 建表语句请求发送中...
2025-02-21 16:58:16,361 - App.src.log - INFO - 返回状态码:  200
2025-02-21 16:58:16,361 - App.src.log - INFO - 发送创建DDL工作请求中...
2025-02-21 16:58:16,513 - App.src.log - INFO - 返回状态码:  200
2025-02-21 16:58:16,513 - App.src.log - INFO - 返回该作业id: 680820644887134208
2025-02-21 16:58:16,513 - App.src.log - INFO - 创建DDL作业成功
2025-02-21 16:58:16,513 - App.src.log - INFO - DDL作业ID:680820644887134208
2025-02-21 16:58:16,514 - App.src.log - INFO - 保存更新DDL作业请求发送中...
2025-02-21 16:58:16,714 - App.src.log - INFO - 返回状态码:  200
2025-02-21 16:58:16,714 - App.src.log - INFO - 运行测试参数作业请求发送中...
2025-02-21 16:58:16,776 - App.src.log - INFO - 返回状态码:  200
2025-02-21 16:58:16,777 - App.src.log - INFO - 执行作业请求发送中...
2025-02-21 16:58:16,849 - App.src.log - INFO - 返回状态码:  200
2025-02-21 16:58:16,850 - App.src.log - INFO - 作业:680820644887134208,执行成功!
2025-02-21 16:58:16,850 - App.src.log - INFO - 建表语句请求发送中...
2025-02-21 16:58:16,942 - App.src.log - INFO - 返回状态码:  200
2025-02-21 16:58:16,943 - App.src.log - INFO - 发送创建DDL工作请求中...
2025-02-21 16:58:17,129 - App.src.log - INFO - 返回状态码:  200
2025-02-21 16:58:17,129 - App.src.log - INFO - 返回该作业id: 680820647290470400
2025-02-21 16:58:17,129 - App.src.log - INFO - 创建DDL作业成功
2025-02-21 16:58:17,130 - App.src.log - INFO - DDL作业ID:680820647290470400
2025-02-21 16:58:17,130 - App.src.log - INFO - 保存更新DDL作业请求发送中...
2025-02-21 16:58:17,236 - App.src.log - INFO - 返回状态码:  200
2025-02-21 16:58:17,236 - App.src.log - INFO - 运行测试参数作业请求发送中...
2025-02-21 16:58:17,301 - App.src.log - INFO - 返回状态码:  200
2025-02-21 16:58:17,302 - App.src.log - INFO - 执行作业请求发送中...
2025-02-21 16:58:17,453 - App.src.log - INFO - 返回状态码:  200
2025-02-21 16:58:17,453 - App.src.log - INFO - 作业:680820647290470400,执行成功!
2025-02-21 16:58:17,454 - App.src.log - INFO - 建表语句请求发送中...
2025-02-21 16:58:17,614 - App.src.log - INFO - 返回状态码:  200
2025-02-21 16:58:17,615 - App.src.log - INFO - 发送创建DDL工作请求中...
2025-02-21 16:58:17,845 - App.src.log - INFO - 返回状态码:  200
2025-02-21 16:58:17,845 - App.src.log - INFO - 返回该作业id: 680820650264231936
2025-02-21 16:58:17,845 - App.src.log - INFO - 创建DDL作业成功
2025-02-21 16:58:17,845 - App.src.log - INFO - DDL作业ID:680820650264231936
2025-02-21 16:58:17,846 - App.src.log - INFO - 保存更新DDL作业请求发送中...
2025-02-21 16:58:17,997 - App.src.log - INFO - 返回状态码:  200
2025-02-21 16:58:17,997 - App.src.log - INFO - 运行测试参数作业请求发送中...
2025-02-21 16:58:18,094 - App.src.log - INFO - 返回状态码:  200
2025-02-21 16:58:18,094 - App.src.log - INFO - 执行作业请求发送中...
2025-02-21 16:58:18,260 - App.src.log - INFO - 返回状态码:  200
2025-02-21 16:58:18,261 - App.src.log - INFO - 作业:680820650264231936,执行成功!
2025-02-21 16:58:18,261 - App.src.log - INFO - 建表语句请求发送中...
2025-02-21 16:58:18,458 - App.src.log - INFO - 返回状态码:  200
2025-02-21 16:58:18,458 - App.src.log - INFO - 发送创建DDL工作请求中...
2025-02-21 16:58:18,659 - App.src.log - INFO - 返回状态码:  200
2025-02-21 16:58:18,659 - App.src.log - INFO - 返回该作业id: 680820653670006784
2025-02-21 16:58:18,659 - App.src.log - INFO - 创建DDL作业成功
2025-02-21 16:58:18,659 - App.src.log - INFO - DDL作业ID:680820653670006784
2025-02-21 16:58:18,660 - App.src.log - INFO - 保存更新DDL作业请求发送中...
2025-02-21 16:58:18,769 - App.src.log - INFO - 返回状态码:  200
2025-02-21 16:58:18,769 - App.src.log - INFO - 运行测试参数作业请求发送中...
2025-02-21 16:58:18,838 - App.src.log - INFO - 返回状态码:  200
2025-02-21 16:58:18,839 - App.src.log - INFO - 执行作业请求发送中...
2025-02-21 16:58:18,953 - App.src.log - INFO - 返回状态码:  200
2025-02-21 16:58:18,953 - App.src.log - INFO - 作业:680820653670006784,执行成功!
2025-02-21 16:58:18,954 - App.src.log - INFO - 建表语句请求发送中...
2025-02-21 16:58:19,050 - App.src.log - INFO - 返回状态码:  200
2025-02-21 16:58:19,051 - App.src.log - INFO - 发送创建DDL工作请求中...
2025-02-21 16:58:19,321 - App.src.log - INFO - 返回状态码:  200
2025-02-21 16:58:19,322 - App.src.log - INFO - 返回该作业id: 680820656450830336
2025-02-21 16:58:19,322 - App.src.log - INFO - 创建DDL作业成功
2025-02-21 16:58:19,322 - App.src.log - INFO - DDL作业ID:680820656450830336
2025-02-21 16:58:19,323 - App.src.log - INFO - 保存更新DDL作业请求发送中...
2025-02-21 16:58:19,448 - App.src.log - INFO - 返回状态码:  200
2025-02-21 16:58:19,448 - App.src.log - INFO - 运行测试参数作业请求发送中...
2025-02-21 16:58:19,538 - App.src.log - INFO - 返回状态码:  200
2025-02-21 16:58:19,538 - App.src.log - INFO - 执行作业请求发送中...
2025-02-21 16:58:19,739 - App.src.log - INFO - 返回状态码:  200
2025-02-21 16:58:19,739 - App.src.log - INFO - 作业:680820656450830336,执行成功!
2025-02-21 16:58:19,739 - App.src.log - INFO - 建表语句请求发送中...
2025-02-21 16:58:19,912 - App.src.log - INFO - 返回状态码:  200
2025-02-21 16:58:19,913 - App.src.log - INFO - 发送创建DDL工作请求中...
2025-02-21 16:58:20,169 - App.src.log - INFO - 返回状态码:  200
2025-02-21 16:58:20,169 - App.src.log - INFO - 返回该作业id: 680820660036960256
2025-02-21 16:58:20,170 - App.src.log - INFO - 创建DDL作业成功
2025-02-21 16:58:20,170 - App.src.log - INFO - DDL作业ID:680820660036960256
2025-02-21 16:58:20,170 - App.src.log - INFO - 保存更新DDL作业请求发送中...
2025-02-21 16:58:20,289 - App.src.log - INFO - 返回状态码:  200
2025-02-21 16:58:20,290 - App.src.log - INFO - 运行测试参数作业请求发送中...
2025-02-21 16:58:20,357 - App.src.log - INFO - 返回状态码:  200
2025-02-21 16:58:20,358 - App.src.log - INFO - 执行作业请求发送中...
2025-02-21 16:58:20,477 - App.src.log - INFO - 返回状态码:  200
2025-02-21 16:58:20,477 - App.src.log - INFO - 作业:680820660036960256,执行成功!
2025-02-21 16:58:20,478 - App.src.log - INFO - 建表语句请求发送中...
2025-02-21 16:58:20,666 - App.src.log - INFO - 返回状态码:  200
2025-02-21 16:58:20,666 - App.src.log - INFO - 发送创建DDL工作请求中...
2025-02-21 16:58:20,867 - App.src.log - INFO - 返回状态码:  200
2025-02-21 16:58:20,867 - App.src.log - INFO - 返回该作业id: 680820662926835712
2025-02-21 16:58:20,867 - App.src.log - INFO - 创建DDL作业成功
2025-02-21 16:58:20,867 - App.src.log - INFO - DDL作业ID:680820662926835712
2025-02-21 16:58:20,868 - App.src.log - INFO - 保存更新DDL作业请求发送中...
2025-02-21 16:58:20,995 - App.src.log - INFO - 返回状态码:  200
2025-02-21 16:58:20,996 - App.src.log - INFO - 运行测试参数作业请求发送中...
2025-02-21 16:58:21,055 - App.src.log - INFO - 返回状态码:  200
2025-02-21 16:58:21,055 - App.src.log - INFO - 执行作业请求发送中...
2025-02-21 16:58:21,138 - App.src.log - INFO - 返回状态码:  200
2025-02-21 16:58:21,138 - App.src.log - INFO - 作业:680820662926835712,执行成功!
2025-02-21 16:58:21,139 - App.src.log - INFO - 建表语句请求发送中...
2025-02-21 16:58:21,272 - App.src.log - INFO - 返回状态码:  200
2025-02-21 16:58:21,272 - App.src.log - INFO - 发送创建DDL工作请求中...
2025-02-21 16:58:21,459 - App.src.log - INFO - 返回状态码:  200
2025-02-21 16:58:21,460 - App.src.log - INFO - 返回该作业id: 680820665460195328
2025-02-21 16:58:21,460 - App.src.log - INFO - 创建DDL作业成功
2025-02-21 16:58:21,460 - App.src.log - INFO - DDL作业ID:680820665460195328
2025-02-21 16:58:21,460 - App.src.log - INFO - 保存更新DDL作业请求发送中...
2025-02-21 16:58:21,566 - App.src.log - INFO - 返回状态码:  200
2025-02-21 16:58:21,567 - App.src.log - INFO - 运行测试参数作业请求发送中...
2025-02-21 16:58:21,646 - App.src.log - INFO - 返回状态码:  200
2025-02-21 16:58:21,646 - App.src.log - INFO - 执行作业请求发送中...
2025-02-21 16:58:21,797 - App.src.log - INFO - 返回状态码:  200
2025-02-21 16:58:21,798 - App.src.log - INFO - 作业:680820665460195328,执行成功!
2025-02-21 16:58:21,798 - App.src.log - INFO - 建表语句请求发送中...
2025-02-21 16:58:21,938 - App.src.log - INFO - 返回状态码:  200
2025-02-21 16:58:21,939 - App.src.log - INFO - 发送创建DDL工作请求中...
2025-02-21 16:58:22,123 - App.src.log - INFO - 返回状态码:  200
2025-02-21 16:58:22,123 - App.src.log - INFO - 返回该作业id: 680820668232630272
2025-02-21 16:58:22,124 - App.src.log - INFO - 创建DDL作业成功
2025-02-21 16:58:22,124 - App.src.log - INFO - DDL作业ID:680820668232630272
2025-02-21 16:58:22,124 - App.src.log - INFO - 保存更新DDL作业请求发送中...
2025-02-21 16:58:22,235 - App.src.log - INFO - 返回状态码:  200
2025-02-21 16:58:22,235 - App.src.log - INFO - 运行测试参数作业请求发送中...
2025-02-21 16:58:22,307 - App.src.log - INFO - 返回状态码:  200
2025-02-21 16:58:22,307 - App.src.log - INFO - 执行作业请求发送中...
2025-02-21 16:58:22,414 - App.src.log - INFO - 返回状态码:  200
2025-02-21 16:58:22,414 - App.src.log - INFO - 作业:680820668232630272,执行成功!
2025-02-21 16:58:22,414 - App.src.log - INFO - 建表语句请求发送中...
2025-02-21 16:58:22,662 - App.src.log - INFO - 返回状态码:  200
2025-02-21 16:58:22,665 - App.src.log - INFO - 发送创建DDL工作请求中...
2025-02-21 16:58:22,851 - App.src.log - INFO - 返回状态码:  200
2025-02-21 16:58:22,851 - App.src.log - INFO - 返回该作业id: 680820671294472192
2025-02-21 16:58:22,851 - App.src.log - INFO - 创建DDL作业成功
2025-02-21 16:58:22,851 - App.src.log - INFO - DDL作业ID:680820671294472192
2025-02-21 16:58:22,852 - App.src.log - INFO - 保存更新DDL作业请求发送中...
2025-02-21 16:58:22,991 - App.src.log - INFO - 返回状态码:  200
2025-02-21 16:58:22,992 - App.src.log - INFO - 运行测试参数作业请求发送中...
2025-02-21 16:58:23,098 - App.src.log - INFO - 返回状态码:  200
2025-02-21 16:58:23,099 - App.src.log - INFO - 执行作业请求发送中...
2025-02-21 16:58:23,212 - App.src.log - INFO - 返回状态码:  200
2025-02-21 16:58:23,212 - App.src.log - INFO - 作业:680820671294472192,执行成功!
2025-02-21 16:58:23,213 - App.src.log - INFO - 建表语句请求发送中...
2025-02-21 16:58:23,321 - App.src.log - INFO - 返回状态码:  200
2025-02-21 16:58:23,322 - App.src.log - INFO - 发送创建DDL工作请求中...
2025-02-21 16:58:23,577 - App.src.log - INFO - 返回状态码:  200
2025-02-21 16:58:23,577 - App.src.log - INFO - 返回该作业id: 680820674297593856
2025-02-21 16:58:23,577 - App.src.log - INFO - 创建DDL作业成功
2025-02-21 16:58:23,578 - App.src.log - INFO - DDL作业ID:680820674297593856
2025-02-21 16:58:23,578 - App.src.log - INFO - 保存更新DDL作业请求发送中...
2025-02-21 16:58:23,680 - App.src.log - INFO - 返回状态码:  200
2025-02-21 16:58:23,681 - App.src.log - INFO - 运行测试参数作业请求发送中...
2025-02-21 16:58:23,776 - App.src.log - INFO - 返回状态码:  200
2025-02-21 16:58:23,776 - App.src.log - INFO - 执行作业请求发送中...
2025-02-21 16:58:23,871 - App.src.log - INFO - 返回状态码:  200
2025-02-21 16:58:23,871 - App.src.log - INFO - 作业:680820674297593856,执行成功!
2025-02-21 16:58:23,872 - App.src.log - INFO - 建表语句请求发送中...
2025-02-21 16:58:23,991 - App.src.log - INFO - 返回状态码:  200
2025-02-21 16:58:23,992 - App.src.log - INFO - 发送创建DDL工作请求中...
2025-02-21 16:58:24,192 - App.src.log - INFO - 返回状态码:  200
2025-02-21 16:58:24,192 - App.src.log - INFO - 返回该作业id: 680820676847730688
2025-02-21 16:58:24,192 - App.src.log - INFO - 创建DDL作业成功
2025-02-21 16:58:24,192 - App.src.log - INFO - DDL作业ID:680820676847730688
2025-02-21 16:58:24,193 - App.src.log - INFO - 保存更新DDL作业请求发送中...
2025-02-21 16:58:24,367 - App.src.log - INFO - 返回状态码:  200
2025-02-21 16:58:24,368 - App.src.log - INFO - 运行测试参数作业请求发送中...
2025-02-21 16:58:24,441 - App.src.log - INFO - 返回状态码:  200
2025-02-21 16:58:24,441 - App.src.log - INFO - 执行作业请求发送中...
2025-02-21 16:58:24,553 - App.src.log - INFO - 返回状态码:  200
2025-02-21 16:58:24,553 - App.src.log - INFO - 作业:680820676847730688,执行成功!
2025-02-21 16:58:24,554 - App.src.log - INFO - 建表语句请求发送中...
2025-02-21 16:58:24,751 - App.src.log - INFO - 返回状态码:  200
2025-02-21 16:58:24,752 - App.src.log - INFO - 发送创建DDL工作请求中...
2025-02-21 16:58:24,894 - App.src.log - INFO - 返回状态码:  200
2025-02-21 16:58:24,894 - App.src.log - INFO - 返回该作业id: 680820680035401728
2025-02-21 16:58:24,894 - App.src.log - INFO - 创建DDL作业成功
2025-02-21 16:58:24,894 - App.src.log - INFO - DDL作业ID:680820680035401728
2025-02-21 16:58:24,895 - App.src.log - INFO - 保存更新DDL作业请求发送中...
2025-02-21 16:58:25,001 - App.src.log - INFO - 返回状态码:  200
2025-02-21 16:58:25,002 - App.src.log - INFO - 运行测试参数作业请求发送中...
2025-02-21 16:58:25,140 - App.src.log - INFO - 返回状态码:  200
2025-02-21 16:58:25,140 - App.src.log - INFO - 执行作业请求发送中...
2025-02-21 16:58:25,233 - App.src.log - INFO - 返回状态码:  200
2025-02-21 16:58:25,233 - App.src.log - INFO - 作业:680820680035401728,执行成功!
2025-02-21 16:58:25,234 - App.src.log - INFO - 建表语句请求发送中...
2025-02-21 16:58:25,416 - App.src.log - INFO - 返回状态码:  200
2025-02-21 16:58:25,417 - App.src.log - INFO - 发送创建DDL工作请求中...
2025-02-21 16:58:25,602 - App.src.log - INFO - 返回状态码:  200
2025-02-21 16:58:25,602 - App.src.log - INFO - 返回该作业id: 680820682833002496
2025-02-21 16:58:25,603 - App.src.log - INFO - 创建DDL作业成功
2025-02-21 16:58:25,603 - App.src.log - INFO - DDL作业ID:680820682833002496
2025-02-21 16:58:25,603 - App.src.log - INFO - 保存更新DDL作业请求发送中...
2025-02-21 16:58:25,743 - App.src.log - INFO - 返回状态码:  200
2025-02-21 16:58:25,743 - App.src.log - INFO - 运行测试参数作业请求发送中...
2025-02-21 16:58:25,833 - App.src.log - INFO - 返回状态码:  200
2025-02-21 16:58:25,833 - App.src.log - INFO - 执行作业请求发送中...
2025-02-21 16:58:25,987 - App.src.log - INFO - 返回状态码:  200
2025-02-21 16:58:25,987 - App.src.log - INFO - 作业:680820682833002496,执行成功!
2025-02-21 16:58:25,988 - App.src.log - INFO - 建表语句请求发送中...
2025-02-21 16:58:26,129 - App.src.log - INFO - 返回状态码:  200
2025-02-21 16:58:26,130 - App.src.log - INFO - 发送创建DDL工作请求中...
2025-02-21 16:58:26,326 - App.src.log - INFO - 返回状态码:  200
2025-02-21 16:58:26,327 - App.src.log - INFO - 返回该作业id: 680820685836124160
2025-02-21 16:58:26,327 - App.src.log - INFO - 创建DDL作业成功
2025-02-21 16:58:26,327 - App.src.log - INFO - DDL作业ID:680820685836124160
2025-02-21 16:58:26,328 - App.src.log - INFO - 保存更新DDL作业请求发送中...
2025-02-21 16:58:26,425 - App.src.log - INFO - 返回状态码:  200
2025-02-21 16:58:26,425 - App.src.log - INFO - 运行测试参数作业请求发送中...
2025-02-21 16:58:26,480 - App.src.log - INFO - 返回状态码:  200
2025-02-21 16:58:26,480 - App.src.log - INFO - 执行作业请求发送中...
2025-02-21 16:58:26,600 - App.src.log - INFO - 返回状态码:  200
2025-02-21 16:58:26,601 - App.src.log - INFO - 作业:680820685836124160,执行成功!
