2025-02-21 16:51:58,623 - App.src.log - WARNING - 未获取到项目目录信息，正在获取项目目录
2025-02-21 16:51:58,623 - App.src.log - WARNING - 未获取到项目信息，正在获取项目
2025-02-21 16:51:58,623 - App.src.log - INFO - 发送查询项目请求中...
2025-02-21 16:51:58,721 - App.src.log - INFO - 返回状态码:  200
2025-02-21 16:51:58,722 - App.src.log - INFO - 项目名称:农险统计分析项目,项目ID:659865788999532544,环境ID:660123898615955456
2025-02-21 16:51:58,722 - App.src.log - INFO - 项目名称:保单域模型开发,项目ID:660489178949091328,环境ID:660489357961986048
2025-02-21 16:51:58,727 - App.src.log - INFO - 项目名称:理赔域模型开发,项目ID:664105169524359168,环境ID:664110609901551616
2025-02-21 16:51:58,727 - App.src.log - INFO - 项目名称:收付域模型开发,项目ID:665558091214880768,环境ID:665558589229760512
2025-02-21 16:51:58,727 - App.src.log - INFO - 项目名称:产品域模型开发,项目ID:667309876069793792,环境ID:667310114419507200
2025-02-21 16:51:58,727 - App.src.log - INFO - 项目名称:公共域模型开发,项目ID:667309925382225920,环境ID:667310350181335040
2025-02-21 16:51:58,727 - App.src.log - INFO - 项目名称:销管域模型开发,项目ID:669492845551288320,环境ID:669492992658112512
2025-02-21 16:51:58,727 - App.src.log - INFO - 项目名称:机构域模型开发,项目ID:669499243865571328,环境ID:669499579246313472
2025-02-21 16:51:58,727 - App.src.log - INFO - 项目名称:财务域模型开发,项目ID:669499189998125056,环境ID:669500013042204672
2025-02-21 16:51:58,727 - App.src.log - INFO - 项目名称:再保域模型开发,项目ID:669540045408960512,环境ID:669540279086219264
2025-02-21 16:51:58,727 - App.src.log - INFO - 项目名称:客户域模型开发,项目ID:669544231576010752,环境ID:669544379244871680
2025-02-21 16:51:58,727 - App.src.log - INFO - 项目名称:系统配置域模型开发,项目ID:669567632545939456,环境ID:669567973840650240
2025-02-21 16:51:58,727 - App.src.log - INFO - 项目名称:监管报送,项目ID:680416668777709568,环境ID:680417741324156928
2025-02-21 16:51:58,728 - App.src.log - INFO - 项目名称:新农险域模型开发,项目ID:680809261319585792,环境ID:680809423555264512
2025-02-21 16:51:58,728 - App.src.log - INFO - 查询项目成功
2025-02-21 16:51:58,728 - App.src.log - INFO - 发送查询数据开发作业请求中...
2025-02-21 16:51:58,795 - App.src.log - INFO - 返回状态码:  200
2025-02-21 16:51:58,796 - App.src.log - INFO - 查询离线作业成功
2025-02-21 16:51:58,796 - App.src.log - INFO - 建表语句请求发送中...
2025-02-21 16:51:58,948 - App.src.log - INFO - 返回状态码:  200
2025-02-21 16:51:58,949 - App.src.log - INFO - 发送创建DDL工作请求中...
2025-02-21 16:51:59,150 - App.src.log - INFO - 返回状态码:  200
2025-02-21 16:51:59,150 - App.src.log - INFO - 返回该作业id: 680819061843558400
2025-02-21 16:51:59,151 - App.src.log - INFO - 创建DDL作业成功
2025-02-21 16:51:59,151 - App.src.log - INFO - DDL作业ID:680819061843558400
2025-02-21 16:51:59,151 - App.src.log - INFO - 保存更新DDL作业请求发送中...
2025-02-21 16:51:59,365 - App.src.log - INFO - 返回状态码:  200
2025-02-21 16:51:59,366 - App.src.log - INFO - 运行测试参数作业请求发送中...
2025-02-21 16:51:59,427 - App.src.log - INFO - 返回状态码:  200
2025-02-21 16:51:59,427 - App.src.log - INFO - 执行作业请求发送中...
2025-02-21 16:51:59,505 - App.src.log - INFO - 返回状态码:  200
2025-02-21 16:51:59,506 - App.src.log - INFO - 作业:680819061843558400,执行成功!
2025-02-21 16:51:59,507 - App.src.log - INFO - 建表语句请求发送中...
2025-02-21 16:51:59,629 - App.src.log - INFO - 返回状态码:  200
2025-02-21 16:51:59,629 - App.src.log - INFO - 发送创建DDL工作请求中...
2025-02-21 16:51:59,817 - App.src.log - INFO - 返回状态码:  200
2025-02-21 16:51:59,817 - App.src.log - INFO - 返回该作业id: 680819064708268032
2025-02-21 16:51:59,817 - App.src.log - INFO - 创建DDL作业成功
2025-02-21 16:51:59,817 - App.src.log - INFO - DDL作业ID:680819064708268032
2025-02-21 16:51:59,818 - App.src.log - INFO - 保存更新DDL作业请求发送中...
2025-02-21 16:51:59,931 - App.src.log - INFO - 返回状态码:  200
2025-02-21 16:51:59,931 - App.src.log - INFO - 运行测试参数作业请求发送中...
2025-02-21 16:52:00,017 - App.src.log - INFO - 返回状态码:  200
2025-02-21 16:52:00,017 - App.src.log - INFO - 执行作业请求发送中...
2025-02-21 16:52:00,159 - App.src.log - INFO - 返回状态码:  200
2025-02-21 16:52:00,159 - App.src.log - INFO - 作业:680819064708268032,执行成功!
2025-02-21 16:52:00,160 - App.src.log - INFO - 建表语句请求发送中...
2025-02-21 16:52:00,467 - App.src.log - INFO - 返回状态码:  200
2025-02-21 16:52:00,467 - App.src.log - INFO - 发送创建DDL工作请求中...
2025-02-21 16:52:00,653 - App.src.log - INFO - 返回状态码:  200
2025-02-21 16:52:00,653 - App.src.log - INFO - 返回该作业id: 680819068206317568
2025-02-21 16:52:00,654 - App.src.log - INFO - 创建DDL作业成功
2025-02-21 16:52:00,654 - App.src.log - INFO - DDL作业ID:680819068206317568
2025-02-21 16:52:00,654 - App.src.log - INFO - 保存更新DDL作业请求发送中...
2025-02-21 16:52:00,768 - App.src.log - INFO - 返回状态码:  200
2025-02-21 16:52:00,768 - App.src.log - INFO - 运行测试参数作业请求发送中...
2025-02-21 16:52:00,848 - App.src.log - INFO - 返回状态码:  200
2025-02-21 16:52:00,848 - App.src.log - INFO - 执行作业请求发送中...
2025-02-21 16:52:00,920 - App.src.log - INFO - 返回状态码:  200
2025-02-21 16:52:00,920 - App.src.log - INFO - 作业:680819068206317568,执行成功!
2025-02-21 16:52:00,921 - App.src.log - INFO - 建表语句请求发送中...
2025-02-21 16:52:01,197 - App.src.log - INFO - 返回状态码:  200
2025-02-21 16:52:01,197 - App.src.log - INFO - 发送创建DDL工作请求中...
2025-02-21 16:52:01,397 - App.src.log - INFO - 返回状态码:  200
2025-02-21 16:52:01,397 - App.src.log - INFO - 返回该作业id: 680819071280742400
2025-02-21 16:52:01,398 - App.src.log - INFO - 创建DDL作业成功
2025-02-21 16:52:01,398 - App.src.log - INFO - DDL作业ID:680819071280742400
2025-02-21 16:52:01,398 - App.src.log - INFO - 保存更新DDL作业请求发送中...
2025-02-21 16:52:01,519 - App.src.log - INFO - 返回状态码:  200
2025-02-21 16:52:01,519 - App.src.log - INFO - 运行测试参数作业请求发送中...
2025-02-21 16:52:01,612 - App.src.log - INFO - 返回状态码:  200
2025-02-21 16:52:01,612 - App.src.log - INFO - 执行作业请求发送中...
2025-02-21 16:52:01,753 - App.src.log - INFO - 返回状态码:  200
2025-02-21 16:52:01,753 - App.src.log - INFO - 作业:680819071280742400,执行成功!
2025-02-21 16:52:01,754 - App.src.log - INFO - 建表语句请求发送中...
2025-02-21 16:52:02,092 - App.src.log - INFO - 返回状态码:  200
2025-02-21 16:52:02,095 - App.src.log - INFO - 发送创建DDL工作请求中...
2025-02-21 16:52:02,313 - App.src.log - INFO - 返回状态码:  200
2025-02-21 16:52:02,313 - App.src.log - INFO - 返回该作业id: 680819075055616000
2025-02-21 16:52:02,313 - App.src.log - INFO - 创建DDL作业成功
2025-02-21 16:52:02,313 - App.src.log - INFO - DDL作业ID:680819075055616000
2025-02-21 16:52:02,314 - App.src.log - INFO - 保存更新DDL作业请求发送中...
2025-02-21 16:52:02,457 - App.src.log - INFO - 返回状态码:  200
2025-02-21 16:52:02,457 - App.src.log - INFO - 运行测试参数作业请求发送中...
2025-02-21 16:52:02,530 - App.src.log - INFO - 返回状态码:  200
2025-02-21 16:52:02,530 - App.src.log - INFO - 执行作业请求发送中...
2025-02-21 16:52:02,620 - App.src.log - INFO - 返回状态码:  200
2025-02-21 16:52:02,620 - App.src.log - INFO - 作业:680819075055616000,执行成功!
2025-02-21 16:52:02,621 - App.src.log - INFO - 建表语句请求发送中...
2025-02-21 16:52:02,729 - App.src.log - INFO - 返回状态码:  200
2025-02-21 16:52:02,730 - App.src.log - INFO - 发送创建DDL工作请求中...
2025-02-21 16:52:02,964 - App.src.log - INFO - 返回状态码:  200
2025-02-21 16:52:02,964 - App.src.log - INFO - 返回该作业id: 680819077941297152
2025-02-21 16:52:02,964 - App.src.log - INFO - 创建DDL作业成功
2025-02-21 16:52:02,964 - App.src.log - INFO - DDL作业ID:680819077941297152
2025-02-21 16:52:02,965 - App.src.log - INFO - 保存更新DDL作业请求发送中...
2025-02-21 16:52:03,117 - App.src.log - INFO - 返回状态码:  200
2025-02-21 16:52:03,118 - App.src.log - INFO - 运行测试参数作业请求发送中...
2025-02-21 16:52:03,209 - App.src.log - INFO - 返回状态码:  200
2025-02-21 16:52:03,209 - App.src.log - INFO - 执行作业请求发送中...
2025-02-21 16:52:03,271 - App.src.log - INFO - 返回状态码:  200
2025-02-21 16:52:03,271 - App.src.log - INFO - 作业:680819077941297152,执行成功!
2025-02-21 16:52:03,272 - App.src.log - INFO - 建表语句请求发送中...
2025-02-21 16:52:03,424 - App.src.log - INFO - 返回状态码:  200
2025-02-21 16:52:03,424 - App.src.log - INFO - 发送创建DDL工作请求中...
2025-02-21 16:52:03,637 - App.src.log - INFO - 返回状态码:  200
2025-02-21 16:52:03,637 - App.src.log - INFO - 返回该作业id: 680819080617263104
2025-02-21 16:52:03,637 - App.src.log - INFO - 创建DDL作业成功
2025-02-21 16:52:03,637 - App.src.log - INFO - DDL作业ID:680819080617263104
2025-02-21 16:52:03,637 - App.src.log - INFO - 保存更新DDL作业请求发送中...
2025-02-21 16:52:03,767 - App.src.log - INFO - 返回状态码:  200
2025-02-21 16:52:03,767 - App.src.log - INFO - 运行测试参数作业请求发送中...
2025-02-21 16:52:03,845 - App.src.log - INFO - 返回状态码:  200
2025-02-21 16:52:03,845 - App.src.log - INFO - 执行作业请求发送中...
2025-02-21 16:52:03,918 - App.src.log - INFO - 返回状态码:  200
2025-02-21 16:52:03,918 - App.src.log - INFO - 作业:680819080617263104,执行成功!
2025-02-21 16:52:03,919 - App.src.log - INFO - 建表语句请求发送中...
2025-02-21 16:52:04,043 - App.src.log - INFO - 返回状态码:  200
2025-02-21 16:52:04,044 - App.src.log - INFO - 发送创建DDL工作请求中...
2025-02-21 16:52:04,229 - App.src.log - INFO - 返回状态码:  200
2025-02-21 16:52:04,229 - App.src.log - INFO - 返回该作业id: 680819083238703104
2025-02-21 16:52:04,229 - App.src.log - INFO - 创建DDL作业成功
2025-02-21 16:52:04,229 - App.src.log - INFO - DDL作业ID:680819083238703104
2025-02-21 16:52:04,230 - App.src.log - INFO - 保存更新DDL作业请求发送中...
2025-02-21 16:52:04,369 - App.src.log - INFO - 返回状态码:  200
2025-02-21 16:52:04,369 - App.src.log - INFO - 运行测试参数作业请求发送中...
2025-02-21 16:52:04,448 - App.src.log - INFO - 返回状态码:  200
2025-02-21 16:52:04,448 - App.src.log - INFO - 执行作业请求发送中...
2025-02-21 16:52:04,590 - App.src.log - INFO - 返回状态码:  200
2025-02-21 16:52:04,590 - App.src.log - INFO - 作业:680819083238703104,执行成功!
2025-02-21 16:52:04,591 - App.src.log - INFO - 建表语句请求发送中...
2025-02-21 16:52:04,727 - App.src.log - INFO - 返回状态码:  200
2025-02-21 16:52:04,728 - App.src.log - INFO - 发送创建DDL工作请求中...
2025-02-21 16:52:04,913 - App.src.log - INFO - 返回状态码:  200
2025-02-21 16:52:04,913 - App.src.log - INFO - 返回该作业id: 680819086086635520
2025-02-21 16:52:04,913 - App.src.log - INFO - 创建DDL作业成功
2025-02-21 16:52:04,913 - App.src.log - INFO - DDL作业ID:680819086086635520
2025-02-21 16:52:04,914 - App.src.log - INFO - 保存更新DDL作业请求发送中...
2025-02-21 16:52:05,029 - App.src.log - INFO - 返回状态码:  200
2025-02-21 16:52:05,030 - App.src.log - INFO - 运行测试参数作业请求发送中...
2025-02-21 16:52:05,086 - App.src.log - INFO - 返回状态码:  200
2025-02-21 16:52:05,087 - App.src.log - INFO - 执行作业请求发送中...
2025-02-21 16:52:05,191 - App.src.log - INFO - 返回状态码:  200
2025-02-21 16:52:05,191 - App.src.log - INFO - 作业:680819086086635520,执行成功!
2025-02-21 16:52:05,192 - App.src.log - INFO - 建表语句请求发送中...
2025-02-21 16:52:05,485 - App.src.log - INFO - 返回状态码:  200
2025-02-21 16:52:05,486 - App.src.log - INFO - 发送创建DDL工作请求中...
2025-02-21 16:52:05,645 - App.src.log - INFO - 返回状态码:  200
2025-02-21 16:52:05,645 - App.src.log - INFO - 返回该作业id: 680819089295278080
2025-02-21 16:52:05,645 - App.src.log - INFO - 创建DDL作业成功
2025-02-21 16:52:05,645 - App.src.log - INFO - DDL作业ID:680819089295278080
2025-02-21 16:52:05,646 - App.src.log - INFO - 保存更新DDL作业请求发送中...
2025-02-21 16:52:05,842 - App.src.log - INFO - 返回状态码:  200
2025-02-21 16:52:05,843 - App.src.log - INFO - 运行测试参数作业请求发送中...
2025-02-21 16:52:05,918 - App.src.log - INFO - 返回状态码:  200
2025-02-21 16:52:05,918 - App.src.log - INFO - 执行作业请求发送中...
2025-02-21 16:52:05,981 - App.src.log - INFO - 返回状态码:  200
2025-02-21 16:52:05,981 - App.src.log - INFO - 作业:680819089295278080,执行成功!
2025-02-21 16:52:05,981 - App.src.log - INFO - 建表语句请求发送中...
2025-02-21 16:52:06,135 - App.src.log - INFO - 返回状态码:  200
2025-02-21 16:52:06,136 - App.src.log - INFO - 发送创建DDL工作请求中...
2025-02-21 16:52:06,369 - App.src.log - INFO - 返回状态码:  200
2025-02-21 16:52:06,370 - App.src.log - INFO - 返回该作业id: 680819092189347840
2025-02-21 16:52:06,370 - App.src.log - INFO - 创建DDL作业成功
2025-02-21 16:52:06,370 - App.src.log - INFO - DDL作业ID:680819092189347840
2025-02-21 16:52:06,371 - App.src.log - INFO - 保存更新DDL作业请求发送中...
2025-02-21 16:52:06,523 - App.src.log - INFO - 返回状态码:  200
2025-02-21 16:52:06,523 - App.src.log - INFO - 运行测试参数作业请求发送中...
2025-02-21 16:52:06,588 - App.src.log - INFO - 返回状态码:  200
2025-02-21 16:52:06,588 - App.src.log - INFO - 执行作业请求发送中...
2025-02-21 16:52:06,700 - App.src.log - INFO - 返回状态码:  200
2025-02-21 16:52:06,700 - App.src.log - INFO - 作业:680819092189347840,执行成功!
2025-02-21 16:52:06,701 - App.src.log - INFO - 建表语句请求发送中...
2025-02-21 16:52:06,832 - App.src.log - INFO - 返回状态码:  200
2025-02-21 16:52:06,833 - App.src.log - INFO - 发送创建DDL工作请求中...
2025-02-21 16:52:07,082 - App.src.log - INFO - 返回状态码:  200
2025-02-21 16:52:07,082 - App.src.log - INFO - 返回该作业id: 680819095163109376
2025-02-21 16:52:07,082 - App.src.log - INFO - 创建DDL作业成功
2025-02-21 16:52:07,082 - App.src.log - INFO - DDL作业ID:680819095163109376
2025-02-21 16:52:07,083 - App.src.log - INFO - 保存更新DDL作业请求发送中...
2025-02-21 16:52:07,206 - App.src.log - INFO - 返回状态码:  200
2025-02-21 16:52:07,207 - App.src.log - INFO - 运行测试参数作业请求发送中...
2025-02-21 16:52:07,299 - App.src.log - INFO - 返回状态码:  200
2025-02-21 16:52:07,300 - App.src.log - INFO - 执行作业请求发送中...
2025-02-21 16:52:07,409 - App.src.log - INFO - 返回状态码:  200
2025-02-21 16:52:07,409 - App.src.log - INFO - 作业:680819095163109376,执行成功!
2025-02-21 16:52:07,410 - App.src.log - INFO - 建表语句请求发送中...
2025-02-21 16:52:07,578 - App.src.log - INFO - 返回状态码:  200
2025-02-21 16:52:07,579 - App.src.log - INFO - 发送创建DDL工作请求中...
2025-02-21 16:52:07,710 - App.src.log - INFO - 返回状态码:  200
2025-02-21 16:52:07,710 - App.src.log - INFO - 返回该作业id: 680819097994264576
2025-02-21 16:52:07,710 - App.src.log - INFO - 创建DDL作业成功
2025-02-21 16:52:07,710 - App.src.log - INFO - DDL作业ID:680819097994264576
2025-02-21 16:52:07,711 - App.src.log - INFO - 保存更新DDL作业请求发送中...
2025-02-21 16:52:07,886 - App.src.log - INFO - 返回状态码:  200
2025-02-21 16:52:07,886 - App.src.log - INFO - 运行测试参数作业请求发送中...
2025-02-21 16:52:07,971 - App.src.log - INFO - 返回状态码:  200
2025-02-21 16:52:07,971 - App.src.log - INFO - 执行作业请求发送中...
2025-02-21 16:52:08,080 - App.src.log - INFO - 返回状态码:  200
2025-02-21 16:52:08,081 - App.src.log - INFO - 作业:680819097994264576,执行成功!
2025-02-21 16:52:08,081 - App.src.log - INFO - 建表语句请求发送中...
2025-02-21 16:52:08,209 - App.src.log - INFO - 返回状态码:  200
2025-02-21 16:52:08,210 - App.src.log - INFO - 发送创建DDL工作请求中...
2025-02-21 16:52:08,414 - App.src.log - INFO - 返回状态码:  200
2025-02-21 16:52:08,414 - App.src.log - INFO - 返回该作业id: 680819100670230528
2025-02-21 16:52:08,414 - App.src.log - INFO - 创建DDL作业成功
2025-02-21 16:52:08,414 - App.src.log - INFO - DDL作业ID:680819100670230528
2025-02-21 16:52:08,415 - App.src.log - INFO - 保存更新DDL作业请求发送中...
2025-02-21 16:52:08,526 - App.src.log - INFO - 返回状态码:  200
2025-02-21 16:52:08,526 - App.src.log - INFO - 运行测试参数作业请求发送中...
2025-02-21 16:52:08,669 - App.src.log - INFO - 返回状态码:  200
2025-02-21 16:52:08,669 - App.src.log - INFO - 执行作业请求发送中...
2025-02-21 16:52:08,776 - App.src.log - INFO - 返回状态码:  200
2025-02-21 16:52:08,776 - App.src.log - INFO - 作业:680819100670230528,执行成功!
2025-02-21 16:52:08,777 - App.src.log - INFO - 建表语句请求发送中...
2025-02-21 16:52:08,930 - App.src.log - INFO - 返回状态码:  200
2025-02-21 16:52:08,931 - App.src.log - INFO - 发送创建DDL工作请求中...
2025-02-21 16:52:09,115 - App.src.log - INFO - 返回状态码:  200
2025-02-21 16:52:09,115 - App.src.log - INFO - 返回该作业id: 680819103673352192
2025-02-21 16:52:09,115 - App.src.log - INFO - 创建DDL作业成功
2025-02-21 16:52:09,115 - App.src.log - INFO - DDL作业ID:680819103673352192
2025-02-21 16:52:09,116 - App.src.log - INFO - 保存更新DDL作业请求发送中...
2025-02-21 16:52:09,213 - App.src.log - INFO - 返回状态码:  200
2025-02-21 16:52:09,214 - App.src.log - INFO - 运行测试参数作业请求发送中...
2025-02-21 16:52:09,274 - App.src.log - INFO - 返回状态码:  200
2025-02-21 16:52:09,275 - App.src.log - INFO - 执行作业请求发送中...
2025-02-21 16:52:09,365 - App.src.log - INFO - 返回状态码:  200
2025-02-21 16:52:09,365 - App.src.log - INFO - 作业:680819103673352192,执行成功!
2025-02-21 16:52:09,366 - App.src.log - INFO - 建表语句请求发送中...
2025-02-21 16:52:09,542 - App.src.log - INFO - 返回状态码:  200
2025-02-21 16:52:09,543 - App.src.log - INFO - 发送创建DDL工作请求中...
2025-02-21 16:52:09,674 - App.src.log - INFO - 返回状态码:  200
2025-02-21 16:52:09,674 - App.src.log - INFO - 返回该作业id: 680819106231877632
2025-02-21 16:52:09,674 - App.src.log - INFO - 创建DDL作业成功
2025-02-21 16:52:09,674 - App.src.log - INFO - DDL作业ID:680819106231877632
2025-02-21 16:52:09,675 - App.src.log - INFO - 保存更新DDL作业请求发送中...
2025-02-21 16:52:09,832 - App.src.log - INFO - 返回状态码:  200
2025-02-21 16:52:09,832 - App.src.log - INFO - 运行测试参数作业请求发送中...
2025-02-21 16:52:09,967 - App.src.log - INFO - 返回状态码:  200
2025-02-21 16:52:09,967 - App.src.log - INFO - 执行作业请求发送中...
2025-02-21 16:52:10,048 - App.src.log - INFO - 返回状态码:  200
2025-02-21 16:52:10,049 - App.src.log - INFO - 作业:680819106231877632,执行成功!
2025-02-21 16:52:10,049 - App.src.log - INFO - 建表语句请求发送中...
2025-02-21 16:52:10,188 - App.src.log - INFO - 返回状态码:  200
2025-02-21 16:52:10,188 - App.src.log - INFO - 发送创建DDL工作请求中...
2025-02-21 16:52:10,448 - App.src.log - INFO - 返回状态码:  200
2025-02-21 16:52:10,449 - App.src.log - INFO - 返回该作业id: 680819109260165120
2025-02-21 16:52:10,449 - App.src.log - INFO - 创建DDL作业成功
2025-02-21 16:52:10,449 - App.src.log - INFO - DDL作业ID:680819109260165120
2025-02-21 16:52:10,449 - App.src.log - INFO - 保存更新DDL作业请求发送中...
2025-02-21 16:52:10,603 - App.src.log - INFO - 返回状态码:  200
2025-02-21 16:52:10,603 - App.src.log - INFO - 运行测试参数作业请求发送中...
2025-02-21 16:52:10,665 - App.src.log - INFO - 返回状态码:  200
2025-02-21 16:52:10,665 - App.src.log - INFO - 执行作业请求发送中...
2025-02-21 16:52:10,804 - App.src.log - INFO - 返回状态码:  200
2025-02-21 16:52:10,805 - App.src.log - INFO - 作业:680819109260165120,执行成功!
2025-02-21 16:52:10,805 - App.src.log - INFO - 建表语句请求发送中...
2025-02-21 16:52:10,941 - App.src.log - INFO - 返回状态码:  200
2025-02-21 16:52:10,941 - App.src.log - INFO - 发送创建DDL工作请求中...
2025-02-21 16:52:11,174 - App.src.log - INFO - 返回状态码:  200
2025-02-21 16:52:11,174 - App.src.log - INFO - 返回该作业id: 680819112124874752
2025-02-21 16:52:11,174 - App.src.log - INFO - 创建DDL作业成功
2025-02-21 16:52:11,174 - App.src.log - INFO - DDL作业ID:680819112124874752
2025-02-21 16:52:11,175 - App.src.log - INFO - 保存更新DDL作业请求发送中...
2025-02-21 16:52:11,310 - App.src.log - INFO - 返回状态码:  200
2025-02-21 16:52:11,311 - App.src.log - INFO - 运行测试参数作业请求发送中...
2025-02-21 16:52:11,388 - App.src.log - INFO - 返回状态码:  200
2025-02-21 16:52:11,388 - App.src.log - INFO - 执行作业请求发送中...
2025-02-21 16:52:11,466 - App.src.log - INFO - 返回状态码:  200
2025-02-21 16:52:11,466 - App.src.log - INFO - 作业:680819112124874752,执行成功!
2025-02-21 16:52:11,467 - App.src.log - INFO - 建表语句请求发送中...
2025-02-21 16:52:11,590 - App.src.log - INFO - 返回状态码:  200
2025-02-21 16:52:11,590 - App.src.log - INFO - 发送创建DDL工作请求中...
2025-02-21 16:52:11,769 - App.src.log - INFO - 返回状态码:  200
2025-02-21 16:52:11,769 - App.src.log - INFO - 返回该作业id: 680819114859560960
2025-02-21 16:52:11,769 - App.src.log - INFO - 创建DDL作业成功
2025-02-21 16:52:11,769 - App.src.log - INFO - DDL作业ID:680819114859560960
2025-02-21 16:52:11,770 - App.src.log - INFO - 保存更新DDL作业请求发送中...
2025-02-21 16:52:11,901 - App.src.log - INFO - 返回状态码:  200
2025-02-21 16:52:11,902 - App.src.log - INFO - 运行测试参数作业请求发送中...
2025-02-21 16:52:12,023 - App.src.log - INFO - 返回状态码:  200
2025-02-21 16:52:12,023 - App.src.log - INFO - 执行作业请求发送中...
2025-02-21 16:52:12,103 - App.src.log - INFO - 返回状态码:  200
2025-02-21 16:52:12,104 - App.src.log - INFO - 作业:680819114859560960,执行成功!
2025-02-21 16:52:12,104 - App.src.log - INFO - 建表语句请求发送中...
2025-02-21 16:52:12,228 - App.src.log - INFO - 返回状态码:  200
2025-02-21 16:52:12,228 - App.src.log - INFO - 发送创建DDL工作请求中...
2025-02-21 16:52:12,412 - App.src.log - INFO - 返回状态码:  200
2025-02-21 16:52:12,413 - App.src.log - INFO - 返回该作业id: 680819117543915520
2025-02-21 16:52:12,413 - App.src.log - INFO - 创建DDL作业成功
2025-02-21 16:52:12,413 - App.src.log - INFO - DDL作业ID:680819117543915520
2025-02-21 16:52:12,414 - App.src.log - INFO - 保存更新DDL作业请求发送中...
2025-02-21 16:52:12,539 - App.src.log - INFO - 返回状态码:  200
2025-02-21 16:52:12,539 - App.src.log - INFO - 运行测试参数作业请求发送中...
2025-02-21 16:52:12,617 - App.src.log - INFO - 返回状态码:  200
2025-02-21 16:52:12,618 - App.src.log - INFO - 执行作业请求发送中...
2025-02-21 16:52:12,690 - App.src.log - INFO - 返回状态码:  200
2025-02-21 16:52:12,691 - App.src.log - INFO - 作业:680819117543915520,执行成功!
2025-02-21 16:52:12,691 - App.src.log - INFO - 建表语句请求发送中...
2025-02-21 16:52:12,824 - App.src.log - INFO - 返回状态码:  200
2025-02-21 16:52:12,824 - App.src.log - INFO - 发送创建DDL工作请求中...
2025-02-21 16:52:13,015 - App.src.log - INFO - 返回状态码:  200
2025-02-21 16:52:13,015 - App.src.log - INFO - 返回该作业id: 680819120018554880
2025-02-21 16:52:13,015 - App.src.log - INFO - 创建DDL作业成功
2025-02-21 16:52:13,015 - App.src.log - INFO - DDL作业ID:680819120018554880
2025-02-21 16:52:13,016 - App.src.log - INFO - 保存更新DDL作业请求发送中...
2025-02-21 16:52:13,123 - App.src.log - INFO - 返回状态码:  200
2025-02-21 16:52:13,123 - App.src.log - INFO - 运行测试参数作业请求发送中...
2025-02-21 16:52:13,216 - App.src.log - INFO - 返回状态码:  200
2025-02-21 16:52:13,216 - App.src.log - INFO - 执行作业请求发送中...
2025-02-21 16:52:13,293 - App.src.log - INFO - 返回状态码:  200
2025-02-21 16:52:13,293 - App.src.log - INFO - 作业:680819120018554880,执行成功!
2025-02-21 16:52:13,294 - App.src.log - INFO - 建表语句请求发送中...
2025-02-21 16:52:13,658 - App.src.log - INFO - 返回状态码:  200
2025-02-21 16:52:13,661 - App.src.log - INFO - 发送创建DDL工作请求中...
2025-02-21 16:52:13,848 - App.src.log - INFO - 返回状态码:  200
2025-02-21 16:52:13,848 - App.src.log - INFO - 返回该作业id: 680819123554353152
2025-02-21 16:52:13,848 - App.src.log - INFO - 创建DDL作业成功
2025-02-21 16:52:13,849 - App.src.log - INFO - DDL作业ID:680819123554353152
2025-02-21 16:52:13,849 - App.src.log - INFO - 保存更新DDL作业请求发送中...
2025-02-21 16:52:13,959 - App.src.log - INFO - 返回状态码:  200
2025-02-21 16:52:13,960 - App.src.log - INFO - 运行测试参数作业请求发送中...
2025-02-21 16:52:14,033 - App.src.log - INFO - 返回状态码:  200
2025-02-21 16:52:14,034 - App.src.log - INFO - 执行作业请求发送中...
2025-02-21 16:52:14,124 - App.src.log - INFO - 返回状态码:  200
2025-02-21 16:52:14,125 - App.src.log - INFO - 作业:680819123554353152,执行成功!
2025-02-21 16:52:14,125 - App.src.log - INFO - 建表语句请求发送中...
2025-02-21 16:52:14,300 - App.src.log - INFO - 返回状态码:  200
2025-02-21 16:52:14,302 - App.src.log - INFO - 发送创建DDL工作请求中...
2025-02-21 16:52:14,541 - App.src.log - INFO - 返回状态码:  200
2025-02-21 16:52:14,541 - App.src.log - INFO - 返回该作业id: 680819126507143168
2025-02-21 16:52:14,541 - App.src.log - INFO - 创建DDL作业成功
2025-02-21 16:52:14,541 - App.src.log - INFO - DDL作业ID:680819126507143168
2025-02-21 16:52:14,542 - App.src.log - INFO - 保存更新DDL作业请求发送中...
2025-02-21 16:52:14,654 - App.src.log - INFO - 返回状态码:  200
2025-02-21 16:52:14,654 - App.src.log - INFO - 运行测试参数作业请求发送中...
2025-02-21 16:52:14,731 - App.src.log - INFO - 返回状态码:  200
2025-02-21 16:52:14,731 - App.src.log - INFO - 执行作业请求发送中...
2025-02-21 16:52:14,818 - App.src.log - INFO - 返回状态码:  200
2025-02-21 16:52:14,818 - App.src.log - INFO - 作业:680819126507143168,执行成功!
2025-02-21 16:52:14,819 - App.src.log - INFO - 建表语句请求发送中...
2025-02-21 16:52:15,019 - App.src.log - INFO - 返回状态码:  200
2025-02-21 16:52:15,019 - App.src.log - INFO - 发送创建DDL工作请求中...
2025-02-21 16:52:15,203 - App.src.log - INFO - 返回状态码:  200
2025-02-21 16:52:15,204 - App.src.log - INFO - 返回该作业id: 680819129254412288
2025-02-21 16:52:15,204 - App.src.log - INFO - 创建DDL作业成功
2025-02-21 16:52:15,204 - App.src.log - INFO - DDL作业ID:680819129254412288
2025-02-21 16:52:15,205 - App.src.log - INFO - 保存更新DDL作业请求发送中...
2025-02-21 16:52:15,424 - App.src.log - INFO - 返回状态码:  200
2025-02-21 16:52:15,424 - App.src.log - INFO - 运行测试参数作业请求发送中...
2025-02-21 16:52:15,501 - App.src.log - INFO - 返回状态码:  200
2025-02-21 16:52:15,502 - App.src.log - INFO - 执行作业请求发送中...
2025-02-21 16:52:15,579 - App.src.log - INFO - 返回状态码:  200
2025-02-21 16:52:15,579 - App.src.log - INFO - 作业:680819129254412288,执行成功!
2025-02-21 16:52:15,580 - App.src.log - INFO - 建表语句请求发送中...
2025-02-21 16:52:15,766 - App.src.log - INFO - 返回状态码:  200
2025-02-21 16:52:15,766 - App.src.log - INFO - 发送创建DDL工作请求中...
2025-02-21 16:52:15,950 - App.src.log - INFO - 返回状态码:  200
2025-02-21 16:52:15,950 - App.src.log - INFO - 返回该作业id: 680819132374974464
2025-02-21 16:52:15,950 - App.src.log - INFO - 创建DDL作业成功
2025-02-21 16:52:15,950 - App.src.log - INFO - DDL作业ID:680819132374974464
2025-02-21 16:52:15,951 - App.src.log - INFO - 保存更新DDL作业请求发送中...
2025-02-21 16:52:16,062 - App.src.log - INFO - 返回状态码:  200
2025-02-21 16:52:16,062 - App.src.log - INFO - 运行测试参数作业请求发送中...
2025-02-21 16:52:16,136 - App.src.log - INFO - 返回状态码:  200
2025-02-21 16:52:16,136 - App.src.log - INFO - 执行作业请求发送中...
2025-02-21 16:52:16,254 - App.src.log - INFO - 返回状态码:  200
2025-02-21 16:52:16,254 - App.src.log - INFO - 作业:680819132374974464,执行成功!
