2025-02-21 16:54:27,201 - App.src.log - WARNING - 未获取到项目目录信息，正在获取项目目录
2025-02-21 16:54:27,201 - App.src.log - WARNING - 未获取到项目信息，正在获取项目
2025-02-21 16:54:27,201 - App.src.log - INFO - 发送查询项目请求中...
2025-02-21 16:54:27,285 - App.src.log - INFO - 返回状态码:  200
2025-02-21 16:54:27,285 - App.src.log - INFO - 项目名称:农险统计分析项目,项目ID:659865788999532544,环境ID:660123898615955456
2025-02-21 16:54:27,285 - App.src.log - INFO - 项目名称:保单域模型开发,项目ID:660489178949091328,环境ID:660489357961986048
2025-02-21 16:54:27,290 - App.src.log - INFO - 项目名称:理赔域模型开发,项目ID:664105169524359168,环境ID:664110609901551616
2025-02-21 16:54:27,290 - App.src.log - INFO - 项目名称:收付域模型开发,项目ID:665558091214880768,环境ID:665558589229760512
2025-02-21 16:54:27,290 - App.src.log - INFO - 项目名称:产品域模型开发,项目ID:667309876069793792,环境ID:667310114419507200
2025-02-21 16:54:27,290 - App.src.log - INFO - 项目名称:公共域模型开发,项目ID:667309925382225920,环境ID:667310350181335040
2025-02-21 16:54:27,290 - App.src.log - INFO - 项目名称:销管域模型开发,项目ID:669492845551288320,环境ID:669492992658112512
2025-02-21 16:54:27,290 - App.src.log - INFO - 项目名称:机构域模型开发,项目ID:669499243865571328,环境ID:669499579246313472
2025-02-21 16:54:27,290 - App.src.log - INFO - 项目名称:财务域模型开发,项目ID:669499189998125056,环境ID:669500013042204672
2025-02-21 16:54:27,290 - App.src.log - INFO - 项目名称:再保域模型开发,项目ID:669540045408960512,环境ID:669540279086219264
2025-02-21 16:54:27,290 - App.src.log - INFO - 项目名称:客户域模型开发,项目ID:669544231576010752,环境ID:669544379244871680
2025-02-21 16:54:27,290 - App.src.log - INFO - 项目名称:系统配置域模型开发,项目ID:669567632545939456,环境ID:669567973840650240
2025-02-21 16:54:27,290 - App.src.log - INFO - 项目名称:监管报送,项目ID:680416668777709568,环境ID:680417741324156928
2025-02-21 16:54:27,290 - App.src.log - INFO - 项目名称:新农险域模型开发,项目ID:680809261319585792,环境ID:680809423555264512
2025-02-21 16:54:27,291 - App.src.log - INFO - 查询项目成功
2025-02-21 16:54:27,291 - App.src.log - INFO - 发送查询数据开发作业请求中...
2025-02-21 16:54:27,370 - App.src.log - INFO - 返回状态码:  200
2025-02-21 16:54:27,371 - App.src.log - INFO - 查询离线作业成功
2025-02-21 16:54:27,371 - App.src.log - INFO - 建表语句请求发送中...
2025-02-21 16:54:28,022 - App.src.log - INFO - 返回状态码:  200
2025-02-21 16:54:28,023 - App.src.log - INFO - 发送创建DDL工作请求中...
2025-02-21 16:54:28,302 - App.src.log - INFO - 返回状态码:  200
2025-02-21 16:54:28,302 - App.src.log - INFO - 返回该作业id: 680819687398834176
2025-02-21 16:54:28,302 - App.src.log - INFO - 创建DDL作业成功
2025-02-21 16:54:28,302 - App.src.log - INFO - DDL作业ID:680819687398834176
2025-02-21 16:54:28,303 - App.src.log - INFO - 保存更新DDL作业请求发送中...
2025-02-21 16:54:28,471 - App.src.log - INFO - 返回状态码:  200
2025-02-21 16:54:28,471 - App.src.log - INFO - 运行测试参数作业请求发送中...
2025-02-21 16:54:28,536 - App.src.log - INFO - 返回状态码:  200
2025-02-21 16:54:28,536 - App.src.log - INFO - 执行作业请求发送中...
2025-02-21 16:54:28,612 - App.src.log - INFO - 返回状态码:  200
2025-02-21 16:54:28,612 - App.src.log - INFO - 作业:680819687398834176,执行成功!
2025-02-21 16:54:28,613 - App.src.log - INFO - 建表语句请求发送中...
2025-02-21 16:54:28,816 - App.src.log - INFO - 返回状态码:  200
2025-02-21 16:54:28,816 - App.src.log - INFO - 发送创建DDL工作请求中...
2025-02-21 16:54:29,065 - App.src.log - INFO - 返回状态码:  200
2025-02-21 16:54:29,066 - App.src.log - INFO - 返回该作业id: 680819690448093184
2025-02-21 16:54:29,066 - App.src.log - INFO - 创建DDL作业成功
2025-02-21 16:54:29,066 - App.src.log - INFO - DDL作业ID:680819690448093184
2025-02-21 16:54:29,067 - App.src.log - INFO - 保存更新DDL作业请求发送中...
2025-02-21 16:54:29,189 - App.src.log - INFO - 返回状态码:  200
2025-02-21 16:54:29,189 - App.src.log - INFO - 运行测试参数作业请求发送中...
2025-02-21 16:54:29,249 - App.src.log - INFO - 返回状态码:  200
2025-02-21 16:54:29,249 - App.src.log - INFO - 执行作业请求发送中...
2025-02-21 16:54:29,374 - App.src.log - INFO - 返回状态码:  200
2025-02-21 16:54:29,374 - App.src.log - INFO - 作业:680819690448093184,执行成功!
2025-02-21 16:54:29,374 - App.src.log - INFO - 建表语句请求发送中...
2025-02-21 16:54:29,470 - App.src.log - INFO - 返回状态码:  200
2025-02-21 16:54:29,470 - App.src.log - INFO - 发送创建DDL工作请求中...
2025-02-21 16:54:29,631 - App.src.log - INFO - 返回状态码:  200
2025-02-21 16:54:29,631 - App.src.log - INFO - 返回该作业id: 680819693258276864
2025-02-21 16:54:29,631 - App.src.log - INFO - 创建DDL作业成功
2025-02-21 16:54:29,631 - App.src.log - INFO - DDL作业ID:680819693258276864
2025-02-21 16:54:29,631 - App.src.log - INFO - 保存更新DDL作业请求发送中...
2025-02-21 16:54:29,853 - App.src.log - INFO - 返回状态码:  200
2025-02-21 16:54:29,853 - App.src.log - INFO - 运行测试参数作业请求发送中...
2025-02-21 16:54:29,918 - App.src.log - INFO - 返回状态码:  200
2025-02-21 16:54:29,918 - App.src.log - INFO - 执行作业请求发送中...
2025-02-21 16:54:30,013 - App.src.log - INFO - 返回状态码:  200
2025-02-21 16:54:30,013 - App.src.log - INFO - 作业:680819693258276864,执行成功!
2025-02-21 16:54:30,014 - App.src.log - INFO - 建表语句请求发送中...
2025-02-21 16:54:30,183 - App.src.log - INFO - 返回状态码:  200
2025-02-21 16:54:30,183 - App.src.log - INFO - 发送创建DDL工作请求中...
2025-02-21 16:54:30,367 - App.src.log - INFO - 返回状态码:  200
2025-02-21 16:54:30,367 - App.src.log - INFO - 返回该作业id: 680819696185901056
2025-02-21 16:54:30,367 - App.src.log - INFO - 创建DDL作业成功
2025-02-21 16:54:30,367 - App.src.log - INFO - DDL作业ID:680819696185901056
2025-02-21 16:54:30,368 - App.src.log - INFO - 保存更新DDL作业请求发送中...
2025-02-21 16:54:30,491 - App.src.log - INFO - 返回状态码:  200
2025-02-21 16:54:30,491 - App.src.log - INFO - 运行测试参数作业请求发送中...
2025-02-21 16:54:30,616 - App.src.log - INFO - 返回状态码:  200
2025-02-21 16:54:30,616 - App.src.log - INFO - 执行作业请求发送中...
2025-02-21 16:54:30,693 - App.src.log - INFO - 返回状态码:  200
2025-02-21 16:54:30,694 - App.src.log - INFO - 作业:680819696185901056,执行成功!
2025-02-21 16:54:30,694 - App.src.log - INFO - 建表语句请求发送中...
2025-02-21 16:54:30,826 - App.src.log - INFO - 返回状态码:  200
2025-02-21 16:54:30,827 - App.src.log - INFO - 发送创建DDL工作请求中...
2025-02-21 16:54:31,020 - App.src.log - INFO - 返回状态码:  200
2025-02-21 16:54:31,020 - App.src.log - INFO - 返回该作业id: 680819698878644224
2025-02-21 16:54:31,021 - App.src.log - INFO - 创建DDL作业成功
2025-02-21 16:54:31,021 - App.src.log - INFO - DDL作业ID:680819698878644224
2025-02-21 16:54:31,021 - App.src.log - INFO - 保存更新DDL作业请求发送中...
2025-02-21 16:54:31,133 - App.src.log - INFO - 返回状态码:  200
2025-02-21 16:54:31,133 - App.src.log - INFO - 运行测试参数作业请求发送中...
2025-02-21 16:54:31,243 - App.src.log - INFO - 返回状态码:  200
2025-02-21 16:54:31,243 - App.src.log - INFO - 执行作业请求发送中...
2025-02-21 16:54:31,349 - App.src.log - INFO - 返回状态码:  200
2025-02-21 16:54:31,350 - App.src.log - INFO - 作业:680819698878644224,执行成功!
2025-02-21 16:54:31,350 - App.src.log - INFO - 建表语句请求发送中...
2025-02-21 16:54:31,470 - App.src.log - INFO - 返回状态码:  200
2025-02-21 16:54:31,470 - App.src.log - INFO - 发送创建DDL工作请求中...
2025-02-21 16:54:31,647 - App.src.log - INFO - 返回状态码:  200
2025-02-21 16:54:31,647 - App.src.log - INFO - 返回该作业id: 680819701562998784
2025-02-21 16:54:31,647 - App.src.log - INFO - 创建DDL作业成功
2025-02-21 16:54:31,647 - App.src.log - INFO - DDL作业ID:680819701562998784
2025-02-21 16:54:31,648 - App.src.log - INFO - 保存更新DDL作业请求发送中...
2025-02-21 16:54:31,755 - App.src.log - INFO - 返回状态码:  200
2025-02-21 16:54:31,755 - App.src.log - INFO - 运行测试参数作业请求发送中...
2025-02-21 16:54:31,849 - App.src.log - INFO - 返回状态码:  200
2025-02-21 16:54:31,849 - App.src.log - INFO - 执行作业请求发送中...
2025-02-21 16:54:31,958 - App.src.log - INFO - 返回状态码:  200
2025-02-21 16:54:31,958 - App.src.log - INFO - 作业:680819701562998784,执行成功!
2025-02-21 16:54:31,959 - App.src.log - INFO - 建表语句请求发送中...
2025-02-21 16:54:32,131 - App.src.log - INFO - 返回状态码:  200
2025-02-21 16:54:32,131 - App.src.log - INFO - 发送创建DDL工作请求中...
2025-02-21 16:54:32,409 - App.src.log - INFO - 返回状态码:  200
2025-02-21 16:54:32,409 - App.src.log - INFO - 返回该作业id: 680819704717115392
2025-02-21 16:54:32,409 - App.src.log - INFO - 创建DDL作业成功
2025-02-21 16:54:32,409 - App.src.log - INFO - DDL作业ID:680819704717115392
2025-02-21 16:54:32,410 - App.src.log - INFO - 保存更新DDL作业请求发送中...
2025-02-21 16:54:32,517 - App.src.log - INFO - 返回状态码:  200
2025-02-21 16:54:32,517 - App.src.log - INFO - 运行测试参数作业请求发送中...
2025-02-21 16:54:32,582 - App.src.log - INFO - 返回状态码:  200
2025-02-21 16:54:32,582 - App.src.log - INFO - 执行作业请求发送中...
2025-02-21 16:54:32,690 - App.src.log - INFO - 返回状态码:  200
2025-02-21 16:54:32,691 - App.src.log - INFO - 作业:680819704717115392,执行成功!
2025-02-21 16:54:32,691 - App.src.log - INFO - 建表语句请求发送中...
2025-02-21 16:54:32,804 - App.src.log - INFO - 返回状态码:  200
2025-02-21 16:54:32,804 - App.src.log - INFO - 发送创建DDL工作请求中...
2025-02-21 16:54:32,987 - App.src.log - INFO - 返回状态码:  200
2025-02-21 16:54:32,987 - App.src.log - INFO - 返回该作业id: 680819707170783232
2025-02-21 16:54:32,987 - App.src.log - INFO - 创建DDL作业成功
2025-02-21 16:54:32,988 - App.src.log - INFO - DDL作业ID:680819707170783232
2025-02-21 16:54:32,988 - App.src.log - INFO - 保存更新DDL作业请求发送中...
2025-02-21 16:54:33,158 - App.src.log - INFO - 返回状态码:  200
2025-02-21 16:54:33,159 - App.src.log - INFO - 运行测试参数作业请求发送中...
2025-02-21 16:54:33,220 - App.src.log - INFO - 返回状态码:  200
2025-02-21 16:54:33,220 - App.src.log - INFO - 执行作业请求发送中...
2025-02-21 16:54:33,344 - App.src.log - INFO - 返回状态码:  200
2025-02-21 16:54:33,344 - App.src.log - INFO - 作业:680819707170783232,执行成功!
2025-02-21 16:54:33,345 - App.src.log - INFO - 建表语句请求发送中...
2025-02-21 16:54:33,480 - App.src.log - INFO - 返回状态码:  200
2025-02-21 16:54:33,480 - App.src.log - INFO - 发送创建DDL工作请求中...
2025-02-21 16:54:33,685 - App.src.log - INFO - 返回状态码:  200
2025-02-21 16:54:33,685 - App.src.log - INFO - 返回该作业id: 680819710014521344
2025-02-21 16:54:33,686 - App.src.log - INFO - 创建DDL作业成功
2025-02-21 16:54:33,686 - App.src.log - INFO - DDL作业ID:680819710014521344
2025-02-21 16:54:33,686 - App.src.log - INFO - 保存更新DDL作业请求发送中...
2025-02-21 16:54:33,840 - App.src.log - INFO - 返回状态码:  200
2025-02-21 16:54:33,840 - App.src.log - INFO - 运行测试参数作业请求发送中...
2025-02-21 16:54:33,997 - App.src.log - INFO - 返回状态码:  200
2025-02-21 16:54:33,997 - App.src.log - INFO - 执行作业请求发送中...
2025-02-21 16:54:34,102 - App.src.log - INFO - 返回状态码:  200
2025-02-21 16:54:34,102 - App.src.log - INFO - 作业:680819710014521344,执行成功!
2025-02-21 16:54:34,103 - App.src.log - INFO - 建表语句请求发送中...
2025-02-21 16:54:34,211 - App.src.log - INFO - 返回状态码:  200
2025-02-21 16:54:34,211 - App.src.log - INFO - 发送创建DDL工作请求中...
2025-02-21 16:54:34,398 - App.src.log - INFO - 返回状态码:  200
2025-02-21 16:54:34,398 - App.src.log - INFO - 返回该作业id: 680819713084751872
2025-02-21 16:54:34,398 - App.src.log - INFO - 创建DDL作业成功
2025-02-21 16:54:34,398 - App.src.log - INFO - DDL作业ID:680819713084751872
2025-02-21 16:54:34,399 - App.src.log - INFO - 保存更新DDL作业请求发送中...
2025-02-21 16:54:34,552 - App.src.log - INFO - 返回状态码:  200
2025-02-21 16:54:34,552 - App.src.log - INFO - 运行测试参数作业请求发送中...
2025-02-21 16:54:34,631 - App.src.log - INFO - 返回状态码:  200
2025-02-21 16:54:34,631 - App.src.log - INFO - 执行作业请求发送中...
2025-02-21 16:54:34,817 - App.src.log - INFO - 返回状态码:  200
2025-02-21 16:54:34,817 - App.src.log - INFO - 作业:680819713084751872,执行成功!
2025-02-21 16:54:34,818 - App.src.log - INFO - 建表语句请求发送中...
2025-02-21 16:54:35,021 - App.src.log - INFO - 返回状态码:  200
2025-02-21 16:54:35,022 - App.src.log - INFO - 发送创建DDL工作请求中...
2025-02-21 16:54:35,224 - App.src.log - INFO - 返回状态码:  200
2025-02-21 16:54:35,224 - App.src.log - INFO - 返回该作业id: 680819716444389376
2025-02-21 16:54:35,224 - App.src.log - INFO - 创建DDL作业成功
2025-02-21 16:54:35,224 - App.src.log - INFO - DDL作业ID:680819716444389376
2025-02-21 16:54:35,225 - App.src.log - INFO - 保存更新DDL作业请求发送中...
2025-02-21 16:54:35,386 - App.src.log - INFO - 返回状态码:  200
2025-02-21 16:54:35,386 - App.src.log - INFO - 运行测试参数作业请求发送中...
2025-02-21 16:54:35,458 - App.src.log - INFO - 返回状态码:  200
2025-02-21 16:54:35,458 - App.src.log - INFO - 执行作业请求发送中...
2025-02-21 16:54:35,520 - App.src.log - INFO - 返回状态码:  200
2025-02-21 16:54:35,520 - App.src.log - INFO - 作业:680819716444389376,执行成功!
2025-02-21 16:54:35,521 - App.src.log - INFO - 建表语句请求发送中...
2025-02-21 16:54:35,714 - App.src.log - INFO - 返回状态码:  200
2025-02-21 16:54:35,716 - App.src.log - INFO - 发送创建DDL工作请求中...
2025-02-21 16:54:35,861 - App.src.log - INFO - 返回状态码:  200
2025-02-21 16:54:35,861 - App.src.log - INFO - 返回该作业id: 680819719384596480
2025-02-21 16:54:35,861 - App.src.log - INFO - 创建DDL作业成功
2025-02-21 16:54:35,861 - App.src.log - INFO - DDL作业ID:680819719384596480
2025-02-21 16:54:35,862 - App.src.log - INFO - 保存更新DDL作业请求发送中...
2025-02-21 16:54:35,980 - App.src.log - INFO - 返回状态码:  200
2025-02-21 16:54:35,981 - App.src.log - INFO - 运行测试参数作业请求发送中...
2025-02-21 16:54:36,079 - App.src.log - INFO - 返回状态码:  200
2025-02-21 16:54:36,079 - App.src.log - INFO - 执行作业请求发送中...
2025-02-21 16:54:36,202 - App.src.log - INFO - 返回状态码:  200
2025-02-21 16:54:36,203 - App.src.log - INFO - 作业:680819719384596480,执行成功!
2025-02-21 16:54:36,203 - App.src.log - INFO - 建表语句请求发送中...
2025-02-21 16:54:36,358 - App.src.log - INFO - 返回状态码:  200
2025-02-21 16:54:36,359 - App.src.log - INFO - 发送创建DDL工作请求中...
2025-02-21 16:54:36,638 - App.src.log - INFO - 返回状态码:  200
2025-02-21 16:54:36,639 - App.src.log - INFO - 返回该作业id: 680819722383523840
2025-02-21 16:54:36,639 - App.src.log - INFO - 创建DDL作业成功
2025-02-21 16:54:36,639 - App.src.log - INFO - DDL作业ID:680819722383523840
2025-02-21 16:54:36,639 - App.src.log - INFO - 保存更新DDL作业请求发送中...
2025-02-21 16:54:36,753 - App.src.log - INFO - 返回状态码:  200
2025-02-21 16:54:36,753 - App.src.log - INFO - 运行测试参数作业请求发送中...
2025-02-21 16:54:36,811 - App.src.log - INFO - 返回状态码:  200
2025-02-21 16:54:36,811 - App.src.log - INFO - 执行作业请求发送中...
2025-02-21 16:54:36,935 - App.src.log - INFO - 返回状态码:  200
2025-02-21 16:54:36,935 - App.src.log - INFO - 作业:680819722383523840,执行成功!
2025-02-21 16:54:36,935 - App.src.log - INFO - 建表语句请求发送中...
2025-02-21 16:54:37,073 - App.src.log - INFO - 返回状态码:  200
2025-02-21 16:54:37,074 - App.src.log - INFO - 发送创建DDL工作请求中...
2025-02-21 16:54:37,220 - App.src.log - INFO - 返回状态码:  200
2025-02-21 16:54:37,220 - App.src.log - INFO - 返回该作业id: 680819725059489792
2025-02-21 16:54:37,220 - App.src.log - INFO - 创建DDL作业成功
2025-02-21 16:54:37,220 - App.src.log - INFO - DDL作业ID:680819725059489792
2025-02-21 16:54:37,221 - App.src.log - INFO - 保存更新DDL作业请求发送中...
2025-02-21 16:54:37,415 - App.src.log - INFO - 返回状态码:  200
2025-02-21 16:54:37,415 - App.src.log - INFO - 运行测试参数作业请求发送中...
2025-02-21 16:54:37,479 - App.src.log - INFO - 返回状态码:  200
2025-02-21 16:54:37,480 - App.src.log - INFO - 执行作业请求发送中...
2025-02-21 16:54:37,544 - App.src.log - INFO - 返回状态码:  200
2025-02-21 16:54:37,545 - App.src.log - INFO - 作业:680819725059489792,执行成功!
2025-02-21 16:54:37,545 - App.src.log - INFO - 建表语句请求发送中...
2025-02-21 16:54:37,742 - App.src.log - INFO - 返回状态码:  200
2025-02-21 16:54:37,744 - App.src.log - INFO - 发送创建DDL工作请求中...
2025-02-21 16:54:37,928 - App.src.log - INFO - 返回状态码:  200
2025-02-21 16:54:37,929 - App.src.log - INFO - 返回该作业id: 680819727903227904
2025-02-21 16:54:37,929 - App.src.log - INFO - 创建DDL作业成功
2025-02-21 16:54:37,929 - App.src.log - INFO - DDL作业ID:680819727903227904
2025-02-21 16:54:37,929 - App.src.log - INFO - 保存更新DDL作业请求发送中...
2025-02-21 16:54:38,044 - App.src.log - INFO - 返回状态码:  200
2025-02-21 16:54:38,045 - App.src.log - INFO - 运行测试参数作业请求发送中...
2025-02-21 16:54:38,181 - App.src.log - INFO - 返回状态码:  200
2025-02-21 16:54:38,182 - App.src.log - INFO - 执行作业请求发送中...
2025-02-21 16:54:38,272 - App.src.log - INFO - 返回状态码:  200
2025-02-21 16:54:38,273 - App.src.log - INFO - 作业:680819727903227904,执行成功!
2025-02-21 16:54:38,273 - App.src.log - INFO - 建表语句请求发送中...
2025-02-21 16:54:38,482 - App.src.log - INFO - 返回状态码:  200
2025-02-21 16:54:38,483 - App.src.log - INFO - 发送创建DDL工作请求中...
2025-02-21 16:54:38,685 - App.src.log - INFO - 返回状态码:  200
2025-02-21 16:54:38,685 - App.src.log - INFO - 返回该作业id: 680819731002818560
2025-02-21 16:54:38,686 - App.src.log - INFO - 创建DDL作业成功
2025-02-21 16:54:38,686 - App.src.log - INFO - DDL作业ID:680819731002818560
2025-02-21 16:54:38,686 - App.src.log - INFO - 保存更新DDL作业请求发送中...
2025-02-21 16:54:38,816 - App.src.log - INFO - 返回状态码:  200
2025-02-21 16:54:38,817 - App.src.log - INFO - 运行测试参数作业请求发送中...
2025-02-21 16:54:38,913 - App.src.log - INFO - 返回状态码:  200
2025-02-21 16:54:38,913 - App.src.log - INFO - 执行作业请求发送中...
2025-02-21 16:54:39,050 - App.src.log - INFO - 返回状态码:  200
2025-02-21 16:54:39,050 - App.src.log - INFO - 作业:680819731002818560,执行成功!
2025-02-21 16:54:39,051 - App.src.log - INFO - 建表语句请求发送中...
2025-02-21 16:54:39,174 - App.src.log - INFO - 返回状态码:  200
2025-02-21 16:54:39,174 - App.src.log - INFO - 发送创建DDL工作请求中...
2025-02-21 16:54:39,361 - App.src.log - INFO - 返回状态码:  200
2025-02-21 16:54:39,361 - App.src.log - INFO - 返回该作业id: 680819733896888320
2025-02-21 16:54:39,361 - App.src.log - INFO - 创建DDL作业成功
2025-02-21 16:54:39,361 - App.src.log - INFO - DDL作业ID:680819733896888320
2025-02-21 16:54:39,362 - App.src.log - INFO - 保存更新DDL作业请求发送中...
2025-02-21 16:54:39,491 - App.src.log - INFO - 返回状态码:  200
2025-02-21 16:54:39,491 - App.src.log - INFO - 运行测试参数作业请求发送中...
2025-02-21 16:54:39,580 - App.src.log - INFO - 返回状态码:  200
2025-02-21 16:54:39,581 - App.src.log - INFO - 执行作业请求发送中...
2025-02-21 16:54:39,658 - App.src.log - INFO - 返回状态码:  200
2025-02-21 16:54:39,658 - App.src.log - INFO - 作业:680819733896888320,执行成功!
2025-02-21 16:54:39,659 - App.src.log - INFO - 建表语句请求发送中...
2025-02-21 16:54:39,793 - App.src.log - INFO - 返回状态码:  200
2025-02-21 16:54:39,793 - App.src.log - INFO - 发送创建DDL工作请求中...
2025-02-21 16:54:40,092 - App.src.log - INFO - 返回状态码:  200
2025-02-21 16:54:40,092 - App.src.log - INFO - 返回该作业id: 680819736493162496
2025-02-21 16:54:40,093 - App.src.log - INFO - 创建DDL作业成功
2025-02-21 16:54:40,093 - App.src.log - INFO - DDL作业ID:680819736493162496
2025-02-21 16:54:40,094 - App.src.log - INFO - 保存更新DDL作业请求发送中...
2025-02-21 16:54:40,249 - App.src.log - INFO - 返回状态码:  200
2025-02-21 16:54:40,249 - App.src.log - INFO - 运行测试参数作业请求发送中...
2025-02-21 16:54:40,310 - App.src.log - INFO - 返回状态码:  200
2025-02-21 16:54:40,310 - App.src.log - INFO - 执行作业请求发送中...
2025-02-21 16:54:40,384 - App.src.log - INFO - 返回状态码:  200
2025-02-21 16:54:40,384 - App.src.log - INFO - 作业:680819736493162496,执行成功!
2025-02-21 16:54:40,385 - App.src.log - INFO - 建表语句请求发送中...
2025-02-21 16:54:40,652 - App.src.log - INFO - 返回状态码:  200
2025-02-21 16:54:40,654 - App.src.log - INFO - 发送创建DDL工作请求中...
2025-02-21 16:54:40,887 - App.src.log - INFO - 返回状态码:  200
2025-02-21 16:54:40,887 - App.src.log - INFO - 返回该作业id: 680819740297396224
2025-02-21 16:54:40,887 - App.src.log - INFO - 创建DDL作业成功
2025-02-21 16:54:40,887 - App.src.log - INFO - DDL作业ID:680819740297396224
2025-02-21 16:54:40,888 - App.src.log - INFO - 保存更新DDL作业请求发送中...
2025-02-21 16:54:41,026 - App.src.log - INFO - 返回状态码:  200
2025-02-21 16:54:41,027 - App.src.log - INFO - 运行测试参数作业请求发送中...
2025-02-21 16:54:41,119 - App.src.log - INFO - 返回状态码:  200
2025-02-21 16:54:41,119 - App.src.log - INFO - 执行作业请求发送中...
2025-02-21 16:54:41,197 - App.src.log - INFO - 返回状态码:  200
2025-02-21 16:54:41,197 - App.src.log - INFO - 作业:680819740297396224,执行成功!
2025-02-21 16:54:41,197 - App.src.log - INFO - 建表语句请求发送中...
2025-02-21 16:54:41,274 - App.src.log - INFO - 返回状态码:  200
2025-02-21 16:54:41,275 - App.src.log - INFO - 发送创建DDL工作请求中...
2025-02-21 16:54:41,476 - App.src.log - INFO - 返回状态码:  200
2025-02-21 16:54:41,476 - App.src.log - INFO - 返回该作业id: 680819742696538112
2025-02-21 16:54:41,476 - App.src.log - INFO - 创建DDL作业成功
2025-02-21 16:54:41,476 - App.src.log - INFO - DDL作业ID:680819742696538112
2025-02-21 16:54:41,477 - App.src.log - INFO - 保存更新DDL作业请求发送中...
2025-02-21 16:54:41,650 - App.src.log - INFO - 返回状态码:  200
2025-02-21 16:54:41,650 - App.src.log - INFO - 运行测试参数作业请求发送中...
2025-02-21 16:54:41,715 - App.src.log - INFO - 返回状态码:  200
2025-02-21 16:54:41,715 - App.src.log - INFO - 执行作业请求发送中...
2025-02-21 16:54:41,821 - App.src.log - INFO - 返回状态码:  200
2025-02-21 16:54:41,821 - App.src.log - INFO - 作业:680819742696538112,执行成功!
2025-02-21 16:54:41,822 - App.src.log - INFO - 建表语句请求发送中...
2025-02-21 16:54:41,896 - App.src.log - INFO - 返回状态码:  200
2025-02-21 16:54:41,896 - App.src.log - INFO - 发送创建DDL工作请求中...
2025-02-21 16:54:42,074 - App.src.log - INFO - 返回状态码:  200
2025-02-21 16:54:42,074 - App.src.log - INFO - 返回该作业id: 680819745301200896
2025-02-21 16:54:42,075 - App.src.log - INFO - 创建DDL作业成功
2025-02-21 16:54:42,075 - App.src.log - INFO - DDL作业ID:680819745301200896
2025-02-21 16:54:42,075 - App.src.log - INFO - 保存更新DDL作业请求发送中...
2025-02-21 16:54:42,231 - App.src.log - INFO - 返回状态码:  200
2025-02-21 16:54:42,231 - App.src.log - INFO - 运行测试参数作业请求发送中...
2025-02-21 16:54:42,329 - App.src.log - INFO - 返回状态码:  200
2025-02-21 16:54:42,329 - App.src.log - INFO - 执行作业请求发送中...
2025-02-21 16:54:42,492 - App.src.log - INFO - 返回状态码:  200
2025-02-21 16:54:42,492 - App.src.log - INFO - 作业:680819745301200896,执行成功!
2025-02-21 16:54:42,493 - App.src.log - INFO - 建表语句请求发送中...
2025-02-21 16:54:42,820 - App.src.log - INFO - 返回状态码:  200
2025-02-21 16:54:42,821 - App.src.log - INFO - 发送创建DDL工作请求中...
2025-02-21 16:54:43,006 - App.src.log - INFO - 返回状态码:  200
2025-02-21 16:54:43,006 - App.src.log - INFO - 返回该作业id: 680819749185126400
2025-02-21 16:54:43,007 - App.src.log - INFO - 创建DDL作业成功
2025-02-21 16:54:43,007 - App.src.log - INFO - DDL作业ID:680819749185126400
2025-02-21 16:54:43,007 - App.src.log - INFO - 保存更新DDL作业请求发送中...
2025-02-21 16:54:43,106 - App.src.log - INFO - 返回状态码:  200
2025-02-21 16:54:43,106 - App.src.log - INFO - 运行测试参数作业请求发送中...
2025-02-21 16:54:43,210 - App.src.log - INFO - 返回状态码:  200
2025-02-21 16:54:43,210 - App.src.log - INFO - 执行作业请求发送中...
2025-02-21 16:54:43,382 - App.src.log - INFO - 返回状态码:  200
2025-02-21 16:54:43,383 - App.src.log - INFO - 作业:680819749185126400,执行成功!
2025-02-21 16:54:43,383 - App.src.log - INFO - 建表语句请求发送中...
2025-02-21 16:54:43,538 - App.src.log - INFO - 返回状态码:  200
2025-02-21 16:54:43,538 - App.src.log - INFO - 发送创建DDL工作请求中...
2025-02-21 16:54:43,727 - App.src.log - INFO - 返回状态码:  200
2025-02-21 16:54:43,727 - App.src.log - INFO - 返回该作业id: 680819752196636672
2025-02-21 16:54:43,728 - App.src.log - INFO - 创建DDL作业成功
2025-02-21 16:54:43,728 - App.src.log - INFO - DDL作业ID:680819752196636672
2025-02-21 16:54:43,728 - App.src.log - INFO - 保存更新DDL作业请求发送中...
2025-02-21 16:54:43,851 - App.src.log - INFO - 返回状态码:  200
2025-02-21 16:54:43,851 - App.src.log - INFO - 运行测试参数作业请求发送中...
2025-02-21 16:54:43,930 - App.src.log - INFO - 返回状态码:  200
2025-02-21 16:54:43,931 - App.src.log - INFO - 执行作业请求发送中...
2025-02-21 16:54:44,015 - App.src.log - INFO - 返回状态码:  200
2025-02-21 16:54:44,015 - App.src.log - INFO - 作业:680819752196636672,执行成功!
2025-02-21 16:54:44,016 - App.src.log - INFO - 建表语句请求发送中...
2025-02-21 16:54:44,231 - App.src.log - INFO - 返回状态码:  200
2025-02-21 16:54:44,233 - App.src.log - INFO - 发送创建DDL工作请求中...
2025-02-21 16:54:44,410 - App.src.log - INFO - 返回状态码:  200
2025-02-21 16:54:44,410 - App.src.log - INFO - 返回该作业id: 680819755120066560
2025-02-21 16:54:44,410 - App.src.log - INFO - 创建DDL作业成功
2025-02-21 16:54:44,410 - App.src.log - INFO - DDL作业ID:680819755120066560
2025-02-21 16:54:44,411 - App.src.log - INFO - 保存更新DDL作业请求发送中...
2025-02-21 16:54:44,551 - App.src.log - INFO - 返回状态码:  200
2025-02-21 16:54:44,552 - App.src.log - INFO - 运行测试参数作业请求发送中...
2025-02-21 16:54:44,634 - App.src.log - INFO - 返回状态码:  200
2025-02-21 16:54:44,634 - App.src.log - INFO - 执行作业请求发送中...
2025-02-21 16:54:44,721 - App.src.log - INFO - 返回状态码:  200
2025-02-21 16:54:44,721 - App.src.log - INFO - 作业:680819755120066560,执行成功!
2025-02-21 16:54:44,722 - App.src.log - INFO - 建表语句请求发送中...
2025-02-21 16:54:44,820 - App.src.log - INFO - 返回状态码:  200
2025-02-21 16:54:44,821 - App.src.log - INFO - 发送创建DDL工作请求中...
2025-02-21 16:54:45,066 - App.src.log - INFO - 返回状态码:  200
2025-02-21 16:54:45,066 - App.src.log - INFO - 返回该作业id: 680819757796032512
2025-02-21 16:54:45,066 - App.src.log - INFO - 创建DDL作业成功
2025-02-21 16:54:45,066 - App.src.log - INFO - DDL作业ID:680819757796032512
2025-02-21 16:54:45,067 - App.src.log - INFO - 保存更新DDL作业请求发送中...
2025-02-21 16:54:45,176 - App.src.log - INFO - 返回状态码:  200
2025-02-21 16:54:45,176 - App.src.log - INFO - 运行测试参数作业请求发送中...
2025-02-21 16:54:45,235 - App.src.log - INFO - 返回状态码:  200
2025-02-21 16:54:45,235 - App.src.log - INFO - 执行作业请求发送中...
2025-02-21 16:54:45,316 - App.src.log - INFO - 返回状态码:  200
2025-02-21 16:54:45,316 - App.src.log - INFO - 作业:680819757796032512,执行成功!
