2025-02-21 16:55:41,051 - App.src.log - WARNING - 未获取到项目目录信息，正在获取项目目录
2025-02-21 16:55:41,052 - App.src.log - WARNING - 未获取到项目信息，正在获取项目
2025-02-21 16:55:41,052 - App.src.log - INFO - 发送查询项目请求中...
2025-02-21 16:55:41,209 - App.src.log - INFO - 返回状态码:  200
2025-02-21 16:55:41,210 - App.src.log - INFO - 项目名称:农险统计分析项目,项目ID:659865788999532544,环境ID:660123898615955456
2025-02-21 16:55:41,210 - App.src.log - INFO - 项目名称:保单域模型开发,项目ID:660489178949091328,环境ID:660489357961986048
2025-02-21 16:55:41,214 - App.src.log - INFO - 项目名称:理赔域模型开发,项目ID:664105169524359168,环境ID:664110609901551616
2025-02-21 16:55:41,214 - App.src.log - INFO - 项目名称:收付域模型开发,项目ID:665558091214880768,环境ID:665558589229760512
2025-02-21 16:55:41,214 - App.src.log - INFO - 项目名称:产品域模型开发,项目ID:667309876069793792,环境ID:667310114419507200
2025-02-21 16:55:41,214 - App.src.log - INFO - 项目名称:公共域模型开发,项目ID:667309925382225920,环境ID:667310350181335040
2025-02-21 16:55:41,214 - App.src.log - INFO - 项目名称:销管域模型开发,项目ID:669492845551288320,环境ID:669492992658112512
2025-02-21 16:55:41,214 - App.src.log - INFO - 项目名称:机构域模型开发,项目ID:669499243865571328,环境ID:669499579246313472
2025-02-21 16:55:41,215 - App.src.log - INFO - 项目名称:财务域模型开发,项目ID:669499189998125056,环境ID:669500013042204672
2025-02-21 16:55:41,215 - App.src.log - INFO - 项目名称:再保域模型开发,项目ID:669540045408960512,环境ID:669540279086219264
2025-02-21 16:55:41,215 - App.src.log - INFO - 项目名称:客户域模型开发,项目ID:669544231576010752,环境ID:669544379244871680
2025-02-21 16:55:41,215 - App.src.log - INFO - 项目名称:系统配置域模型开发,项目ID:669567632545939456,环境ID:669567973840650240
2025-02-21 16:55:41,215 - App.src.log - INFO - 项目名称:监管报送,项目ID:680416668777709568,环境ID:680417741324156928
2025-02-21 16:55:41,215 - App.src.log - INFO - 项目名称:新农险域模型开发,项目ID:680809261319585792,环境ID:680809423555264512
2025-02-21 16:55:41,215 - App.src.log - INFO - 查询项目成功
2025-02-21 16:55:41,215 - App.src.log - INFO - 发送查询数据开发作业请求中...
2025-02-21 16:55:41,287 - App.src.log - INFO - 返回状态码:  200
2025-02-21 16:55:41,288 - App.src.log - INFO - 查询离线作业成功
2025-02-21 16:55:41,288 - App.src.log - INFO - 建表语句请求发送中...
2025-02-21 16:55:41,407 - App.src.log - INFO - 返回状态码:  200
2025-02-21 16:55:41,408 - App.src.log - INFO - 发送创建DDL工作请求中...
2025-02-21 16:55:41,557 - App.src.log - INFO - 返回状态码:  200
2025-02-21 16:55:41,558 - App.src.log - INFO - 返回该作业id: 680819994904231936
2025-02-21 16:55:41,558 - App.src.log - INFO - 创建DDL作业成功
2025-02-21 16:55:41,558 - App.src.log - INFO - DDL作业ID:680819994904231936
2025-02-21 16:55:41,559 - App.src.log - INFO - 保存更新DDL作业请求发送中...
2025-02-21 16:55:41,735 - App.src.log - INFO - 返回状态码:  200
2025-02-21 16:55:41,736 - App.src.log - INFO - 运行测试参数作业请求发送中...
2025-02-21 16:55:41,813 - App.src.log - INFO - 返回状态码:  200
2025-02-21 16:55:41,813 - App.src.log - INFO - 执行作业请求发送中...
2025-02-21 16:55:41,918 - App.src.log - INFO - 返回状态码:  200
2025-02-21 16:55:41,919 - App.src.log - INFO - 作业:680819994904231936,执行成功!
2025-02-21 16:55:41,919 - App.src.log - INFO - 建表语句请求发送中...
2025-02-21 16:55:42,027 - App.src.log - INFO - 返回状态码:  200
2025-02-21 16:55:42,027 - App.src.log - INFO - 发送创建DDL工作请求中...
2025-02-21 16:55:42,227 - App.src.log - INFO - 返回状态码:  200
2025-02-21 16:55:42,227 - App.src.log - INFO - 返回该作业id: 680819997508894720
2025-02-21 16:55:42,227 - App.src.log - INFO - 创建DDL作业成功
2025-02-21 16:55:42,227 - App.src.log - INFO - DDL作业ID:680819997508894720
2025-02-21 16:55:42,228 - App.src.log - INFO - 保存更新DDL作业请求发送中...
2025-02-21 16:55:42,353 - App.src.log - INFO - 返回状态码:  200
2025-02-21 16:55:42,354 - App.src.log - INFO - 运行测试参数作业请求发送中...
2025-02-21 16:55:42,424 - App.src.log - INFO - 返回状态码:  200
2025-02-21 16:55:42,425 - App.src.log - INFO - 执行作业请求发送中...
2025-02-21 16:55:42,547 - App.src.log - INFO - 返回状态码:  200
2025-02-21 16:55:42,547 - App.src.log - INFO - 作业:680819997508894720,执行成功!
2025-02-21 16:55:42,547 - App.src.log - INFO - 建表语句请求发送中...
2025-02-21 16:55:42,625 - App.src.log - INFO - 返回状态码:  200
2025-02-21 16:55:42,625 - App.src.log - INFO - 发送创建DDL工作请求中...
2025-02-21 16:55:42,873 - App.src.log - INFO - 返回状态码:  200
2025-02-21 16:55:42,873 - App.src.log - INFO - 返回该作业id: 680820000025477120
2025-02-21 16:55:42,873 - App.src.log - INFO - 创建DDL作业成功
2025-02-21 16:55:42,873 - App.src.log - INFO - DDL作业ID:680820000025477120
2025-02-21 16:55:42,874 - App.src.log - INFO - 保存更新DDL作业请求发送中...
2025-02-21 16:55:42,993 - App.src.log - INFO - 返回状态码:  200
2025-02-21 16:55:42,994 - App.src.log - INFO - 运行测试参数作业请求发送中...
2025-02-21 16:55:43,073 - App.src.log - INFO - 返回状态码:  200
2025-02-21 16:55:43,074 - App.src.log - INFO - 执行作业请求发送中...
2025-02-21 16:55:43,171 - App.src.log - INFO - 返回状态码:  200
2025-02-21 16:55:43,171 - App.src.log - INFO - 作业:680820000025477120,执行成功!
2025-02-21 16:55:43,171 - App.src.log - INFO - 建表语句请求发送中...
2025-02-21 16:55:43,245 - App.src.log - INFO - 返回状态码:  200
2025-02-21 16:55:43,245 - App.src.log - INFO - 发送创建DDL工作请求中...
2025-02-21 16:55:43,433 - App.src.log - INFO - 返回状态码:  200
2025-02-21 16:55:43,433 - App.src.log - INFO - 返回该作业id: 680820002600779776
2025-02-21 16:55:43,433 - App.src.log - INFO - 创建DDL作业成功
2025-02-21 16:55:43,433 - App.src.log - INFO - DDL作业ID:680820002600779776
2025-02-21 16:55:43,434 - App.src.log - INFO - 保存更新DDL作业请求发送中...
2025-02-21 16:55:43,572 - App.src.log - INFO - 返回状态码:  200
2025-02-21 16:55:43,573 - App.src.log - INFO - 运行测试参数作业请求发送中...
2025-02-21 16:55:43,698 - App.src.log - INFO - 返回状态码:  200
2025-02-21 16:55:43,698 - App.src.log - INFO - 执行作业请求发送中...
2025-02-21 16:55:43,775 - App.src.log - INFO - 返回状态码:  200
2025-02-21 16:55:43,776 - App.src.log - INFO - 作业:680820002600779776,执行成功!
2025-02-21 16:55:43,776 - App.src.log - INFO - 建表语句请求发送中...
2025-02-21 16:55:43,834 - App.src.log - INFO - 返回状态码:  200
2025-02-21 16:55:43,835 - App.src.log - INFO - 发送创建DDL工作请求中...
2025-02-21 16:55:44,025 - App.src.log - INFO - 返回状态码:  200
2025-02-21 16:55:44,025 - App.src.log - INFO - 返回该作业id: 680820005100584960
2025-02-21 16:55:44,025 - App.src.log - INFO - 创建DDL作业成功
2025-02-21 16:55:44,025 - App.src.log - INFO - DDL作业ID:680820005100584960
2025-02-21 16:55:44,026 - App.src.log - INFO - 保存更新DDL作业请求发送中...
2025-02-21 16:55:44,127 - App.src.log - INFO - 返回状态码:  200
2025-02-21 16:55:44,127 - App.src.log - INFO - 运行测试参数作业请求发送中...
2025-02-21 16:55:44,223 - App.src.log - INFO - 返回状态码:  200
2025-02-21 16:55:44,224 - App.src.log - INFO - 执行作业请求发送中...
2025-02-21 16:55:44,318 - App.src.log - INFO - 返回状态码:  200
2025-02-21 16:55:44,319 - App.src.log - INFO - 作业:680820005100584960,执行成功!
2025-02-21 16:55:44,319 - App.src.log - INFO - 建表语句请求发送中...
2025-02-21 16:55:44,455 - App.src.log - INFO - 返回状态码:  200
2025-02-21 16:55:44,456 - App.src.log - INFO - 发送创建DDL工作请求中...
2025-02-21 16:55:44,640 - App.src.log - INFO - 返回状态码:  200
2025-02-21 16:55:44,641 - App.src.log - INFO - 返回该作业id: 680820007642333184
2025-02-21 16:55:44,641 - App.src.log - INFO - 创建DDL作业成功
2025-02-21 16:55:44,641 - App.src.log - INFO - DDL作业ID:680820007642333184
2025-02-21 16:55:44,641 - App.src.log - INFO - 保存更新DDL作业请求发送中...
2025-02-21 16:55:44,743 - App.src.log - INFO - 返回状态码:  200
2025-02-21 16:55:44,743 - App.src.log - INFO - 运行测试参数作业请求发送中...
2025-02-21 16:55:44,827 - App.src.log - INFO - 返回状态码:  200
2025-02-21 16:55:44,827 - App.src.log - INFO - 执行作业请求发送中...
2025-02-21 16:55:44,919 - App.src.log - INFO - 返回状态码:  200
2025-02-21 16:55:44,919 - App.src.log - INFO - 作业:680820007642333184,执行成功!
2025-02-21 16:55:44,920 - App.src.log - INFO - 建表语句请求发送中...
2025-02-21 16:55:45,020 - App.src.log - INFO - 返回状态码:  200
2025-02-21 16:55:45,021 - App.src.log - INFO - 发送创建DDL工作请求中...
2025-02-21 16:55:45,261 - App.src.log - INFO - 返回状态码:  200
2025-02-21 16:55:45,261 - App.src.log - INFO - 返回该作业id: 680820010079223808
2025-02-21 16:55:45,261 - App.src.log - INFO - 创建DDL作业成功
2025-02-21 16:55:45,261 - App.src.log - INFO - DDL作业ID:680820010079223808
2025-02-21 16:55:45,262 - App.src.log - INFO - 保存更新DDL作业请求发送中...
2025-02-21 16:55:45,398 - App.src.log - INFO - 返回状态码:  200
2025-02-21 16:55:45,399 - App.src.log - INFO - 运行测试参数作业请求发送中...
2025-02-21 16:55:45,478 - App.src.log - INFO - 返回状态码:  200
2025-02-21 16:55:45,478 - App.src.log - INFO - 执行作业请求发送中...
2025-02-21 16:55:45,588 - App.src.log - INFO - 返回状态码:  200
2025-02-21 16:55:45,588 - App.src.log - INFO - 作业:680820010079223808,执行成功!
2025-02-21 16:55:45,589 - App.src.log - INFO - 建表语句请求发送中...
2025-02-21 16:55:45,663 - App.src.log - INFO - 返回状态码:  200
2025-02-21 16:55:45,664 - App.src.log - INFO - 发送创建DDL工作请求中...
2025-02-21 16:55:45,868 - App.src.log - INFO - 返回状态码:  200
2025-02-21 16:55:45,868 - App.src.log - INFO - 返回该作业id: 680820012797132800
2025-02-21 16:55:45,869 - App.src.log - INFO - 创建DDL作业成功
2025-02-21 16:55:45,869 - App.src.log - INFO - DDL作业ID:680820012797132800
2025-02-21 16:55:45,869 - App.src.log - INFO - 保存更新DDL作业请求发送中...
2025-02-21 16:55:46,032 - App.src.log - INFO - 返回状态码:  200
2025-02-21 16:55:46,032 - App.src.log - INFO - 运行测试参数作业请求发送中...
2025-02-21 16:55:46,101 - App.src.log - INFO - 返回状态码:  200
2025-02-21 16:55:46,101 - App.src.log - INFO - 执行作业请求发送中...
2025-02-21 16:55:46,178 - App.src.log - INFO - 返回状态码:  200
2025-02-21 16:55:46,179 - App.src.log - INFO - 作业:680820012797132800,执行成功!
2025-02-21 16:55:46,179 - App.src.log - INFO - 建表语句请求发送中...
2025-02-21 16:55:46,252 - App.src.log - INFO - 返回状态码:  200
2025-02-21 16:55:46,253 - App.src.log - INFO - 发送创建DDL工作请求中...
2025-02-21 16:55:46,427 - App.src.log - INFO - 返回状态码:  200
2025-02-21 16:55:46,427 - App.src.log - INFO - 返回该作业id: 680820015208857600
2025-02-21 16:55:46,427 - App.src.log - INFO - 创建DDL作业成功
2025-02-21 16:55:46,427 - App.src.log - INFO - DDL作业ID:680820015208857600
2025-02-21 16:55:46,428 - App.src.log - INFO - 保存更新DDL作业请求发送中...
2025-02-21 16:55:46,567 - App.src.log - INFO - 返回状态码:  200
2025-02-21 16:55:46,567 - App.src.log - INFO - 运行测试参数作业请求发送中...
2025-02-21 16:55:46,628 - App.src.log - INFO - 返回状态码:  200
2025-02-21 16:55:46,628 - App.src.log - INFO - 执行作业请求发送中...
2025-02-21 16:55:46,723 - App.src.log - INFO - 返回状态码:  200
2025-02-21 16:55:46,723 - App.src.log - INFO - 作业:680820015208857600,执行成功!
2025-02-21 16:55:46,724 - App.src.log - INFO - 建表语句请求发送中...
2025-02-21 16:55:46,864 - App.src.log - INFO - 返回状态码:  200
2025-02-21 16:55:46,864 - App.src.log - INFO - 发送创建DDL工作请求中...
2025-02-21 16:55:47,037 - App.src.log - INFO - 返回状态码:  200
2025-02-21 16:55:47,037 - App.src.log - INFO - 返回该作业id: 680820017754800128
2025-02-21 16:55:47,037 - App.src.log - INFO - 创建DDL作业成功
2025-02-21 16:55:47,037 - App.src.log - INFO - DDL作业ID:680820017754800128
2025-02-21 16:55:47,038 - App.src.log - INFO - 保存更新DDL作业请求发送中...
2025-02-21 16:55:47,147 - App.src.log - INFO - 返回状态码:  200
2025-02-21 16:55:47,148 - App.src.log - INFO - 运行测试参数作业请求发送中...
2025-02-21 16:55:47,221 - App.src.log - INFO - 返回状态码:  200
2025-02-21 16:55:47,222 - App.src.log - INFO - 执行作业请求发送中...
2025-02-21 16:55:47,300 - App.src.log - INFO - 返回状态码:  200
2025-02-21 16:55:47,300 - App.src.log - INFO - 作业:680820017754800128,执行成功!
2025-02-21 16:55:47,301 - App.src.log - INFO - 建表语句请求发送中...
2025-02-21 16:55:47,408 - App.src.log - INFO - 返回状态码:  200
2025-02-21 16:55:47,409 - App.src.log - INFO - 发送创建DDL工作请求中...
2025-02-21 16:55:47,640 - App.src.log - INFO - 返回状态码:  200
2025-02-21 16:55:47,641 - App.src.log - INFO - 返回该作业id: 680820020283965440
2025-02-21 16:55:47,641 - App.src.log - INFO - 创建DDL作业成功
2025-02-21 16:55:47,641 - App.src.log - INFO - DDL作业ID:680820020283965440
2025-02-21 16:55:47,642 - App.src.log - INFO - 保存更新DDL作业请求发送中...
2025-02-21 16:55:47,796 - App.src.log - INFO - 返回状态码:  200
2025-02-21 16:55:47,797 - App.src.log - INFO - 运行测试参数作业请求发送中...
2025-02-21 16:55:47,859 - App.src.log - INFO - 返回状态码:  200
2025-02-21 16:55:47,859 - App.src.log - INFO - 执行作业请求发送中...
2025-02-21 16:55:47,983 - App.src.log - INFO - 返回状态码:  200
2025-02-21 16:55:47,983 - App.src.log - INFO - 作业:680820020283965440,执行成功!
2025-02-21 16:55:47,984 - App.src.log - INFO - 建表语句请求发送中...
2025-02-21 16:55:48,042 - App.src.log - INFO - 返回状态码:  200
2025-02-21 16:55:48,043 - App.src.log - INFO - 发送创建DDL工作请求中...
2025-02-21 16:55:48,228 - App.src.log - INFO - 返回状态码:  200
2025-02-21 16:55:48,228 - App.src.log - INFO - 返回该作业id: 680820022733438976
2025-02-21 16:55:48,228 - App.src.log - INFO - 创建DDL作业成功
2025-02-21 16:55:48,228 - App.src.log - INFO - DDL作业ID:680820022733438976
2025-02-21 16:55:48,229 - App.src.log - INFO - 保存更新DDL作业请求发送中...
2025-02-21 16:55:48,388 - App.src.log - INFO - 返回状态码:  200
2025-02-21 16:55:48,389 - App.src.log - INFO - 运行测试参数作业请求发送中...
2025-02-21 16:55:48,459 - App.src.log - INFO - 返回状态码:  200
2025-02-21 16:55:48,459 - App.src.log - INFO - 执行作业请求发送中...
2025-02-21 16:55:48,531 - App.src.log - INFO - 返回状态码:  200
2025-02-21 16:55:48,531 - App.src.log - INFO - 作业:680820022733438976,执行成功!
2025-02-21 16:55:48,532 - App.src.log - INFO - 建表语句请求发送中...
2025-02-21 16:55:48,583 - App.src.log - INFO - 返回状态码:  200
2025-02-21 16:55:48,583 - App.src.log - INFO - 发送创建DDL工作请求中...
2025-02-21 16:55:48,767 - App.src.log - INFO - 返回状态码:  200
2025-02-21 16:55:48,767 - App.src.log - INFO - 返回该作业id: 680820024989974528
2025-02-21 16:55:48,767 - App.src.log - INFO - 创建DDL作业成功
2025-02-21 16:55:48,767 - App.src.log - INFO - DDL作业ID:680820024989974528
2025-02-21 16:55:48,768 - App.src.log - INFO - 保存更新DDL作业请求发送中...
2025-02-21 16:55:48,873 - App.src.log - INFO - 返回状态码:  200
2025-02-21 16:55:48,873 - App.src.log - INFO - 运行测试参数作业请求发送中...
2025-02-21 16:55:48,953 - App.src.log - INFO - 返回状态码:  200
2025-02-21 16:55:48,953 - App.src.log - INFO - 执行作业请求发送中...
2025-02-21 16:55:49,044 - App.src.log - INFO - 返回状态码:  200
2025-02-21 16:55:49,044 - App.src.log - INFO - 作业:680820024989974528,执行成功!
2025-02-21 16:55:49,045 - App.src.log - INFO - 建表语句请求发送中...
2025-02-21 16:55:49,126 - App.src.log - INFO - 返回状态码:  200
2025-02-21 16:55:49,126 - App.src.log - INFO - 发送创建DDL工作请求中...
2025-02-21 16:55:49,267 - App.src.log - INFO - 返回状态码:  200
2025-02-21 16:55:49,267 - App.src.log - INFO - 返回该作业id: 680820027292647424
2025-02-21 16:55:49,267 - App.src.log - INFO - 创建DDL作业成功
2025-02-21 16:55:49,267 - App.src.log - INFO - DDL作业ID:680820027292647424
2025-02-21 16:55:49,268 - App.src.log - INFO - 保存更新DDL作业请求发送中...
2025-02-21 16:55:49,384 - App.src.log - INFO - 返回状态码:  200
2025-02-21 16:55:49,384 - App.src.log - INFO - 运行测试参数作业请求发送中...
2025-02-21 16:55:49,461 - App.src.log - INFO - 返回状态码:  200
2025-02-21 16:55:49,462 - App.src.log - INFO - 执行作业请求发送中...
2025-02-21 16:55:49,537 - App.src.log - INFO - 返回状态码:  200
2025-02-21 16:55:49,537 - App.src.log - INFO - 作业:680820027292647424,执行成功!
2025-02-21 16:55:49,538 - App.src.log - INFO - 建表语句请求发送中...
2025-02-21 16:55:49,608 - App.src.log - INFO - 返回状态码:  200
2025-02-21 16:55:49,610 - App.src.log - INFO - 发送创建DDL工作请求中...
2025-02-21 16:55:49,753 - App.src.log - INFO - 返回状态码:  200
2025-02-21 16:55:49,753 - App.src.log - INFO - 返回该作业id: 680820029305913344
2025-02-21 16:55:49,753 - App.src.log - INFO - 创建DDL作业成功
2025-02-21 16:55:49,753 - App.src.log - INFO - DDL作业ID:680820029305913344
2025-02-21 16:55:49,754 - App.src.log - INFO - 保存更新DDL作业请求发送中...
2025-02-21 16:55:49,896 - App.src.log - INFO - 返回状态码:  200
2025-02-21 16:55:49,896 - App.src.log - INFO - 运行测试参数作业请求发送中...
2025-02-21 16:55:49,987 - App.src.log - INFO - 返回状态码:  200
2025-02-21 16:55:49,987 - App.src.log - INFO - 执行作业请求发送中...
2025-02-21 16:55:50,077 - App.src.log - INFO - 返回状态码:  200
2025-02-21 16:55:50,078 - App.src.log - INFO - 作业:680820029305913344,执行成功!
2025-02-21 16:55:50,078 - App.src.log - INFO - 建表语句请求发送中...
2025-02-21 16:55:50,129 - App.src.log - INFO - 返回状态码:  200
2025-02-21 16:55:50,130 - App.src.log - INFO - 发送创建DDL工作请求中...
2025-02-21 16:55:50,325 - App.src.log - INFO - 返回状态码:  200
2025-02-21 16:55:50,325 - App.src.log - INFO - 返回该作业id: 680820031491145728
2025-02-21 16:55:50,326 - App.src.log - INFO - 创建DDL作业成功
2025-02-21 16:55:50,326 - App.src.log - INFO - DDL作业ID:680820031491145728
2025-02-21 16:55:50,326 - App.src.log - INFO - 保存更新DDL作业请求发送中...
2025-02-21 16:55:50,458 - App.src.log - INFO - 返回状态码:  200
2025-02-21 16:55:50,459 - App.src.log - INFO - 运行测试参数作业请求发送中...
2025-02-21 16:55:50,542 - App.src.log - INFO - 返回状态码:  200
2025-02-21 16:55:50,542 - App.src.log - INFO - 执行作业请求发送中...
2025-02-21 16:55:50,642 - App.src.log - INFO - 返回状态码:  200
2025-02-21 16:55:50,642 - App.src.log - INFO - 作业:680820031491145728,执行成功!
2025-02-21 16:55:50,643 - App.src.log - INFO - 建表语句请求发送中...
2025-02-21 16:55:50,713 - App.src.log - INFO - 返回状态码:  200
2025-02-21 16:55:50,714 - App.src.log - INFO - 发送创建DDL工作请求中...
2025-02-21 16:55:50,899 - App.src.log - INFO - 返回状态码:  200
2025-02-21 16:55:50,899 - App.src.log - INFO - 返回该作业id: 680820033923842048
2025-02-21 16:55:50,899 - App.src.log - INFO - 创建DDL作业成功
2025-02-21 16:55:50,899 - App.src.log - INFO - DDL作业ID:680820033923842048
2025-02-21 16:55:50,900 - App.src.log - INFO - 保存更新DDL作业请求发送中...
2025-02-21 16:55:51,057 - App.src.log - INFO - 返回状态码:  200
2025-02-21 16:55:51,057 - App.src.log - INFO - 运行测试参数作业请求发送中...
2025-02-21 16:55:51,133 - App.src.log - INFO - 返回状态码:  200
2025-02-21 16:55:51,133 - App.src.log - INFO - 执行作业请求发送中...
2025-02-21 16:55:51,210 - App.src.log - INFO - 返回状态码:  200
2025-02-21 16:55:51,211 - App.src.log - INFO - 作业:680820033923842048,执行成功!
2025-02-21 16:55:51,211 - App.src.log - INFO - 建表语句请求发送中...
2025-02-21 16:55:51,278 - App.src.log - INFO - 返回状态码:  200
2025-02-21 16:55:51,278 - App.src.log - INFO - 发送创建DDL工作请求中...
2025-02-21 16:55:51,536 - App.src.log - INFO - 返回状态码:  200
2025-02-21 16:55:51,537 - App.src.log - INFO - 返回该作业id: 680820036587225088
2025-02-21 16:55:51,537 - App.src.log - INFO - 创建DDL作业成功
2025-02-21 16:55:51,537 - App.src.log - INFO - DDL作业ID:680820036587225088
2025-02-21 16:55:51,537 - App.src.log - INFO - 保存更新DDL作业请求发送中...
2025-02-21 16:55:51,645 - App.src.log - INFO - 返回状态码:  200
2025-02-21 16:55:51,645 - App.src.log - INFO - 运行测试参数作业请求发送中...
2025-02-21 16:55:51,695 - App.src.log - INFO - 返回状态码:  200
2025-02-21 16:55:51,695 - App.src.log - INFO - 执行作业请求发送中...
2025-02-21 16:55:51,817 - App.src.log - INFO - 返回状态码:  200
2025-02-21 16:55:51,818 - App.src.log - INFO - 作业:680820036587225088,执行成功!
2025-02-21 16:55:51,818 - App.src.log - INFO - 建表语句请求发送中...
2025-02-21 16:55:51,910 - App.src.log - INFO - 返回状态码:  200
2025-02-21 16:55:51,912 - App.src.log - INFO - 发送创建DDL工作请求中...
2025-02-21 16:55:52,050 - App.src.log - INFO - 返回状态码:  200
2025-02-21 16:55:52,050 - App.src.log - INFO - 返回该作业id: 680820038961201152
2025-02-21 16:55:52,051 - App.src.log - INFO - 创建DDL作业成功
2025-02-21 16:55:52,051 - App.src.log - INFO - DDL作业ID:680820038961201152
2025-02-21 16:55:52,052 - App.src.log - INFO - 保存更新DDL作业请求发送中...
2025-02-21 16:55:52,240 - App.src.log - INFO - 返回状态码:  200
2025-02-21 16:55:52,240 - App.src.log - INFO - 运行测试参数作业请求发送中...
2025-02-21 16:55:52,327 - App.src.log - INFO - 返回状态码:  200
2025-02-21 16:55:52,327 - App.src.log - INFO - 执行作业请求发送中...
2025-02-21 16:55:52,436 - App.src.log - INFO - 返回状态码:  200
2025-02-21 16:55:52,436 - App.src.log - INFO - 作业:680820038961201152,执行成功!
2025-02-21 16:55:52,436 - App.src.log - INFO - 建表语句请求发送中...
2025-02-21 16:55:52,487 - App.src.log - INFO - 返回状态码:  200
2025-02-21 16:55:52,487 - App.src.log - INFO - 发送创建DDL工作请求中...
2025-02-21 16:55:52,642 - App.src.log - INFO - 返回状态码:  200
2025-02-21 16:55:52,642 - App.src.log - INFO - 返回该作业id: 680820041398091776
2025-02-21 16:55:52,642 - App.src.log - INFO - 创建DDL作业成功
2025-02-21 16:55:52,642 - App.src.log - INFO - DDL作业ID:680820041398091776
2025-02-21 16:55:52,643 - App.src.log - INFO - 保存更新DDL作业请求发送中...
2025-02-21 16:55:52,755 - App.src.log - INFO - 返回状态码:  200
2025-02-21 16:55:52,755 - App.src.log - INFO - 运行测试参数作业请求发送中...
2025-02-21 16:55:52,804 - App.src.log - INFO - 返回状态码:  200
2025-02-21 16:55:52,805 - App.src.log - INFO - 执行作业请求发送中...
2025-02-21 16:55:52,948 - App.src.log - INFO - 返回状态码:  200
2025-02-21 16:55:52,948 - App.src.log - INFO - 作业:680820041398091776,执行成功!
2025-02-21 16:55:52,949 - App.src.log - INFO - 建表语句请求发送中...
2025-02-21 16:55:53,014 - App.src.log - INFO - 返回状态码:  200
2025-02-21 16:55:53,014 - App.src.log - INFO - 发送创建DDL工作请求中...
2025-02-21 16:55:53,191 - App.src.log - INFO - 返回状态码:  200
2025-02-21 16:55:53,191 - App.src.log - INFO - 返回该作业id: 680820043583324160
2025-02-21 16:55:53,192 - App.src.log - INFO - 创建DDL作业成功
2025-02-21 16:55:53,192 - App.src.log - INFO - DDL作业ID:680820043583324160
2025-02-21 16:55:53,192 - App.src.log - INFO - 保存更新DDL作业请求发送中...
2025-02-21 16:55:53,301 - App.src.log - INFO - 返回状态码:  200
2025-02-21 16:55:53,302 - App.src.log - INFO - 运行测试参数作业请求发送中...
2025-02-21 16:55:53,390 - App.src.log - INFO - 返回状态码:  200
2025-02-21 16:55:53,391 - App.src.log - INFO - 执行作业请求发送中...
2025-02-21 16:55:53,455 - App.src.log - INFO - 返回状态码:  200
2025-02-21 16:55:53,455 - App.src.log - INFO - 作业:680820043583324160,执行成功!
2025-02-21 16:55:53,455 - App.src.log - INFO - 建表语句请求发送中...
2025-02-21 16:55:53,524 - App.src.log - INFO - 返回状态码:  200
2025-02-21 16:55:53,526 - App.src.log - INFO - 发送创建DDL工作请求中...
2025-02-21 16:55:53,794 - App.src.log - INFO - 返回状态码:  200
2025-02-21 16:55:53,794 - App.src.log - INFO - 返回该作业id: 680820045995048960
2025-02-21 16:55:53,794 - App.src.log - INFO - 创建DDL作业成功
2025-02-21 16:55:53,794 - App.src.log - INFO - DDL作业ID:680820045995048960
2025-02-21 16:55:53,795 - App.src.log - INFO - 保存更新DDL作业请求发送中...
2025-02-21 16:55:53,899 - App.src.log - INFO - 返回状态码:  200
2025-02-21 16:55:53,899 - App.src.log - INFO - 运行测试参数作业请求发送中...
2025-02-21 16:55:53,957 - App.src.log - INFO - 返回状态码:  200
2025-02-21 16:55:53,958 - App.src.log - INFO - 执行作业请求发送中...
2025-02-21 16:55:54,059 - App.src.log - INFO - 返回状态码:  200
2025-02-21 16:55:54,059 - App.src.log - INFO - 作业:680820045995048960,执行成功!
2025-02-21 16:55:54,060 - App.src.log - INFO - 建表语句请求发送中...
2025-02-21 16:55:54,136 - App.src.log - INFO - 返回状态码:  200
2025-02-21 16:55:54,136 - App.src.log - INFO - 发送创建DDL工作请求中...
2025-02-21 16:55:54,342 - App.src.log - INFO - 返回状态码:  200
2025-02-21 16:55:54,342 - App.src.log - INFO - 返回该作业id: 680820048285138944
2025-02-21 16:55:54,342 - App.src.log - INFO - 创建DDL作业成功
2025-02-21 16:55:54,342 - App.src.log - INFO - DDL作业ID:680820048285138944
2025-02-21 16:55:54,343 - App.src.log - INFO - 保存更新DDL作业请求发送中...
2025-02-21 16:55:54,509 - App.src.log - INFO - 返回状态码:  200
2025-02-21 16:55:54,509 - App.src.log - INFO - 运行测试参数作业请求发送中...
2025-02-21 16:55:54,591 - App.src.log - INFO - 返回状态码:  200
2025-02-21 16:55:54,591 - App.src.log - INFO - 执行作业请求发送中...
2025-02-21 16:55:54,665 - App.src.log - INFO - 返回状态码:  200
2025-02-21 16:55:54,666 - App.src.log - INFO - 作业:680820048285138944,执行成功!
2025-02-21 16:55:54,666 - App.src.log - INFO - 建表语句请求发送中...
2025-02-21 16:55:54,722 - App.src.log - INFO - 返回状态码:  200
2025-02-21 16:55:54,724 - App.src.log - INFO - 发送创建DDL工作请求中...
2025-02-21 16:55:54,912 - App.src.log - INFO - 返回状态码:  200
2025-02-21 16:55:54,912 - App.src.log - INFO - 返回该作业id: 680820050801721344
2025-02-21 16:55:54,913 - App.src.log - INFO - 创建DDL作业成功
2025-02-21 16:55:54,913 - App.src.log - INFO - DDL作业ID:680820050801721344
2025-02-21 16:55:54,913 - App.src.log - INFO - 保存更新DDL作业请求发送中...
2025-02-21 16:55:55,038 - App.src.log - INFO - 返回状态码:  200
2025-02-21 16:55:55,038 - App.src.log - INFO - 运行测试参数作业请求发送中...
2025-02-21 16:55:55,128 - App.src.log - INFO - 返回状态码:  200
2025-02-21 16:55:55,128 - App.src.log - INFO - 执行作业请求发送中...
2025-02-21 16:55:55,250 - App.src.log - INFO - 返回状态码:  200
2025-02-21 16:55:55,251 - App.src.log - INFO - 作业:680820050801721344,执行成功!
2025-02-21 16:55:55,251 - App.src.log - INFO - 建表语句请求发送中...
2025-02-21 16:55:55,340 - App.src.log - INFO - 返回状态码:  200
2025-02-21 16:55:55,341 - App.src.log - INFO - 发送创建DDL工作请求中...
2025-02-21 16:55:55,532 - App.src.log - INFO - 返回状态码:  200
2025-02-21 16:55:55,532 - App.src.log - INFO - 返回该作业id: 680820053368635392
2025-02-21 16:55:55,532 - App.src.log - INFO - 创建DDL作业成功
2025-02-21 16:55:55,532 - App.src.log - INFO - DDL作业ID:680820053368635392
2025-02-21 16:55:55,533 - App.src.log - INFO - 保存更新DDL作业请求发送中...
2025-02-21 16:55:55,655 - App.src.log - INFO - 返回状态码:  200
2025-02-21 16:55:55,655 - App.src.log - INFO - 运行测试参数作业请求发送中...
2025-02-21 16:55:55,718 - App.src.log - INFO - 返回状态码:  200
2025-02-21 16:55:55,718 - App.src.log - INFO - 执行作业请求发送中...
2025-02-21 16:55:55,825 - App.src.log - INFO - 返回状态码:  200
2025-02-21 16:55:55,826 - App.src.log - INFO - 作业:680820053368635392,执行成功!
