2025-02-21 17:00:42,092 - App.src.log - WARNING - 未获取到项目目录信息，正在获取项目目录
2025-02-21 17:00:42,093 - App.src.log - WARNING - 未获取到项目信息，正在获取项目
2025-02-21 17:00:42,093 - App.src.log - INFO - 发送查询项目请求中...
2025-02-21 17:00:42,179 - App.src.log - INFO - 返回状态码:  200
2025-02-21 17:00:42,179 - App.src.log - INFO - 项目名称:农险统计分析项目,项目ID:659865788999532544,环境ID:660123898615955456
2025-02-21 17:00:42,179 - App.src.log - INFO - 项目名称:保单域模型开发,项目ID:660489178949091328,环境ID:660489357961986048
2025-02-21 17:00:42,184 - App.src.log - INFO - 项目名称:理赔域模型开发,项目ID:664105169524359168,环境ID:664110609901551616
2025-02-21 17:00:42,184 - App.src.log - INFO - 项目名称:收付域模型开发,项目ID:665558091214880768,环境ID:665558589229760512
2025-02-21 17:00:42,185 - App.src.log - INFO - 项目名称:产品域模型开发,项目ID:667309876069793792,环境ID:667310114419507200
2025-02-21 17:00:42,185 - App.src.log - INFO - 项目名称:公共域模型开发,项目ID:667309925382225920,环境ID:667310350181335040
2025-02-21 17:00:42,185 - App.src.log - INFO - 项目名称:销管域模型开发,项目ID:669492845551288320,环境ID:669492992658112512
2025-02-21 17:00:42,185 - App.src.log - INFO - 项目名称:机构域模型开发,项目ID:669499243865571328,环境ID:669499579246313472
2025-02-21 17:00:42,185 - App.src.log - INFO - 项目名称:财务域模型开发,项目ID:669499189998125056,环境ID:669500013042204672
2025-02-21 17:00:42,185 - App.src.log - INFO - 项目名称:再保域模型开发,项目ID:669540045408960512,环境ID:669540279086219264
2025-02-21 17:00:42,185 - App.src.log - INFO - 项目名称:客户域模型开发,项目ID:669544231576010752,环境ID:669544379244871680
2025-02-21 17:00:42,185 - App.src.log - INFO - 项目名称:系统配置域模型开发,项目ID:669567632545939456,环境ID:669567973840650240
2025-02-21 17:00:42,185 - App.src.log - INFO - 项目名称:监管报送,项目ID:680416668777709568,环境ID:680417741324156928
2025-02-21 17:00:42,185 - App.src.log - INFO - 项目名称:新农险域模型开发,项目ID:680809261319585792,环境ID:680809423555264512
2025-02-21 17:00:42,185 - App.src.log - INFO - 查询项目成功
2025-02-21 17:00:42,185 - App.src.log - INFO - 发送查询数据开发作业请求中...
2025-02-21 17:00:42,334 - App.src.log - INFO - 返回状态码:  200
2025-02-21 17:00:42,335 - App.src.log - INFO - 查询离线作业成功
2025-02-21 17:00:42,335 - App.src.log - INFO - 建表语句请求发送中...
2025-02-21 17:00:42,511 - App.src.log - INFO - 返回状态码:  200
2025-02-21 17:00:42,511 - App.src.log - INFO - 发送创建DDL工作请求中...
2025-02-21 17:00:42,711 - App.src.log - INFO - 返回状态码:  200
2025-02-21 17:00:42,711 - App.src.log - INFO - 返回该作业id: 680821257846915072
2025-02-21 17:00:42,711 - App.src.log - INFO - 创建DDL作业成功
2025-02-21 17:00:42,712 - App.src.log - INFO - DDL作业ID:680821257846915072
2025-02-21 17:00:42,712 - App.src.log - INFO - 保存更新DDL作业请求发送中...
2025-02-21 17:00:42,864 - App.src.log - INFO - 返回状态码:  200
2025-02-21 17:00:42,864 - App.src.log - INFO - 运行测试参数作业请求发送中...
2025-02-21 17:00:42,927 - App.src.log - INFO - 返回状态码:  200
2025-02-21 17:00:42,928 - App.src.log - INFO - 执行作业请求发送中...
2025-02-21 17:00:43,008 - App.src.log - INFO - 返回状态码:  200
2025-02-21 17:00:43,008 - App.src.log - INFO - 作业:680821257846915072,执行成功!
2025-02-21 17:00:43,008 - App.src.log - INFO - 建表语句请求发送中...
2025-02-21 17:00:43,255 - App.src.log - INFO - 返回状态码:  200
2025-02-21 17:00:43,256 - App.src.log - INFO - 发送创建DDL工作请求中...
2025-02-21 17:00:43,455 - App.src.log - INFO - 返回状态码:  200
2025-02-21 17:00:43,455 - App.src.log - INFO - 返回该作业id: 680821260967477248
2025-02-21 17:00:43,455 - App.src.log - INFO - 创建DDL作业成功
2025-02-21 17:00:43,455 - App.src.log - INFO - DDL作业ID:680821260967477248
2025-02-21 17:00:43,456 - App.src.log - INFO - 保存更新DDL作业请求发送中...
2025-02-21 17:00:43,564 - App.src.log - INFO - 返回状态码:  200
2025-02-21 17:00:43,564 - App.src.log - INFO - 运行测试参数作业请求发送中...
2025-02-21 17:00:43,624 - App.src.log - INFO - 返回状态码:  200
2025-02-21 17:00:43,624 - App.src.log - INFO - 执行作业请求发送中...
2025-02-21 17:00:43,751 - App.src.log - INFO - 返回状态码:  200
2025-02-21 17:00:43,751 - App.src.log - INFO - 作业:680821260967477248,执行成功!
2025-02-21 17:00:43,751 - App.src.log - INFO - 建表语句请求发送中...
2025-02-21 17:00:43,874 - App.src.log - INFO - 返回状态码:  200
2025-02-21 17:00:43,874 - App.src.log - INFO - 发送创建DDL工作请求中...
2025-02-21 17:00:44,144 - App.src.log - INFO - 返回状态码:  200
2025-02-21 17:00:44,144 - App.src.log - INFO - 返回该作业id: 680821263567945728
2025-02-21 17:00:44,144 - App.src.log - INFO - 创建DDL作业成功
2025-02-21 17:00:44,144 - App.src.log - INFO - DDL作业ID:680821263567945728
2025-02-21 17:00:44,144 - App.src.log - INFO - 保存更新DDL作业请求发送中...
2025-02-21 17:00:44,263 - App.src.log - INFO - 返回状态码:  200
2025-02-21 17:00:44,264 - App.src.log - INFO - 运行测试参数作业请求发送中...
2025-02-21 17:00:44,324 - App.src.log - INFO - 返回状态码:  200
2025-02-21 17:00:44,324 - App.src.log - INFO - 执行作业请求发送中...
2025-02-21 17:00:44,431 - App.src.log - INFO - 返回状态码:  200
2025-02-21 17:00:44,431 - App.src.log - INFO - 作业:680821263567945728,执行成功!
2025-02-21 17:00:44,432 - App.src.log - INFO - 建表语句请求发送中...
2025-02-21 17:00:44,556 - App.src.log - INFO - 返回状态码:  200
2025-02-21 17:00:44,557 - App.src.log - INFO - 发送创建DDL工作请求中...
2025-02-21 17:00:44,773 - App.src.log - INFO - 返回状态码:  200
2025-02-21 17:00:44,773 - App.src.log - INFO - 返回该作业id: 680821266474598400
2025-02-21 17:00:44,773 - App.src.log - INFO - 创建DDL作业成功
2025-02-21 17:00:44,773 - App.src.log - INFO - DDL作业ID:680821266474598400
2025-02-21 17:00:44,774 - App.src.log - INFO - 保存更新DDL作业请求发送中...
2025-02-21 17:00:44,931 - App.src.log - INFO - 返回状态码:  200
2025-02-21 17:00:44,932 - App.src.log - INFO - 运行测试参数作业请求发送中...
2025-02-21 17:00:45,037 - App.src.log - INFO - 返回状态码:  200
2025-02-21 17:00:45,038 - App.src.log - INFO - 执行作业请求发送中...
2025-02-21 17:00:45,114 - App.src.log - INFO - 返回状态码:  200
2025-02-21 17:00:45,114 - App.src.log - INFO - 作业:680821266474598400,执行成功!
2025-02-21 17:00:45,115 - App.src.log - INFO - 建表语句请求发送中...
2025-02-21 17:00:45,239 - App.src.log - INFO - 返回状态码:  200
2025-02-21 17:00:45,240 - App.src.log - INFO - 发送创建DDL工作请求中...
2025-02-21 17:00:45,441 - App.src.log - INFO - 返回状态码:  200
2025-02-21 17:00:45,441 - App.src.log - INFO - 返回该作业id: 680821269318336512
2025-02-21 17:00:45,442 - App.src.log - INFO - 创建DDL作业成功
2025-02-21 17:00:45,442 - App.src.log - INFO - DDL作业ID:680821269318336512
2025-02-21 17:00:45,442 - App.src.log - INFO - 保存更新DDL作业请求发送中...
2025-02-21 17:00:45,557 - App.src.log - INFO - 返回状态码:  200
2025-02-21 17:00:45,557 - App.src.log - INFO - 运行测试参数作业请求发送中...
2025-02-21 17:00:45,641 - App.src.log - INFO - 返回状态码:  200
2025-02-21 17:00:45,641 - App.src.log - INFO - 执行作业请求发送中...
2025-02-21 17:00:45,811 - App.src.log - INFO - 返回状态码:  200
2025-02-21 17:00:45,811 - App.src.log - INFO - 作业:680821269318336512,执行成功!
2025-02-21 17:00:45,812 - App.src.log - INFO - 建表语句请求发送中...
2025-02-21 17:00:45,968 - App.src.log - INFO - 返回状态码:  200
2025-02-21 17:00:45,969 - App.src.log - INFO - 发送创建DDL工作请求中...
2025-02-21 17:00:46,169 - App.src.log - INFO - 返回状态码:  200
2025-02-21 17:00:46,169 - App.src.log - INFO - 返回该作业id: 680821272350818304
2025-02-21 17:00:46,169 - App.src.log - INFO - 创建DDL作业成功
2025-02-21 17:00:46,169 - App.src.log - INFO - DDL作业ID:680821272350818304
2025-02-21 17:00:46,170 - App.src.log - INFO - 保存更新DDL作业请求发送中...
2025-02-21 17:00:46,324 - App.src.log - INFO - 返回状态码:  200
2025-02-21 17:00:46,325 - App.src.log - INFO - 运行测试参数作业请求发送中...
2025-02-21 17:00:46,388 - App.src.log - INFO - 返回状态码:  200
2025-02-21 17:00:46,388 - App.src.log - INFO - 执行作业请求发送中...
2025-02-21 17:00:46,479 - App.src.log - INFO - 返回状态码:  200
2025-02-21 17:00:46,479 - App.src.log - INFO - 作业:680821272350818304,执行成功!
2025-02-21 17:00:46,480 - App.src.log - INFO - 建表语句请求发送中...
2025-02-21 17:00:46,666 - App.src.log - INFO - 返回状态码:  200
2025-02-21 17:00:46,666 - App.src.log - INFO - 发送创建DDL工作请求中...
2025-02-21 17:00:46,855 - App.src.log - INFO - 返回状态码:  200
2025-02-21 17:00:46,855 - App.src.log - INFO - 返回该作业id: 680821275286831104
2025-02-21 17:00:46,855 - App.src.log - INFO - 创建DDL作业成功
2025-02-21 17:00:46,855 - App.src.log - INFO - DDL作业ID:680821275286831104
2025-02-21 17:00:46,856 - App.src.log - INFO - 保存更新DDL作业请求发送中...
2025-02-21 17:00:46,981 - App.src.log - INFO - 返回状态码:  200
2025-02-21 17:00:46,981 - App.src.log - INFO - 运行测试参数作业请求发送中...
2025-02-21 17:00:47,048 - App.src.log - INFO - 返回状态码:  200
2025-02-21 17:00:47,048 - App.src.log - INFO - 执行作业请求发送中...
2025-02-21 17:00:47,117 - App.src.log - INFO - 返回状态码:  200
2025-02-21 17:00:47,117 - App.src.log - INFO - 作业:680821275286831104,执行成功!
2025-02-21 17:00:47,118 - App.src.log - INFO - 建表语句请求发送中...
2025-02-21 17:00:47,262 - App.src.log - INFO - 返回状态码:  200
2025-02-21 17:00:47,263 - App.src.log - INFO - 发送创建DDL工作请求中...
2025-02-21 17:00:47,506 - App.src.log - INFO - 返回状态码:  200
2025-02-21 17:00:47,506 - App.src.log - INFO - 返回该作业id: 680821277979574272
2025-02-21 17:00:47,506 - App.src.log - INFO - 创建DDL作业成功
2025-02-21 17:00:47,506 - App.src.log - INFO - DDL作业ID:680821277979574272
2025-02-21 17:00:47,507 - App.src.log - INFO - 保存更新DDL作业请求发送中...
2025-02-21 17:00:47,665 - App.src.log - INFO - 返回状态码:  200
2025-02-21 17:00:47,665 - App.src.log - INFO - 运行测试参数作业请求发送中...
2025-02-21 17:00:47,754 - App.src.log - INFO - 返回状态码:  200
2025-02-21 17:00:47,754 - App.src.log - INFO - 执行作业请求发送中...
2025-02-21 17:00:47,845 - App.src.log - INFO - 返回状态码:  200
2025-02-21 17:00:47,845 - App.src.log - INFO - 作业:680821277979574272,执行成功!
2025-02-21 17:00:47,846 - App.src.log - INFO - 建表语句请求发送中...
2025-02-21 17:00:48,001 - App.src.log - INFO - 返回状态码:  200
2025-02-21 17:00:48,002 - App.src.log - INFO - 发送创建DDL工作请求中...
2025-02-21 17:00:48,188 - App.src.log - INFO - 返回状态码:  200
2025-02-21 17:00:48,189 - App.src.log - INFO - 返回该作业id: 680821280877838336
2025-02-21 17:00:48,189 - App.src.log - INFO - 创建DDL作业成功
2025-02-21 17:00:48,189 - App.src.log - INFO - DDL作业ID:680821280877838336
2025-02-21 17:00:48,190 - App.src.log - INFO - 保存更新DDL作业请求发送中...
2025-02-21 17:00:48,388 - App.src.log - INFO - 返回状态码:  200
2025-02-21 17:00:48,389 - App.src.log - INFO - 运行测试参数作业请求发送中...
2025-02-21 17:00:48,452 - App.src.log - INFO - 返回状态码:  200
2025-02-21 17:00:48,452 - App.src.log - INFO - 执行作业请求发送中...
2025-02-21 17:00:48,545 - App.src.log - INFO - 返回状态码:  200
2025-02-21 17:00:48,545 - App.src.log - INFO - 作业:680821280877838336,执行成功!
2025-02-21 17:00:48,546 - App.src.log - INFO - 建表语句请求发送中...
2025-02-21 17:00:48,710 - App.src.log - INFO - 返回状态码:  200
2025-02-21 17:00:48,710 - App.src.log - INFO - 发送创建DDL工作请求中...
2025-02-21 17:00:48,897 - App.src.log - INFO - 返回状态码:  200
2025-02-21 17:00:48,897 - App.src.log - INFO - 返回该作业id: 680821283834822656
2025-02-21 17:00:48,897 - App.src.log - INFO - 创建DDL作业成功
2025-02-21 17:00:48,897 - App.src.log - INFO - DDL作业ID:680821283834822656
2025-02-21 17:00:48,898 - App.src.log - INFO - 保存更新DDL作业请求发送中...
2025-02-21 17:00:49,004 - App.src.log - INFO - 返回状态码:  200
2025-02-21 17:00:49,004 - App.src.log - INFO - 运行测试参数作业请求发送中...
2025-02-21 17:00:49,100 - App.src.log - INFO - 返回状态码:  200
2025-02-21 17:00:49,101 - App.src.log - INFO - 执行作业请求发送中...
2025-02-21 17:00:49,237 - App.src.log - INFO - 返回状态码:  200
2025-02-21 17:00:49,237 - App.src.log - INFO - 作业:680821283834822656,执行成功!
2025-02-21 17:00:49,238 - App.src.log - INFO - 建表语句请求发送中...
2025-02-21 17:00:49,350 - App.src.log - INFO - 返回状态码:  200
2025-02-21 17:00:49,351 - App.src.log - INFO - 发送创建DDL工作请求中...
2025-02-21 17:00:49,548 - App.src.log - INFO - 返回状态码:  200
2025-02-21 17:00:49,548 - App.src.log - INFO - 返回该作业id: 680821286523371520
2025-02-21 17:00:49,548 - App.src.log - INFO - 创建DDL作业成功
2025-02-21 17:00:49,548 - App.src.log - INFO - DDL作业ID:680821286523371520
2025-02-21 17:00:49,549 - App.src.log - INFO - 保存更新DDL作业请求发送中...
2025-02-21 17:00:49,659 - App.src.log - INFO - 返回状态码:  200
2025-02-21 17:00:49,659 - App.src.log - INFO - 运行测试参数作业请求发送中...
2025-02-21 17:00:49,733 - App.src.log - INFO - 返回状态码:  200
2025-02-21 17:00:49,734 - App.src.log - INFO - 执行作业请求发送中...
2025-02-21 17:00:49,850 - App.src.log - INFO - 返回状态码:  200
2025-02-21 17:00:49,850 - App.src.log - INFO - 作业:680821286523371520,执行成功!
2025-02-21 17:00:49,851 - App.src.log - INFO - 建表语句请求发送中...
2025-02-21 17:00:50,061 - App.src.log - INFO - 返回状态码:  200
2025-02-21 17:00:50,063 - App.src.log - INFO - 发送创建DDL工作请求中...
2025-02-21 17:00:50,265 - App.src.log - INFO - 返回状态码:  200
2025-02-21 17:00:50,265 - App.src.log - INFO - 返回该作业id: 680821289555853312
2025-02-21 17:00:50,265 - App.src.log - INFO - 创建DDL作业成功
2025-02-21 17:00:50,265 - App.src.log - INFO - DDL作业ID:680821289555853312
2025-02-21 17:00:50,266 - App.src.log - INFO - 保存更新DDL作业请求发送中...
2025-02-21 17:00:50,383 - App.src.log - INFO - 返回状态码:  200
2025-02-21 17:00:50,383 - App.src.log - INFO - 运行测试参数作业请求发送中...
2025-02-21 17:00:50,494 - App.src.log - INFO - 返回状态码:  200
2025-02-21 17:00:50,494 - App.src.log - INFO - 执行作业请求发送中...
2025-02-21 17:00:50,601 - App.src.log - INFO - 返回状态码:  200
2025-02-21 17:00:50,602 - App.src.log - INFO - 作业:680821289555853312,执行成功!
2025-02-21 17:00:50,602 - App.src.log - INFO - 建表语句请求发送中...
2025-02-21 17:00:50,768 - App.src.log - INFO - 返回状态码:  200
2025-02-21 17:00:50,769 - App.src.log - INFO - 发送创建DDL工作请求中...
2025-02-21 17:00:51,036 - App.src.log - INFO - 返回状态码:  200
2025-02-21 17:00:51,037 - App.src.log - INFO - 返回该作业id: 680821292772884480
2025-02-21 17:00:51,037 - App.src.log - INFO - 创建DDL作业成功
2025-02-21 17:00:51,037 - App.src.log - INFO - DDL作业ID:680821292772884480
2025-02-21 17:00:51,038 - App.src.log - INFO - 保存更新DDL作业请求发送中...
2025-02-21 17:00:51,139 - App.src.log - INFO - 返回状态码:  200
2025-02-21 17:00:51,140 - App.src.log - INFO - 运行测试参数作业请求发送中...
2025-02-21 17:00:51,209 - App.src.log - INFO - 返回状态码:  200
2025-02-21 17:00:51,209 - App.src.log - INFO - 执行作业请求发送中...
2025-02-21 17:00:51,302 - App.src.log - INFO - 返回状态码:  200
2025-02-21 17:00:51,302 - App.src.log - INFO - 作业:680821292772884480,执行成功!
2025-02-21 17:00:51,303 - App.src.log - INFO - 建表语句请求发送中...
2025-02-21 17:00:51,441 - App.src.log - INFO - 返回状态码:  200
2025-02-21 17:00:51,442 - App.src.log - INFO - 发送创建DDL工作请求中...
2025-02-21 17:00:51,629 - App.src.log - INFO - 返回状态码:  200
2025-02-21 17:00:51,629 - App.src.log - INFO - 返回该作业id: 680821295314632704
2025-02-21 17:00:51,629 - App.src.log - INFO - 创建DDL作业成功
2025-02-21 17:00:51,629 - App.src.log - INFO - DDL作业ID:680821295314632704
2025-02-21 17:00:51,630 - App.src.log - INFO - 保存更新DDL作业请求发送中...
2025-02-21 17:00:51,845 - App.src.log - INFO - 返回状态码:  200
2025-02-21 17:00:51,845 - App.src.log - INFO - 运行测试参数作业请求发送中...
2025-02-21 17:00:51,957 - App.src.log - INFO - 返回状态码:  200
2025-02-21 17:00:51,958 - App.src.log - INFO - 执行作业请求发送中...
2025-02-21 17:00:52,045 - App.src.log - INFO - 返回状态码:  200
2025-02-21 17:00:52,046 - App.src.log - INFO - 作业:680821295314632704,执行成功!
2025-02-21 17:00:52,046 - App.src.log - INFO - 建表语句请求发送中...
2025-02-21 17:00:52,215 - App.src.log - INFO - 返回状态码:  200
2025-02-21 17:00:52,217 - App.src.log - INFO - 发送创建DDL工作请求中...
2025-02-21 17:00:53,044 - App.src.log - INFO - 返回状态码:  200
2025-02-21 17:00:53,044 - App.src.log - INFO - 返回该作业id: 680821298556829696
2025-02-21 17:00:53,044 - App.src.log - INFO - 创建DDL作业成功
2025-02-21 17:00:53,044 - App.src.log - INFO - DDL作业ID:680821298556829696
2025-02-21 17:00:53,045 - App.src.log - INFO - 保存更新DDL作业请求发送中...
2025-02-21 17:00:53,175 - App.src.log - INFO - 返回状态码:  200
2025-02-21 17:00:53,175 - App.src.log - INFO - 运行测试参数作业请求发送中...
2025-02-21 17:00:53,263 - App.src.log - INFO - 返回状态码:  200
2025-02-21 17:00:53,263 - App.src.log - INFO - 执行作业请求发送中...
2025-02-21 17:00:53,354 - App.src.log - INFO - 返回状态码:  200
2025-02-21 17:00:53,354 - App.src.log - INFO - 作业:680821298556829696,执行成功!
2025-02-21 17:00:53,355 - App.src.log - INFO - 建表语句请求发送中...
2025-02-21 17:00:53,487 - App.src.log - INFO - 返回状态码:  200
2025-02-21 17:00:53,488 - App.src.log - INFO - 发送创建DDL工作请求中...
2025-02-21 17:00:53,757 - App.src.log - INFO - 返回状态码:  200
2025-02-21 17:00:53,757 - App.src.log - INFO - 返回该作业id: 680821304152031232
2025-02-21 17:00:53,758 - App.src.log - INFO - 创建DDL作业成功
2025-02-21 17:00:53,758 - App.src.log - INFO - DDL作业ID:680821304152031232
2025-02-21 17:00:53,758 - App.src.log - INFO - 保存更新DDL作业请求发送中...
2025-02-21 17:00:53,880 - App.src.log - INFO - 返回状态码:  200
2025-02-21 17:00:53,880 - App.src.log - INFO - 运行测试参数作业请求发送中...
2025-02-21 17:00:53,943 - App.src.log - INFO - 返回状态码:  200
2025-02-21 17:00:53,943 - App.src.log - INFO - 执行作业请求发送中...
2025-02-21 17:00:54,050 - App.src.log - INFO - 返回状态码:  200
2025-02-21 17:00:54,050 - App.src.log - INFO - 作业:680821304152031232,执行成功!
2025-02-21 17:00:54,051 - App.src.log - INFO - 建表语句请求发送中...
2025-02-21 17:00:54,195 - App.src.log - INFO - 返回状态码:  200
2025-02-21 17:00:54,195 - App.src.log - INFO - 发送创建DDL工作请求中...
2025-02-21 17:00:54,392 - App.src.log - INFO - 返回状态码:  200
2025-02-21 17:00:54,392 - App.src.log - INFO - 返回该作业id: 680821306882523136
2025-02-21 17:00:54,393 - App.src.log - INFO - 创建DDL作业成功
2025-02-21 17:00:54,393 - App.src.log - INFO - DDL作业ID:680821306882523136
2025-02-21 17:00:54,393 - App.src.log - INFO - 保存更新DDL作业请求发送中...
2025-02-21 17:00:54,563 - App.src.log - INFO - 返回状态码:  200
2025-02-21 17:00:54,563 - App.src.log - INFO - 运行测试参数作业请求发送中...
2025-02-21 17:00:54,653 - App.src.log - INFO - 返回状态码:  200
2025-02-21 17:00:54,653 - App.src.log - INFO - 执行作业请求发送中...
2025-02-21 17:00:54,734 - App.src.log - INFO - 返回状态码:  200
2025-02-21 17:00:54,734 - App.src.log - INFO - 作业:680821306882523136,执行成功!
2025-02-21 17:00:54,735 - App.src.log - INFO - 建表语句请求发送中...
2025-02-21 17:00:54,870 - App.src.log - INFO - 返回状态码:  200
2025-02-21 17:00:54,871 - App.src.log - INFO - 发送创建DDL工作请求中...
2025-02-21 17:00:55,073 - App.src.log - INFO - 返回状态码:  200
2025-02-21 17:00:55,073 - App.src.log - INFO - 返回该作业id: 680821309696901120
2025-02-21 17:00:55,073 - App.src.log - INFO - 创建DDL作业成功
2025-02-21 17:00:55,073 - App.src.log - INFO - DDL作业ID:680821309696901120
2025-02-21 17:00:55,074 - App.src.log - INFO - 保存更新DDL作业请求发送中...
2025-02-21 17:00:55,212 - App.src.log - INFO - 返回状态码:  200
2025-02-21 17:00:55,213 - App.src.log - INFO - 运行测试参数作业请求发送中...
2025-02-21 17:00:55,337 - App.src.log - INFO - 返回状态码:  200
2025-02-21 17:00:55,338 - App.src.log - INFO - 执行作业请求发送中...
2025-02-21 17:00:55,431 - App.src.log - INFO - 返回状态码:  200
2025-02-21 17:00:55,432 - App.src.log - INFO - 作业:680821309696901120,执行成功!
2025-02-21 17:00:55,432 - App.src.log - INFO - 建表语句请求发送中...
2025-02-21 17:00:55,597 - App.src.log - INFO - 返回状态码:  200
2025-02-21 17:00:55,600 - App.src.log - INFO - 发送创建DDL工作请求中...
2025-02-21 17:00:55,789 - App.src.log - INFO - 返回状态码:  200
2025-02-21 17:00:55,789 - App.src.log - INFO - 返回该作业id: 680821312746160128
2025-02-21 17:00:55,790 - App.src.log - INFO - 创建DDL作业成功
2025-02-21 17:00:55,790 - App.src.log - INFO - DDL作业ID:680821312746160128
2025-02-21 17:00:55,791 - App.src.log - INFO - 保存更新DDL作业请求发送中...
2025-02-21 17:00:55,897 - App.src.log - INFO - 返回状态码:  200
2025-02-21 17:00:55,898 - App.src.log - INFO - 运行测试参数作业请求发送中...
2025-02-21 17:00:55,974 - App.src.log - INFO - 返回状态码:  200
2025-02-21 17:00:55,974 - App.src.log - INFO - 执行作业请求发送中...
2025-02-21 17:00:56,065 - App.src.log - INFO - 返回状态码:  200
2025-02-21 17:00:56,065 - App.src.log - INFO - 作业:680821312746160128,执行成功!
2025-02-21 17:00:56,066 - App.src.log - INFO - 建表语句请求发送中...
2025-02-21 17:00:56,325 - App.src.log - INFO - 返回状态码:  200
2025-02-21 17:00:56,327 - App.src.log - INFO - 发送创建DDL工作请求中...
2025-02-21 17:00:56,523 - App.src.log - INFO - 返回状态码:  200
2025-02-21 17:00:56,524 - App.src.log - INFO - 返回该作业id: 680821315791224832
2025-02-21 17:00:56,524 - App.src.log - INFO - 创建DDL作业成功
2025-02-21 17:00:56,524 - App.src.log - INFO - DDL作业ID:680821315791224832
2025-02-21 17:00:56,525 - App.src.log - INFO - 保存更新DDL作业请求发送中...
2025-02-21 17:00:56,632 - App.src.log - INFO - 返回状态码:  200
2025-02-21 17:00:56,633 - App.src.log - INFO - 运行测试参数作业请求发送中...
2025-02-21 17:00:56,721 - App.src.log - INFO - 返回状态码:  200
2025-02-21 17:00:56,722 - App.src.log - INFO - 执行作业请求发送中...
2025-02-21 17:00:56,815 - App.src.log - INFO - 返回状态码:  200
2025-02-21 17:00:56,815 - App.src.log - INFO - 作业:680821315791224832,执行成功!
2025-02-21 17:00:56,816 - App.src.log - INFO - 建表语句请求发送中...
2025-02-21 17:00:57,069 - App.src.log - INFO - 返回状态码:  200
2025-02-21 17:00:57,072 - App.src.log - INFO - 发送创建DDL工作请求中...
2025-02-21 17:00:58,512 - App.src.log - INFO - 返回状态码:  200
2025-02-21 17:00:58,512 - App.src.log - INFO - 返回该作业id: 680821324079169536
2025-02-21 17:00:58,512 - App.src.log - INFO - 创建DDL作业成功
2025-02-21 17:00:58,512 - App.src.log - INFO - DDL作业ID:680821324079169536
2025-02-21 17:00:58,513 - App.src.log - INFO - 保存更新DDL作业请求发送中...
2025-02-21 17:00:58,655 - App.src.log - INFO - 返回状态码:  200
2025-02-21 17:00:58,655 - App.src.log - INFO - 运行测试参数作业请求发送中...
2025-02-21 17:00:58,740 - App.src.log - INFO - 返回状态码:  200
2025-02-21 17:00:58,740 - App.src.log - INFO - 执行作业请求发送中...
2025-02-21 17:00:58,862 - App.src.log - INFO - 返回状态码:  200
2025-02-21 17:00:58,863 - App.src.log - INFO - 作业:680821324079169536,执行成功!
2025-02-21 17:00:58,863 - App.src.log - INFO - 建表语句请求发送中...
2025-02-21 17:00:58,939 - App.src.log - INFO - 返回状态码:  200
2025-02-21 17:00:58,939 - App.src.log - INFO - 发送创建DDL工作请求中...
2025-02-21 17:00:59,189 - App.src.log - INFO - 返回状态码:  200
2025-02-21 17:00:59,189 - App.src.log - INFO - 返回该作业id: 680821326767718400
2025-02-21 17:00:59,189 - App.src.log - INFO - 创建DDL作业成功
2025-02-21 17:00:59,189 - App.src.log - INFO - DDL作业ID:680821326767718400
2025-02-21 17:00:59,190 - App.src.log - INFO - 保存更新DDL作业请求发送中...
2025-02-21 17:00:59,322 - App.src.log - INFO - 返回状态码:  200
2025-02-21 17:00:59,323 - App.src.log - INFO - 运行测试参数作业请求发送中...
2025-02-21 17:00:59,431 - App.src.log - INFO - 返回状态码:  200
2025-02-21 17:00:59,431 - App.src.log - INFO - 执行作业请求发送中...
2025-02-21 17:00:59,510 - App.src.log - INFO - 返回状态码:  200
2025-02-21 17:00:59,510 - App.src.log - INFO - 作业:680821326767718400,执行成功!
2025-02-21 17:00:59,511 - App.src.log - INFO - 建表语句请求发送中...
2025-02-21 17:00:59,638 - App.src.log - INFO - 返回状态码:  200
2025-02-21 17:00:59,638 - App.src.log - INFO - 发送创建DDL工作请求中...
2025-02-21 17:00:59,839 - App.src.log - INFO - 返回状态码:  200
2025-02-21 17:00:59,839 - App.src.log - INFO - 返回该作业id: 680821329699536896
2025-02-21 17:00:59,839 - App.src.log - INFO - 创建DDL作业成功
2025-02-21 17:00:59,839 - App.src.log - INFO - DDL作业ID:680821329699536896
2025-02-21 17:00:59,840 - App.src.log - INFO - 保存更新DDL作业请求发送中...
2025-02-21 17:01:00,019 - App.src.log - INFO - 返回状态码:  200
2025-02-21 17:01:00,020 - App.src.log - INFO - 运行测试参数作业请求发送中...
2025-02-21 17:01:00,078 - App.src.log - INFO - 返回状态码:  200
2025-02-21 17:01:00,078 - App.src.log - INFO - 执行作业请求发送中...
2025-02-21 17:01:00,171 - App.src.log - INFO - 返回状态码:  200
2025-02-21 17:01:00,171 - App.src.log - INFO - 作业:680821329699536896,执行成功!
2025-02-21 17:01:00,172 - App.src.log - INFO - 建表语句请求发送中...
2025-02-21 17:01:00,271 - App.src.log - INFO - 返回状态码:  200
2025-02-21 17:01:00,272 - App.src.log - INFO - 发送创建DDL工作请求中...
2025-02-21 17:01:00,415 - App.src.log - INFO - 返回状态码:  200
2025-02-21 17:01:00,415 - App.src.log - INFO - 返回该作业id: 680821332354531328
2025-02-21 17:01:00,416 - App.src.log - INFO - 创建DDL作业成功
2025-02-21 17:01:00,416 - App.src.log - INFO - DDL作业ID:680821332354531328
2025-02-21 17:01:00,416 - App.src.log - INFO - 保存更新DDL作业请求发送中...
2025-02-21 17:01:00,527 - App.src.log - INFO - 返回状态码:  200
2025-02-21 17:01:00,527 - App.src.log - INFO - 运行测试参数作业请求发送中...
2025-02-21 17:01:00,605 - App.src.log - INFO - 返回状态码:  200
2025-02-21 17:01:00,606 - App.src.log - INFO - 执行作业请求发送中...
2025-02-21 17:01:00,758 - App.src.log - INFO - 返回状态码:  200
2025-02-21 17:01:00,758 - App.src.log - INFO - 作业:680821332354531328,执行成功!
2025-02-21 17:01:00,759 - App.src.log - INFO - 建表语句请求发送中...
2025-02-21 17:01:00,894 - App.src.log - INFO - 返回状态码:  200
2025-02-21 17:01:00,894 - App.src.log - INFO - 发送创建DDL工作请求中...
2025-02-21 17:01:01,082 - App.src.log - INFO - 返回状态码:  200
2025-02-21 17:01:01,082 - App.src.log - INFO - 返回该作业id: 680821334950805504
2025-02-21 17:01:01,083 - App.src.log - INFO - 创建DDL作业成功
2025-02-21 17:01:01,083 - App.src.log - INFO - DDL作业ID:680821334950805504
2025-02-21 17:01:01,083 - App.src.log - INFO - 保存更新DDL作业请求发送中...
2025-02-21 17:01:01,188 - App.src.log - INFO - 返回状态码:  200
2025-02-21 17:01:01,188 - App.src.log - INFO - 运行测试参数作业请求发送中...
2025-02-21 17:01:01,306 - App.src.log - INFO - 返回状态码:  200
2025-02-21 17:01:01,306 - App.src.log - INFO - 执行作业请求发送中...
2025-02-21 17:01:01,379 - App.src.log - INFO - 返回状态码:  200
2025-02-21 17:01:01,379 - App.src.log - INFO - 作业:680821334950805504,执行成功!
