2025-02-21 16:37:46,093 - App.src.log - WARNING - 未获取到项目目录信息，正在获取项目目录
2025-02-21 16:37:46,094 - App.src.log - WARNING - 未获取到项目信息，正在获取项目
2025-02-21 16:37:46,094 - App.src.log - INFO - 发送查询项目请求中...
2025-02-21 16:37:46,185 - App.src.log - INFO - 返回状态码:  200
2025-02-21 16:37:46,186 - App.src.log - INFO - 项目名称:农险统计分析项目,项目ID:659865788999532544,环境ID:660123898615955456
2025-02-21 16:37:46,186 - App.src.log - INFO - 项目名称:保单域模型开发,项目ID:660489178949091328,环境ID:660489357961986048
2025-02-21 16:37:46,191 - App.src.log - INFO - 项目名称:理赔域模型开发,项目ID:664105169524359168,环境ID:664110609901551616
2025-02-21 16:37:46,191 - App.src.log - INFO - 项目名称:收付域模型开发,项目ID:665558091214880768,环境ID:665558589229760512
2025-02-21 16:37:46,191 - App.src.log - INFO - 项目名称:产品域模型开发,项目ID:667309876069793792,环境ID:667310114419507200
2025-02-21 16:37:46,191 - App.src.log - INFO - 项目名称:公共域模型开发,项目ID:667309925382225920,环境ID:667310350181335040
2025-02-21 16:37:46,191 - App.src.log - INFO - 项目名称:销管域模型开发,项目ID:669492845551288320,环境ID:669492992658112512
2025-02-21 16:37:46,191 - App.src.log - INFO - 项目名称:机构域模型开发,项目ID:669499243865571328,环境ID:669499579246313472
2025-02-21 16:37:46,191 - App.src.log - INFO - 项目名称:财务域模型开发,项目ID:669499189998125056,环境ID:669500013042204672
2025-02-21 16:37:46,191 - App.src.log - INFO - 项目名称:再保域模型开发,项目ID:669540045408960512,环境ID:669540279086219264
2025-02-21 16:37:46,191 - App.src.log - INFO - 项目名称:客户域模型开发,项目ID:669544231576010752,环境ID:669544379244871680
2025-02-21 16:37:46,191 - App.src.log - INFO - 项目名称:系统配置域模型开发,项目ID:669567632545939456,环境ID:669567973840650240
2025-02-21 16:37:46,191 - App.src.log - INFO - 项目名称:监管报送,项目ID:680416668777709568,环境ID:680417741324156928
2025-02-21 16:37:46,191 - App.src.log - INFO - 项目名称:新农险域模型开发,项目ID:680809261319585792,环境ID:680809423555264512
2025-02-21 16:37:46,191 - App.src.log - INFO - 查询项目成功
2025-02-21 16:37:46,191 - App.src.log - INFO - 发送查询数据开发作业请求中...
2025-02-21 16:37:46,261 - App.src.log - INFO - 返回状态码:  200
2025-02-21 16:37:46,261 - App.src.log - INFO - 查询离线作业成功
2025-02-21 16:37:46,261 - App.src.log - INFO - 建表语句请求发送中...
2025-02-21 16:37:46,338 - App.src.log - INFO - 返回状态码:  200
2025-02-21 16:37:46,339 - App.src.log - INFO - 发送创建DDL工作请求中...
2025-02-21 16:37:46,525 - App.src.log - INFO - 返回状态码:  200
2025-02-21 16:37:46,526 - App.src.log - INFO - 返回该作业id: 680815485738024960
2025-02-21 16:37:46,526 - App.src.log - INFO - 创建DDL作业成功
2025-02-21 16:37:46,526 - App.src.log - INFO - DDL作业ID:680815485738024960
2025-02-21 16:37:46,527 - App.src.log - INFO - 保存更新DDL作业请求发送中...
2025-02-21 16:37:46,650 - App.src.log - INFO - 返回状态码:  200
2025-02-21 16:37:46,650 - App.src.log - INFO - 运行测试参数作业请求发送中...
2025-02-21 16:37:46,729 - App.src.log - INFO - 返回状态码:  200
2025-02-21 16:37:46,729 - App.src.log - INFO - 执行作业请求发送中...
2025-02-21 16:37:46,804 - App.src.log - INFO - 返回状态码:  200
2025-02-21 16:37:46,804 - App.src.log - INFO - 作业:680815485738024960,执行成功!
2025-02-21 16:37:46,804 - App.src.log - INFO - 建表语句请求发送中...
2025-02-21 16:37:46,886 - App.src.log - INFO - 返回状态码:  200
2025-02-21 16:37:46,887 - App.src.log - INFO - 发送创建DDL工作请求中...
2025-02-21 16:37:47,068 - App.src.log - INFO - 返回状态码:  200
2025-02-21 16:37:47,068 - App.src.log - INFO - 返回该作业id: 680815488002949120
2025-02-21 16:37:47,068 - App.src.log - INFO - 创建DDL作业成功
2025-02-21 16:37:47,068 - App.src.log - INFO - DDL作业ID:680815488002949120
2025-02-21 16:37:47,069 - App.src.log - INFO - 保存更新DDL作业请求发送中...
2025-02-21 16:37:47,190 - App.src.log - INFO - 返回状态码:  200
2025-02-21 16:37:47,191 - App.src.log - INFO - 运行测试参数作业请求发送中...
2025-02-21 16:37:47,253 - App.src.log - INFO - 返回状态码:  200
2025-02-21 16:37:47,254 - App.src.log - INFO - 执行作业请求发送中...
2025-02-21 16:37:47,362 - App.src.log - INFO - 返回状态码:  200
2025-02-21 16:37:47,362 - App.src.log - INFO - 作业:680815488002949120,执行成功!
2025-02-21 16:37:47,363 - App.src.log - INFO - 建表语句请求发送中...
2025-02-21 16:37:47,419 - App.src.log - INFO - 返回状态码:  200
2025-02-21 16:37:47,420 - App.src.log - INFO - 发送创建DDL工作请求中...
2025-02-21 16:37:47,641 - App.src.log - INFO - 返回状态码:  200
2025-02-21 16:37:47,641 - App.src.log - INFO - 返回该作业id: 680815490431451136
2025-02-21 16:37:47,641 - App.src.log - INFO - 创建DDL作业成功
2025-02-21 16:37:47,641 - App.src.log - INFO - DDL作业ID:680815490431451136
2025-02-21 16:37:47,642 - App.src.log - INFO - 保存更新DDL作业请求发送中...
2025-02-21 16:37:47,742 - App.src.log - INFO - 返回状态码:  200
2025-02-21 16:37:47,742 - App.src.log - INFO - 运行测试参数作业请求发送中...
2025-02-21 16:37:47,800 - App.src.log - INFO - 返回状态码:  200
2025-02-21 16:37:47,800 - App.src.log - INFO - 执行作业请求发送中...
2025-02-21 16:37:47,908 - App.src.log - INFO - 返回状态码:  200
2025-02-21 16:37:47,908 - App.src.log - INFO - 作业:680815490431451136,执行成功!
2025-02-21 16:37:47,909 - App.src.log - INFO - 建表语句请求发送中...
2025-02-21 16:37:47,960 - App.src.log - INFO - 返回状态码:  200
2025-02-21 16:37:47,962 - App.src.log - INFO - 发送创建DDL工作请求中...
2025-02-21 16:37:48,139 - App.src.log - INFO - 返回状态码:  200
2025-02-21 16:37:48,139 - App.src.log - INFO - 返回该作业id: 680815492520214528
2025-02-21 16:37:48,140 - App.src.log - INFO - 创建DDL作业成功
2025-02-21 16:37:48,140 - App.src.log - INFO - DDL作业ID:680815492520214528
2025-02-21 16:37:48,140 - App.src.log - INFO - 保存更新DDL作业请求发送中...
2025-02-21 16:37:48,273 - App.src.log - INFO - 返回状态码:  200
2025-02-21 16:37:48,273 - App.src.log - INFO - 运行测试参数作业请求发送中...
2025-02-21 16:37:48,358 - App.src.log - INFO - 返回状态码:  200
2025-02-21 16:37:48,358 - App.src.log - INFO - 执行作业请求发送中...
2025-02-21 16:37:48,467 - App.src.log - INFO - 返回状态码:  200
2025-02-21 16:37:48,468 - App.src.log - INFO - 作业:680815492520214528,执行成功!
2025-02-21 16:37:48,468 - App.src.log - INFO - 建表语句请求发送中...
2025-02-21 16:37:48,535 - App.src.log - INFO - 返回状态码:  200
2025-02-21 16:37:48,535 - App.src.log - INFO - 发送创建DDL工作请求中...
2025-02-21 16:37:48,728 - App.src.log - INFO - 返回状态码:  200
2025-02-21 16:37:48,728 - App.src.log - INFO - 返回该作业id: 680815494944522240
2025-02-21 16:37:48,729 - App.src.log - INFO - 创建DDL作业成功
2025-02-21 16:37:48,729 - App.src.log - INFO - DDL作业ID:680815494944522240
2025-02-21 16:37:48,729 - App.src.log - INFO - 保存更新DDL作业请求发送中...
2025-02-21 16:37:48,835 - App.src.log - INFO - 返回状态码:  200
2025-02-21 16:37:48,835 - App.src.log - INFO - 运行测试参数作业请求发送中...
2025-02-21 16:37:48,897 - App.src.log - INFO - 返回状态码:  200
2025-02-21 16:37:48,898 - App.src.log - INFO - 执行作业请求发送中...
2025-02-21 16:37:48,990 - App.src.log - INFO - 返回状态码:  200
2025-02-21 16:37:48,990 - App.src.log - INFO - 作业:680815494944522240,执行成功!
2025-02-21 16:37:48,991 - App.src.log - INFO - 建表语句请求发送中...
2025-02-21 16:37:49,065 - App.src.log - INFO - 返回状态码:  200
2025-02-21 16:37:49,066 - App.src.log - INFO - 发送创建DDL工作请求中...
2025-02-21 16:37:49,252 - App.src.log - INFO - 返回状态码:  200
2025-02-21 16:37:49,252 - App.src.log - INFO - 返回该作业id: 680815497167503360
2025-02-21 16:37:49,252 - App.src.log - INFO - 创建DDL作业成功
2025-02-21 16:37:49,252 - App.src.log - INFO - DDL作业ID:680815497167503360
2025-02-21 16:37:49,253 - App.src.log - INFO - 保存更新DDL作业请求发送中...
2025-02-21 16:37:49,362 - App.src.log - INFO - 返回状态码:  200
2025-02-21 16:37:49,362 - App.src.log - INFO - 运行测试参数作业请求发送中...
2025-02-21 16:37:49,484 - App.src.log - INFO - 返回状态码:  200
2025-02-21 16:37:49,484 - App.src.log - INFO - 执行作业请求发送中...
2025-02-21 16:37:49,562 - App.src.log - INFO - 返回状态码:  200
2025-02-21 16:37:49,562 - App.src.log - INFO - 作业:680815497167503360,执行成功!
2025-02-21 16:37:49,563 - App.src.log - INFO - 建表语句请求发送中...
2025-02-21 16:37:49,641 - App.src.log - INFO - 返回状态码:  200
2025-02-21 16:37:49,642 - App.src.log - INFO - 发送创建DDL工作请求中...
2025-02-21 16:37:49,826 - App.src.log - INFO - 返回状态码:  200
2025-02-21 16:37:49,826 - App.src.log - INFO - 返回该作业id: 680815499570839552
2025-02-21 16:37:49,826 - App.src.log - INFO - 创建DDL作业成功
2025-02-21 16:37:49,826 - App.src.log - INFO - DDL作业ID:680815499570839552
2025-02-21 16:37:49,827 - App.src.log - INFO - 保存更新DDL作业请求发送中...
2025-02-21 16:37:49,952 - App.src.log - INFO - 返回状态码:  200
2025-02-21 16:37:49,952 - App.src.log - INFO - 运行测试参数作业请求发送中...
2025-02-21 16:37:50,044 - App.src.log - INFO - 返回状态码:  200
2025-02-21 16:37:50,044 - App.src.log - INFO - 执行作业请求发送中...
2025-02-21 16:37:50,152 - App.src.log - INFO - 返回状态码:  200
2025-02-21 16:37:50,152 - App.src.log - INFO - 作业:680815499570839552,执行成功!
2025-02-21 16:37:50,152 - App.src.log - INFO - 建表语句请求发送中...
2025-02-21 16:37:50,215 - App.src.log - INFO - 返回状态码:  200
2025-02-21 16:37:50,215 - App.src.log - INFO - 发送创建DDL工作请求中...
2025-02-21 16:37:50,398 - App.src.log - INFO - 返回状态码:  200
2025-02-21 16:37:50,398 - App.src.log - INFO - 返回该作业id: 680815501969981440
2025-02-21 16:37:50,398 - App.src.log - INFO - 创建DDL作业成功
2025-02-21 16:37:50,398 - App.src.log - INFO - DDL作业ID:680815501969981440
2025-02-21 16:37:50,399 - App.src.log - INFO - 保存更新DDL作业请求发送中...
2025-02-21 16:37:50,538 - App.src.log - INFO - 返回状态码:  200
2025-02-21 16:37:50,539 - App.src.log - INFO - 运行测试参数作业请求发送中...
2025-02-21 16:37:50,646 - App.src.log - INFO - 返回状态码:  200
2025-02-21 16:37:50,647 - App.src.log - INFO - 执行作业请求发送中...
2025-02-21 16:37:50,754 - App.src.log - INFO - 返回状态码:  200
2025-02-21 16:37:50,755 - App.src.log - INFO - 作业:680815501969981440,执行成功!
2025-02-21 16:37:50,755 - App.src.log - INFO - 建表语句请求发送中...
2025-02-21 16:37:50,832 - App.src.log - INFO - 返回状态码:  200
2025-02-21 16:37:50,832 - App.src.log - INFO - 发送创建DDL工作请求中...
2025-02-21 16:37:51,034 - App.src.log - INFO - 返回状态码:  200
2025-02-21 16:37:51,035 - App.src.log - INFO - 返回该作业id: 680815504562061312
2025-02-21 16:37:51,035 - App.src.log - INFO - 创建DDL作业成功
2025-02-21 16:37:51,035 - App.src.log - INFO - DDL作业ID:680815504562061312
2025-02-21 16:37:51,036 - App.src.log - INFO - 保存更新DDL作业请求发送中...
2025-02-21 16:37:51,143 - App.src.log - INFO - 返回状态码:  200
2025-02-21 16:37:51,144 - App.src.log - INFO - 运行测试参数作业请求发送中...
2025-02-21 16:37:51,221 - App.src.log - INFO - 返回状态码:  200
2025-02-21 16:37:51,222 - App.src.log - INFO - 执行作业请求发送中...
2025-02-21 16:37:51,299 - App.src.log - INFO - 返回状态码:  200
2025-02-21 16:37:51,299 - App.src.log - INFO - 作业:680815504562061312,执行成功!
2025-02-21 16:37:51,300 - App.src.log - INFO - 建表语句请求发送中...
2025-02-21 16:37:51,374 - App.src.log - INFO - 返回状态码:  200
2025-02-21 16:37:51,375 - App.src.log - INFO - 发送创建DDL工作请求中...
2025-02-21 16:37:51,595 - App.src.log - INFO - 返回状态码:  200
2025-02-21 16:37:51,595 - App.src.log - INFO - 返回该作业id: 680815507015729152
2025-02-21 16:37:51,596 - App.src.log - INFO - 创建DDL作业成功
2025-02-21 16:37:51,596 - App.src.log - INFO - DDL作业ID:680815507015729152
2025-02-21 16:37:51,596 - App.src.log - INFO - 保存更新DDL作业请求发送中...
2025-02-21 16:37:51,701 - App.src.log - INFO - 返回状态码:  200
2025-02-21 16:37:51,701 - App.src.log - INFO - 运行测试参数作业请求发送中...
2025-02-21 16:37:51,779 - App.src.log - INFO - 返回状态码:  200
2025-02-21 16:37:51,779 - App.src.log - INFO - 执行作业请求发送中...
2025-02-21 16:37:51,854 - App.src.log - INFO - 返回状态码:  200
2025-02-21 16:37:51,854 - App.src.log - INFO - 作业:680815507015729152,执行成功!
2025-02-21 16:37:51,855 - App.src.log - INFO - 建表语句请求发送中...
2025-02-21 16:37:51,901 - App.src.log - INFO - 返回状态码:  200
2025-02-21 16:37:51,901 - App.src.log - INFO - 发送创建DDL工作请求中...
2025-02-21 16:37:52,084 - App.src.log - INFO - 返回状态码:  200
2025-02-21 16:37:52,084 - App.src.log - INFO - 返回该作业id: 680815509066743808
2025-02-21 16:37:52,084 - App.src.log - INFO - 创建DDL作业成功
2025-02-21 16:37:52,084 - App.src.log - INFO - DDL作业ID:680815509066743808
2025-02-21 16:37:52,085 - App.src.log - INFO - 保存更新DDL作业请求发送中...
2025-02-21 16:37:52,240 - App.src.log - INFO - 返回状态码:  200
2025-02-21 16:37:52,241 - App.src.log - INFO - 运行测试参数作业请求发送中...
2025-02-21 16:37:52,333 - App.src.log - INFO - 返回状态码:  200
2025-02-21 16:37:52,333 - App.src.log - INFO - 执行作业请求发送中...
2025-02-21 16:37:52,442 - App.src.log - INFO - 返回状态码:  200
2025-02-21 16:37:52,443 - App.src.log - INFO - 作业:680815509066743808,执行成功!
2025-02-21 16:37:52,443 - App.src.log - INFO - 建表语句请求发送中...
2025-02-21 16:37:52,517 - App.src.log - INFO - 返回状态码:  200
2025-02-21 16:37:52,517 - App.src.log - INFO - 发送创建DDL工作请求中...
2025-02-21 16:37:52,676 - App.src.log - INFO - 返回状态码:  200
2025-02-21 16:37:52,676 - App.src.log - INFO - 返回该作业id: 680815511658823680
2025-02-21 16:37:52,676 - App.src.log - INFO - 创建DDL作业成功
2025-02-21 16:37:52,676 - App.src.log - INFO - DDL作业ID:680815511658823680
2025-02-21 16:37:52,677 - App.src.log - INFO - 保存更新DDL作业请求发送中...
2025-02-21 16:37:52,817 - App.src.log - INFO - 返回状态码:  200
2025-02-21 16:37:52,818 - App.src.log - INFO - 运行测试参数作业请求发送中...
2025-02-21 16:37:52,891 - App.src.log - INFO - 返回状态码:  200
2025-02-21 16:37:52,891 - App.src.log - INFO - 执行作业请求发送中...
2025-02-21 16:37:52,969 - App.src.log - INFO - 返回状态码:  200
2025-02-21 16:37:52,969 - App.src.log - INFO - 作业:680815511658823680,执行成功!
2025-02-21 16:37:52,969 - App.src.log - INFO - 建表语句请求发送中...
2025-02-21 16:37:53,026 - App.src.log - INFO - 返回状态码:  200
2025-02-21 16:37:53,027 - App.src.log - INFO - 发送创建DDL工作请求中...
2025-02-21 16:37:53,218 - App.src.log - INFO - 返回状态码:  200
2025-02-21 16:37:53,218 - App.src.log - INFO - 返回该作业id: 680815513776947200
2025-02-21 16:37:53,218 - App.src.log - INFO - 创建DDL作业成功
2025-02-21 16:37:53,218 - App.src.log - INFO - DDL作业ID:680815513776947200
2025-02-21 16:37:53,219 - App.src.log - INFO - 保存更新DDL作业请求发送中...
2025-02-21 16:37:53,359 - App.src.log - INFO - 返回状态码:  200
2025-02-21 16:37:53,359 - App.src.log - INFO - 运行测试参数作业请求发送中...
2025-02-21 16:37:53,436 - App.src.log - INFO - 返回状态码:  200
2025-02-21 16:37:53,436 - App.src.log - INFO - 执行作业请求发送中...
2025-02-21 16:37:53,544 - App.src.log - INFO - 返回状态码:  200
2025-02-21 16:37:53,544 - App.src.log - INFO - 作业:680815513776947200,执行成功!
2025-02-21 16:37:53,544 - App.src.log - INFO - 建表语句请求发送中...
2025-02-21 16:37:53,620 - App.src.log - INFO - 返回状态码:  200
2025-02-21 16:37:53,621 - App.src.log - INFO - 发送创建DDL工作请求中...
2025-02-21 16:37:53,805 - App.src.log - INFO - 返回状态码:  200
2025-02-21 16:37:53,805 - App.src.log - INFO - 返回该作业id: 680815516259975168
2025-02-21 16:37:53,806 - App.src.log - INFO - 创建DDL作业成功
2025-02-21 16:37:53,806 - App.src.log - INFO - DDL作业ID:680815516259975168
2025-02-21 16:37:53,806 - App.src.log - INFO - 保存更新DDL作业请求发送中...
2025-02-21 16:37:53,926 - App.src.log - INFO - 返回状态码:  200
2025-02-21 16:37:53,926 - App.src.log - INFO - 运行测试参数作业请求发送中...
2025-02-21 16:37:54,006 - App.src.log - INFO - 返回状态码:  200
2025-02-21 16:37:54,007 - App.src.log - INFO - 执行作业请求发送中...
2025-02-21 16:37:54,084 - App.src.log - INFO - 返回状态码:  200
2025-02-21 16:37:54,084 - App.src.log - INFO - 作业:680815516259975168,执行成功!
2025-02-21 16:37:54,085 - App.src.log - INFO - 建表语句请求发送中...
2025-02-21 16:37:54,149 - App.src.log - INFO - 返回状态码:  200
2025-02-21 16:37:54,151 - App.src.log - INFO - 发送创建DDL工作请求中...
2025-02-21 16:37:54,334 - App.src.log - INFO - 返回状态码:  200
2025-02-21 16:37:54,334 - App.src.log - INFO - 返回该作业id: 680815518516510720
2025-02-21 16:37:54,334 - App.src.log - INFO - 创建DDL作业成功
2025-02-21 16:37:54,334 - App.src.log - INFO - DDL作业ID:680815518516510720
2025-02-21 16:37:54,335 - App.src.log - INFO - 保存更新DDL作业请求发送中...
2025-02-21 16:37:54,487 - App.src.log - INFO - 返回状态码:  200
2025-02-21 16:37:54,487 - App.src.log - INFO - 运行测试参数作业请求发送中...
2025-02-21 16:37:54,550 - App.src.log - INFO - 返回状态码:  200
2025-02-21 16:37:54,550 - App.src.log - INFO - 执行作业请求发送中...
2025-02-21 16:37:54,623 - App.src.log - INFO - 返回状态码:  200
2025-02-21 16:37:54,624 - App.src.log - INFO - 作业:680815518516510720,执行成功!
2025-02-21 16:37:54,624 - App.src.log - INFO - 建表语句请求发送中...
2025-02-21 16:37:54,689 - App.src.log - INFO - 返回状态码:  200
2025-02-21 16:37:54,689 - App.src.log - INFO - 发送创建DDL工作请求中...
2025-02-21 16:37:54,883 - App.src.log - INFO - 返回状态码:  200
2025-02-21 16:37:54,883 - App.src.log - INFO - 返回该作业id: 680815520764657664
2025-02-21 16:37:54,883 - App.src.log - INFO - 创建DDL作业成功
2025-02-21 16:37:54,884 - App.src.log - INFO - DDL作业ID:680815520764657664
2025-02-21 16:37:54,884 - App.src.log - INFO - 保存更新DDL作业请求发送中...
2025-02-21 16:37:55,051 - App.src.log - INFO - 返回状态码:  200
2025-02-21 16:37:55,051 - App.src.log - INFO - 运行测试参数作业请求发送中...
2025-02-21 16:37:55,137 - App.src.log - INFO - 返回状态码:  200
2025-02-21 16:37:55,137 - App.src.log - INFO - 执行作业请求发送中...
2025-02-21 16:37:55,207 - App.src.log - INFO - 返回状态码:  200
2025-02-21 16:37:55,207 - App.src.log - INFO - 作业:680815520764657664,执行成功!
2025-02-21 16:37:55,207 - App.src.log - INFO - 建表语句请求发送中...
2025-02-21 16:37:55,315 - App.src.log - INFO - 返回状态码:  200
2025-02-21 16:37:55,316 - App.src.log - INFO - 发送创建DDL工作请求中...
2025-02-21 16:37:55,500 - App.src.log - INFO - 返回状态码:  200
2025-02-21 16:37:55,501 - App.src.log - INFO - 返回该作业id: 680815523377709056
2025-02-21 16:37:55,501 - App.src.log - INFO - 创建DDL作业成功
2025-02-21 16:37:55,501 - App.src.log - INFO - DDL作业ID:680815523377709056
2025-02-21 16:37:55,502 - App.src.log - INFO - 保存更新DDL作业请求发送中...
2025-02-21 16:37:55,609 - App.src.log - INFO - 返回状态码:  200
2025-02-21 16:37:55,610 - App.src.log - INFO - 运行测试参数作业请求发送中...
2025-02-21 16:37:55,690 - App.src.log - INFO - 返回状态码:  200
2025-02-21 16:37:55,690 - App.src.log - INFO - 执行作业请求发送中...
2025-02-21 16:37:55,765 - App.src.log - INFO - 返回状态码:  200
2025-02-21 16:37:55,766 - App.src.log - INFO - 作业:680815523377709056,执行成功!
2025-02-21 16:37:55,766 - App.src.log - INFO - 建表语句请求发送中...
2025-02-21 16:37:55,805 - App.src.log - INFO - 返回状态码:  200
2025-02-21 16:37:55,806 - App.src.log - INFO - 发送创建DDL工作请求中...
2025-02-21 16:37:55,995 - App.src.log - INFO - 返回状态码:  200
2025-02-21 16:37:55,996 - App.src.log - INFO - 返回该作业id: 680815525445500928
2025-02-21 16:37:55,996 - App.src.log - INFO - 创建DDL作业成功
2025-02-21 16:37:55,996 - App.src.log - INFO - DDL作业ID:680815525445500928
2025-02-21 16:37:55,996 - App.src.log - INFO - 保存更新DDL作业请求发送中...
2025-02-21 16:37:56,098 - App.src.log - INFO - 返回状态码:  200
2025-02-21 16:37:56,098 - App.src.log - INFO - 运行测试参数作业请求发送中...
2025-02-21 16:37:56,168 - App.src.log - INFO - 返回状态码:  200
2025-02-21 16:37:56,168 - App.src.log - INFO - 执行作业请求发送中...
2025-02-21 16:37:56,245 - App.src.log - INFO - 返回状态码:  200
2025-02-21 16:37:56,245 - App.src.log - INFO - 作业:680815525445500928,执行成功!
2025-02-21 16:37:56,246 - App.src.log - INFO - 建表语句请求发送中...
2025-02-21 16:37:56,323 - App.src.log - INFO - 返回状态码:  200
2025-02-21 16:37:56,323 - App.src.log - INFO - 发送创建DDL工作请求中...
2025-02-21 16:37:56,507 - App.src.log - INFO - 返回状态码:  200
2025-02-21 16:37:56,507 - App.src.log - INFO - 返回该作业id: 680815527597178880
2025-02-21 16:37:56,507 - App.src.log - INFO - 创建DDL作业成功
2025-02-21 16:37:56,507 - App.src.log - INFO - DDL作业ID:680815527597178880
2025-02-21 16:37:56,508 - App.src.log - INFO - 保存更新DDL作业请求发送中...
2025-02-21 16:37:56,644 - App.src.log - INFO - 返回状态码:  200
2025-02-21 16:37:56,645 - App.src.log - INFO - 运行测试参数作业请求发送中...
2025-02-21 16:37:56,725 - App.src.log - INFO - 返回状态码:  200
2025-02-21 16:37:56,725 - App.src.log - INFO - 执行作业请求发送中...
2025-02-21 16:37:56,786 - App.src.log - INFO - 返回状态码:  200
2025-02-21 16:37:56,786 - App.src.log - INFO - 作业:680815527597178880,执行成功!
2025-02-21 16:37:56,786 - App.src.log - INFO - 建表语句请求发送中...
2025-02-21 16:37:56,835 - App.src.log - INFO - 返回状态码:  200
2025-02-21 16:37:56,836 - App.src.log - INFO - 发送创建DDL工作请求中...
2025-02-21 16:37:57,035 - App.src.log - INFO - 返回状态码:  200
2025-02-21 16:37:57,035 - App.src.log - INFO - 返回该作业id: 680815529786605568
2025-02-21 16:37:57,035 - App.src.log - INFO - 创建DDL作业成功
2025-02-21 16:37:57,035 - App.src.log - INFO - DDL作业ID:680815529786605568
2025-02-21 16:37:57,036 - App.src.log - INFO - 保存更新DDL作业请求发送中...
2025-02-21 16:37:57,153 - App.src.log - INFO - 返回状态码:  200
2025-02-21 16:37:57,153 - App.src.log - INFO - 运行测试参数作业请求发送中...
2025-02-21 16:37:57,223 - App.src.log - INFO - 返回状态码:  200
2025-02-21 16:37:57,223 - App.src.log - INFO - 执行作业请求发送中...
2025-02-21 16:37:57,333 - App.src.log - INFO - 返回状态码:  200
2025-02-21 16:37:57,333 - App.src.log - INFO - 作业:680815529786605568,执行成功!
2025-02-21 16:37:57,334 - App.src.log - INFO - 建表语句请求发送中...
2025-02-21 16:37:57,407 - App.src.log - INFO - 返回状态码:  200
2025-02-21 16:37:57,408 - App.src.log - INFO - 发送创建DDL工作请求中...
2025-02-21 16:37:57,590 - App.src.log - INFO - 返回状态码:  200
2025-02-21 16:37:57,590 - App.src.log - INFO - 返回该作业id: 680815532164775936
2025-02-21 16:37:57,590 - App.src.log - INFO - 创建DDL作业成功
2025-02-21 16:37:57,590 - App.src.log - INFO - DDL作业ID:680815532164775936
2025-02-21 16:37:57,591 - App.src.log - INFO - 保存更新DDL作业请求发送中...
2025-02-21 16:37:57,698 - App.src.log - INFO - 返回状态码:  200
2025-02-21 16:37:57,699 - App.src.log - INFO - 运行测试参数作业请求发送中...
2025-02-21 16:37:57,790 - App.src.log - INFO - 返回状态码:  200
2025-02-21 16:37:57,791 - App.src.log - INFO - 执行作业请求发送中...
2025-02-21 16:37:57,883 - App.src.log - INFO - 返回状态码:  200
2025-02-21 16:37:57,883 - App.src.log - INFO - 作业:680815532164775936,执行成功!
2025-02-21 16:37:57,884 - App.src.log - INFO - 建表语句请求发送中...
2025-02-21 16:37:57,926 - App.src.log - INFO - 返回状态码:  200
2025-02-21 16:37:57,926 - App.src.log - INFO - 发送创建DDL工作请求中...
2025-02-21 16:37:58,128 - App.src.log - INFO - 返回状态码:  200
2025-02-21 16:37:58,128 - App.src.log - INFO - 返回该作业id: 680815534379368448
2025-02-21 16:37:58,128 - App.src.log - INFO - 创建DDL作业成功
2025-02-21 16:37:58,128 - App.src.log - INFO - DDL作业ID:680815534379368448
2025-02-21 16:37:58,129 - App.src.log - INFO - 保存更新DDL作业请求发送中...
2025-02-21 16:37:58,244 - App.src.log - INFO - 返回状态码:  200
2025-02-21 16:37:58,245 - App.src.log - INFO - 运行测试参数作业请求发送中...
2025-02-21 16:37:58,343 - App.src.log - INFO - 返回状态码:  200
2025-02-21 16:37:58,344 - App.src.log - INFO - 执行作业请求发送中...
2025-02-21 16:37:58,435 - App.src.log - INFO - 返回状态码:  200
2025-02-21 16:37:58,435 - App.src.log - INFO - 作业:680815534379368448,执行成功!
2025-02-21 16:37:58,436 - App.src.log - INFO - 建表语句请求发送中...
2025-02-21 16:37:58,490 - App.src.log - INFO - 返回状态码:  200
2025-02-21 16:37:58,491 - App.src.log - INFO - 发送创建DDL工作请求中...
2025-02-21 16:37:58,667 - App.src.log - INFO - 返回状态码:  200
2025-02-21 16:37:58,668 - App.src.log - INFO - 返回该作业id: 680815536694624256
2025-02-21 16:37:58,668 - App.src.log - INFO - 创建DDL作业成功
2025-02-21 16:37:58,668 - App.src.log - INFO - DDL作业ID:680815536694624256
2025-02-21 16:37:58,668 - App.src.log - INFO - 保存更新DDL作业请求发送中...
2025-02-21 16:37:58,760 - App.src.log - INFO - 返回状态码:  200
2025-02-21 16:37:58,760 - App.src.log - INFO - 运行测试参数作业请求发送中...
2025-02-21 16:37:58,853 - App.src.log - INFO - 返回状态码:  200
2025-02-21 16:37:58,853 - App.src.log - INFO - 执行作业请求发送中...
2025-02-21 16:37:59,009 - App.src.log - INFO - 返回状态码:  200
2025-02-21 16:37:59,010 - App.src.log - INFO - 作业:680815536694624256,执行成功!
2025-02-21 16:37:59,010 - App.src.log - INFO - 建表语句请求发送中...
2025-02-21 16:37:59,061 - App.src.log - INFO - 返回状态码:  200
2025-02-21 16:37:59,062 - App.src.log - INFO - 发送创建DDL工作请求中...
2025-02-21 16:37:59,211 - App.src.log - INFO - 返回状态码:  200
2025-02-21 16:37:59,211 - App.src.log - INFO - 返回该作业id: 680815539081183232
2025-02-21 16:37:59,211 - App.src.log - INFO - 创建DDL作业成功
2025-02-21 16:37:59,211 - App.src.log - INFO - DDL作业ID:680815539081183232
2025-02-21 16:37:59,212 - App.src.log - INFO - 保存更新DDL作业请求发送中...
2025-02-21 16:37:59,336 - App.src.log - INFO - 返回状态码:  200
2025-02-21 16:37:59,336 - App.src.log - INFO - 运行测试参数作业请求发送中...
2025-02-21 16:37:59,396 - App.src.log - INFO - 返回状态码:  200
2025-02-21 16:37:59,396 - App.src.log - INFO - 执行作业请求发送中...
2025-02-21 16:37:59,487 - App.src.log - INFO - 返回状态码:  200
2025-02-21 16:37:59,487 - App.src.log - INFO - 作业:680815539081183232,执行成功!
2025-02-21 16:37:59,487 - App.src.log - INFO - 建表语句请求发送中...
2025-02-21 16:37:59,541 - App.src.log - INFO - 返回状态码:  200
2025-02-21 16:37:59,541 - App.src.log - INFO - 发送创建DDL工作请求中...
2025-02-21 16:37:59,721 - App.src.log - INFO - 返回状态码:  200
2025-02-21 16:37:59,721 - App.src.log - INFO - 返回该作业id: 680815541086060544
2025-02-21 16:37:59,721 - App.src.log - INFO - 创建DDL作业成功
2025-02-21 16:37:59,721 - App.src.log - INFO - DDL作业ID:680815541086060544
2025-02-21 16:37:59,722 - App.src.log - INFO - 保存更新DDL作业请求发送中...
2025-02-21 16:37:59,820 - App.src.log - INFO - 返回状态码:  200
2025-02-21 16:37:59,820 - App.src.log - INFO - 运行测试参数作业请求发送中...
2025-02-21 16:37:59,906 - App.src.log - INFO - 返回状态码:  200
2025-02-21 16:37:59,906 - App.src.log - INFO - 执行作业请求发送中...
2025-02-21 16:38:00,015 - App.src.log - INFO - 返回状态码:  200
2025-02-21 16:38:00,015 - App.src.log - INFO - 作业:680815541086060544,执行成功!
