2025-02-21 16:52:18,505 - App.src.log - WARNING - 未获取到项目目录信息，正在获取项目目录
2025-02-21 16:52:18,505 - App.src.log - WARNING - 未获取到项目信息，正在获取项目
2025-02-21 16:52:18,505 - App.src.log - INFO - 发送查询项目请求中...
2025-02-21 16:52:18,677 - App.src.log - INFO - 返回状态码:  200
2025-02-21 16:52:18,677 - App.src.log - INFO - 项目名称:农险统计分析项目,项目ID:659865788999532544,环境ID:660123898615955456
2025-02-21 16:52:18,677 - App.src.log - INFO - 项目名称:保单域模型开发,项目ID:660489178949091328,环境ID:660489357961986048
2025-02-21 16:52:18,682 - App.src.log - INFO - 项目名称:理赔域模型开发,项目ID:664105169524359168,环境ID:664110609901551616
2025-02-21 16:52:18,682 - App.src.log - INFO - 项目名称:收付域模型开发,项目ID:665558091214880768,环境ID:665558589229760512
2025-02-21 16:52:18,682 - App.src.log - INFO - 项目名称:产品域模型开发,项目ID:667309876069793792,环境ID:667310114419507200
2025-02-21 16:52:18,682 - App.src.log - INFO - 项目名称:公共域模型开发,项目ID:667309925382225920,环境ID:667310350181335040
2025-02-21 16:52:18,682 - App.src.log - INFO - 项目名称:销管域模型开发,项目ID:669492845551288320,环境ID:669492992658112512
2025-02-21 16:52:18,682 - App.src.log - INFO - 项目名称:机构域模型开发,项目ID:669499243865571328,环境ID:669499579246313472
2025-02-21 16:52:18,682 - App.src.log - INFO - 项目名称:财务域模型开发,项目ID:669499189998125056,环境ID:669500013042204672
2025-02-21 16:52:18,682 - App.src.log - INFO - 项目名称:再保域模型开发,项目ID:669540045408960512,环境ID:669540279086219264
2025-02-21 16:52:18,682 - App.src.log - INFO - 项目名称:客户域模型开发,项目ID:669544231576010752,环境ID:669544379244871680
2025-02-21 16:52:18,682 - App.src.log - INFO - 项目名称:系统配置域模型开发,项目ID:669567632545939456,环境ID:669567973840650240
2025-02-21 16:52:18,682 - App.src.log - INFO - 项目名称:监管报送,项目ID:680416668777709568,环境ID:680417741324156928
2025-02-21 16:52:18,682 - App.src.log - INFO - 项目名称:新农险域模型开发,项目ID:680809261319585792,环境ID:680809423555264512
2025-02-21 16:52:18,682 - App.src.log - INFO - 查询项目成功
2025-02-21 16:52:18,682 - App.src.log - INFO - 发送查询数据开发作业请求中...
2025-02-21 16:52:18,782 - App.src.log - INFO - 返回状态码:  200
2025-02-21 16:52:18,783 - App.src.log - INFO - 查询离线作业成功
2025-02-21 16:52:18,783 - App.src.log - INFO - 建表语句请求发送中...
2025-02-21 16:52:18,856 - App.src.log - INFO - 返回状态码:  200
2025-02-21 16:52:18,856 - App.src.log - INFO - 发送创建DDL工作请求中...
2025-02-21 16:52:19,058 - App.src.log - INFO - 返回状态码:  200
2025-02-21 16:52:19,058 - App.src.log - INFO - 返回该作业id: 680819145352151040
2025-02-21 16:52:19,058 - App.src.log - INFO - 创建DDL作业成功
2025-02-21 16:52:19,058 - App.src.log - INFO - DDL作业ID:680819145352151040
2025-02-21 16:52:19,059 - App.src.log - INFO - 保存更新DDL作业请求发送中...
2025-02-21 16:52:19,167 - App.src.log - INFO - 返回状态码:  200
2025-02-21 16:52:19,167 - App.src.log - INFO - 运行测试参数作业请求发送中...
2025-02-21 16:52:19,245 - App.src.log - INFO - 返回状态码:  200
2025-02-21 16:52:19,245 - App.src.log - INFO - 执行作业请求发送中...
2025-02-21 16:52:19,322 - App.src.log - INFO - 返回状态码:  200
2025-02-21 16:52:19,322 - App.src.log - INFO - 作业:680819145352151040,执行成功!
2025-02-21 16:52:19,323 - App.src.log - INFO - 建表语句请求发送中...
2025-02-21 16:52:19,458 - App.src.log - INFO - 返回状态码:  200
2025-02-21 16:52:19,458 - App.src.log - INFO - 发送创建DDL工作请求中...
2025-02-21 16:52:19,599 - App.src.log - INFO - 返回状态码:  200
2025-02-21 16:52:19,599 - App.src.log - INFO - 返回该作业id: 680819147864539136
2025-02-21 16:52:19,599 - App.src.log - INFO - 创建DDL作业成功
2025-02-21 16:52:19,599 - App.src.log - INFO - DDL作业ID:680819147864539136
2025-02-21 16:52:19,600 - App.src.log - INFO - 保存更新DDL作业请求发送中...
2025-02-21 16:52:19,725 - App.src.log - INFO - 返回状态码:  200
2025-02-21 16:52:19,725 - App.src.log - INFO - 运行测试参数作业请求发送中...
2025-02-21 16:52:19,801 - App.src.log - INFO - 返回状态码:  200
2025-02-21 16:52:19,802 - App.src.log - INFO - 执行作业请求发送中...
2025-02-21 16:52:19,894 - App.src.log - INFO - 返回状态码:  200
2025-02-21 16:52:19,894 - App.src.log - INFO - 作业:680819147864539136,执行成功!
2025-02-21 16:52:19,895 - App.src.log - INFO - 建表语句请求发送中...
2025-02-21 16:52:19,945 - App.src.log - INFO - 返回状态码:  200
2025-02-21 16:52:19,946 - App.src.log - INFO - 发送创建DDL工作请求中...
2025-02-21 16:52:20,190 - App.src.log - INFO - 返回状态码:  200
2025-02-21 16:52:20,190 - App.src.log - INFO - 返回该作业id: 680819149911359488
2025-02-21 16:52:20,191 - App.src.log - INFO - 创建DDL作业成功
2025-02-21 16:52:20,191 - App.src.log - INFO - DDL作业ID:680819149911359488
2025-02-21 16:52:20,191 - App.src.log - INFO - 保存更新DDL作业请求发送中...
2025-02-21 16:52:20,308 - App.src.log - INFO - 返回状态码:  200
2025-02-21 16:52:20,308 - App.src.log - INFO - 运行测试参数作业请求发送中...
2025-02-21 16:52:20,390 - App.src.log - INFO - 返回状态码:  200
2025-02-21 16:52:20,390 - App.src.log - INFO - 执行作业请求发送中...
2025-02-21 16:52:20,512 - App.src.log - INFO - 返回状态码:  200
2025-02-21 16:52:20,512 - App.src.log - INFO - 作业:680819149911359488,执行成功!
2025-02-21 16:52:20,513 - App.src.log - INFO - 建表语句请求发送中...
2025-02-21 16:52:20,590 - App.src.log - INFO - 返回状态码:  200
2025-02-21 16:52:20,590 - App.src.log - INFO - 发送创建DDL工作请求中...
2025-02-21 16:52:20,791 - App.src.log - INFO - 返回状态码:  200
2025-02-21 16:52:20,791 - App.src.log - INFO - 返回该作业id: 680819152612491264
2025-02-21 16:52:20,791 - App.src.log - INFO - 创建DDL作业成功
2025-02-21 16:52:20,791 - App.src.log - INFO - DDL作业ID:680819152612491264
2025-02-21 16:52:20,792 - App.src.log - INFO - 保存更新DDL作业请求发送中...
2025-02-21 16:52:20,916 - App.src.log - INFO - 返回状态码:  200
2025-02-21 16:52:20,917 - App.src.log - INFO - 运行测试参数作业请求发送中...
2025-02-21 16:52:21,002 - App.src.log - INFO - 返回状态码:  200
2025-02-21 16:52:21,002 - App.src.log - INFO - 执行作业请求发送中...
2025-02-21 16:52:21,132 - App.src.log - INFO - 返回状态码:  200
2025-02-21 16:52:21,132 - App.src.log - INFO - 作业:680819152612491264,执行成功!
2025-02-21 16:52:21,133 - App.src.log - INFO - 建表语句请求发送中...
2025-02-21 16:52:21,185 - App.src.log - INFO - 返回状态码:  200
2025-02-21 16:52:21,188 - App.src.log - INFO - 发送创建DDL工作请求中...
2025-02-21 16:52:21,397 - App.src.log - INFO - 返回状态码:  200
2025-02-21 16:52:21,397 - App.src.log - INFO - 返回该作业id: 680819155166822400
2025-02-21 16:52:21,397 - App.src.log - INFO - 创建DDL作业成功
2025-02-21 16:52:21,397 - App.src.log - INFO - DDL作业ID:680819155166822400
2025-02-21 16:52:21,398 - App.src.log - INFO - 保存更新DDL作业请求发送中...
2025-02-21 16:52:21,516 - App.src.log - INFO - 返回状态码:  200
2025-02-21 16:52:21,516 - App.src.log - INFO - 运行测试参数作业请求发送中...
2025-02-21 16:52:21,615 - App.src.log - INFO - 返回状态码:  200
2025-02-21 16:52:21,615 - App.src.log - INFO - 执行作业请求发送中...
2025-02-21 16:52:21,818 - App.src.log - INFO - 返回状态码:  200
2025-02-21 16:52:21,819 - App.src.log - INFO - 作业:680819155166822400,执行成功!
2025-02-21 16:52:21,819 - App.src.log - INFO - 建表语句请求发送中...
2025-02-21 16:52:21,897 - App.src.log - INFO - 返回状态码:  200
2025-02-21 16:52:21,898 - App.src.log - INFO - 发送创建DDL工作请求中...
2025-02-21 16:52:22,080 - App.src.log - INFO - 返回状态码:  200
2025-02-21 16:52:22,080 - App.src.log - INFO - 返回该作业id: 680819158098640896
2025-02-21 16:52:22,080 - App.src.log - INFO - 创建DDL作业成功
2025-02-21 16:52:22,080 - App.src.log - INFO - DDL作业ID:680819158098640896
2025-02-21 16:52:22,081 - App.src.log - INFO - 保存更新DDL作业请求发送中...
2025-02-21 16:52:22,235 - App.src.log - INFO - 返回状态码:  200
2025-02-21 16:52:22,235 - App.src.log - INFO - 运行测试参数作业请求发送中...
2025-02-21 16:52:22,312 - App.src.log - INFO - 返回状态码:  200
2025-02-21 16:52:22,312 - App.src.log - INFO - 执行作业请求发送中...
2025-02-21 16:52:22,405 - App.src.log - INFO - 返回状态码:  200
2025-02-21 16:52:22,406 - App.src.log - INFO - 作业:680819158098640896,执行成功!
2025-02-21 16:52:22,406 - App.src.log - INFO - 建表语句请求发送中...
2025-02-21 16:52:22,498 - App.src.log - INFO - 返回状态码:  200
2025-02-21 16:52:22,499 - App.src.log - INFO - 发送创建DDL工作请求中...
2025-02-21 16:52:22,743 - App.src.log - INFO - 返回状态码:  200
2025-02-21 16:52:22,743 - App.src.log - INFO - 返回该作业id: 680819160871075840
2025-02-21 16:52:22,743 - App.src.log - INFO - 创建DDL作业成功
2025-02-21 16:52:22,743 - App.src.log - INFO - DDL作业ID:680819160871075840
2025-02-21 16:52:22,744 - App.src.log - INFO - 保存更新DDL作业请求发送中...
2025-02-21 16:52:22,897 - App.src.log - INFO - 返回状态码:  200
2025-02-21 16:52:22,898 - App.src.log - INFO - 运行测试参数作业请求发送中...
2025-02-21 16:52:22,976 - App.src.log - INFO - 返回状态码:  200
2025-02-21 16:52:22,976 - App.src.log - INFO - 执行作业请求发送中...
2025-02-21 16:52:23,053 - App.src.log - INFO - 返回状态码:  200
2025-02-21 16:52:23,053 - App.src.log - INFO - 作业:680819160871075840,执行成功!
2025-02-21 16:52:23,054 - App.src.log - INFO - 建表语句请求发送中...
2025-02-21 16:52:23,146 - App.src.log - INFO - 返回状态码:  200
2025-02-21 16:52:23,146 - App.src.log - INFO - 发送创建DDL工作请求中...
2025-02-21 16:52:23,335 - App.src.log - INFO - 返回状态码:  200
2025-02-21 16:52:23,335 - App.src.log - INFO - 返回该作业id: 680819163324743680
2025-02-21 16:52:23,336 - App.src.log - INFO - 创建DDL作业成功
2025-02-21 16:52:23,336 - App.src.log - INFO - DDL作业ID:680819163324743680
2025-02-21 16:52:23,337 - App.src.log - INFO - 保存更新DDL作业请求发送中...
2025-02-21 16:52:23,503 - App.src.log - INFO - 返回状态码:  200
2025-02-21 16:52:23,503 - App.src.log - INFO - 运行测试参数作业请求发送中...
2025-02-21 16:52:23,579 - App.src.log - INFO - 返回状态码:  200
2025-02-21 16:52:23,579 - App.src.log - INFO - 执行作业请求发送中...
2025-02-21 16:52:23,656 - App.src.log - INFO - 返回状态码:  200
2025-02-21 16:52:23,656 - App.src.log - INFO - 作业:680819163324743680,执行成功!
2025-02-21 16:52:23,657 - App.src.log - INFO - 建表语句请求发送中...
2025-02-21 16:52:23,706 - App.src.log - INFO - 返回状态码:  200
2025-02-21 16:52:23,707 - App.src.log - INFO - 发送创建DDL工作请求中...
2025-02-21 16:52:23,840 - App.src.log - INFO - 返回状态码:  200
2025-02-21 16:52:23,840 - App.src.log - INFO - 返回该作业id: 680819165669359616
2025-02-21 16:52:23,840 - App.src.log - INFO - 创建DDL作业成功
2025-02-21 16:52:23,840 - App.src.log - INFO - DDL作业ID:680819165669359616
2025-02-21 16:52:23,841 - App.src.log - INFO - 保存更新DDL作业请求发送中...
2025-02-21 16:52:23,954 - App.src.log - INFO - 返回状态码:  200
2025-02-21 16:52:23,954 - App.src.log - INFO - 运行测试参数作业请求发送中...
2025-02-21 16:52:24,044 - App.src.log - INFO - 返回状态码:  200
2025-02-21 16:52:24,045 - App.src.log - INFO - 执行作业请求发送中...
2025-02-21 16:52:24,168 - App.src.log - INFO - 返回状态码:  200
2025-02-21 16:52:24,168 - App.src.log - INFO - 作业:680819165669359616,执行成功!
2025-02-21 16:52:24,169 - App.src.log - INFO - 建表语句请求发送中...
2025-02-21 16:52:24,247 - App.src.log - INFO - 返回状态码:  200
2025-02-21 16:52:24,247 - App.src.log - INFO - 发送创建DDL工作请求中...
2025-02-21 16:52:24,436 - App.src.log - INFO - 返回状态码:  200
2025-02-21 16:52:24,436 - App.src.log - INFO - 返回该作业id: 680819167959449600
2025-02-21 16:52:24,436 - App.src.log - INFO - 创建DDL作业成功
2025-02-21 16:52:24,436 - App.src.log - INFO - DDL作业ID:680819167959449600
2025-02-21 16:52:24,437 - App.src.log - INFO - 保存更新DDL作业请求发送中...
2025-02-21 16:52:24,559 - App.src.log - INFO - 返回状态码:  200
2025-02-21 16:52:24,560 - App.src.log - INFO - 运行测试参数作业请求发送中...
2025-02-21 16:52:24,636 - App.src.log - INFO - 返回状态码:  200
2025-02-21 16:52:24,637 - App.src.log - INFO - 执行作业请求发送中...
2025-02-21 16:52:24,714 - App.src.log - INFO - 返回状态码:  200
2025-02-21 16:52:24,714 - App.src.log - INFO - 作业:680819167959449600,执行成功!
2025-02-21 16:52:24,714 - App.src.log - INFO - 建表语句请求发送中...
2025-02-21 16:52:24,777 - App.src.log - INFO - 返回状态码:  200
2025-02-21 16:52:24,778 - App.src.log - INFO - 发送创建DDL工作请求中...
2025-02-21 16:52:25,023 - App.src.log - INFO - 返回状态码:  200
2025-02-21 16:52:25,024 - App.src.log - INFO - 返回该作业id: 680819170480226304
2025-02-21 16:52:25,024 - App.src.log - INFO - 创建DDL作业成功
2025-02-21 16:52:25,024 - App.src.log - INFO - DDL作业ID:680819170480226304
2025-02-21 16:52:25,024 - App.src.log - INFO - 保存更新DDL作业请求发送中...
2025-02-21 16:52:25,161 - App.src.log - INFO - 返回状态码:  200
2025-02-21 16:52:25,161 - App.src.log - INFO - 运行测试参数作业请求发送中...
2025-02-21 16:52:25,253 - App.src.log - INFO - 返回状态码:  200
2025-02-21 16:52:25,253 - App.src.log - INFO - 执行作业请求发送中...
2025-02-21 16:52:25,347 - App.src.log - INFO - 返回状态码:  200
2025-02-21 16:52:25,347 - App.src.log - INFO - 作业:680819170480226304,执行成功!
2025-02-21 16:52:25,348 - App.src.log - INFO - 建表语句请求发送中...
2025-02-21 16:52:25,439 - App.src.log - INFO - 返回状态码:  200
2025-02-21 16:52:25,439 - App.src.log - INFO - 发送创建DDL工作请求中...
2025-02-21 16:52:25,572 - App.src.log - INFO - 返回状态码:  200
2025-02-21 16:52:25,572 - App.src.log - INFO - 返回该作业id: 680819172946477056
2025-02-21 16:52:25,572 - App.src.log - INFO - 创建DDL作业成功
2025-02-21 16:52:25,572 - App.src.log - INFO - DDL作业ID:680819172946477056
2025-02-21 16:52:25,573 - App.src.log - INFO - 保存更新DDL作业请求发送中...
2025-02-21 16:52:25,800 - App.src.log - INFO - 返回状态码:  200
2025-02-21 16:52:25,800 - App.src.log - INFO - 运行测试参数作业请求发送中...
2025-02-21 16:52:25,895 - App.src.log - INFO - 返回状态码:  200
2025-02-21 16:52:25,896 - App.src.log - INFO - 执行作业请求发送中...
2025-02-21 16:52:25,971 - App.src.log - INFO - 返回状态码:  200
2025-02-21 16:52:25,971 - App.src.log - INFO - 作业:680819172946477056,执行成功!
2025-02-21 16:52:25,971 - App.src.log - INFO - 建表语句请求发送中...
2025-02-21 16:52:26,045 - App.src.log - INFO - 返回状态码:  200
2025-02-21 16:52:26,046 - App.src.log - INFO - 发送创建DDL工作请求中...
2025-02-21 16:52:26,236 - App.src.log - INFO - 返回状态码:  200
2025-02-21 16:52:26,236 - App.src.log - INFO - 返回该作业id: 680819175471448064
2025-02-21 16:52:26,236 - App.src.log - INFO - 创建DDL作业成功
2025-02-21 16:52:26,236 - App.src.log - INFO - DDL作业ID:680819175471448064
2025-02-21 16:52:26,237 - App.src.log - INFO - 保存更新DDL作业请求发送中...
2025-02-21 16:52:26,353 - App.src.log - INFO - 返回状态码:  200
2025-02-21 16:52:26,353 - App.src.log - INFO - 运行测试参数作业请求发送中...
2025-02-21 16:52:26,439 - App.src.log - INFO - 返回状态码:  200
2025-02-21 16:52:26,439 - App.src.log - INFO - 执行作业请求发送中...
2025-02-21 16:52:26,593 - App.src.log - INFO - 返回状态码:  200
2025-02-21 16:52:26,594 - App.src.log - INFO - 作业:680819175471448064,执行成功!
2025-02-21 16:52:26,594 - App.src.log - INFO - 建表语句请求发送中...
2025-02-21 16:52:26,696 - App.src.log - INFO - 返回状态码:  200
2025-02-21 16:52:26,696 - App.src.log - INFO - 发送创建DDL工作请求中...
2025-02-21 16:52:26,903 - App.src.log - INFO - 返回状态码:  200
2025-02-21 16:52:26,903 - App.src.log - INFO - 返回该作业id: 680819178348740608
2025-02-21 16:52:26,903 - App.src.log - INFO - 创建DDL作业成功
2025-02-21 16:52:26,904 - App.src.log - INFO - DDL作业ID:680819178348740608
2025-02-21 16:52:26,904 - App.src.log - INFO - 保存更新DDL作业请求发送中...
2025-02-21 16:52:26,997 - App.src.log - INFO - 返回状态码:  200
2025-02-21 16:52:26,998 - App.src.log - INFO - 运行测试参数作业请求发送中...
2025-02-21 16:52:27,062 - App.src.log - INFO - 返回状态码:  200
2025-02-21 16:52:27,062 - App.src.log - INFO - 执行作业请求发送中...
2025-02-21 16:52:27,156 - App.src.log - INFO - 返回状态码:  200
2025-02-21 16:52:27,156 - App.src.log - INFO - 作业:680819178348740608,执行成功!
2025-02-21 16:52:27,156 - App.src.log - INFO - 建表语句请求发送中...
2025-02-21 16:52:27,199 - App.src.log - INFO - 返回状态码:  200
2025-02-21 16:52:27,199 - App.src.log - INFO - 发送创建DDL工作请求中...
2025-02-21 16:52:27,446 - App.src.log - INFO - 返回状态码:  200
2025-02-21 16:52:27,447 - App.src.log - INFO - 返回该作业id: 680819180630441984
2025-02-21 16:52:27,447 - App.src.log - INFO - 创建DDL作业成功
2025-02-21 16:52:27,447 - App.src.log - INFO - DDL作业ID:680819180630441984
2025-02-21 16:52:27,447 - App.src.log - INFO - 保存更新DDL作业请求发送中...
2025-02-21 16:52:27,550 - App.src.log - INFO - 返回状态码:  200
2025-02-21 16:52:27,551 - App.src.log - INFO - 运行测试参数作业请求发送中...
2025-02-21 16:52:27,616 - App.src.log - INFO - 返回状态码:  200
2025-02-21 16:52:27,616 - App.src.log - INFO - 执行作业请求发送中...
2025-02-21 16:52:27,723 - App.src.log - INFO - 返回状态码:  200
2025-02-21 16:52:27,723 - App.src.log - INFO - 作业:680819180630441984,执行成功!
2025-02-21 16:52:27,724 - App.src.log - INFO - 建表语句请求发送中...
2025-02-21 16:52:27,779 - App.src.log - INFO - 返回状态码:  200
2025-02-21 16:52:27,779 - App.src.log - INFO - 发送创建DDL工作请求中...
2025-02-21 16:52:27,971 - App.src.log - INFO - 返回状态码:  200
2025-02-21 16:52:27,972 - App.src.log - INFO - 返回该作业id: 680819182811480064
2025-02-21 16:52:27,972 - App.src.log - INFO - 创建DDL作业成功
2025-02-21 16:52:27,972 - App.src.log - INFO - DDL作业ID:680819182811480064
2025-02-21 16:52:27,973 - App.src.log - INFO - 保存更新DDL作业请求发送中...
2025-02-21 16:52:28,142 - App.src.log - INFO - 返回状态码:  200
2025-02-21 16:52:28,142 - App.src.log - INFO - 运行测试参数作业请求发送中...
2025-02-21 16:52:28,235 - App.src.log - INFO - 返回状态码:  200
2025-02-21 16:52:28,235 - App.src.log - INFO - 执行作业请求发送中...
2025-02-21 16:52:28,298 - App.src.log - INFO - 返回状态码:  200
2025-02-21 16:52:28,298 - App.src.log - INFO - 作业:680819182811480064,执行成功!
2025-02-21 16:52:28,299 - App.src.log - INFO - 建表语句请求发送中...
2025-02-21 16:52:28,346 - App.src.log - INFO - 返回状态码:  200
2025-02-21 16:52:28,346 - App.src.log - INFO - 发送创建DDL工作请求中...
2025-02-21 16:52:28,542 - App.src.log - INFO - 返回状态码:  200
2025-02-21 16:52:28,542 - App.src.log - INFO - 返回该作业id: 680819185214816256
2025-02-21 16:52:28,543 - App.src.log - INFO - 创建DDL作业成功
2025-02-21 16:52:28,543 - App.src.log - INFO - DDL作业ID:680819185214816256
2025-02-21 16:52:28,543 - App.src.log - INFO - 保存更新DDL作业请求发送中...
2025-02-21 16:52:28,711 - App.src.log - INFO - 返回状态码:  200
2025-02-21 16:52:28,711 - App.src.log - INFO - 运行测试参数作业请求发送中...
2025-02-21 16:52:28,880 - App.src.log - INFO - 返回状态码:  200
2025-02-21 16:52:28,880 - App.src.log - INFO - 执行作业请求发送中...
2025-02-21 16:52:28,948 - App.src.log - INFO - 返回状态码:  200
2025-02-21 16:52:28,948 - App.src.log - INFO - 作业:680819185214816256,执行成功!
2025-02-21 16:52:28,949 - App.src.log - INFO - 建表语句请求发送中...
2025-02-21 16:52:29,022 - App.src.log - INFO - 返回状态码:  200
2025-02-21 16:52:29,023 - App.src.log - INFO - 发送创建DDL工作请求中...
2025-02-21 16:52:29,183 - App.src.log - INFO - 返回状态码:  200
2025-02-21 16:52:29,184 - App.src.log - INFO - 返回该作业id: 680819187966279680
2025-02-21 16:52:29,184 - App.src.log - INFO - 创建DDL作业成功
2025-02-21 16:52:29,184 - App.src.log - INFO - DDL作业ID:680819187966279680
2025-02-21 16:52:29,185 - App.src.log - INFO - 保存更新DDL作业请求发送中...
2025-02-21 16:52:29,331 - App.src.log - INFO - 返回状态码:  200
2025-02-21 16:52:29,331 - App.src.log - INFO - 运行测试参数作业请求发送中...
2025-02-21 16:52:29,408 - App.src.log - INFO - 返回状态码:  200
2025-02-21 16:52:29,408 - App.src.log - INFO - 执行作业请求发送中...
2025-02-21 16:52:29,487 - App.src.log - INFO - 返回状态码:  200
2025-02-21 16:52:29,487 - App.src.log - INFO - 作业:680819187966279680,执行成功!
2025-02-21 16:52:29,488 - App.src.log - INFO - 建表语句请求发送中...
2025-02-21 16:52:29,562 - App.src.log - INFO - 返回状态码:  200
2025-02-21 16:52:29,562 - App.src.log - INFO - 发送创建DDL工作请求中...
2025-02-21 16:52:29,791 - App.src.log - INFO - 返回状态码:  200
2025-02-21 16:52:29,792 - App.src.log - INFO - 返回该作业id: 680819190357032960
2025-02-21 16:52:29,792 - App.src.log - INFO - 创建DDL作业成功
2025-02-21 16:52:29,792 - App.src.log - INFO - DDL作业ID:680819190357032960
2025-02-21 16:52:29,792 - App.src.log - INFO - 保存更新DDL作业请求发送中...
2025-02-21 16:52:29,903 - App.src.log - INFO - 返回状态码:  200
2025-02-21 16:52:29,904 - App.src.log - INFO - 运行测试参数作业请求发送中...
2025-02-21 16:52:29,962 - App.src.log - INFO - 返回状态码:  200
2025-02-21 16:52:29,962 - App.src.log - INFO - 执行作业请求发送中...
2025-02-21 16:52:30,039 - App.src.log - INFO - 返回状态码:  200
2025-02-21 16:52:30,039 - App.src.log - INFO - 作业:680819190357032960,执行成功!
2025-02-21 16:52:30,040 - App.src.log - INFO - 建表语句请求发送中...
2025-02-21 16:52:30,115 - App.src.log - INFO - 返回状态码:  200
2025-02-21 16:52:30,115 - App.src.log - INFO - 发送创建DDL工作请求中...
2025-02-21 16:52:30,300 - App.src.log - INFO - 返回状态码:  200
2025-02-21 16:52:30,300 - App.src.log - INFO - 返回该作业id: 680819192554848256
2025-02-21 16:52:30,301 - App.src.log - INFO - 创建DDL作业成功
2025-02-21 16:52:30,301 - App.src.log - INFO - DDL作业ID:680819192554848256
2025-02-21 16:52:30,301 - App.src.log - INFO - 保存更新DDL作业请求发送中...
2025-02-21 16:52:30,536 - App.src.log - INFO - 返回状态码:  200
2025-02-21 16:52:30,536 - App.src.log - INFO - 运行测试参数作业请求发送中...
2025-02-21 16:52:30,585 - App.src.log - INFO - 返回状态码:  200
2025-02-21 16:52:30,585 - App.src.log - INFO - 执行作业请求发送中...
2025-02-21 16:52:30,658 - App.src.log - INFO - 返回状态码:  200
2025-02-21 16:52:30,658 - App.src.log - INFO - 作业:680819192554848256,执行成功!
2025-02-21 16:52:30,659 - App.src.log - INFO - 建表语句请求发送中...
2025-02-21 16:52:30,718 - App.src.log - INFO - 返回状态码:  200
2025-02-21 16:52:30,719 - App.src.log - INFO - 发送创建DDL工作请求中...
2025-02-21 16:52:30,999 - App.src.log - INFO - 返回状态码:  200
2025-02-21 16:52:30,999 - App.src.log - INFO - 返回该作业id: 680819195482472448
2025-02-21 16:52:31,000 - App.src.log - INFO - 创建DDL作业成功
2025-02-21 16:52:31,000 - App.src.log - INFO - DDL作业ID:680819195482472448
2025-02-21 16:52:31,000 - App.src.log - INFO - 保存更新DDL作业请求发送中...
2025-02-21 16:52:31,110 - App.src.log - INFO - 返回状态码:  200
2025-02-21 16:52:31,111 - App.src.log - INFO - 运行测试参数作业请求发送中...
2025-02-21 16:52:31,230 - App.src.log - INFO - 返回状态码:  200
2025-02-21 16:52:31,230 - App.src.log - INFO - 执行作业请求发送中...
2025-02-21 16:52:31,352 - App.src.log - INFO - 返回状态码:  200
2025-02-21 16:52:31,352 - App.src.log - INFO - 作业:680819195482472448,执行成功!
2025-02-21 16:52:31,353 - App.src.log - INFO - 建表语句请求发送中...
2025-02-21 16:52:31,406 - App.src.log - INFO - 返回状态码:  200
2025-02-21 16:52:31,409 - App.src.log - INFO - 发送创建DDL工作请求中...
2025-02-21 16:52:31,584 - App.src.log - INFO - 返回状态码:  200
2025-02-21 16:52:31,584 - App.src.log - INFO - 返回该作业id: 680819197965500416
2025-02-21 16:52:31,584 - App.src.log - INFO - 创建DDL作业成功
2025-02-21 16:52:31,584 - App.src.log - INFO - DDL作业ID:680819197965500416
2025-02-21 16:52:31,585 - App.src.log - INFO - 保存更新DDL作业请求发送中...
2025-02-21 16:52:31,718 - App.src.log - INFO - 返回状态码:  200
2025-02-21 16:52:31,718 - App.src.log - INFO - 运行测试参数作业请求发送中...
2025-02-21 16:52:31,795 - App.src.log - INFO - 返回状态码:  200
2025-02-21 16:52:31,795 - App.src.log - INFO - 执行作业请求发送中...
2025-02-21 16:52:31,912 - App.src.log - INFO - 返回状态码:  200
2025-02-21 16:52:31,913 - App.src.log - INFO - 作业:680819197965500416,执行成功!
2025-02-21 16:52:31,913 - App.src.log - INFO - 建表语句请求发送中...
2025-02-21 16:52:32,050 - App.src.log - INFO - 返回状态码:  200
2025-02-21 16:52:32,054 - App.src.log - INFO - 发送创建DDL工作请求中...
2025-02-21 16:52:32,238 - App.src.log - INFO - 返回状态码:  200
2025-02-21 16:52:32,239 - App.src.log - INFO - 返回该作业id: 680819200687603712
2025-02-21 16:52:32,239 - App.src.log - INFO - 创建DDL作业成功
2025-02-21 16:52:32,239 - App.src.log - INFO - DDL作业ID:680819200687603712
2025-02-21 16:52:32,240 - App.src.log - INFO - 保存更新DDL作业请求发送中...
2025-02-21 16:52:32,351 - App.src.log - INFO - 返回状态码:  200
2025-02-21 16:52:32,351 - App.src.log - INFO - 运行测试参数作业请求发送中...
2025-02-21 16:52:32,473 - App.src.log - INFO - 返回状态码:  200
2025-02-21 16:52:32,473 - App.src.log - INFO - 执行作业请求发送中...
2025-02-21 16:52:32,565 - App.src.log - INFO - 返回状态码:  200
2025-02-21 16:52:32,565 - App.src.log - INFO - 作业:680819200687603712,执行成功!
2025-02-21 16:52:32,565 - App.src.log - INFO - 建表语句请求发送中...
2025-02-21 16:52:32,640 - App.src.log - INFO - 返回状态码:  200
2025-02-21 16:52:32,641 - App.src.log - INFO - 发送创建DDL工作请求中...
2025-02-21 16:52:32,905 - App.src.log - INFO - 返回状态码:  200
2025-02-21 16:52:32,906 - App.src.log - INFO - 返回该作业id: 680819203464232960
2025-02-21 16:52:32,906 - App.src.log - INFO - 创建DDL作业成功
2025-02-21 16:52:32,906 - App.src.log - INFO - DDL作业ID:680819203464232960
2025-02-21 16:52:32,906 - App.src.log - INFO - 保存更新DDL作业请求发送中...
2025-02-21 16:52:33,031 - App.src.log - INFO - 返回状态码:  200
2025-02-21 16:52:33,031 - App.src.log - INFO - 运行测试参数作业请求发送中...
2025-02-21 16:52:33,093 - App.src.log - INFO - 返回状态码:  200
2025-02-21 16:52:33,093 - App.src.log - INFO - 执行作业请求发送中...
2025-02-21 16:52:33,171 - App.src.log - INFO - 返回状态码:  200
2025-02-21 16:52:33,172 - App.src.log - INFO - 作业:680819203464232960,执行成功!
2025-02-21 16:52:33,172 - App.src.log - INFO - 建表语句请求发送中...
2025-02-21 16:52:33,248 - App.src.log - INFO - 返回状态码:  200
2025-02-21 16:52:33,248 - App.src.log - INFO - 发送创建DDL工作请求中...
2025-02-21 16:52:33,432 - App.src.log - INFO - 返回状态码:  200
2025-02-21 16:52:33,432 - App.src.log - INFO - 返回该作业id: 680819205703991296
2025-02-21 16:52:33,432 - App.src.log - INFO - 创建DDL作业成功
2025-02-21 16:52:33,432 - App.src.log - INFO - DDL作业ID:680819205703991296
2025-02-21 16:52:33,433 - App.src.log - INFO - 保存更新DDL作业请求发送中...
2025-02-21 16:52:33,585 - App.src.log - INFO - 返回状态码:  200
2025-02-21 16:52:33,586 - App.src.log - INFO - 运行测试参数作业请求发送中...
2025-02-21 16:52:33,654 - App.src.log - INFO - 返回状态码:  200
2025-02-21 16:52:33,655 - App.src.log - INFO - 执行作业请求发送中...
2025-02-21 16:52:33,727 - App.src.log - INFO - 返回状态码:  200
2025-02-21 16:52:33,727 - App.src.log - INFO - 作业:680819205703991296,执行成功!
