2025-02-21 16:27:04,397 - App.src.log - WARNING - 未获取到项目目录信息，正在获取项目目录
2025-02-21 16:27:04,397 - App.src.log - WARNING - 未获取到项目信息，正在获取项目
2025-02-21 16:27:04,397 - App.src.log - INFO - 发送查询项目请求中...
2025-02-21 16:27:04,501 - App.src.log - INFO - 返回状态码:  200
2025-02-21 16:27:04,501 - App.src.log - INFO - 项目名称:农险统计分析项目,项目ID:659865788999532544,环境ID:660123898615955456
2025-02-21 16:27:04,502 - App.src.log - INFO - 项目名称:保单域模型开发,项目ID:660489178949091328,环境ID:660489357961986048
2025-02-21 16:27:04,507 - App.src.log - INFO - 项目名称:理赔域模型开发,项目ID:664105169524359168,环境ID:664110609901551616
2025-02-21 16:27:04,507 - App.src.log - INFO - 项目名称:收付域模型开发,项目ID:665558091214880768,环境ID:665558589229760512
2025-02-21 16:27:04,507 - App.src.log - INFO - 项目名称:产品域模型开发,项目ID:667309876069793792,环境ID:667310114419507200
2025-02-21 16:27:04,507 - App.src.log - INFO - 项目名称:公共域模型开发,项目ID:667309925382225920,环境ID:667310350181335040
2025-02-21 16:27:04,507 - App.src.log - INFO - 项目名称:销管域模型开发,项目ID:669492845551288320,环境ID:669492992658112512
2025-02-21 16:27:04,507 - App.src.log - INFO - 项目名称:机构域模型开发,项目ID:669499243865571328,环境ID:669499579246313472
2025-02-21 16:27:04,507 - App.src.log - INFO - 项目名称:财务域模型开发,项目ID:669499189998125056,环境ID:669500013042204672
2025-02-21 16:27:04,507 - App.src.log - INFO - 项目名称:再保域模型开发,项目ID:669540045408960512,环境ID:669540279086219264
2025-02-21 16:27:04,507 - App.src.log - INFO - 项目名称:客户域模型开发,项目ID:669544231576010752,环境ID:669544379244871680
2025-02-21 16:27:04,507 - App.src.log - INFO - 项目名称:系统配置域模型开发,项目ID:669567632545939456,环境ID:669567973840650240
2025-02-21 16:27:04,507 - App.src.log - INFO - 项目名称:监管报送,项目ID:680416668777709568,环境ID:680417741324156928
2025-02-21 16:27:04,507 - App.src.log - INFO - 项目名称:新农险域模型开发,项目ID:680809261319585792,环境ID:680809423555264512
2025-02-21 16:27:04,507 - App.src.log - INFO - 查询项目成功
2025-02-21 16:27:04,507 - App.src.log - INFO - 发送查询数据开发作业请求中...
2025-02-21 16:27:04,594 - App.src.log - INFO - 返回状态码:  200
2025-02-21 16:27:04,595 - App.src.log - INFO - 查询离线作业成功
2025-02-21 16:27:04,595 - App.src.log - INFO - 建表语句请求发送中...
2025-02-21 16:27:04,855 - App.src.log - INFO - 返回状态码:  200
2025-02-21 16:27:04,857 - App.src.log - INFO - 发送创建DDL工作请求中...
2025-02-21 16:27:05,072 - App.src.log - INFO - 返回状态码:  200
2025-02-21 16:27:05,072 - App.src.log - INFO - 返回该作业id: 680812795192672256
2025-02-21 16:27:05,073 - App.src.log - INFO - 创建DDL作业成功
2025-02-21 16:27:05,073 - App.src.log - INFO - DDL作业ID:680812795192672256
2025-02-21 16:27:05,074 - App.src.log - INFO - 保存更新DDL作业请求发送中...
2025-02-21 16:27:05,210 - App.src.log - INFO - 返回状态码:  200
2025-02-21 16:27:05,210 - App.src.log - INFO - 运行测试参数作业请求发送中...
2025-02-21 16:27:05,290 - App.src.log - INFO - 返回状态码:  200
2025-02-21 16:27:05,290 - App.src.log - INFO - 执行作业请求发送中...
2025-02-21 16:27:05,386 - App.src.log - INFO - 返回状态码:  200
2025-02-21 16:27:05,386 - App.src.log - INFO - 作业:680812795192672256,执行成功!
2025-02-21 16:27:05,387 - App.src.log - INFO - 建表语句请求发送中...
2025-02-21 16:27:05,567 - App.src.log - INFO - 返回状态码:  200
2025-02-21 16:27:05,568 - App.src.log - INFO - 发送创建DDL工作请求中...
2025-02-21 16:27:05,819 - App.src.log - INFO - 返回状态码:  200
2025-02-21 16:27:05,819 - App.src.log - INFO - 返回该作业id: 680812798355177472
2025-02-21 16:27:05,819 - App.src.log - INFO - 创建DDL作业成功
2025-02-21 16:27:05,820 - App.src.log - INFO - DDL作业ID:680812798355177472
2025-02-21 16:27:05,820 - App.src.log - INFO - 保存更新DDL作业请求发送中...
2025-02-21 16:27:05,919 - App.src.log - INFO - 返回状态码:  200
2025-02-21 16:27:05,920 - App.src.log - INFO - 运行测试参数作业请求发送中...
2025-02-21 16:27:05,992 - App.src.log - INFO - 返回状态码:  200
2025-02-21 16:27:05,992 - App.src.log - INFO - 执行作业请求发送中...
2025-02-21 16:27:06,067 - App.src.log - INFO - 返回状态码:  200
2025-02-21 16:27:06,067 - App.src.log - INFO - 作业:680812798355177472,执行成功!
2025-02-21 16:27:06,068 - App.src.log - INFO - 建表语句请求发送中...
2025-02-21 16:27:06,222 - App.src.log - INFO - 返回状态码:  200
2025-02-21 16:27:06,223 - App.src.log - INFO - 发送创建DDL工作请求中...
2025-02-21 16:27:06,424 - App.src.log - INFO - 返回状态码:  200
2025-02-21 16:27:06,424 - App.src.log - INFO - 返回该作业id: 680812800871759872
2025-02-21 16:27:06,424 - App.src.log - INFO - 创建DDL作业成功
2025-02-21 16:27:06,425 - App.src.log - INFO - DDL作业ID:680812800871759872
2025-02-21 16:27:06,425 - App.src.log - INFO - 保存更新DDL作业请求发送中...
2025-02-21 16:27:06,579 - App.src.log - INFO - 返回状态码:  200
2025-02-21 16:27:06,579 - App.src.log - INFO - 运行测试参数作业请求发送中...
2025-02-21 16:27:06,640 - App.src.log - INFO - 返回状态码:  200
2025-02-21 16:27:06,640 - App.src.log - INFO - 执行作业请求发送中...
2025-02-21 16:27:06,719 - App.src.log - INFO - 返回状态码:  200
2025-02-21 16:27:06,719 - App.src.log - INFO - 作业:680812800871759872,执行成功!
2025-02-21 16:27:06,720 - App.src.log - INFO - 建表语句请求发送中...
2025-02-21 16:27:06,874 - App.src.log - INFO - 返回状态码:  200
2025-02-21 16:27:06,875 - App.src.log - INFO - 发送创建DDL工作请求中...
2025-02-21 16:27:07,077 - App.src.log - INFO - 返回状态码:  200
2025-02-21 16:27:07,077 - App.src.log - INFO - 返回该作业id: 680812803623223296
2025-02-21 16:27:07,077 - App.src.log - INFO - 创建DDL作业成功
2025-02-21 16:27:07,077 - App.src.log - INFO - DDL作业ID:680812803623223296
2025-02-21 16:27:07,078 - App.src.log - INFO - 保存更新DDL作业请求发送中...
2025-02-21 16:27:07,192 - App.src.log - INFO - 返回状态码:  200
2025-02-21 16:27:07,192 - App.src.log - INFO - 运行测试参数作业请求发送中...
2025-02-21 16:27:07,266 - App.src.log - INFO - 返回状态码:  200
2025-02-21 16:27:07,266 - App.src.log - INFO - 执行作业请求发送中...
2025-02-21 16:27:07,360 - App.src.log - INFO - 返回状态码:  200
2025-02-21 16:27:07,360 - App.src.log - INFO - 作业:680812803623223296,执行成功!
2025-02-21 16:27:07,361 - App.src.log - INFO - 建表语句请求发送中...
2025-02-21 16:27:07,544 - App.src.log - INFO - 返回状态码:  200
2025-02-21 16:27:07,545 - App.src.log - INFO - 发送创建DDL工作请求中...
2025-02-21 16:27:07,692 - App.src.log - INFO - 返回状态码:  200
2025-02-21 16:27:07,693 - App.src.log - INFO - 返回该作业id: 680812806433406976
2025-02-21 16:27:07,693 - App.src.log - INFO - 创建DDL作业成功
2025-02-21 16:27:07,693 - App.src.log - INFO - DDL作业ID:680812806433406976
2025-02-21 16:27:07,694 - App.src.log - INFO - 保存更新DDL作业请求发送中...
2025-02-21 16:27:07,855 - App.src.log - INFO - 返回状态码:  200
2025-02-21 16:27:07,856 - App.src.log - INFO - 运行测试参数作业请求发送中...
2025-02-21 16:27:07,931 - App.src.log - INFO - 返回状态码:  200
2025-02-21 16:27:07,931 - App.src.log - INFO - 执行作业请求发送中...
2025-02-21 16:27:08,086 - App.src.log - INFO - 返回状态码:  200
2025-02-21 16:27:08,086 - App.src.log - INFO - 作业:680812806433406976,执行成功!
2025-02-21 16:27:08,087 - App.src.log - INFO - 建表语句请求发送中...
2025-02-21 16:27:08,320 - App.src.log - INFO - 返回状态码:  200
2025-02-21 16:27:08,321 - App.src.log - INFO - 发送创建DDL工作请求中...
2025-02-21 16:27:08,503 - App.src.log - INFO - 返回状态码:  200
2025-02-21 16:27:08,503 - App.src.log - INFO - 返回该作业id: 680812809671409664
2025-02-21 16:27:08,504 - App.src.log - INFO - 创建DDL作业成功
2025-02-21 16:27:08,504 - App.src.log - INFO - DDL作业ID:680812809671409664
2025-02-21 16:27:08,504 - App.src.log - INFO - 保存更新DDL作业请求发送中...
2025-02-21 16:27:08,605 - App.src.log - INFO - 返回状态码:  200
2025-02-21 16:27:08,605 - App.src.log - INFO - 运行测试参数作业请求发送中...
2025-02-21 16:27:08,673 - App.src.log - INFO - 返回状态码:  200
2025-02-21 16:27:08,674 - App.src.log - INFO - 执行作业请求发送中...
2025-02-21 16:27:08,780 - App.src.log - INFO - 返回状态码:  200
2025-02-21 16:27:08,781 - App.src.log - INFO - 作业:680812809671409664,执行成功!
2025-02-21 16:27:08,781 - App.src.log - INFO - 建表语句请求发送中...
2025-02-21 16:27:08,936 - App.src.log - INFO - 返回状态码:  200
2025-02-21 16:27:08,936 - App.src.log - INFO - 发送创建DDL工作请求中...
2025-02-21 16:27:09,089 - App.src.log - INFO - 返回状态码:  200
2025-02-21 16:27:09,089 - App.src.log - INFO - 返回该作业id: 680812812276072448
2025-02-21 16:27:09,089 - App.src.log - INFO - 创建DDL作业成功
2025-02-21 16:27:09,090 - App.src.log - INFO - DDL作业ID:680812812276072448
2025-02-21 16:27:09,090 - App.src.log - INFO - 保存更新DDL作业请求发送中...
2025-02-21 16:27:09,262 - App.src.log - INFO - 返回状态码:  200
2025-02-21 16:27:09,262 - App.src.log - INFO - 运行测试参数作业请求发送中...
2025-02-21 16:27:09,341 - App.src.log - INFO - 返回状态码:  200
2025-02-21 16:27:09,342 - App.src.log - INFO - 执行作业请求发送中...
2025-02-21 16:27:09,444 - App.src.log - INFO - 返回状态码:  200
2025-02-21 16:27:09,444 - App.src.log - INFO - 作业:680812812276072448,执行成功!
2025-02-21 16:27:09,444 - App.src.log - INFO - 建表语句请求发送中...
2025-02-21 16:27:09,712 - App.src.log - INFO - 返回状态码:  200
2025-02-21 16:27:09,712 - App.src.log - INFO - 发送创建DDL工作请求中...
2025-02-21 16:27:09,898 - App.src.log - INFO - 返回状态码:  200
2025-02-21 16:27:09,898 - App.src.log - INFO - 返回该作业id: 680812815522463744
2025-02-21 16:27:09,898 - App.src.log - INFO - 创建DDL作业成功
2025-02-21 16:27:09,898 - App.src.log - INFO - DDL作业ID:680812815522463744
2025-02-21 16:27:09,899 - App.src.log - INFO - 保存更新DDL作业请求发送中...
2025-02-21 16:27:10,001 - App.src.log - INFO - 返回状态码:  200
2025-02-21 16:27:10,001 - App.src.log - INFO - 运行测试参数作业请求发送中...
2025-02-21 16:27:10,084 - App.src.log - INFO - 返回状态码:  200
2025-02-21 16:27:10,084 - App.src.log - INFO - 执行作业请求发送中...
2025-02-21 16:27:10,208 - App.src.log - INFO - 返回状态码:  200
2025-02-21 16:27:10,209 - App.src.log - INFO - 作业:680812815522463744,执行成功!
2025-02-21 16:27:10,209 - App.src.log - INFO - 建表语句请求发送中...
2025-02-21 16:27:10,397 - App.src.log - INFO - 返回状态码:  200
2025-02-21 16:27:10,398 - App.src.log - INFO - 发送创建DDL工作请求中...
2025-02-21 16:27:10,624 - App.src.log - INFO - 返回状态码:  200
2025-02-21 16:27:10,624 - App.src.log - INFO - 返回该作业id: 680812818567528448
2025-02-21 16:27:10,624 - App.src.log - INFO - 创建DDL作业成功
2025-02-21 16:27:10,624 - App.src.log - INFO - DDL作业ID:680812818567528448
2025-02-21 16:27:10,625 - App.src.log - INFO - 保存更新DDL作业请求发送中...
2025-02-21 16:27:10,733 - App.src.log - INFO - 返回状态码:  200
2025-02-21 16:27:10,734 - App.src.log - INFO - 运行测试参数作业请求发送中...
2025-02-21 16:27:10,817 - App.src.log - INFO - 返回状态码:  200
2025-02-21 16:27:10,817 - App.src.log - INFO - 执行作业请求发送中...
2025-02-21 16:27:10,942 - App.src.log - INFO - 返回状态码:  200
2025-02-21 16:27:10,942 - App.src.log - INFO - 作业:680812818567528448,执行成功!
2025-02-21 16:27:10,943 - App.src.log - INFO - 建表语句请求发送中...
2025-02-21 16:27:11,108 - App.src.log - INFO - 返回状态码:  200
2025-02-21 16:27:11,108 - App.src.log - INFO - 发送创建DDL工作请求中...
2025-02-21 16:27:11,297 - App.src.log - INFO - 返回状态码:  200
2025-02-21 16:27:11,298 - App.src.log - INFO - 返回该作业id: 680812821373517824
2025-02-21 16:27:11,298 - App.src.log - INFO - 创建DDL作业成功
2025-02-21 16:27:11,298 - App.src.log - INFO - DDL作业ID:680812821373517824
2025-02-21 16:27:11,299 - App.src.log - INFO - 保存更新DDL作业请求发送中...
2025-02-21 16:27:11,438 - App.src.log - INFO - 返回状态码:  200
2025-02-21 16:27:11,438 - App.src.log - INFO - 运行测试参数作业请求发送中...
2025-02-21 16:27:11,514 - App.src.log - INFO - 返回状态码:  200
2025-02-21 16:27:11,515 - App.src.log - INFO - 执行作业请求发送中...
2025-02-21 16:27:11,593 - App.src.log - INFO - 返回状态码:  200
2025-02-21 16:27:11,594 - App.src.log - INFO - 作业:680812821373517824,执行成功!
2025-02-21 16:27:11,594 - App.src.log - INFO - 建表语句请求发送中...
2025-02-21 16:27:11,778 - App.src.log - INFO - 返回状态码:  200
2025-02-21 16:27:11,779 - App.src.log - INFO - 发送创建DDL工作请求中...
2025-02-21 16:27:11,968 - App.src.log - INFO - 返回状态码:  200
2025-02-21 16:27:11,968 - App.src.log - INFO - 返回该作业id: 680812824221450240
2025-02-21 16:27:11,968 - App.src.log - INFO - 创建DDL作业成功
2025-02-21 16:27:11,968 - App.src.log - INFO - DDL作业ID:680812824221450240
2025-02-21 16:27:11,969 - App.src.log - INFO - 保存更新DDL作业请求发送中...
2025-02-21 16:27:12,074 - App.src.log - INFO - 返回状态码:  200
2025-02-21 16:27:12,075 - App.src.log - INFO - 运行测试参数作业请求发送中...
2025-02-21 16:27:12,142 - App.src.log - INFO - 返回状态码:  200
2025-02-21 16:27:12,142 - App.src.log - INFO - 执行作业请求发送中...
2025-02-21 16:27:12,242 - App.src.log - INFO - 返回状态码:  200
2025-02-21 16:27:12,242 - App.src.log - INFO - 作业:680812824221450240,执行成功!
2025-02-21 16:27:12,243 - App.src.log - INFO - 建表语句请求发送中...
2025-02-21 16:27:12,445 - App.src.log - INFO - 返回状态码:  200
2025-02-21 16:27:12,445 - App.src.log - INFO - 发送创建DDL工作请求中...
2025-02-21 16:27:12,809 - App.src.log - INFO - 返回状态码:  200
2025-02-21 16:27:12,809 - App.src.log - INFO - 返回该作业id: 680812827002273792
2025-02-21 16:27:12,809 - App.src.log - INFO - 创建DDL作业成功
2025-02-21 16:27:12,809 - App.src.log - INFO - DDL作业ID:680812827002273792
2025-02-21 16:27:12,810 - App.src.log - INFO - 保存更新DDL作业请求发送中...
2025-02-21 16:27:13,066 - App.src.log - INFO - 返回状态码:  200
2025-02-21 16:27:13,067 - App.src.log - INFO - 运行测试参数作业请求发送中...
2025-02-21 16:27:13,324 - App.src.log - INFO - 返回状态码:  200
2025-02-21 16:27:13,324 - App.src.log - INFO - 执行作业请求发送中...
2025-02-21 16:27:13,426 - App.src.log - INFO - 返回状态码:  200
2025-02-21 16:27:13,426 - App.src.log - INFO - 作业:680812827002273792,执行成功!
2025-02-21 16:27:13,427 - App.src.log - INFO - 建表语句请求发送中...
2025-02-21 16:27:13,745 - App.src.log - INFO - 返回状态码:  200
2025-02-21 16:27:13,746 - App.src.log - INFO - 发送创建DDL工作请求中...
2025-02-21 16:27:14,089 - App.src.log - INFO - 返回状态码:  200
2025-02-21 16:27:14,089 - App.src.log - INFO - 返回该作业id: 680812832970768384
2025-02-21 16:27:14,090 - App.src.log - INFO - 创建DDL作业成功
2025-02-21 16:27:14,090 - App.src.log - INFO - DDL作业ID:680812832970768384
2025-02-21 16:27:14,091 - App.src.log - INFO - 保存更新DDL作业请求发送中...
2025-02-21 16:27:14,291 - App.src.log - INFO - 返回状态码:  200
2025-02-21 16:27:14,291 - App.src.log - INFO - 运行测试参数作业请求发送中...
2025-02-21 16:27:14,559 - App.src.log - INFO - 返回状态码:  200
2025-02-21 16:27:14,559 - App.src.log - INFO - 执行作业请求发送中...
2025-02-21 16:27:14,891 - App.src.log - INFO - 返回状态码:  200
2025-02-21 16:27:14,891 - App.src.log - INFO - 作业:680812832970768384,执行成功!
2025-02-21 16:27:14,892 - App.src.log - INFO - 建表语句请求发送中...
2025-02-21 16:27:16,211 - App.src.log - INFO - 返回状态码:  200
2025-02-21 16:27:16,211 - App.src.log - INFO - 发送创建DDL工作请求中...
2025-02-21 16:27:16,525 - App.src.log - INFO - 返回状态码:  200
2025-02-21 16:27:16,525 - App.src.log - INFO - 返回该作业id: 680812843242618880
2025-02-21 16:27:16,525 - App.src.log - INFO - 创建DDL作业成功
2025-02-21 16:27:16,525 - App.src.log - INFO - DDL作业ID:680812843242618880
2025-02-21 16:27:16,526 - App.src.log - INFO - 保存更新DDL作业请求发送中...
2025-02-21 16:27:16,914 - App.src.log - INFO - 返回状态码:  200
2025-02-21 16:27:16,914 - App.src.log - INFO - 运行测试参数作业请求发送中...
2025-02-21 16:27:17,217 - App.src.log - INFO - 返回状态码:  200
2025-02-21 16:27:17,217 - App.src.log - INFO - 执行作业请求发送中...
2025-02-21 16:27:17,439 - App.src.log - INFO - 返回状态码:  200
2025-02-21 16:27:17,440 - App.src.log - INFO - 作业:680812843242618880,执行成功!
2025-02-21 16:27:17,440 - App.src.log - INFO - 建表语句请求发送中...
2025-02-21 16:27:17,576 - App.src.log - INFO - 返回状态码:  200
2025-02-21 16:27:17,576 - App.src.log - INFO - 发送创建DDL工作请求中...
2025-02-21 16:27:17,761 - App.src.log - INFO - 返回状态码:  200
2025-02-21 16:27:17,761 - App.src.log - INFO - 返回该作业id: 680812848468721664
2025-02-21 16:27:17,761 - App.src.log - INFO - 创建DDL作业成功
2025-02-21 16:27:17,761 - App.src.log - INFO - DDL作业ID:680812848468721664
2025-02-21 16:27:17,762 - App.src.log - INFO - 保存更新DDL作业请求发送中...
2025-02-21 16:27:17,888 - App.src.log - INFO - 返回状态码:  200
2025-02-21 16:27:17,888 - App.src.log - INFO - 运行测试参数作业请求发送中...
2025-02-21 16:27:18,009 - App.src.log - INFO - 返回状态码:  200
2025-02-21 16:27:18,009 - App.src.log - INFO - 执行作业请求发送中...
2025-02-21 16:27:18,085 - App.src.log - INFO - 返回状态码:  200
2025-02-21 16:27:18,086 - App.src.log - INFO - 作业:680812848468721664,执行成功!
2025-02-21 16:27:18,086 - App.src.log - INFO - 建表语句请求发送中...
2025-02-21 16:27:18,275 - App.src.log - INFO - 返回状态码:  200
2025-02-21 16:27:18,277 - App.src.log - INFO - 发送创建DDL工作请求中...
2025-02-21 16:27:18,473 - App.src.log - INFO - 返回状态码:  200
2025-02-21 16:27:18,473 - App.src.log - INFO - 返回该作业id: 680812851442483200
2025-02-21 16:27:18,474 - App.src.log - INFO - 创建DDL作业成功
2025-02-21 16:27:18,474 - App.src.log - INFO - DDL作业ID:680812851442483200
2025-02-21 16:27:18,474 - App.src.log - INFO - 保存更新DDL作业请求发送中...
2025-02-21 16:27:18,593 - App.src.log - INFO - 返回状态码:  200
2025-02-21 16:27:18,594 - App.src.log - INFO - 运行测试参数作业请求发送中...
2025-02-21 16:27:18,688 - App.src.log - INFO - 返回状态码:  200
2025-02-21 16:27:18,688 - App.src.log - INFO - 执行作业请求发送中...
2025-02-21 16:27:18,782 - App.src.log - INFO - 返回状态码:  200
2025-02-21 16:27:18,782 - App.src.log - INFO - 作业:680812851442483200,执行成功!
2025-02-21 16:27:18,782 - App.src.log - INFO - 建表语句请求发送中...
2025-02-21 16:27:18,984 - App.src.log - INFO - 返回状态码:  200
2025-02-21 16:27:18,985 - App.src.log - INFO - 发送创建DDL工作请求中...
2025-02-21 16:27:19,186 - App.src.log - INFO - 返回状态码:  200
2025-02-21 16:27:19,186 - App.src.log - INFO - 返回该作业id: 680812854407856128
2025-02-21 16:27:19,186 - App.src.log - INFO - 创建DDL作业成功
2025-02-21 16:27:19,186 - App.src.log - INFO - DDL作业ID:680812854407856128
2025-02-21 16:27:19,187 - App.src.log - INFO - 保存更新DDL作业请求发送中...
2025-02-21 16:27:19,289 - App.src.log - INFO - 返回状态码:  200
2025-02-21 16:27:19,289 - App.src.log - INFO - 运行测试参数作业请求发送中...
2025-02-21 16:27:19,357 - App.src.log - INFO - 返回状态码:  200
2025-02-21 16:27:19,357 - App.src.log - INFO - 执行作业请求发送中...
2025-02-21 16:27:19,425 - App.src.log - INFO - 返回状态码:  200
2025-02-21 16:27:19,425 - App.src.log - INFO - 作业:680812854407856128,执行成功!
2025-02-21 16:27:19,425 - App.src.log - INFO - 建表语句请求发送中...
2025-02-21 16:27:19,542 - App.src.log - INFO - 返回状态码:  200
2025-02-21 16:27:19,542 - App.src.log - INFO - 发送创建DDL工作请求中...
2025-02-21 16:27:19,726 - App.src.log - INFO - 返回状态码:  200
2025-02-21 16:27:19,726 - App.src.log - INFO - 返回该作业id: 680812856756666368
2025-02-21 16:27:19,727 - App.src.log - INFO - 创建DDL作业成功
2025-02-21 16:27:19,727 - App.src.log - INFO - DDL作业ID:680812856756666368
2025-02-21 16:27:19,727 - App.src.log - INFO - 保存更新DDL作业请求发送中...
2025-02-21 16:27:19,867 - App.src.log - INFO - 返回状态码:  200
2025-02-21 16:27:19,867 - App.src.log - INFO - 运行测试参数作业请求发送中...
2025-02-21 16:27:19,976 - App.src.log - INFO - 返回状态码:  200
2025-02-21 16:27:19,976 - App.src.log - INFO - 执行作业请求发送中...
2025-02-21 16:27:20,053 - App.src.log - INFO - 返回状态码:  200
2025-02-21 16:27:20,053 - App.src.log - INFO - 作业:680812856756666368,执行成功!
2025-02-21 16:27:20,054 - App.src.log - INFO - 建表语句请求发送中...
2025-02-21 16:27:20,224 - App.src.log - INFO - 返回状态码:  200
2025-02-21 16:27:20,225 - App.src.log - INFO - 发送创建DDL工作请求中...
2025-02-21 16:27:20,408 - App.src.log - INFO - 返回状态码:  200
2025-02-21 16:27:20,408 - App.src.log - INFO - 返回该作业id: 680812859604598784
2025-02-21 16:27:20,408 - App.src.log - INFO - 创建DDL作业成功
2025-02-21 16:27:20,408 - App.src.log - INFO - DDL作业ID:680812859604598784
2025-02-21 16:27:20,409 - App.src.log - INFO - 保存更新DDL作业请求发送中...
2025-02-21 16:27:20,548 - App.src.log - INFO - 返回状态码:  200
2025-02-21 16:27:20,548 - App.src.log - INFO - 运行测试参数作业请求发送中...
2025-02-21 16:27:20,625 - App.src.log - INFO - 返回状态码:  200
2025-02-21 16:27:20,625 - App.src.log - INFO - 执行作业请求发送中...
2025-02-21 16:27:20,701 - App.src.log - INFO - 返回状态码:  200
2025-02-21 16:27:20,701 - App.src.log - INFO - 作业:680812859604598784,执行成功!
2025-02-21 16:27:20,702 - App.src.log - INFO - 建表语句请求发送中...
2025-02-21 16:27:20,808 - App.src.log - INFO - 返回状态码:  200
2025-02-21 16:27:20,808 - App.src.log - INFO - 发送创建DDL工作请求中...
2025-02-21 16:27:20,995 - App.src.log - INFO - 返回状态码:  200
2025-02-21 16:27:20,995 - App.src.log - INFO - 返回该作业id: 680812862028906496
2025-02-21 16:27:20,995 - App.src.log - INFO - 创建DDL作业成功
2025-02-21 16:27:20,995 - App.src.log - INFO - DDL作业ID:680812862028906496
2025-02-21 16:27:20,996 - App.src.log - INFO - 保存更新DDL作业请求发送中...
2025-02-21 16:27:21,091 - App.src.log - INFO - 返回状态码:  200
2025-02-21 16:27:21,092 - App.src.log - INFO - 运行测试参数作业请求发送中...
2025-02-21 16:27:21,153 - App.src.log - INFO - 返回状态码:  200
2025-02-21 16:27:21,153 - App.src.log - INFO - 执行作业请求发送中...
2025-02-21 16:27:21,244 - App.src.log - INFO - 返回状态码:  200
2025-02-21 16:27:21,244 - App.src.log - INFO - 作业:680812862028906496,执行成功!
2025-02-21 16:27:21,245 - App.src.log - INFO - 建表语句请求发送中...
2025-02-21 16:27:21,357 - App.src.log - INFO - 返回状态码:  200
2025-02-21 16:27:21,357 - App.src.log - INFO - 发送创建DDL工作请求中...
2025-02-21 16:27:21,548 - App.src.log - INFO - 返回状态码:  200
2025-02-21 16:27:21,548 - App.src.log - INFO - 返回该作业id: 680812864339968000
2025-02-21 16:27:21,548 - App.src.log - INFO - 创建DDL作业成功
2025-02-21 16:27:21,548 - App.src.log - INFO - DDL作业ID:680812864339968000
2025-02-21 16:27:21,549 - App.src.log - INFO - 保存更新DDL作业请求发送中...
2025-02-21 16:27:21,652 - App.src.log - INFO - 返回状态码:  200
2025-02-21 16:27:21,652 - App.src.log - INFO - 运行测试参数作业请求发送中...
2025-02-21 16:27:21,710 - App.src.log - INFO - 返回状态码:  200
2025-02-21 16:27:21,711 - App.src.log - INFO - 执行作业请求发送中...
2025-02-21 16:27:21,787 - App.src.log - INFO - 返回状态码:  200
2025-02-21 16:27:21,787 - App.src.log - INFO - 作业:680812864339968000,执行成功!
2025-02-21 16:27:21,788 - App.src.log - INFO - 建表语句请求发送中...
2025-02-21 16:27:21,912 - App.src.log - INFO - 返回状态码:  200
2025-02-21 16:27:21,913 - App.src.log - INFO - 发送创建DDL工作请求中...
2025-02-21 16:27:22,110 - App.src.log - INFO - 返回状态码:  200
2025-02-21 16:27:22,110 - App.src.log - INFO - 返回该作业id: 680812866684583936
2025-02-21 16:27:22,110 - App.src.log - INFO - 创建DDL作业成功
2025-02-21 16:27:22,110 - App.src.log - INFO - DDL作业ID:680812866684583936
2025-02-21 16:27:22,111 - App.src.log - INFO - 保存更新DDL作业请求发送中...
2025-02-21 16:27:22,209 - App.src.log - INFO - 返回状态码:  200
2025-02-21 16:27:22,209 - App.src.log - INFO - 运行测试参数作业请求发送中...
2025-02-21 16:27:22,281 - App.src.log - INFO - 返回状态码:  200
2025-02-21 16:27:22,281 - App.src.log - INFO - 执行作业请求发送中...
2025-02-21 16:27:22,391 - App.src.log - INFO - 返回状态码:  200
2025-02-21 16:27:22,392 - App.src.log - INFO - 作业:680812866684583936,执行成功!
2025-02-21 16:27:22,392 - App.src.log - INFO - 建表语句请求发送中...
2025-02-21 16:27:22,489 - App.src.log - INFO - 返回状态码:  200
2025-02-21 16:27:22,489 - App.src.log - INFO - 发送创建DDL工作请求中...
2025-02-21 16:27:22,700 - App.src.log - INFO - 返回状态码:  200
2025-02-21 16:27:22,700 - App.src.log - INFO - 返回该作业id: 680812869155028992
2025-02-21 16:27:22,700 - App.src.log - INFO - 创建DDL作业成功
2025-02-21 16:27:22,700 - App.src.log - INFO - DDL作业ID:680812869155028992
2025-02-21 16:27:22,701 - App.src.log - INFO - 保存更新DDL作业请求发送中...
2025-02-21 16:27:22,800 - App.src.log - INFO - 返回状态码:  200
2025-02-21 16:27:22,800 - App.src.log - INFO - 运行测试参数作业请求发送中...
2025-02-21 16:27:22,885 - App.src.log - INFO - 返回状态码:  200
2025-02-21 16:27:22,885 - App.src.log - INFO - 执行作业请求发送中...
2025-02-21 16:27:22,979 - App.src.log - INFO - 返回状态码:  200
2025-02-21 16:27:22,980 - App.src.log - INFO - 作业:680812869155028992,执行成功!
2025-02-21 16:27:22,980 - App.src.log - INFO - 建表语句请求发送中...
2025-02-21 16:27:23,117 - App.src.log - INFO - 返回状态码:  200
2025-02-21 16:27:23,118 - App.src.log - INFO - 发送创建DDL工作请求中...
2025-02-21 16:27:23,304 - App.src.log - INFO - 返回状态码:  200
2025-02-21 16:27:23,305 - App.src.log - INFO - 返回该作业id: 680812871734525952
2025-02-21 16:27:23,305 - App.src.log - INFO - 创建DDL作业成功
2025-02-21 16:27:23,305 - App.src.log - INFO - DDL作业ID:680812871734525952
2025-02-21 16:27:23,306 - App.src.log - INFO - 保存更新DDL作业请求发送中...
2025-02-21 16:27:23,420 - App.src.log - INFO - 返回状态码:  200
2025-02-21 16:27:23,420 - App.src.log - INFO - 运行测试参数作业请求发送中...
2025-02-21 16:27:23,492 - App.src.log - INFO - 返回状态码:  200
2025-02-21 16:27:23,492 - App.src.log - INFO - 执行作业请求发送中...
2025-02-21 16:27:23,659 - App.src.log - INFO - 返回状态码:  200
2025-02-21 16:27:23,660 - App.src.log - INFO - 作业:680812871734525952,执行成功!
2025-02-21 16:27:23,660 - App.src.log - INFO - 建表语句请求发送中...
2025-02-21 16:27:23,759 - App.src.log - INFO - 返回状态码:  200
2025-02-21 16:27:23,760 - App.src.log - INFO - 发送创建DDL工作请求中...
2025-02-21 16:27:23,939 - App.src.log - INFO - 返回状态码:  200
2025-02-21 16:27:23,939 - App.src.log - INFO - 返回该作业id: 680812874444046336
2025-02-21 16:27:23,940 - App.src.log - INFO - 创建DDL作业成功
2025-02-21 16:27:23,940 - App.src.log - INFO - DDL作业ID:680812874444046336
2025-02-21 16:27:23,940 - App.src.log - INFO - 保存更新DDL作业请求发送中...
2025-02-21 16:27:24,040 - App.src.log - INFO - 返回状态码:  200
2025-02-21 16:27:24,040 - App.src.log - INFO - 运行测试参数作业请求发送中...
2025-02-21 16:27:24,144 - App.src.log - INFO - 返回状态码:  200
2025-02-21 16:27:24,144 - App.src.log - INFO - 执行作业请求发送中...
2025-02-21 16:27:24,235 - App.src.log - INFO - 返回状态码:  200
2025-02-21 16:27:24,236 - App.src.log - INFO - 作业:680812874444046336,执行成功!
