2025-02-24 09:32:54,777 - App.src.log - WARNING - 未获取到项目目录信息，正在获取项目目录
2025-02-24 09:32:54,777 - App.src.log - WARNING - 未获取到项目信息，正在获取项目
2025-02-24 09:32:54,777 - App.src.log - INFO - 发送查询项目请求中...
2025-02-24 09:32:54,873 - App.src.log - INFO - 返回状态码:  200
2025-02-24 09:32:54,873 - App.src.log - INFO - 项目名称:农险统计分析项目,项目ID:659865788999532544,环境ID:660123898615955456
2025-02-24 09:32:54,873 - App.src.log - INFO - 项目名称:保单域模型开发,项目ID:660489178949091328,环境ID:660489357961986048
2025-02-24 09:32:54,873 - App.src.log - INFO - 项目名称:理赔域模型开发,项目ID:664105169524359168,环境ID:664110609901551616
2025-02-24 09:32:54,873 - App.src.log - INFO - 项目名称:收付域模型开发,项目ID:665558091214880768,环境ID:665558589229760512
2025-02-24 09:32:54,873 - App.src.log - INFO - 项目名称:产品域模型开发,项目ID:667309876069793792,环境ID:667310114419507200
2025-02-24 09:32:54,873 - App.src.log - INFO - 项目名称:公共域模型开发,项目ID:667309925382225920,环境ID:667310350181335040
2025-02-24 09:32:54,873 - App.src.log - INFO - 项目名称:销管域模型开发,项目ID:669492845551288320,环境ID:669492992658112512
2025-02-24 09:32:54,873 - App.src.log - INFO - 项目名称:机构域模型开发,项目ID:669499243865571328,环境ID:669499579246313472
2025-02-24 09:32:54,873 - App.src.log - INFO - 项目名称:财务域模型开发,项目ID:669499189998125056,环境ID:669500013042204672
2025-02-24 09:32:54,873 - App.src.log - INFO - 项目名称:再保域模型开发,项目ID:669540045408960512,环境ID:669540279086219264
2025-02-24 09:32:54,873 - App.src.log - INFO - 项目名称:客户域模型开发,项目ID:669544231576010752,环境ID:669544379244871680
2025-02-24 09:32:54,873 - App.src.log - INFO - 项目名称:系统配置域模型开发,项目ID:669567632545939456,环境ID:669567973840650240
2025-02-24 09:32:54,874 - App.src.log - INFO - 项目名称:监管报送,项目ID:680416668777709568,环境ID:680417741324156928
2025-02-24 09:32:54,874 - App.src.log - INFO - 项目名称:新农险域模型开发,项目ID:680809261319585792,环境ID:680809423555264512
2025-02-24 09:32:54,874 - App.src.log - INFO - 查询项目成功
2025-02-24 09:32:54,874 - App.src.log - INFO - 发送查询数据开发作业请求中...
2025-02-24 09:32:54,966 - App.src.log - INFO - 返回状态码:  200
2025-02-24 09:32:54,967 - App.src.log - INFO - 查询离线作业成功
2025-02-24 09:32:54,967 - App.src.log - INFO - 建表语句请求发送中...
2025-02-24 09:32:55,531 - App.src.log - INFO - 返回状态码:  200
2025-02-24 09:32:55,532 - App.src.log - INFO - 发送创建DDL工作请求中...
2025-02-24 09:32:55,760 - App.src.log - INFO - 返回状态码:  200
2025-02-24 09:32:55,760 - App.src.log - INFO - 返回该作业id: 681795721749331968
2025-02-24 09:32:55,761 - App.src.log - INFO - 创建DDL作业成功
2025-02-24 09:32:55,761 - App.src.log - INFO - DDL作业ID:681795721749331968
2025-02-24 09:32:55,777 - App.src.log - INFO - 保存更新DDL作业请求发送中...
2025-02-24 09:32:55,955 - App.src.log - INFO - 返回状态码:  200
2025-02-24 09:32:55,956 - App.src.log - INFO - 运行测试参数作业请求发送中...
2025-02-24 09:32:56,081 - App.src.log - INFO - 返回状态码:  200
2025-02-24 09:32:56,081 - App.src.log - INFO - 执行作业请求发送中...
2025-02-24 09:32:56,164 - App.src.log - INFO - 返回状态码:  200
2025-02-24 09:32:56,164 - App.src.log - INFO - 作业:681795721749331968,执行成功!
2025-02-24 09:32:56,165 - App.src.log - INFO - 建表语句请求发送中...
2025-02-24 09:32:56,412 - App.src.log - INFO - 返回状态码:  200
2025-02-24 09:32:56,412 - App.src.log - INFO - 发送创建DDL工作请求中...
2025-02-24 09:32:56,629 - App.src.log - INFO - 返回状态码:  200
2025-02-24 09:32:56,629 - App.src.log - INFO - 返回该作业id: 681795725431930880
2025-02-24 09:32:56,629 - App.src.log - INFO - 创建DDL作业成功
2025-02-24 09:32:56,629 - App.src.log - INFO - DDL作业ID:681795725431930880
2025-02-24 09:32:56,630 - App.src.log - INFO - 保存更新DDL作业请求发送中...
2025-02-24 09:32:56,779 - App.src.log - INFO - 返回状态码:  200
2025-02-24 09:32:56,780 - App.src.log - INFO - 运行测试参数作业请求发送中...
2025-02-24 09:32:56,858 - App.src.log - INFO - 返回状态码:  200
2025-02-24 09:32:56,859 - App.src.log - INFO - 执行作业请求发送中...
2025-02-24 09:32:56,940 - App.src.log - INFO - 返回状态码:  200
2025-02-24 09:32:56,940 - App.src.log - INFO - 作业:681795725431930880,执行成功!
2025-02-24 09:32:56,941 - App.src.log - INFO - 建表语句请求发送中...
2025-02-24 09:32:57,306 - App.src.log - INFO - 返回状态码:  200
2025-02-24 09:32:57,306 - App.src.log - INFO - 发送创建DDL工作请求中...
2025-02-24 09:32:57,546 - App.src.log - INFO - 返回状态码:  200
2025-02-24 09:32:57,546 - App.src.log - INFO - 返回该作业id: 681795729252941824
2025-02-24 09:32:57,547 - App.src.log - INFO - 创建DDL作业成功
2025-02-24 09:32:57,547 - App.src.log - INFO - DDL作业ID:681795729252941824
2025-02-24 09:32:57,547 - App.src.log - INFO - 保存更新DDL作业请求发送中...
2025-02-24 09:32:57,715 - App.src.log - INFO - 返回状态码:  200
2025-02-24 09:32:57,716 - App.src.log - INFO - 运行测试参数作业请求发送中...
2025-02-24 09:32:57,803 - App.src.log - INFO - 返回状态码:  200
2025-02-24 09:32:57,804 - App.src.log - INFO - 执行作业请求发送中...
2025-02-24 09:32:57,891 - App.src.log - INFO - 返回状态码:  200
2025-02-24 09:32:57,891 - App.src.log - INFO - 作业:681795729252941824,执行成功!
2025-02-24 09:32:57,892 - App.src.log - INFO - 建表语句请求发送中...
2025-02-24 09:32:58,054 - App.src.log - INFO - 返回状态码:  200
2025-02-24 09:32:58,055 - App.src.log - INFO - 发送创建DDL工作请求中...
2025-02-24 09:32:58,281 - App.src.log - INFO - 返回状态码:  200
2025-02-24 09:32:58,282 - App.src.log - INFO - 返回该作业id: 681795732360921088
2025-02-24 09:32:58,282 - App.src.log - INFO - 创建DDL作业成功
2025-02-24 09:32:58,282 - App.src.log - INFO - DDL作业ID:681795732360921088
2025-02-24 09:32:58,282 - App.src.log - INFO - 保存更新DDL作业请求发送中...
2025-02-24 09:32:58,397 - App.src.log - INFO - 返回状态码:  200
2025-02-24 09:32:58,398 - App.src.log - INFO - 运行测试参数作业请求发送中...
2025-02-24 09:32:58,510 - App.src.log - INFO - 返回状态码:  200
2025-02-24 09:32:58,510 - App.src.log - INFO - 执行作业请求发送中...
2025-02-24 09:32:58,632 - App.src.log - INFO - 返回状态码:  200
2025-02-24 09:32:58,632 - App.src.log - INFO - 作业:681795732360921088,执行成功!
2025-02-24 09:32:58,633 - App.src.log - INFO - 建表语句请求发送中...
2025-02-24 09:32:58,933 - App.src.log - INFO - 返回状态码:  200
2025-02-24 09:32:58,933 - App.src.log - INFO - 发送创建DDL工作请求中...
2025-02-24 09:32:59,148 - App.src.log - INFO - 返回状态码:  200
2025-02-24 09:32:59,148 - App.src.log - INFO - 返回该作业id: 681795735968022528
2025-02-24 09:32:59,148 - App.src.log - INFO - 创建DDL作业成功
2025-02-24 09:32:59,148 - App.src.log - INFO - DDL作业ID:681795735968022528
2025-02-24 09:32:59,149 - App.src.log - INFO - 保存更新DDL作业请求发送中...
2025-02-24 09:32:59,264 - App.src.log - INFO - 返回状态码:  200
2025-02-24 09:32:59,265 - App.src.log - INFO - 运行测试参数作业请求发送中...
2025-02-24 09:32:59,370 - App.src.log - INFO - 返回状态码:  200
2025-02-24 09:32:59,370 - App.src.log - INFO - 执行作业请求发送中...
2025-02-24 09:32:59,452 - App.src.log - INFO - 返回状态码:  200
2025-02-24 09:32:59,452 - App.src.log - INFO - 作业:681795735968022528,执行成功!
