2025-02-21 17:02:40,780 - App.src.log - WARNING - 未获取到项目目录信息，正在获取项目目录
2025-02-21 17:02:40,780 - App.src.log - WARNING - 未获取到项目信息，正在获取项目
2025-02-21 17:02:40,780 - App.src.log - INFO - 发送查询项目请求中...
2025-02-21 17:02:40,861 - App.src.log - INFO - 返回状态码:  200
2025-02-21 17:02:40,861 - App.src.log - INFO - 项目名称:农险统计分析项目,项目ID:659865788999532544,环境ID:660123898615955456
2025-02-21 17:02:40,861 - App.src.log - INFO - 项目名称:保单域模型开发,项目ID:660489178949091328,环境ID:660489357961986048
2025-02-21 17:02:40,866 - App.src.log - INFO - 项目名称:理赔域模型开发,项目ID:664105169524359168,环境ID:664110609901551616
2025-02-21 17:02:40,866 - App.src.log - INFO - 项目名称:收付域模型开发,项目ID:665558091214880768,环境ID:665558589229760512
2025-02-21 17:02:40,866 - App.src.log - INFO - 项目名称:产品域模型开发,项目ID:667309876069793792,环境ID:667310114419507200
2025-02-21 17:02:40,867 - App.src.log - INFO - 项目名称:公共域模型开发,项目ID:667309925382225920,环境ID:667310350181335040
2025-02-21 17:02:40,867 - App.src.log - INFO - 项目名称:销管域模型开发,项目ID:669492845551288320,环境ID:669492992658112512
2025-02-21 17:02:40,867 - App.src.log - INFO - 项目名称:机构域模型开发,项目ID:669499243865571328,环境ID:669499579246313472
2025-02-21 17:02:40,867 - App.src.log - INFO - 项目名称:财务域模型开发,项目ID:669499189998125056,环境ID:669500013042204672
2025-02-21 17:02:40,867 - App.src.log - INFO - 项目名称:再保域模型开发,项目ID:669540045408960512,环境ID:669540279086219264
2025-02-21 17:02:40,867 - App.src.log - INFO - 项目名称:客户域模型开发,项目ID:669544231576010752,环境ID:669544379244871680
2025-02-21 17:02:40,867 - App.src.log - INFO - 项目名称:系统配置域模型开发,项目ID:669567632545939456,环境ID:669567973840650240
2025-02-21 17:02:40,867 - App.src.log - INFO - 项目名称:监管报送,项目ID:680416668777709568,环境ID:680417741324156928
2025-02-21 17:02:40,867 - App.src.log - INFO - 项目名称:新农险域模型开发,项目ID:680809261319585792,环境ID:680809423555264512
2025-02-21 17:02:40,867 - App.src.log - INFO - 查询项目成功
2025-02-21 17:02:40,867 - App.src.log - INFO - 发送查询数据开发作业请求中...
2025-02-21 17:02:40,958 - App.src.log - INFO - 返回状态码:  200
2025-02-21 17:02:40,959 - App.src.log - INFO - 查询离线作业成功
2025-02-21 17:02:40,960 - App.src.log - INFO - 建表语句请求发送中...
2025-02-21 17:02:41,023 - App.src.log - INFO - 返回状态码:  200
2025-02-21 17:02:41,024 - App.src.log - INFO - 发送创建DDL工作请求中...
2025-02-21 17:02:41,217 - App.src.log - INFO - 返回状态码:  200
2025-02-21 17:02:41,217 - App.src.log - INFO - 返回该作业id: 680821754897104896
2025-02-21 17:02:41,217 - App.src.log - INFO - 创建DDL作业成功
2025-02-21 17:02:41,217 - App.src.log - INFO - DDL作业ID:680821754897104896
2025-02-21 17:02:41,218 - App.src.log - INFO - 保存更新DDL作业请求发送中...
2025-02-21 17:02:41,374 - App.src.log - INFO - 返回状态码:  200
2025-02-21 17:02:41,374 - App.src.log - INFO - 运行测试参数作业请求发送中...
2025-02-21 17:02:41,497 - App.src.log - INFO - 返回状态码:  200
2025-02-21 17:02:41,497 - App.src.log - INFO - 执行作业请求发送中...
2025-02-21 17:02:41,587 - App.src.log - INFO - 返回状态码:  200
2025-02-21 17:02:41,587 - App.src.log - INFO - 作业:680821754897104896,执行成功!
2025-02-21 17:02:41,588 - App.src.log - INFO - 建表语句请求发送中...
2025-02-21 17:02:41,694 - App.src.log - INFO - 返回状态码:  200
2025-02-21 17:02:41,695 - App.src.log - INFO - 发送创建DDL工作请求中...
2025-02-21 17:02:41,880 - App.src.log - INFO - 返回状态码:  200
2025-02-21 17:02:41,880 - App.src.log - INFO - 返回该作业id: 680821757703094272
2025-02-21 17:02:41,880 - App.src.log - INFO - 创建DDL作业成功
2025-02-21 17:02:41,880 - App.src.log - INFO - DDL作业ID:680821757703094272
2025-02-21 17:02:41,881 - App.src.log - INFO - 保存更新DDL作业请求发送中...
2025-02-21 17:02:42,033 - App.src.log - INFO - 返回状态码:  200
2025-02-21 17:02:42,033 - App.src.log - INFO - 运行测试参数作业请求发送中...
2025-02-21 17:02:42,126 - App.src.log - INFO - 返回状态码:  200
2025-02-21 17:02:42,127 - App.src.log - INFO - 执行作业请求发送中...
2025-02-21 17:02:42,283 - App.src.log - INFO - 返回状态码:  200
2025-02-21 17:02:42,283 - App.src.log - INFO - 作业:680821757703094272,执行成功!
2025-02-21 17:02:42,284 - App.src.log - INFO - 建表语句请求发送中...
2025-02-21 17:02:42,358 - App.src.log - INFO - 返回状态码:  200
2025-02-21 17:02:42,358 - App.src.log - INFO - 发送创建DDL工作请求中...
2025-02-21 17:02:42,575 - App.src.log - INFO - 返回状态码:  200
2025-02-21 17:02:42,575 - App.src.log - INFO - 返回该作业id: 680821760580386816
2025-02-21 17:02:42,576 - App.src.log - INFO - 创建DDL作业成功
2025-02-21 17:02:42,576 - App.src.log - INFO - DDL作业ID:680821760580386816
2025-02-21 17:02:42,576 - App.src.log - INFO - 保存更新DDL作业请求发送中...
2025-02-21 17:02:42,729 - App.src.log - INFO - 返回状态码:  200
2025-02-21 17:02:42,730 - App.src.log - INFO - 运行测试参数作业请求发送中...
2025-02-21 17:02:42,794 - App.src.log - INFO - 返回状态码:  200
2025-02-21 17:02:42,794 - App.src.log - INFO - 执行作业请求发送中...
2025-02-21 17:02:42,920 - App.src.log - INFO - 返回状态码:  200
2025-02-21 17:02:42,920 - App.src.log - INFO - 作业:680821760580386816,执行成功!
2025-02-21 17:02:42,921 - App.src.log - INFO - 建表语句请求发送中...
2025-02-21 17:02:42,973 - App.src.log - INFO - 返回状态码:  200
2025-02-21 17:02:42,974 - App.src.log - INFO - 发送创建DDL工作请求中...
2025-02-21 17:02:43,226 - App.src.log - INFO - 返回状态码:  200
2025-02-21 17:02:43,226 - App.src.log - INFO - 返回该作业id: 680821763348627456
2025-02-21 17:02:43,226 - App.src.log - INFO - 创建DDL作业成功
2025-02-21 17:02:43,226 - App.src.log - INFO - DDL作业ID:680821763348627456
2025-02-21 17:02:43,227 - App.src.log - INFO - 保存更新DDL作业请求发送中...
2025-02-21 17:02:43,334 - App.src.log - INFO - 返回状态码:  200
2025-02-21 17:02:43,334 - App.src.log - INFO - 运行测试参数作业请求发送中...
2025-02-21 17:02:43,399 - App.src.log - INFO - 返回状态码:  200
2025-02-21 17:02:43,400 - App.src.log - INFO - 执行作业请求发送中...
2025-02-21 17:02:43,522 - App.src.log - INFO - 返回状态码:  200
2025-02-21 17:02:43,522 - App.src.log - INFO - 作业:680821763348627456,执行成功!
2025-02-21 17:02:43,523 - App.src.log - INFO - 建表语句请求发送中...
2025-02-21 17:02:43,584 - App.src.log - INFO - 返回状态码:  200
2025-02-21 17:02:43,584 - App.src.log - INFO - 发送创建DDL工作请求中...
2025-02-21 17:02:43,770 - App.src.log - INFO - 返回状态码:  200
2025-02-21 17:02:43,770 - App.src.log - INFO - 返回该作业id: 680821765647106048
2025-02-21 17:02:43,771 - App.src.log - INFO - 创建DDL作业成功
2025-02-21 17:02:43,771 - App.src.log - INFO - DDL作业ID:680821765647106048
2025-02-21 17:02:43,771 - App.src.log - INFO - 保存更新DDL作业请求发送中...
2025-02-21 17:02:43,961 - App.src.log - INFO - 返回状态码:  200
2025-02-21 17:02:43,961 - App.src.log - INFO - 运行测试参数作业请求发送中...
2025-02-21 17:02:44,014 - App.src.log - INFO - 返回状态码:  200
2025-02-21 17:02:44,014 - App.src.log - INFO - 执行作业请求发送中...
2025-02-21 17:02:44,135 - App.src.log - INFO - 返回状态码:  200
2025-02-21 17:02:44,135 - App.src.log - INFO - 作业:680821765647106048,执行成功!
2025-02-21 17:02:44,135 - App.src.log - INFO - 建表语句请求发送中...
2025-02-21 17:02:44,238 - App.src.log - INFO - 返回状态码:  200
2025-02-21 17:02:44,240 - App.src.log - INFO - 发送创建DDL工作请求中...
2025-02-21 17:02:44,390 - App.src.log - INFO - 返回状态码:  200
2025-02-21 17:02:44,390 - App.src.log - INFO - 返回该作业id: 680821768398569472
2025-02-21 17:02:44,391 - App.src.log - INFO - 创建DDL作业成功
2025-02-21 17:02:44,391 - App.src.log - INFO - DDL作业ID:680821768398569472
2025-02-21 17:02:44,391 - App.src.log - INFO - 保存更新DDL作业请求发送中...
2025-02-21 17:02:44,532 - App.src.log - INFO - 返回状态码:  200
2025-02-21 17:02:44,533 - App.src.log - INFO - 运行测试参数作业请求发送中...
2025-02-21 17:02:44,597 - App.src.log - INFO - 返回状态码:  200
2025-02-21 17:02:44,597 - App.src.log - INFO - 执行作业请求发送中...
2025-02-21 17:02:44,750 - App.src.log - INFO - 返回状态码:  200
2025-02-21 17:02:44,750 - App.src.log - INFO - 作业:680821768398569472,执行成功!
2025-02-21 17:02:44,750 - App.src.log - INFO - 建表语句请求发送中...
2025-02-21 17:02:44,827 - App.src.log - INFO - 返回状态码:  200
2025-02-21 17:02:44,827 - App.src.log - INFO - 发送创建DDL工作请求中...
2025-02-21 17:02:44,963 - App.src.log - INFO - 返回状态码:  200
2025-02-21 17:02:44,963 - App.src.log - INFO - 返回该作业id: 680821770860625920
2025-02-21 17:02:44,963 - App.src.log - INFO - 创建DDL作业成功
2025-02-21 17:02:44,963 - App.src.log - INFO - DDL作业ID:680821770860625920
2025-02-21 17:02:44,964 - App.src.log - INFO - 保存更新DDL作业请求发送中...
2025-02-21 17:02:45,073 - App.src.log - INFO - 返回状态码:  200
2025-02-21 17:02:45,073 - App.src.log - INFO - 运行测试参数作业请求发送中...
2025-02-21 17:02:45,150 - App.src.log - INFO - 返回状态码:  200
2025-02-21 17:02:45,151 - App.src.log - INFO - 执行作业请求发送中...
2025-02-21 17:02:45,258 - App.src.log - INFO - 返回状态码:  200
2025-02-21 17:02:45,258 - App.src.log - INFO - 作业:680821770860625920,执行成功!
2025-02-21 17:02:45,258 - App.src.log - INFO - 建表语句请求发送中...
2025-02-21 17:02:45,303 - App.src.log - INFO - 返回状态码:  200
2025-02-21 17:02:45,303 - App.src.log - INFO - 发送创建DDL工作请求中...
2025-02-21 17:02:45,535 - App.src.log - INFO - 返回状态码:  200
2025-02-21 17:02:45,535 - App.src.log - INFO - 返回该作业id: 680821773100384256
2025-02-21 17:02:45,535 - App.src.log - INFO - 创建DDL作业成功
2025-02-21 17:02:45,535 - App.src.log - INFO - DDL作业ID:680821773100384256
2025-02-21 17:02:45,536 - App.src.log - INFO - 保存更新DDL作业请求发送中...
2025-02-21 17:02:45,672 - App.src.log - INFO - 返回状态码:  200
2025-02-21 17:02:45,672 - App.src.log - INFO - 运行测试参数作业请求发送中...
2025-02-21 17:02:45,766 - App.src.log - INFO - 返回状态码:  200
2025-02-21 17:02:45,766 - App.src.log - INFO - 执行作业请求发送中...
2025-02-21 17:02:45,858 - App.src.log - INFO - 返回状态码:  200
2025-02-21 17:02:45,858 - App.src.log - INFO - 作业:680821773100384256,执行成功!
2025-02-21 17:02:45,858 - App.src.log - INFO - 建表语句请求发送中...
2025-02-21 17:02:45,965 - App.src.log - INFO - 返回状态码:  200
2025-02-21 17:02:45,966 - App.src.log - INFO - 发送创建DDL工作请求中...
2025-02-21 17:02:46,153 - App.src.log - INFO - 返回状态码:  200
2025-02-21 17:02:46,153 - App.src.log - INFO - 返回该作业id: 680821775658909696
2025-02-21 17:02:46,153 - App.src.log - INFO - 创建DDL作业成功
2025-02-21 17:02:46,153 - App.src.log - INFO - DDL作业ID:680821775658909696
2025-02-21 17:02:46,154 - App.src.log - INFO - 保存更新DDL作业请求发送中...
2025-02-21 17:02:46,355 - App.src.log - INFO - 返回状态码:  200
2025-02-21 17:02:46,355 - App.src.log - INFO - 运行测试参数作业请求发送中...
2025-02-21 17:02:46,416 - App.src.log - INFO - 返回状态码:  200
2025-02-21 17:02:46,416 - App.src.log - INFO - 执行作业请求发送中...
2025-02-21 17:02:46,525 - App.src.log - INFO - 返回状态码:  200
2025-02-21 17:02:46,526 - App.src.log - INFO - 作业:680821775658909696,执行成功!
2025-02-21 17:02:46,527 - App.src.log - INFO - 建表语句请求发送中...
2025-02-21 17:02:46,596 - App.src.log - INFO - 返回状态码:  200
2025-02-21 17:02:46,597 - App.src.log - INFO - 发送创建DDL工作请求中...
2025-02-21 17:02:46,804 - App.src.log - INFO - 返回状态码:  200
2025-02-21 17:02:46,804 - App.src.log - INFO - 返回该作业id: 680821778355847168
2025-02-21 17:02:46,805 - App.src.log - INFO - 创建DDL作业成功
2025-02-21 17:02:46,805 - App.src.log - INFO - DDL作业ID:680821778355847168
2025-02-21 17:02:46,805 - App.src.log - INFO - 保存更新DDL作业请求发送中...
2025-02-21 17:02:46,897 - App.src.log - INFO - 返回状态码:  200
2025-02-21 17:02:46,897 - App.src.log - INFO - 运行测试参数作业请求发送中...
2025-02-21 17:02:46,956 - App.src.log - INFO - 返回状态码:  200
2025-02-21 17:02:46,956 - App.src.log - INFO - 执行作业请求发送中...
2025-02-21 17:02:47,097 - App.src.log - INFO - 返回状态码:  200
2025-02-21 17:02:47,097 - App.src.log - INFO - 作业:680821778355847168,执行成功!
2025-02-21 17:02:47,098 - App.src.log - INFO - 建表语句请求发送中...
2025-02-21 17:02:47,158 - App.src.log - INFO - 返回状态码:  200
2025-02-21 17:02:47,159 - App.src.log - INFO - 发送创建DDL工作请求中...
2025-02-21 17:02:47,342 - App.src.log - INFO - 返回状态码:  200
2025-02-21 17:02:47,342 - App.src.log - INFO - 返回该作业id: 680821780666908672
2025-02-21 17:02:47,342 - App.src.log - INFO - 创建DDL作业成功
2025-02-21 17:02:47,342 - App.src.log - INFO - DDL作业ID:680821780666908672
2025-02-21 17:02:47,343 - App.src.log - INFO - 保存更新DDL作业请求发送中...
2025-02-21 17:02:47,440 - App.src.log - INFO - 返回状态码:  200
2025-02-21 17:02:47,440 - App.src.log - INFO - 运行测试参数作业请求发送中...
2025-02-21 17:02:47,500 - App.src.log - INFO - 返回状态码:  200
2025-02-21 17:02:47,500 - App.src.log - INFO - 执行作业请求发送中...
2025-02-21 17:02:47,592 - App.src.log - INFO - 返回状态码:  200
2025-02-21 17:02:47,593 - App.src.log - INFO - 作业:680821780666908672,执行成功!
2025-02-21 17:02:47,593 - App.src.log - INFO - 建表语句请求发送中...
2025-02-21 17:02:47,657 - App.src.log - INFO - 返回状态码:  200
2025-02-21 17:02:47,659 - App.src.log - INFO - 发送创建DDL工作请求中...
2025-02-21 17:02:47,863 - App.src.log - INFO - 返回状态码:  200
2025-02-21 17:02:47,863 - App.src.log - INFO - 返回该作业id: 680821783011524608
2025-02-21 17:02:47,863 - App.src.log - INFO - 创建DDL作业成功
2025-02-21 17:02:47,863 - App.src.log - INFO - DDL作业ID:680821783011524608
2025-02-21 17:02:47,864 - App.src.log - INFO - 保存更新DDL作业请求发送中...
2025-02-21 17:02:47,985 - App.src.log - INFO - 返回状态码:  200
2025-02-21 17:02:47,985 - App.src.log - INFO - 运行测试参数作业请求发送中...
2025-02-21 17:02:48,086 - App.src.log - INFO - 返回状态码:  200
2025-02-21 17:02:48,086 - App.src.log - INFO - 执行作业请求发送中...
2025-02-21 17:02:48,165 - App.src.log - INFO - 返回状态码:  200
2025-02-21 17:02:48,165 - App.src.log - INFO - 作业:680821783011524608,执行成功!
2025-02-21 17:02:48,166 - App.src.log - INFO - 建表语句请求发送中...
2025-02-21 17:02:48,209 - App.src.log - INFO - 返回状态码:  200
2025-02-21 17:02:48,209 - App.src.log - INFO - 发送创建DDL工作请求中...
2025-02-21 17:02:48,398 - App.src.log - INFO - 返回状态码:  200
2025-02-21 17:02:48,398 - App.src.log - INFO - 返回该作业id: 680821785054150656
2025-02-21 17:02:48,398 - App.src.log - INFO - 创建DDL作业成功
2025-02-21 17:02:48,399 - App.src.log - INFO - DDL作业ID:680821785054150656
2025-02-21 17:02:48,399 - App.src.log - INFO - 保存更新DDL作业请求发送中...
2025-02-21 17:02:48,505 - App.src.log - INFO - 返回状态码:  200
2025-02-21 17:02:48,506 - App.src.log - INFO - 运行测试参数作业请求发送中...
2025-02-21 17:02:48,662 - App.src.log - INFO - 返回状态码:  200
2025-02-21 17:02:48,662 - App.src.log - INFO - 执行作业请求发送中...
2025-02-21 17:02:48,766 - App.src.log - INFO - 返回状态码:  200
2025-02-21 17:02:48,766 - App.src.log - INFO - 作业:680821785054150656,执行成功!
2025-02-21 17:02:48,766 - App.src.log - INFO - 建表语句请求发送中...
2025-02-21 17:02:48,842 - App.src.log - INFO - 返回状态码:  200
2025-02-21 17:02:48,842 - App.src.log - INFO - 发送创建DDL工作请求中...
2025-02-21 17:02:49,016 - App.src.log - INFO - 返回状态码:  200
2025-02-21 17:02:49,016 - App.src.log - INFO - 返回该作业id: 680821787679784960
2025-02-21 17:02:49,016 - App.src.log - INFO - 创建DDL作业成功
2025-02-21 17:02:49,016 - App.src.log - INFO - DDL作业ID:680821787679784960
2025-02-21 17:02:49,017 - App.src.log - INFO - 保存更新DDL作业请求发送中...
2025-02-21 17:02:49,168 - App.src.log - INFO - 返回状态码:  200
2025-02-21 17:02:49,168 - App.src.log - INFO - 运行测试参数作业请求发送中...
2025-02-21 17:02:49,236 - App.src.log - INFO - 返回状态码:  200
2025-02-21 17:02:49,236 - App.src.log - INFO - 执行作业请求发送中...
2025-02-21 17:02:49,307 - App.src.log - INFO - 返回状态码:  200
2025-02-21 17:02:49,307 - App.src.log - INFO - 作业:680821787679784960,执行成功!
2025-02-21 17:02:49,308 - App.src.log - INFO - 建表语句请求发送中...
2025-02-21 17:02:49,414 - App.src.log - INFO - 返回状态码:  200
2025-02-21 17:02:49,415 - App.src.log - INFO - 发送创建DDL工作请求中...
2025-02-21 17:02:49,602 - App.src.log - INFO - 返回状态码:  200
2025-02-21 17:02:49,603 - App.src.log - INFO - 返回该作业id: 680821790095704064
2025-02-21 17:02:49,603 - App.src.log - INFO - 创建DDL作业成功
2025-02-21 17:02:49,603 - App.src.log - INFO - DDL作业ID:680821790095704064
2025-02-21 17:02:49,604 - App.src.log - INFO - 保存更新DDL作业请求发送中...
2025-02-21 17:02:49,728 - App.src.log - INFO - 返回状态码:  200
2025-02-21 17:02:49,728 - App.src.log - INFO - 运行测试参数作业请求发送中...
2025-02-21 17:02:49,805 - App.src.log - INFO - 返回状态码:  200
2025-02-21 17:02:49,805 - App.src.log - INFO - 执行作业请求发送中...
2025-02-21 17:02:49,944 - App.src.log - INFO - 返回状态码:  200
2025-02-21 17:02:49,944 - App.src.log - INFO - 作业:680821790095704064,执行成功!
2025-02-21 17:02:49,944 - App.src.log - INFO - 建表语句请求发送中...
2025-02-21 17:02:49,990 - App.src.log - INFO - 返回状态码:  200
2025-02-21 17:02:49,991 - App.src.log - INFO - 发送创建DDL工作请求中...
2025-02-21 17:02:50,210 - App.src.log - INFO - 返回状态码:  200
2025-02-21 17:02:50,210 - App.src.log - INFO - 返回该作业id: 680821792616480768
2025-02-21 17:02:50,211 - App.src.log - INFO - 创建DDL作业成功
2025-02-21 17:02:50,211 - App.src.log - INFO - DDL作业ID:680821792616480768
2025-02-21 17:02:50,211 - App.src.log - INFO - 保存更新DDL作业请求发送中...
2025-02-21 17:02:50,316 - App.src.log - INFO - 返回状态码:  200
2025-02-21 17:02:50,316 - App.src.log - INFO - 运行测试参数作业请求发送中...
2025-02-21 17:02:50,379 - App.src.log - INFO - 返回状态码:  200
2025-02-21 17:02:50,379 - App.src.log - INFO - 执行作业请求发送中...
2025-02-21 17:02:50,486 - App.src.log - INFO - 返回状态码:  200
2025-02-21 17:02:50,486 - App.src.log - INFO - 作业:680821792616480768,执行成功!
2025-02-21 17:02:50,487 - App.src.log - INFO - 建表语句请求发送中...
2025-02-21 17:02:50,556 - App.src.log - INFO - 返回状态码:  200
2025-02-21 17:02:50,557 - App.src.log - INFO - 发送创建DDL工作请求中...
2025-02-21 17:02:50,735 - App.src.log - INFO - 返回状态码:  200
2025-02-21 17:02:50,735 - App.src.log - INFO - 返回该作业id: 680821794977873920
2025-02-21 17:02:50,735 - App.src.log - INFO - 创建DDL作业成功
2025-02-21 17:02:50,735 - App.src.log - INFO - DDL作业ID:680821794977873920
2025-02-21 17:02:50,736 - App.src.log - INFO - 保存更新DDL作业请求发送中...
2025-02-21 17:02:50,837 - App.src.log - INFO - 返回状态码:  200
2025-02-21 17:02:50,837 - App.src.log - INFO - 运行测试参数作业请求发送中...
2025-02-21 17:02:50,933 - App.src.log - INFO - 返回状态码:  200
2025-02-21 17:02:50,933 - App.src.log - INFO - 执行作业请求发送中...
2025-02-21 17:02:51,135 - App.src.log - INFO - 返回状态码:  200
2025-02-21 17:02:51,135 - App.src.log - INFO - 作业:680821794977873920,执行成功!
2025-02-21 17:02:51,136 - App.src.log - INFO - 建表语句请求发送中...
2025-02-21 17:02:51,195 - App.src.log - INFO - 返回状态码:  200
2025-02-21 17:02:51,195 - App.src.log - INFO - 发送创建DDL工作请求中...
2025-02-21 17:02:51,382 - App.src.log - INFO - 返回状态码:  200
2025-02-21 17:02:51,383 - App.src.log - INFO - 返回该作业id: 680821797590925312
2025-02-21 17:02:51,383 - App.src.log - INFO - 创建DDL作业成功
2025-02-21 17:02:51,383 - App.src.log - INFO - DDL作业ID:680821797590925312
2025-02-21 17:02:51,384 - App.src.log - INFO - 保存更新DDL作业请求发送中...
2025-02-21 17:02:51,491 - App.src.log - INFO - 返回状态码:  200
2025-02-21 17:02:51,491 - App.src.log - INFO - 运行测试参数作业请求发送中...
2025-02-21 17:02:51,566 - App.src.log - INFO - 返回状态码:  200
2025-02-21 17:02:51,566 - App.src.log - INFO - 执行作业请求发送中...
2025-02-21 17:02:51,658 - App.src.log - INFO - 返回状态码:  200
2025-02-21 17:02:51,658 - App.src.log - INFO - 作业:680821797590925312,执行成功!
2025-02-21 17:02:51,659 - App.src.log - INFO - 建表语句请求发送中...
2025-02-21 17:02:51,723 - App.src.log - INFO - 返回状态码:  200
2025-02-21 17:02:51,725 - App.src.log - INFO - 发送创建DDL工作请求中...
2025-02-21 17:02:51,987 - App.src.log - INFO - 返回状态码:  200
2025-02-21 17:02:51,987 - App.src.log - INFO - 返回该作业id: 680821800065564672
2025-02-21 17:02:51,987 - App.src.log - INFO - 创建DDL作业成功
2025-02-21 17:02:51,987 - App.src.log - INFO - DDL作业ID:680821800065564672
2025-02-21 17:02:51,988 - App.src.log - INFO - 保存更新DDL作业请求发送中...
2025-02-21 17:02:52,108 - App.src.log - INFO - 返回状态码:  200
2025-02-21 17:02:52,108 - App.src.log - INFO - 运行测试参数作业请求发送中...
2025-02-21 17:02:52,202 - App.src.log - INFO - 返回状态码:  200
2025-02-21 17:02:52,202 - App.src.log - INFO - 执行作业请求发送中...
2025-02-21 17:02:52,279 - App.src.log - INFO - 返回状态码:  200
2025-02-21 17:02:52,279 - App.src.log - INFO - 作业:680821800065564672,执行成功!
2025-02-21 17:02:52,280 - App.src.log - INFO - 建表语句请求发送中...
2025-02-21 17:02:52,381 - App.src.log - INFO - 返回状态码:  200
2025-02-21 17:02:52,383 - App.src.log - INFO - 发送创建DDL工作请求中...
2025-02-21 17:02:52,560 - App.src.log - INFO - 返回状态码:  200
2025-02-21 17:02:52,560 - App.src.log - INFO - 返回该作业id: 680821802536009728
2025-02-21 17:02:52,560 - App.src.log - INFO - 创建DDL作业成功
2025-02-21 17:02:52,560 - App.src.log - INFO - DDL作业ID:680821802536009728
2025-02-21 17:02:52,561 - App.src.log - INFO - 保存更新DDL作业请求发送中...
2025-02-21 17:02:52,710 - App.src.log - INFO - 返回状态码:  200
2025-02-21 17:02:52,710 - App.src.log - INFO - 运行测试参数作业请求发送中...
2025-02-21 17:02:52,792 - App.src.log - INFO - 返回状态码:  200
2025-02-21 17:02:52,792 - App.src.log - INFO - 执行作业请求发送中...
2025-02-21 17:02:52,917 - App.src.log - INFO - 返回状态码:  200
2025-02-21 17:02:52,917 - App.src.log - INFO - 作业:680821802536009728,执行成功!
2025-02-21 17:02:52,917 - App.src.log - INFO - 建表语句请求发送中...
2025-02-21 17:02:52,976 - App.src.log - INFO - 返回状态码:  200
2025-02-21 17:02:52,979 - App.src.log - INFO - 发送创建DDL工作请求中...
2025-02-21 17:02:53,169 - App.src.log - INFO - 返回状态码:  200
2025-02-21 17:02:53,170 - App.src.log - INFO - 返回该作业id: 680821805040009216
2025-02-21 17:02:53,170 - App.src.log - INFO - 创建DDL作业成功
2025-02-21 17:02:53,170 - App.src.log - INFO - DDL作业ID:680821805040009216
2025-02-21 17:02:53,171 - App.src.log - INFO - 保存更新DDL作业请求发送中...
2025-02-21 17:02:53,289 - App.src.log - INFO - 返回状态码:  200
2025-02-21 17:02:53,289 - App.src.log - INFO - 运行测试参数作业请求发送中...
2025-02-21 17:02:53,352 - App.src.log - INFO - 返回状态码:  200
2025-02-21 17:02:53,353 - App.src.log - INFO - 执行作业请求发送中...
2025-02-21 17:02:53,463 - App.src.log - INFO - 返回状态码:  200
2025-02-21 17:02:53,463 - App.src.log - INFO - 作业:680821805040009216,执行成功!
2025-02-21 17:02:53,464 - App.src.log - INFO - 建表语句请求发送中...
2025-02-21 17:02:53,506 - App.src.log - INFO - 返回状态码:  200
2025-02-21 17:02:53,506 - App.src.log - INFO - 发送创建DDL工作请求中...
2025-02-21 17:02:53,693 - App.src.log - INFO - 返回状态码:  200
2025-02-21 17:02:53,693 - App.src.log - INFO - 返回该作业id: 680821807254601728
2025-02-21 17:02:53,694 - App.src.log - INFO - 创建DDL作业成功
2025-02-21 17:02:53,694 - App.src.log - INFO - DDL作业ID:680821807254601728
2025-02-21 17:02:53,694 - App.src.log - INFO - 保存更新DDL作业请求发送中...
2025-02-21 17:02:53,818 - App.src.log - INFO - 返回状态码:  200
2025-02-21 17:02:53,818 - App.src.log - INFO - 运行测试参数作业请求发送中...
2025-02-21 17:02:53,895 - App.src.log - INFO - 返回状态码:  200
2025-02-21 17:02:53,896 - App.src.log - INFO - 执行作业请求发送中...
2025-02-21 17:02:53,972 - App.src.log - INFO - 返回状态码:  200
2025-02-21 17:02:53,972 - App.src.log - INFO - 作业:680821807254601728,执行成功!
2025-02-21 17:02:53,973 - App.src.log - INFO - 建表语句请求发送中...
2025-02-21 17:02:54,017 - App.src.log - INFO - 返回状态码:  200
2025-02-21 17:02:54,018 - App.src.log - INFO - 发送创建DDL工作请求中...
2025-02-21 17:02:54,269 - App.src.log - INFO - 返回状态码:  200
2025-02-21 17:02:54,269 - App.src.log - INFO - 返回该作业id: 680821809662132224
2025-02-21 17:02:54,269 - App.src.log - INFO - 创建DDL作业成功
2025-02-21 17:02:54,269 - App.src.log - INFO - DDL作业ID:680821809662132224
2025-02-21 17:02:54,270 - App.src.log - INFO - 保存更新DDL作业请求发送中...
2025-02-21 17:02:54,373 - App.src.log - INFO - 返回状态码:  200
2025-02-21 17:02:54,373 - App.src.log - INFO - 运行测试参数作业请求发送中...
2025-02-21 17:02:54,469 - App.src.log - INFO - 返回状态码:  200
2025-02-21 17:02:54,469 - App.src.log - INFO - 执行作业请求发送中...
2025-02-21 17:02:54,560 - App.src.log - INFO - 返回状态码:  200
2025-02-21 17:02:54,561 - App.src.log - INFO - 作业:680821809662132224,执行成功!
2025-02-21 17:02:54,561 - App.src.log - INFO - 建表语句请求发送中...
2025-02-21 17:02:54,632 - App.src.log - INFO - 返回状态码:  200
2025-02-21 17:02:54,632 - App.src.log - INFO - 发送创建DDL工作请求中...
2025-02-21 17:02:54,823 - App.src.log - INFO - 返回状态码:  200
2025-02-21 17:02:54,823 - App.src.log - INFO - 返回该作业id: 680821812027719680
2025-02-21 17:02:54,823 - App.src.log - INFO - 创建DDL作业成功
2025-02-21 17:02:54,823 - App.src.log - INFO - DDL作业ID:680821812027719680
2025-02-21 17:02:54,824 - App.src.log - INFO - 保存更新DDL作业请求发送中...
2025-02-21 17:02:55,021 - App.src.log - INFO - 返回状态码:  200
2025-02-21 17:02:55,021 - App.src.log - INFO - 运行测试参数作业请求发送中...
2025-02-21 17:02:55,115 - App.src.log - INFO - 返回状态码:  200
2025-02-21 17:02:55,115 - App.src.log - INFO - 执行作业请求发送中...
2025-02-21 17:02:55,222 - App.src.log - INFO - 返回状态码:  200
2025-02-21 17:02:55,222 - App.src.log - INFO - 作业:680821812027719680,执行成功!
2025-02-21 17:02:55,222 - App.src.log - INFO - 建表语句请求发送中...
2025-02-21 17:02:55,271 - App.src.log - INFO - 返回状态码:  200
2025-02-21 17:02:55,272 - App.src.log - INFO - 发送创建DDL工作请求中...
2025-02-21 17:02:55,453 - App.src.log - INFO - 返回状态码:  200
2025-02-21 17:02:55,453 - App.src.log - INFO - 返回该作业id: 680821814636576768
2025-02-21 17:02:55,453 - App.src.log - INFO - 创建DDL作业成功
2025-02-21 17:02:55,453 - App.src.log - INFO - DDL作业ID:680821814636576768
2025-02-21 17:02:55,454 - App.src.log - INFO - 保存更新DDL作业请求发送中...
2025-02-21 17:02:55,564 - App.src.log - INFO - 返回状态码:  200
2025-02-21 17:02:55,564 - App.src.log - INFO - 运行测试参数作业请求发送中...
2025-02-21 17:02:55,621 - App.src.log - INFO - 返回状态码:  200
2025-02-21 17:02:55,621 - App.src.log - INFO - 执行作业请求发送中...
2025-02-21 17:02:55,781 - App.src.log - INFO - 返回状态码:  200
2025-02-21 17:02:55,782 - App.src.log - INFO - 作业:680821814636576768,执行成功!
