2025-02-21 17:08:57,366 - App.src.log - WARNING - 未获取到项目目录信息，正在获取项目目录
2025-02-21 17:08:57,366 - App.src.log - WARNING - 未获取到项目信息，正在获取项目
2025-02-21 17:08:57,366 - App.src.log - INFO - 发送查询项目请求中...
2025-02-21 17:08:57,451 - App.src.log - INFO - 返回状态码:  200
2025-02-21 17:08:57,451 - App.src.log - INFO - 项目名称:农险统计分析项目,项目ID:659865788999532544,环境ID:660123898615955456
2025-02-21 17:08:57,451 - App.src.log - INFO - 项目名称:保单域模型开发,项目ID:660489178949091328,环境ID:660489357961986048
2025-02-21 17:08:57,451 - App.src.log - INFO - 项目名称:理赔域模型开发,项目ID:664105169524359168,环境ID:664110609901551616
2025-02-21 17:08:57,451 - App.src.log - INFO - 项目名称:收付域模型开发,项目ID:665558091214880768,环境ID:665558589229760512
2025-02-21 17:08:57,451 - App.src.log - INFO - 项目名称:产品域模型开发,项目ID:667309876069793792,环境ID:667310114419507200
2025-02-21 17:08:57,452 - App.src.log - INFO - 项目名称:公共域模型开发,项目ID:667309925382225920,环境ID:667310350181335040
2025-02-21 17:08:57,452 - App.src.log - INFO - 项目名称:销管域模型开发,项目ID:669492845551288320,环境ID:669492992658112512
2025-02-21 17:08:57,452 - App.src.log - INFO - 项目名称:机构域模型开发,项目ID:669499243865571328,环境ID:669499579246313472
2025-02-21 17:08:57,452 - App.src.log - INFO - 项目名称:财务域模型开发,项目ID:669499189998125056,环境ID:669500013042204672
2025-02-21 17:08:57,452 - App.src.log - INFO - 项目名称:再保域模型开发,项目ID:669540045408960512,环境ID:669540279086219264
2025-02-21 17:08:57,452 - App.src.log - INFO - 项目名称:客户域模型开发,项目ID:669544231576010752,环境ID:669544379244871680
2025-02-21 17:08:57,452 - App.src.log - INFO - 项目名称:系统配置域模型开发,项目ID:669567632545939456,环境ID:669567973840650240
2025-02-21 17:08:57,452 - App.src.log - INFO - 项目名称:监管报送,项目ID:680416668777709568,环境ID:680417741324156928
2025-02-21 17:08:57,452 - App.src.log - INFO - 项目名称:新农险域模型开发,项目ID:680809261319585792,环境ID:680809423555264512
2025-02-21 17:08:57,452 - App.src.log - INFO - 查询项目成功
2025-02-21 17:08:57,452 - App.src.log - INFO - 发送查询数据开发作业请求中...
2025-02-21 17:08:57,558 - App.src.log - INFO - 返回状态码:  200
2025-02-21 17:08:57,559 - App.src.log - INFO - 查询离线作业成功
2025-02-21 17:08:57,560 - App.src.log - INFO - 建表语句请求发送中...
2025-02-21 17:08:57,630 - App.src.log - INFO - 返回状态码:  200
2025-02-21 17:08:57,632 - App.src.log - INFO - 发送创建DDL工作请求中...
2025-02-21 17:08:57,805 - App.src.log - INFO - 返回状态码:  200
2025-02-21 17:08:57,806 - App.src.log - INFO - 返回该作业id: 680823334597820416
2025-02-21 17:08:57,806 - App.src.log - INFO - 创建DDL作业成功
2025-02-21 17:08:57,806 - App.src.log - INFO - DDL作业ID:680823334597820416
2025-02-21 17:08:57,807 - App.src.log - INFO - 保存更新DDL作业请求发送中...
2025-02-21 17:08:57,921 - App.src.log - INFO - 返回状态码:  200
2025-02-21 17:08:57,921 - App.src.log - INFO - 运行测试参数作业请求发送中...
2025-02-21 17:08:58,026 - App.src.log - INFO - 返回状态码:  200
2025-02-21 17:08:58,027 - App.src.log - INFO - 执行作业请求发送中...
2025-02-21 17:08:58,149 - App.src.log - INFO - 返回状态码:  200
2025-02-21 17:08:58,149 - App.src.log - INFO - 作业:680823334597820416,执行成功!
2025-02-21 17:08:58,150 - App.src.log - INFO - 建表语句请求发送中...
2025-02-21 17:08:58,285 - App.src.log - INFO - 返回状态码:  200
2025-02-21 17:08:58,286 - App.src.log - INFO - 发送创建DDL工作请求中...
2025-02-21 17:08:58,494 - App.src.log - INFO - 返回状态码:  200
2025-02-21 17:08:58,494 - App.src.log - INFO - 返回该作业id: 680823337336700928
2025-02-21 17:08:58,494 - App.src.log - INFO - 创建DDL作业成功
2025-02-21 17:08:58,494 - App.src.log - INFO - DDL作业ID:680823337336700928
2025-02-21 17:08:58,495 - App.src.log - INFO - 保存更新DDL作业请求发送中...
2025-02-21 17:08:58,604 - App.src.log - INFO - 返回状态码:  200
2025-02-21 17:08:58,604 - App.src.log - INFO - 运行测试参数作业请求发送中...
2025-02-21 17:08:58,661 - App.src.log - INFO - 返回状态码:  200
2025-02-21 17:08:58,662 - App.src.log - INFO - 执行作业请求发送中...
2025-02-21 17:08:58,780 - App.src.log - INFO - 返回状态码:  200
2025-02-21 17:08:58,780 - App.src.log - INFO - 作业:680823337336700928,执行成功!
2025-02-21 17:08:58,781 - App.src.log - INFO - 建表语句请求发送中...
2025-02-21 17:08:58,857 - App.src.log - INFO - 返回状态码:  200
2025-02-21 17:08:58,857 - App.src.log - INFO - 发送创建DDL工作请求中...
2025-02-21 17:08:59,093 - App.src.log - INFO - 返回状态码:  200
2025-02-21 17:08:59,093 - App.src.log - INFO - 返回该作业id: 680823339664539648
2025-02-21 17:08:59,093 - App.src.log - INFO - 创建DDL作业成功
2025-02-21 17:08:59,094 - App.src.log - INFO - DDL作业ID:680823339664539648
2025-02-21 17:08:59,094 - App.src.log - INFO - 保存更新DDL作业请求发送中...
2025-02-21 17:08:59,204 - App.src.log - INFO - 返回状态码:  200
2025-02-21 17:08:59,205 - App.src.log - INFO - 运行测试参数作业请求发送中...
2025-02-21 17:08:59,302 - App.src.log - INFO - 返回状态码:  200
2025-02-21 17:08:59,302 - App.src.log - INFO - 执行作业请求发送中...
2025-02-21 17:08:59,375 - App.src.log - INFO - 返回状态码:  200
2025-02-21 17:08:59,376 - App.src.log - INFO - 作业:680823339664539648,执行成功!
2025-02-21 17:08:59,376 - App.src.log - INFO - 建表语句请求发送中...
2025-02-21 17:08:59,440 - App.src.log - INFO - 返回状态码:  200
2025-02-21 17:08:59,441 - App.src.log - INFO - 发送创建DDL工作请求中...
2025-02-21 17:08:59,639 - App.src.log - INFO - 返回状态码:  200
2025-02-21 17:08:59,639 - App.src.log - INFO - 返回该作业id: 680823342118207488
2025-02-21 17:08:59,639 - App.src.log - INFO - 创建DDL作业成功
2025-02-21 17:08:59,639 - App.src.log - INFO - DDL作业ID:680823342118207488
2025-02-21 17:08:59,640 - App.src.log - INFO - 保存更新DDL作业请求发送中...
2025-02-21 17:08:59,745 - App.src.log - INFO - 返回状态码:  200
2025-02-21 17:08:59,746 - App.src.log - INFO - 运行测试参数作业请求发送中...
2025-02-21 17:08:59,887 - App.src.log - INFO - 返回状态码:  200
2025-02-21 17:08:59,888 - App.src.log - INFO - 执行作业请求发送中...
2025-02-21 17:08:59,964 - App.src.log - INFO - 返回状态码:  200
2025-02-21 17:08:59,964 - App.src.log - INFO - 作业:680823342118207488,执行成功!
2025-02-21 17:08:59,965 - App.src.log - INFO - 建表语句请求发送中...
2025-02-21 17:09:00,073 - App.src.log - INFO - 返回状态码:  200
2025-02-21 17:09:00,074 - App.src.log - INFO - 发送创建DDL工作请求中...
2025-02-21 17:09:00,258 - App.src.log - INFO - 返回状态码:  200
2025-02-21 17:09:00,259 - App.src.log - INFO - 返回该作业id: 680823344777396224
2025-02-21 17:09:00,259 - App.src.log - INFO - 创建DDL作业成功
2025-02-21 17:09:00,259 - App.src.log - INFO - DDL作业ID:680823344777396224
2025-02-21 17:09:00,259 - App.src.log - INFO - 保存更新DDL作业请求发送中...
2025-02-21 17:09:00,385 - App.src.log - INFO - 返回状态码:  200
2025-02-21 17:09:00,385 - App.src.log - INFO - 运行测试参数作业请求发送中...
2025-02-21 17:09:00,445 - App.src.log - INFO - 返回状态码:  200
2025-02-21 17:09:00,445 - App.src.log - INFO - 执行作业请求发送中...
2025-02-21 17:09:00,552 - App.src.log - INFO - 返回状态码:  200
2025-02-21 17:09:00,553 - App.src.log - INFO - 作业:680823344777396224,执行成功!
2025-02-21 17:09:00,553 - App.src.log - INFO - 建表语句请求发送中...
2025-02-21 17:09:00,662 - App.src.log - INFO - 返回状态码:  200
2025-02-21 17:09:00,663 - App.src.log - INFO - 发送创建DDL工作请求中...
2025-02-21 17:09:00,854 - App.src.log - INFO - 返回状态码:  200
2025-02-21 17:09:00,854 - App.src.log - INFO - 返回该作业id: 680823347264618496
2025-02-21 17:09:00,854 - App.src.log - INFO - 创建DDL作业成功
2025-02-21 17:09:00,854 - App.src.log - INFO - DDL作业ID:680823347264618496
2025-02-21 17:09:00,855 - App.src.log - INFO - 保存更新DDL作业请求发送中...
2025-02-21 17:09:01,005 - App.src.log - INFO - 返回状态码:  200
2025-02-21 17:09:01,005 - App.src.log - INFO - 运行测试参数作业请求发送中...
2025-02-21 17:09:01,097 - App.src.log - INFO - 返回状态码:  200
2025-02-21 17:09:01,097 - App.src.log - INFO - 执行作业请求发送中...
2025-02-21 17:09:01,206 - App.src.log - INFO - 返回状态码:  200
2025-02-21 17:09:01,206 - App.src.log - INFO - 作业:680823347264618496,执行成功!
2025-02-21 17:09:01,207 - App.src.log - INFO - 建表语句请求发送中...
2025-02-21 17:09:01,297 - App.src.log - INFO - 返回状态码:  200
2025-02-21 17:09:01,297 - App.src.log - INFO - 发送创建DDL工作请求中...
2025-02-21 17:09:01,562 - App.src.log - INFO - 返回状态码:  200
2025-02-21 17:09:01,562 - App.src.log - INFO - 返回该作业id: 680823350150299648
2025-02-21 17:09:01,562 - App.src.log - INFO - 创建DDL作业成功
2025-02-21 17:09:01,562 - App.src.log - INFO - DDL作业ID:680823350150299648
2025-02-21 17:09:01,563 - App.src.log - INFO - 保存更新DDL作业请求发送中...
2025-02-21 17:09:01,703 - App.src.log - INFO - 返回状态码:  200
2025-02-21 17:09:01,704 - App.src.log - INFO - 运行测试参数作业请求发送中...
2025-02-21 17:09:01,779 - App.src.log - INFO - 返回状态码:  200
2025-02-21 17:09:01,779 - App.src.log - INFO - 执行作业请求发送中...
2025-02-21 17:09:01,886 - App.src.log - INFO - 返回状态码:  200
2025-02-21 17:09:01,886 - App.src.log - INFO - 作业:680823350150299648,执行成功!
2025-02-21 17:09:01,887 - App.src.log - INFO - 建表语句请求发送中...
2025-02-21 17:09:01,937 - App.src.log - INFO - 返回状态码:  200
2025-02-21 17:09:01,938 - App.src.log - INFO - 发送创建DDL工作请求中...
2025-02-21 17:09:02,135 - App.src.log - INFO - 返回状态码:  200
2025-02-21 17:09:02,135 - App.src.log - INFO - 返回该作业id: 680823352582995968
2025-02-21 17:09:02,135 - App.src.log - INFO - 创建DDL作业成功
2025-02-21 17:09:02,136 - App.src.log - INFO - DDL作业ID:680823352582995968
2025-02-21 17:09:02,136 - App.src.log - INFO - 保存更新DDL作业请求发送中...
2025-02-21 17:09:02,245 - App.src.log - INFO - 返回状态码:  200
2025-02-21 17:09:02,245 - App.src.log - INFO - 运行测试参数作业请求发送中...
2025-02-21 17:09:02,350 - App.src.log - INFO - 返回状态码:  200
2025-02-21 17:09:02,351 - App.src.log - INFO - 执行作业请求发送中...
2025-02-21 17:09:02,442 - App.src.log - INFO - 返回状态码:  200
2025-02-21 17:09:02,442 - App.src.log - INFO - 作业:680823352582995968,执行成功!
2025-02-21 17:09:02,443 - App.src.log - INFO - 建表语句请求发送中...
2025-02-21 17:09:02,534 - App.src.log - INFO - 返回状态码:  200
2025-02-21 17:09:02,534 - App.src.log - INFO - 发送创建DDL工作请求中...
2025-02-21 17:09:02,739 - App.src.log - INFO - 返回状态码:  200
2025-02-21 17:09:02,739 - App.src.log - INFO - 返回该作业id: 680823355103772672
2025-02-21 17:09:02,739 - App.src.log - INFO - 创建DDL作业成功
2025-02-21 17:09:02,740 - App.src.log - INFO - DDL作业ID:680823355103772672
2025-02-21 17:09:02,740 - App.src.log - INFO - 保存更新DDL作业请求发送中...
2025-02-21 17:09:02,860 - App.src.log - INFO - 返回状态码:  200
2025-02-21 17:09:02,860 - App.src.log - INFO - 运行测试参数作业请求发送中...
2025-02-21 17:09:02,937 - App.src.log - INFO - 返回状态码:  200
2025-02-21 17:09:02,937 - App.src.log - INFO - 执行作业请求发送中...
2025-02-21 17:09:03,017 - App.src.log - INFO - 返回状态码:  200
2025-02-21 17:09:03,017 - App.src.log - INFO - 作业:680823355103772672,执行成功!
2025-02-21 17:09:03,017 - App.src.log - INFO - 建表语句请求发送中...
2025-02-21 17:09:03,154 - App.src.log - INFO - 返回状态码:  200
2025-02-21 17:09:03,154 - App.src.log - INFO - 发送创建DDL工作请求中...
2025-02-21 17:09:03,367 - App.src.log - INFO - 返回状态码:  200
2025-02-21 17:09:03,367 - App.src.log - INFO - 返回该作业id: 680823357725212672
2025-02-21 17:09:03,367 - App.src.log - INFO - 创建DDL作业成功
2025-02-21 17:09:03,367 - App.src.log - INFO - DDL作业ID:680823357725212672
2025-02-21 17:09:03,368 - App.src.log - INFO - 保存更新DDL作业请求发送中...
2025-02-21 17:09:03,475 - App.src.log - INFO - 返回状态码:  200
2025-02-21 17:09:03,475 - App.src.log - INFO - 运行测试参数作业请求发送中...
2025-02-21 17:09:03,570 - App.src.log - INFO - 返回状态码:  200
2025-02-21 17:09:03,570 - App.src.log - INFO - 执行作业请求发送中...
2025-02-21 17:09:03,647 - App.src.log - INFO - 返回状态码:  200
2025-02-21 17:09:03,647 - App.src.log - INFO - 作业:680823357725212672,执行成功!
2025-02-21 17:09:03,648 - App.src.log - INFO - 建表语句请求发送中...
2025-02-21 17:09:03,712 - App.src.log - INFO - 返回状态码:  200
2025-02-21 17:09:03,713 - App.src.log - INFO - 发送创建DDL工作请求中...
2025-02-21 17:09:03,956 - App.src.log - INFO - 返回状态码:  200
2025-02-21 17:09:03,956 - App.src.log - INFO - 返回该作业id: 680823360300515328
2025-02-21 17:09:03,956 - App.src.log - INFO - 创建DDL作业成功
2025-02-21 17:09:03,956 - App.src.log - INFO - DDL作业ID:680823360300515328
2025-02-21 17:09:03,957 - App.src.log - INFO - 保存更新DDL作业请求发送中...
2025-02-21 17:09:04,080 - App.src.log - INFO - 返回状态码:  200
2025-02-21 17:09:04,080 - App.src.log - INFO - 运行测试参数作业请求发送中...
2025-02-21 17:09:04,156 - App.src.log - INFO - 返回状态码:  200
2025-02-21 17:09:04,156 - App.src.log - INFO - 执行作业请求发送中...
2025-02-21 17:09:04,235 - App.src.log - INFO - 返回状态码:  200
2025-02-21 17:09:04,235 - App.src.log - INFO - 作业:680823360300515328,执行成功!
2025-02-21 17:09:04,236 - App.src.log - INFO - 建表语句请求发送中...
2025-02-21 17:09:04,288 - App.src.log - INFO - 返回状态码:  200
2025-02-21 17:09:04,288 - App.src.log - INFO - 发送创建DDL工作请求中...
2025-02-21 17:09:04,503 - App.src.log - INFO - 返回状态码:  200
2025-02-21 17:09:04,503 - App.src.log - INFO - 返回该作业id: 680823362452193280
2025-02-21 17:09:04,503 - App.src.log - INFO - 创建DDL作业成功
2025-02-21 17:09:04,504 - App.src.log - INFO - DDL作业ID:680823362452193280
2025-02-21 17:09:04,504 - App.src.log - INFO - 保存更新DDL作业请求发送中...
2025-02-21 17:09:04,610 - App.src.log - INFO - 返回状态码:  200
2025-02-21 17:09:04,610 - App.src.log - INFO - 运行测试参数作业请求发送中...
2025-02-21 17:09:04,757 - App.src.log - INFO - 返回状态码:  200
2025-02-21 17:09:04,757 - App.src.log - INFO - 执行作业请求发送中...
2025-02-21 17:09:04,836 - App.src.log - INFO - 返回状态码:  200
2025-02-21 17:09:04,836 - App.src.log - INFO - 作业:680823362452193280,执行成功!
2025-02-21 17:09:04,837 - App.src.log - INFO - 建表语句请求发送中...
2025-02-21 17:09:04,968 - App.src.log - INFO - 返回状态码:  200
2025-02-21 17:09:04,968 - App.src.log - INFO - 发送创建DDL工作请求中...
2025-02-21 17:09:05,324 - App.src.log - INFO - 返回状态码:  200
2025-02-21 17:09:05,324 - App.src.log - INFO - 返回该作业id: 680823365933465600
2025-02-21 17:09:05,324 - App.src.log - INFO - 创建DDL作业成功
2025-02-21 17:09:05,324 - App.src.log - INFO - DDL作业ID:680823365933465600
2025-02-21 17:09:05,325 - App.src.log - INFO - 保存更新DDL作业请求发送中...
2025-02-21 17:09:05,739 - App.src.log - INFO - 返回状态码:  200
2025-02-21 17:09:05,739 - App.src.log - INFO - 运行测试参数作业请求发送中...
2025-02-21 17:09:05,946 - App.src.log - INFO - 返回状态码:  200
2025-02-21 17:09:05,946 - App.src.log - INFO - 执行作业请求发送中...
2025-02-21 17:09:06,185 - App.src.log - INFO - 返回状态码:  200
2025-02-21 17:09:06,186 - App.src.log - INFO - 作业:680823365933465600,执行成功!
2025-02-21 17:09:06,187 - App.src.log - INFO - 建表语句请求发送中...
2025-02-21 17:09:06,469 - App.src.log - INFO - 返回状态码:  200
2025-02-21 17:09:06,469 - App.src.log - INFO - 发送创建DDL工作请求中...
2025-02-21 17:09:06,948 - App.src.log - INFO - 返回状态码:  200
2025-02-21 17:09:06,948 - App.src.log - INFO - 返回该作业id: 680823372451414016
2025-02-21 17:09:06,948 - App.src.log - INFO - 创建DDL作业成功
2025-02-21 17:09:06,949 - App.src.log - INFO - DDL作业ID:680823372451414016
2025-02-21 17:09:06,949 - App.src.log - INFO - 保存更新DDL作业请求发送中...
2025-02-21 17:09:07,236 - App.src.log - INFO - 返回状态码:  200
2025-02-21 17:09:07,236 - App.src.log - INFO - 运行测试参数作业请求发送中...
2025-02-21 17:09:07,520 - App.src.log - INFO - 返回状态码:  200
2025-02-21 17:09:07,520 - App.src.log - INFO - 执行作业请求发送中...
2025-02-21 17:09:07,899 - App.src.log - INFO - 返回状态码:  200
2025-02-21 17:09:07,900 - App.src.log - INFO - 作业:680823372451414016,执行成功!
2025-02-21 17:09:07,900 - App.src.log - INFO - 建表语句请求发送中...
2025-02-21 17:09:08,100 - App.src.log - INFO - 返回状态码:  200
2025-02-21 17:09:08,100 - App.src.log - INFO - 发送创建DDL工作请求中...
2025-02-21 17:09:08,495 - App.src.log - INFO - 返回状态码:  200
2025-02-21 17:09:08,495 - App.src.log - INFO - 返回该作业id: 680823379007111168
2025-02-21 17:09:08,495 - App.src.log - INFO - 创建DDL作业成功
2025-02-21 17:09:08,495 - App.src.log - INFO - DDL作业ID:680823379007111168
2025-02-21 17:09:08,496 - App.src.log - INFO - 保存更新DDL作业请求发送中...
2025-02-21 17:09:08,874 - App.src.log - INFO - 返回状态码:  200
2025-02-21 17:09:08,875 - App.src.log - INFO - 运行测试参数作业请求发送中...
2025-02-21 17:09:09,184 - App.src.log - INFO - 返回状态码:  200
2025-02-21 17:09:09,184 - App.src.log - INFO - 执行作业请求发送中...
2025-02-21 17:09:09,482 - App.src.log - INFO - 返回状态码:  200
2025-02-21 17:09:09,483 - App.src.log - INFO - 作业:680823379007111168,执行成功!
2025-02-21 17:09:09,483 - App.src.log - INFO - 建表语句请求发送中...
2025-02-21 17:09:09,710 - App.src.log - INFO - 返回状态码:  200
2025-02-21 17:09:09,711 - App.src.log - INFO - 发送创建DDL工作请求中...
2025-02-21 17:09:10,223 - App.src.log - INFO - 返回状态码:  200
2025-02-21 17:09:10,223 - App.src.log - INFO - 返回该作业id: 680823386045153280
2025-02-21 17:09:10,223 - App.src.log - INFO - 创建DDL作业成功
2025-02-21 17:09:10,223 - App.src.log - INFO - DDL作业ID:680823386045153280
2025-02-21 17:09:10,224 - App.src.log - INFO - 保存更新DDL作业请求发送中...
2025-02-21 17:09:10,741 - App.src.log - INFO - 返回状态码:  200
2025-02-21 17:09:10,741 - App.src.log - INFO - 运行测试参数作业请求发送中...
2025-02-21 17:09:11,064 - App.src.log - INFO - 返回状态码:  200
2025-02-21 17:09:11,065 - App.src.log - INFO - 执行作业请求发送中...
2025-02-21 17:09:11,288 - App.src.log - INFO - 返回状态码:  200
2025-02-21 17:09:11,288 - App.src.log - INFO - 作业:680823386045153280,执行成功!
2025-02-21 17:09:11,288 - App.src.log - INFO - 建表语句请求发送中...
2025-02-21 17:09:11,610 - App.src.log - INFO - 返回状态码:  200
2025-02-21 17:09:11,611 - App.src.log - INFO - 发送创建DDL工作请求中...
2025-02-21 17:09:11,866 - App.src.log - INFO - 返回状态码:  200
2025-02-21 17:09:11,866 - App.src.log - INFO - 返回该作业id: 680823393469071360
2025-02-21 17:09:11,867 - App.src.log - INFO - 创建DDL作业成功
2025-02-21 17:09:11,867 - App.src.log - INFO - DDL作业ID:680823393469071360
2025-02-21 17:09:11,867 - App.src.log - INFO - 保存更新DDL作业请求发送中...
2025-02-21 17:09:12,183 - App.src.log - INFO - 返回状态码:  200
2025-02-21 17:09:12,183 - App.src.log - INFO - 运行测试参数作业请求发送中...
2025-02-21 17:09:12,368 - App.src.log - INFO - 返回状态码:  200
2025-02-21 17:09:12,368 - App.src.log - INFO - 执行作业请求发送中...
2025-02-21 17:09:12,632 - App.src.log - INFO - 返回状态码:  200
2025-02-21 17:09:12,632 - App.src.log - INFO - 作业:680823393469071360,执行成功!
2025-02-21 17:09:12,633 - App.src.log - INFO - 建表语句请求发送中...
2025-02-21 17:09:12,861 - App.src.log - INFO - 返回状态码:  200
2025-02-21 17:09:12,862 - App.src.log - INFO - 发送创建DDL工作请求中...
2025-02-21 17:09:13,241 - App.src.log - INFO - 返回状态码:  200
2025-02-21 17:09:13,241 - App.src.log - INFO - 返回该作业id: 680823399127187456
2025-02-21 17:09:13,242 - App.src.log - INFO - 创建DDL作业成功
2025-02-21 17:09:13,242 - App.src.log - INFO - DDL作业ID:680823399127187456
2025-02-21 17:09:13,242 - App.src.log - INFO - 保存更新DDL作业请求发送中...
2025-02-21 17:09:13,482 - App.src.log - INFO - 返回状态码:  200
2025-02-21 17:09:13,483 - App.src.log - INFO - 运行测试参数作业请求发送中...
2025-02-21 17:09:13,719 - App.src.log - INFO - 返回状态码:  200
2025-02-21 17:09:13,719 - App.src.log - INFO - 执行作业请求发送中...
2025-02-21 17:09:14,043 - App.src.log - INFO - 返回状态码:  200
2025-02-21 17:09:14,043 - App.src.log - INFO - 作业:680823399127187456,执行成功!
2025-02-21 17:09:14,043 - App.src.log - INFO - 建表语句请求发送中...
2025-02-21 17:09:14,232 - App.src.log - INFO - 返回状态码:  200
2025-02-21 17:09:14,234 - App.src.log - INFO - 发送创建DDL工作请求中...
2025-02-21 17:09:14,566 - App.src.log - INFO - 返回状态码:  200
2025-02-21 17:09:14,567 - App.src.log - INFO - 返回该作业id: 680823404642697216
2025-02-21 17:09:14,567 - App.src.log - INFO - 创建DDL作业成功
2025-02-21 17:09:14,567 - App.src.log - INFO - DDL作业ID:680823404642697216
2025-02-21 17:09:14,568 - App.src.log - INFO - 保存更新DDL作业请求发送中...
2025-02-21 17:09:14,902 - App.src.log - INFO - 返回状态码:  200
2025-02-21 17:09:14,903 - App.src.log - INFO - 运行测试参数作业请求发送中...
2025-02-21 17:09:15,017 - App.src.log - INFO - 返回状态码:  200
2025-02-21 17:09:15,017 - App.src.log - INFO - 执行作业请求发送中...
2025-02-21 17:09:15,153 - App.src.log - INFO - 返回状态码:  200
2025-02-21 17:09:15,153 - App.src.log - INFO - 作业:680823404642697216,执行成功!
2025-02-21 17:09:15,154 - App.src.log - INFO - 建表语句请求发送中...
2025-02-21 17:09:15,248 - App.src.log - INFO - 返回状态码:  200
2025-02-21 17:09:15,248 - App.src.log - INFO - 发送创建DDL工作请求中...
2025-02-21 17:09:15,449 - App.src.log - INFO - 返回状态码:  200
2025-02-21 17:09:15,449 - App.src.log - INFO - 返回该作业id: 680823408442736640
2025-02-21 17:09:15,449 - App.src.log - INFO - 创建DDL作业成功
2025-02-21 17:09:15,449 - App.src.log - INFO - DDL作业ID:680823408442736640
2025-02-21 17:09:15,450 - App.src.log - INFO - 保存更新DDL作业请求发送中...
2025-02-21 17:09:15,582 - App.src.log - INFO - 返回状态码:  200
2025-02-21 17:09:15,583 - App.src.log - INFO - 运行测试参数作业请求发送中...
2025-02-21 17:09:15,662 - App.src.log - INFO - 返回状态码:  200
2025-02-21 17:09:15,662 - App.src.log - INFO - 执行作业请求发送中...
2025-02-21 17:09:15,761 - App.src.log - INFO - 返回状态码:  200
2025-02-21 17:09:15,762 - App.src.log - INFO - 作业:680823408442736640,执行成功!
2025-02-21 17:09:15,762 - App.src.log - INFO - 建表语句请求发送中...
2025-02-21 17:09:15,813 - App.src.log - INFO - 返回状态码:  200
2025-02-21 17:09:15,814 - App.src.log - INFO - 发送创建DDL工作请求中...
2025-02-21 17:09:16,068 - App.src.log - INFO - 返回状态码:  200
2025-02-21 17:09:16,068 - App.src.log - INFO - 返回该作业id: 680823411005456384
2025-02-21 17:09:16,068 - App.src.log - INFO - 创建DDL作业成功
2025-02-21 17:09:16,068 - App.src.log - INFO - DDL作业ID:680823411005456384
2025-02-21 17:09:16,069 - App.src.log - INFO - 保存更新DDL作业请求发送中...
2025-02-21 17:09:16,180 - App.src.log - INFO - 返回状态码:  200
2025-02-21 17:09:16,180 - App.src.log - INFO - 运行测试参数作业请求发送中...
2025-02-21 17:09:16,270 - App.src.log - INFO - 返回状态码:  200
2025-02-21 17:09:16,270 - App.src.log - INFO - 执行作业请求发送中...
2025-02-21 17:09:16,373 - App.src.log - INFO - 返回状态码:  200
2025-02-21 17:09:16,377 - App.src.log - INFO - 作业:680823411005456384,执行成功!
2025-02-21 17:09:16,378 - App.src.log - INFO - 建表语句请求发送中...
2025-02-21 17:09:16,419 - App.src.log - INFO - 返回状态码:  200
2025-02-21 17:09:16,419 - App.src.log - INFO - 发送创建DDL工作请求中...
2025-02-21 17:09:16,610 - App.src.log - INFO - 返回状态码:  200
2025-02-21 17:09:16,610 - App.src.log - INFO - 返回该作业id: 680823413358460928
2025-02-21 17:09:16,610 - App.src.log - INFO - 创建DDL作业成功
2025-02-21 17:09:16,610 - App.src.log - INFO - DDL作业ID:680823413358460928
2025-02-21 17:09:16,611 - App.src.log - INFO - 保存更新DDL作业请求发送中...
2025-02-21 17:09:16,826 - App.src.log - INFO - 返回状态码:  200
2025-02-21 17:09:16,826 - App.src.log - INFO - 运行测试参数作业请求发送中...
2025-02-21 17:09:16,919 - App.src.log - INFO - 返回状态码:  200
2025-02-21 17:09:16,919 - App.src.log - INFO - 执行作业请求发送中...
2025-02-21 17:09:17,027 - App.src.log - INFO - 返回状态码:  200
2025-02-21 17:09:17,027 - App.src.log - INFO - 作业:680823413358460928,执行成功!
2025-02-21 17:09:17,028 - App.src.log - INFO - 建表语句请求发送中...
2025-02-21 17:09:17,093 - App.src.log - INFO - 返回状态码:  200
2025-02-21 17:09:17,093 - App.src.log - INFO - 发送创建DDL工作请求中...
2025-02-21 17:09:17,289 - App.src.log - INFO - 返回状态码:  200
2025-02-21 17:09:17,289 - App.src.log - INFO - 返回该作业id: 680823416151867392
2025-02-21 17:09:17,289 - App.src.log - INFO - 创建DDL作业成功
2025-02-21 17:09:17,289 - App.src.log - INFO - DDL作业ID:680823416151867392
2025-02-21 17:09:17,290 - App.src.log - INFO - 保存更新DDL作业请求发送中...
2025-02-21 17:09:17,397 - App.src.log - INFO - 返回状态码:  200
2025-02-21 17:09:17,397 - App.src.log - INFO - 运行测试参数作业请求发送中...
2025-02-21 17:09:17,489 - App.src.log - INFO - 返回状态码:  200
2025-02-21 17:09:17,489 - App.src.log - INFO - 执行作业请求发送中...
2025-02-21 17:09:17,568 - App.src.log - INFO - 返回状态码:  200
2025-02-21 17:09:17,568 - App.src.log - INFO - 作业:680823416151867392,执行成功!
2025-02-21 17:09:17,569 - App.src.log - INFO - 建表语句请求发送中...
2025-02-21 17:09:17,616 - App.src.log - INFO - 返回状态码:  200
2025-02-21 17:09:17,616 - App.src.log - INFO - 发送创建DDL工作请求中...
2025-02-21 17:09:17,777 - App.src.log - INFO - 返回状态码:  200
2025-02-21 17:09:17,777 - App.src.log - INFO - 返回该作业id: 680823418362265600
2025-02-21 17:09:17,777 - App.src.log - INFO - 创建DDL作业成功
2025-02-21 17:09:17,778 - App.src.log - INFO - DDL作业ID:680823418362265600
2025-02-21 17:09:17,779 - App.src.log - INFO - 保存更新DDL作业请求发送中...
2025-02-21 17:09:17,897 - App.src.log - INFO - 返回状态码:  200
2025-02-21 17:09:17,897 - App.src.log - INFO - 运行测试参数作业请求发送中...
2025-02-21 17:09:17,988 - App.src.log - INFO - 返回状态码:  200
2025-02-21 17:09:17,988 - App.src.log - INFO - 执行作业请求发送中...
2025-02-21 17:09:18,076 - App.src.log - INFO - 返回状态码:  200
2025-02-21 17:09:18,076 - App.src.log - INFO - 作业:680823418362265600,执行成功!
2025-02-21 17:09:18,077 - App.src.log - INFO - 建表语句请求发送中...
2025-02-21 17:09:18,154 - App.src.log - INFO - 返回状态码:  200
2025-02-21 17:09:18,155 - App.src.log - INFO - 发送创建DDL工作请求中...
2025-02-21 17:09:18,420 - App.src.log - INFO - 返回状态码:  200
2025-02-21 17:09:18,420 - App.src.log - INFO - 返回该作业id: 680823420891430912
2025-02-21 17:09:18,420 - App.src.log - INFO - 创建DDL作业成功
2025-02-21 17:09:18,420 - App.src.log - INFO - DDL作业ID:680823420891430912
2025-02-21 17:09:18,421 - App.src.log - INFO - 保存更新DDL作业请求发送中...
2025-02-21 17:09:18,559 - App.src.log - INFO - 返回状态码:  200
2025-02-21 17:09:18,559 - App.src.log - INFO - 运行测试参数作业请求发送中...
2025-02-21 17:09:18,637 - App.src.log - INFO - 返回状态码:  200
2025-02-21 17:09:18,638 - App.src.log - INFO - 执行作业请求发送中...
2025-02-21 17:09:18,713 - App.src.log - INFO - 返回状态码:  200
2025-02-21 17:09:18,713 - App.src.log - INFO - 作业:680823420891430912,执行成功!
