2025-02-21 16:49:56,200 - App.src.log - WARNING - 未获取到项目目录信息，正在获取项目目录
2025-02-21 16:49:56,200 - App.src.log - WARNING - 未获取到项目信息，正在获取项目
2025-02-21 16:49:56,200 - App.src.log - INFO - 发送查询项目请求中...
2025-02-21 16:49:56,286 - App.src.log - INFO - 返回状态码:  200
2025-02-21 16:49:56,286 - App.src.log - INFO - 项目名称:农险统计分析项目,项目ID:659865788999532544,环境ID:660123898615955456
2025-02-21 16:49:56,286 - App.src.log - INFO - 项目名称:保单域模型开发,项目ID:660489178949091328,环境ID:660489357961986048
2025-02-21 16:49:56,291 - App.src.log - INFO - 项目名称:理赔域模型开发,项目ID:664105169524359168,环境ID:664110609901551616
2025-02-21 16:49:56,291 - App.src.log - INFO - 项目名称:收付域模型开发,项目ID:665558091214880768,环境ID:665558589229760512
2025-02-21 16:49:56,291 - App.src.log - INFO - 项目名称:产品域模型开发,项目ID:667309876069793792,环境ID:667310114419507200
2025-02-21 16:49:56,291 - App.src.log - INFO - 项目名称:公共域模型开发,项目ID:667309925382225920,环境ID:667310350181335040
2025-02-21 16:49:56,291 - App.src.log - INFO - 项目名称:销管域模型开发,项目ID:669492845551288320,环境ID:669492992658112512
2025-02-21 16:49:56,291 - App.src.log - INFO - 项目名称:机构域模型开发,项目ID:669499243865571328,环境ID:669499579246313472
2025-02-21 16:49:56,291 - App.src.log - INFO - 项目名称:财务域模型开发,项目ID:669499189998125056,环境ID:669500013042204672
2025-02-21 16:49:56,291 - App.src.log - INFO - 项目名称:再保域模型开发,项目ID:669540045408960512,环境ID:669540279086219264
2025-02-21 16:49:56,291 - App.src.log - INFO - 项目名称:客户域模型开发,项目ID:669544231576010752,环境ID:669544379244871680
2025-02-21 16:49:56,291 - App.src.log - INFO - 项目名称:系统配置域模型开发,项目ID:669567632545939456,环境ID:669567973840650240
2025-02-21 16:49:56,291 - App.src.log - INFO - 项目名称:监管报送,项目ID:680416668777709568,环境ID:680417741324156928
2025-02-21 16:49:56,291 - App.src.log - INFO - 项目名称:新农险域模型开发,项目ID:680809261319585792,环境ID:680809423555264512
2025-02-21 16:49:56,292 - App.src.log - INFO - 查询项目成功
2025-02-21 16:49:56,292 - App.src.log - INFO - 发送查询数据开发作业请求中...
2025-02-21 16:49:56,362 - App.src.log - INFO - 返回状态码:  200
2025-02-21 16:49:56,363 - App.src.log - INFO - 查询离线作业成功
2025-02-21 16:49:56,363 - App.src.log - INFO - 建表语句请求发送中...
2025-02-21 16:49:56,462 - App.src.log - INFO - 返回状态码:  200
2025-02-21 16:49:56,462 - App.src.log - INFO - 发送创建DDL工作请求中...
2025-02-21 16:49:56,663 - App.src.log - INFO - 返回状态码:  200
2025-02-21 16:49:56,664 - App.src.log - INFO - 返回该作业id: 680818548087455744
2025-02-21 16:49:56,664 - App.src.log - INFO - 创建DDL作业成功
2025-02-21 16:49:56,664 - App.src.log - INFO - DDL作业ID:680818548087455744
2025-02-21 16:49:56,665 - App.src.log - INFO - 保存更新DDL作业请求发送中...
2025-02-21 16:49:56,863 - App.src.log - INFO - 返回状态码:  200
2025-02-21 16:49:56,864 - App.src.log - INFO - 运行测试参数作业请求发送中...
2025-02-21 16:49:56,926 - App.src.log - INFO - 返回状态码:  200
2025-02-21 16:49:56,926 - App.src.log - INFO - 执行作业请求发送中...
2025-02-21 16:49:57,003 - App.src.log - INFO - 返回状态码:  200
2025-02-21 16:49:57,004 - App.src.log - INFO - 作业:680818548087455744,执行成功!
2025-02-21 16:49:57,005 - App.src.log - INFO - 建表语句请求发送中...
2025-02-21 16:49:57,061 - App.src.log - INFO - 返回状态码:  200
2025-02-21 16:49:57,062 - App.src.log - INFO - 发送创建DDL工作请求中...
2025-02-21 16:49:57,249 - App.src.log - INFO - 返回状态码:  200
2025-02-21 16:49:57,249 - App.src.log - INFO - 返回该作业id: 680818550604038144
2025-02-21 16:49:57,249 - App.src.log - INFO - 创建DDL作业成功
2025-02-21 16:49:57,249 - App.src.log - INFO - DDL作业ID:680818550604038144
2025-02-21 16:49:57,250 - App.src.log - INFO - 保存更新DDL作业请求发送中...
2025-02-21 16:49:57,404 - App.src.log - INFO - 返回状态码:  200
2025-02-21 16:49:57,404 - App.src.log - INFO - 运行测试参数作业请求发送中...
2025-02-21 16:49:57,497 - App.src.log - INFO - 返回状态码:  200
2025-02-21 16:49:57,498 - App.src.log - INFO - 执行作业请求发送中...
2025-02-21 16:49:57,684 - App.src.log - INFO - 返回状态码:  200
2025-02-21 16:49:57,684 - App.src.log - INFO - 作业:680818550604038144,执行成功!
2025-02-21 16:49:57,685 - App.src.log - INFO - 建表语句请求发送中...
2025-02-21 16:49:57,752 - App.src.log - INFO - 返回状态码:  200
2025-02-21 16:49:57,755 - App.src.log - INFO - 发送创建DDL工作请求中...
2025-02-21 16:49:57,950 - App.src.log - INFO - 返回状态码:  200
2025-02-21 16:49:57,950 - App.src.log - INFO - 返回该作业id: 680818553506496512
2025-02-21 16:49:57,951 - App.src.log - INFO - 创建DDL作业成功
2025-02-21 16:49:57,951 - App.src.log - INFO - DDL作业ID:680818553506496512
2025-02-21 16:49:57,951 - App.src.log - INFO - 保存更新DDL作业请求发送中...
2025-02-21 16:49:58,060 - App.src.log - INFO - 返回状态码:  200
2025-02-21 16:49:58,060 - App.src.log - INFO - 运行测试参数作业请求发送中...
2025-02-21 16:49:58,167 - App.src.log - INFO - 返回状态码:  200
2025-02-21 16:49:58,168 - App.src.log - INFO - 执行作业请求发送中...
2025-02-21 16:49:58,274 - App.src.log - INFO - 返回状态码:  200
2025-02-21 16:49:58,274 - App.src.log - INFO - 作业:680818553506496512,执行成功!
2025-02-21 16:49:58,274 - App.src.log - INFO - 建表语句请求发送中...
2025-02-21 16:49:58,339 - App.src.log - INFO - 返回状态码:  200
2025-02-21 16:49:58,342 - App.src.log - INFO - 发送创建DDL工作请求中...
2025-02-21 16:49:58,581 - App.src.log - INFO - 返回状态码:  200
2025-02-21 16:49:58,582 - App.src.log - INFO - 返回该作业id: 680818556190851072
2025-02-21 16:49:58,582 - App.src.log - INFO - 创建DDL作业成功
2025-02-21 16:49:58,582 - App.src.log - INFO - DDL作业ID:680818556190851072
2025-02-21 16:49:58,582 - App.src.log - INFO - 保存更新DDL作业请求发送中...
2025-02-21 16:49:58,699 - App.src.log - INFO - 返回状态码:  200
2025-02-21 16:49:58,699 - App.src.log - INFO - 运行测试参数作业请求发送中...
2025-02-21 16:49:58,781 - App.src.log - INFO - 返回状态码:  200
2025-02-21 16:49:58,781 - App.src.log - INFO - 执行作业请求发送中...
2025-02-21 16:49:58,891 - App.src.log - INFO - 返回状态码:  200
2025-02-21 16:49:58,891 - App.src.log - INFO - 作业:680818556190851072,执行成功!
2025-02-21 16:49:58,892 - App.src.log - INFO - 建表语句请求发送中...
2025-02-21 16:49:58,968 - App.src.log - INFO - 返回状态码:  200
2025-02-21 16:49:58,969 - App.src.log - INFO - 发送创建DDL工作请求中...
2025-02-21 16:49:59,155 - App.src.log - INFO - 返回状态码:  200
2025-02-21 16:49:59,155 - App.src.log - INFO - 返回该作业id: 680818558623547392
2025-02-21 16:49:59,155 - App.src.log - INFO - 创建DDL作业成功
2025-02-21 16:49:59,155 - App.src.log - INFO - DDL作业ID:680818558623547392
2025-02-21 16:49:59,156 - App.src.log - INFO - 保存更新DDL作业请求发送中...
2025-02-21 16:49:59,339 - App.src.log - INFO - 返回状态码:  200
2025-02-21 16:49:59,340 - App.src.log - INFO - 运行测试参数作业请求发送中...
2025-02-21 16:49:59,403 - App.src.log - INFO - 返回状态码:  200
2025-02-21 16:49:59,403 - App.src.log - INFO - 执行作业请求发送中...
2025-02-21 16:49:59,511 - App.src.log - INFO - 返回状态码:  200
2025-02-21 16:49:59,511 - App.src.log - INFO - 作业:680818558623547392,执行成功!
2025-02-21 16:49:59,511 - App.src.log - INFO - 建表语句请求发送中...
2025-02-21 16:49:59,576 - App.src.log - INFO - 返回状态码:  200
2025-02-21 16:49:59,576 - App.src.log - INFO - 发送创建DDL工作请求中...
2025-02-21 16:49:59,759 - App.src.log - INFO - 返回状态码:  200
2025-02-21 16:49:59,759 - App.src.log - INFO - 返回该作业id: 680818561119158272
2025-02-21 16:49:59,759 - App.src.log - INFO - 创建DDL作业成功
2025-02-21 16:49:59,759 - App.src.log - INFO - DDL作业ID:680818561119158272
2025-02-21 16:49:59,760 - App.src.log - INFO - 保存更新DDL作业请求发送中...
2025-02-21 16:49:59,882 - App.src.log - INFO - 返回状态码:  200
2025-02-21 16:49:59,882 - App.src.log - INFO - 运行测试参数作业请求发送中...
2025-02-21 16:49:59,969 - App.src.log - INFO - 返回状态码:  200
2025-02-21 16:49:59,969 - App.src.log - INFO - 执行作业请求发送中...
2025-02-21 16:50:00,128 - App.src.log - INFO - 返回状态码:  200
2025-02-21 16:50:00,128 - App.src.log - INFO - 作业:680818561119158272,执行成功!
2025-02-21 16:50:00,129 - App.src.log - INFO - 建表语句请求发送中...
2025-02-21 16:50:00,207 - App.src.log - INFO - 返回状态码:  200
2025-02-21 16:50:00,207 - App.src.log - INFO - 发送创建DDL工作请求中...
2025-02-21 16:50:00,391 - App.src.log - INFO - 返回状态码:  200
2025-02-21 16:50:00,392 - App.src.log - INFO - 返回该作业id: 680818563790929920
2025-02-21 16:50:00,392 - App.src.log - INFO - 创建DDL作业成功
2025-02-21 16:50:00,392 - App.src.log - INFO - DDL作业ID:680818563790929920
2025-02-21 16:50:00,392 - App.src.log - INFO - 保存更新DDL作业请求发送中...
2025-02-21 16:50:00,549 - App.src.log - INFO - 返回状态码:  200
2025-02-21 16:50:00,549 - App.src.log - INFO - 运行测试参数作业请求发送中...
2025-02-21 16:50:00,611 - App.src.log - INFO - 返回状态码:  200
2025-02-21 16:50:00,611 - App.src.log - INFO - 执行作业请求发送中...
2025-02-21 16:50:00,690 - App.src.log - INFO - 返回状态码:  200
2025-02-21 16:50:00,690 - App.src.log - INFO - 作业:680818563790929920,执行成功!
2025-02-21 16:50:00,691 - App.src.log - INFO - 建表语句请求发送中...
2025-02-21 16:50:00,783 - App.src.log - INFO - 返回状态码:  200
2025-02-21 16:50:00,783 - App.src.log - INFO - 发送创建DDL工作请求中...
2025-02-21 16:50:01,015 - App.src.log - INFO - 返回状态码:  200
2025-02-21 16:50:01,015 - App.src.log - INFO - 返回该作业id: 680818566433341440
2025-02-21 16:50:01,016 - App.src.log - INFO - 创建DDL作业成功
2025-02-21 16:50:01,016 - App.src.log - INFO - DDL作业ID:680818566433341440
2025-02-21 16:50:01,016 - App.src.log - INFO - 保存更新DDL作业请求发送中...
2025-02-21 16:50:01,171 - App.src.log - INFO - 返回状态码:  200
2025-02-21 16:50:01,171 - App.src.log - INFO - 运行测试参数作业请求发送中...
2025-02-21 16:50:01,233 - App.src.log - INFO - 返回状态码:  200
2025-02-21 16:50:01,234 - App.src.log - INFO - 执行作业请求发送中...
2025-02-21 16:50:01,356 - App.src.log - INFO - 返回状态码:  200
2025-02-21 16:50:01,356 - App.src.log - INFO - 作业:680818566433341440,执行成功!
2025-02-21 16:50:01,356 - App.src.log - INFO - 建表语句请求发送中...
2025-02-21 16:50:01,412 - App.src.log - INFO - 返回状态码:  200
2025-02-21 16:50:01,412 - App.src.log - INFO - 发送创建DDL工作请求中...
2025-02-21 16:50:01,607 - App.src.log - INFO - 返回状态码:  200
2025-02-21 16:50:01,607 - App.src.log - INFO - 返回该作业id: 680818568895397888
2025-02-21 16:50:01,607 - App.src.log - INFO - 创建DDL作业成功
2025-02-21 16:50:01,607 - App.src.log - INFO - DDL作业ID:680818568895397888
2025-02-21 16:50:01,608 - App.src.log - INFO - 保存更新DDL作业请求发送中...
2025-02-21 16:50:01,823 - App.src.log - INFO - 返回状态码:  200
2025-02-21 16:50:01,824 - App.src.log - INFO - 运行测试参数作业请求发送中...
2025-02-21 16:50:01,902 - App.src.log - INFO - 返回状态码:  200
2025-02-21 16:50:01,903 - App.src.log - INFO - 执行作业请求发送中...
2025-02-21 16:50:01,980 - App.src.log - INFO - 返回状态码:  200
2025-02-21 16:50:01,980 - App.src.log - INFO - 作业:680818568895397888,执行成功!
2025-02-21 16:50:01,981 - App.src.log - INFO - 建表语句请求发送中...
2025-02-21 16:50:02,070 - App.src.log - INFO - 返回状态码:  200
2025-02-21 16:50:02,071 - App.src.log - INFO - 发送创建DDL工作请求中...
2025-02-21 16:50:02,274 - App.src.log - INFO - 返回状态码:  200
2025-02-21 16:50:02,274 - App.src.log - INFO - 返回该作业id: 680818571651055616
2025-02-21 16:50:02,275 - App.src.log - INFO - 创建DDL作业成功
2025-02-21 16:50:02,275 - App.src.log - INFO - DDL作业ID:680818571651055616
2025-02-21 16:50:02,275 - App.src.log - INFO - 保存更新DDL作业请求发送中...
2025-02-21 16:50:02,383 - App.src.log - INFO - 返回状态码:  200
2025-02-21 16:50:02,383 - App.src.log - INFO - 运行测试参数作业请求发送中...
2025-02-21 16:50:02,461 - App.src.log - INFO - 返回状态码:  200
2025-02-21 16:50:02,461 - App.src.log - INFO - 执行作业请求发送中...
2025-02-21 16:50:02,568 - App.src.log - INFO - 返回状态码:  200
2025-02-21 16:50:02,568 - App.src.log - INFO - 作业:680818571651055616,执行成功!
2025-02-21 16:50:02,569 - App.src.log - INFO - 建表语句请求发送中...
2025-02-21 16:50:02,629 - App.src.log - INFO - 返回状态码:  200
2025-02-21 16:50:02,629 - App.src.log - INFO - 发送创建DDL工作请求中...
2025-02-21 16:50:02,814 - App.src.log - INFO - 返回状态码:  200
2025-02-21 16:50:02,814 - App.src.log - INFO - 返回该作业id: 680818573970505728
2025-02-21 16:50:02,814 - App.src.log - INFO - 创建DDL作业成功
2025-02-21 16:50:02,814 - App.src.log - INFO - DDL作业ID:680818573970505728
2025-02-21 16:50:02,815 - App.src.log - INFO - 保存更新DDL作业请求发送中...
2025-02-21 16:50:02,913 - App.src.log - INFO - 返回状态码:  200
2025-02-21 16:50:02,914 - App.src.log - INFO - 运行测试参数作业请求发送中...
2025-02-21 16:50:02,998 - App.src.log - INFO - 返回状态码:  200
2025-02-21 16:50:02,998 - App.src.log - INFO - 执行作业请求发送中...
2025-02-21 16:50:03,090 - App.src.log - INFO - 返回状态码:  200
2025-02-21 16:50:03,090 - App.src.log - INFO - 作业:680818573970505728,执行成功!
2025-02-21 16:50:03,091 - App.src.log - INFO - 建表语句请求发送中...
2025-02-21 16:50:03,136 - App.src.log - INFO - 返回状态码:  200
2025-02-21 16:50:03,136 - App.src.log - INFO - 发送创建DDL工作请求中...
2025-02-21 16:50:03,402 - App.src.log - INFO - 返回状态码:  200
2025-02-21 16:50:03,402 - App.src.log - INFO - 返回该作业id: 680818576407396352
2025-02-21 16:50:03,402 - App.src.log - INFO - 创建DDL作业成功
2025-02-21 16:50:03,402 - App.src.log - INFO - DDL作业ID:680818576407396352
2025-02-21 16:50:03,403 - App.src.log - INFO - 保存更新DDL作业请求发送中...
2025-02-21 16:50:03,522 - App.src.log - INFO - 返回状态码:  200
2025-02-21 16:50:03,522 - App.src.log - INFO - 运行测试参数作业请求发送中...
2025-02-21 16:50:03,600 - App.src.log - INFO - 返回状态码:  200
2025-02-21 16:50:03,600 - App.src.log - INFO - 执行作业请求发送中...
2025-02-21 16:50:03,690 - App.src.log - INFO - 返回状态码:  200
2025-02-21 16:50:03,690 - App.src.log - INFO - 作业:680818576407396352,执行成功!
2025-02-21 16:50:03,691 - App.src.log - INFO - 建表语句请求发送中...
2025-02-21 16:50:03,751 - App.src.log - INFO - 返回状态码:  200
2025-02-21 16:50:03,751 - App.src.log - INFO - 发送创建DDL工作请求中...
2025-02-21 16:50:03,901 - App.src.log - INFO - 返回状态码:  200
2025-02-21 16:50:03,901 - App.src.log - INFO - 返回该作业id: 680818578676514816
2025-02-21 16:50:03,901 - App.src.log - INFO - 创建DDL作业成功
2025-02-21 16:50:03,901 - App.src.log - INFO - DDL作业ID:680818578676514816
2025-02-21 16:50:03,902 - App.src.log - INFO - 保存更新DDL作业请求发送中...
2025-02-21 16:50:04,045 - App.src.log - INFO - 返回状态码:  200
2025-02-21 16:50:04,045 - App.src.log - INFO - 运行测试参数作业请求发送中...
2025-02-21 16:50:04,154 - App.src.log - INFO - 返回状态码:  200
2025-02-21 16:50:04,154 - App.src.log - INFO - 执行作业请求发送中...
2025-02-21 16:50:04,261 - App.src.log - INFO - 返回状态码:  200
2025-02-21 16:50:04,261 - App.src.log - INFO - 作业:680818578676514816,执行成功!
2025-02-21 16:50:04,262 - App.src.log - INFO - 建表语句请求发送中...
2025-02-21 16:50:04,323 - App.src.log - INFO - 返回状态码:  200
2025-02-21 16:50:04,323 - App.src.log - INFO - 发送创建DDL工作请求中...
2025-02-21 16:50:04,510 - App.src.log - INFO - 返回状态码:  200
2025-02-21 16:50:04,510 - App.src.log - INFO - 返回该作业id: 680818581067268096
2025-02-21 16:50:04,510 - App.src.log - INFO - 创建DDL作业成功
2025-02-21 16:50:04,510 - App.src.log - INFO - DDL作业ID:680818581067268096
2025-02-21 16:50:04,511 - App.src.log - INFO - 保存更新DDL作业请求发送中...
2025-02-21 16:50:04,651 - App.src.log - INFO - 返回状态码:  200
2025-02-21 16:50:04,651 - App.src.log - INFO - 运行测试参数作业请求发送中...
2025-02-21 16:50:04,730 - App.src.log - INFO - 返回状态码:  200
2025-02-21 16:50:04,731 - App.src.log - INFO - 执行作业请求发送中...
2025-02-21 16:50:04,807 - App.src.log - INFO - 返回状态码:  200
2025-02-21 16:50:04,807 - App.src.log - INFO - 作业:680818581067268096,执行成功!
2025-02-21 16:50:04,808 - App.src.log - INFO - 建表语句请求发送中...
2025-02-21 16:50:04,974 - App.src.log - INFO - 返回状态码:  200
2025-02-21 16:50:04,974 - App.src.log - INFO - 发送创建DDL工作请求中...
2025-02-21 16:50:05,128 - App.src.log - INFO - 返回状态码:  200
2025-02-21 16:50:05,128 - App.src.log - INFO - 返回该作业id: 680818583780982784
2025-02-21 16:50:05,128 - App.src.log - INFO - 创建DDL作业成功
2025-02-21 16:50:05,129 - App.src.log - INFO - DDL作业ID:680818583780982784
2025-02-21 16:50:05,129 - App.src.log - INFO - 保存更新DDL作业请求发送中...
2025-02-21 16:50:05,253 - App.src.log - INFO - 返回状态码:  200
2025-02-21 16:50:05,254 - App.src.log - INFO - 运行测试参数作业请求发送中...
2025-02-21 16:50:05,316 - App.src.log - INFO - 返回状态码:  200
2025-02-21 16:50:05,316 - App.src.log - INFO - 执行作业请求发送中...
2025-02-21 16:50:05,394 - App.src.log - INFO - 返回状态码:  200
2025-02-21 16:50:05,394 - App.src.log - INFO - 作业:680818583780982784,执行成功!
2025-02-21 16:50:05,394 - App.src.log - INFO - 建表语句请求发送中...
2025-02-21 16:50:05,457 - App.src.log - INFO - 返回状态码:  200
2025-02-21 16:50:05,458 - App.src.log - INFO - 发送创建DDL工作请求中...
2025-02-21 16:50:05,715 - App.src.log - INFO - 返回状态码:  200
2025-02-21 16:50:05,715 - App.src.log - INFO - 返回该作业id: 680818585823608832
2025-02-21 16:50:05,715 - App.src.log - INFO - 创建DDL作业成功
2025-02-21 16:50:05,715 - App.src.log - INFO - DDL作业ID:680818585823608832
2025-02-21 16:50:05,716 - App.src.log - INFO - 保存更新DDL作业请求发送中...
2025-02-21 16:50:05,842 - App.src.log - INFO - 返回状态码:  200
2025-02-21 16:50:05,842 - App.src.log - INFO - 运行测试参数作业请求发送中...
2025-02-21 16:50:05,921 - App.src.log - INFO - 返回状态码:  200
2025-02-21 16:50:05,921 - App.src.log - INFO - 执行作业请求发送中...
2025-02-21 16:50:05,997 - App.src.log - INFO - 返回状态码:  200
2025-02-21 16:50:05,997 - App.src.log - INFO - 作业:680818585823608832,执行成功!
2025-02-21 16:50:05,998 - App.src.log - INFO - 建表语句请求发送中...
2025-02-21 16:50:06,063 - App.src.log - INFO - 返回状态码:  200
2025-02-21 16:50:06,063 - App.src.log - INFO - 发送创建DDL工作请求中...
2025-02-21 16:50:06,230 - App.src.log - INFO - 返回状态码:  200
2025-02-21 16:50:06,230 - App.src.log - INFO - 返回该作业id: 680818588323414016
2025-02-21 16:50:06,230 - App.src.log - INFO - 创建DDL作业成功
2025-02-21 16:50:06,230 - App.src.log - INFO - DDL作业ID:680818588323414016
2025-02-21 16:50:06,231 - App.src.log - INFO - 保存更新DDL作业请求发送中...
2025-02-21 16:50:06,329 - App.src.log - INFO - 返回状态码:  200
2025-02-21 16:50:06,329 - App.src.log - INFO - 运行测试参数作业请求发送中...
2025-02-21 16:50:06,388 - App.src.log - INFO - 返回状态码:  200
2025-02-21 16:50:06,388 - App.src.log - INFO - 执行作业请求发送中...
2025-02-21 16:50:06,574 - App.src.log - INFO - 返回状态码:  200
2025-02-21 16:50:06,574 - App.src.log - INFO - 作业:680818588323414016,执行成功!
2025-02-21 16:50:06,575 - App.src.log - INFO - 建表语句请求发送中...
2025-02-21 16:50:06,636 - App.src.log - INFO - 返回状态码:  200
2025-02-21 16:50:06,637 - App.src.log - INFO - 发送创建DDL工作请求中...
2025-02-21 16:50:06,806 - App.src.log - INFO - 返回状态码:  200
2025-02-21 16:50:06,806 - App.src.log - INFO - 返回该作业id: 680818590760304640
2025-02-21 16:50:06,806 - App.src.log - INFO - 创建DDL作业成功
2025-02-21 16:50:06,807 - App.src.log - INFO - DDL作业ID:680818590760304640
2025-02-21 16:50:06,807 - App.src.log - INFO - 保存更新DDL作业请求发送中...
2025-02-21 16:50:06,915 - App.src.log - INFO - 返回状态码:  200
2025-02-21 16:50:06,916 - App.src.log - INFO - 运行测试参数作业请求发送中...
2025-02-21 16:50:06,993 - App.src.log - INFO - 返回状态码:  200
2025-02-21 16:50:06,993 - App.src.log - INFO - 执行作业请求发送中...
2025-02-21 16:50:07,100 - App.src.log - INFO - 返回状态码:  200
2025-02-21 16:50:07,100 - App.src.log - INFO - 作业:680818590760304640,执行成功!
2025-02-21 16:50:07,101 - App.src.log - INFO - 建表语句请求发送中...
2025-02-21 16:50:07,175 - App.src.log - INFO - 返回状态码:  200
2025-02-21 16:50:07,175 - App.src.log - INFO - 发送创建DDL工作请求中...
2025-02-21 16:50:07,403 - App.src.log - INFO - 返回状态码:  200
2025-02-21 16:50:07,403 - App.src.log - INFO - 返回该作业id: 680818593264304128
2025-02-21 16:50:07,403 - App.src.log - INFO - 创建DDL作业成功
2025-02-21 16:50:07,403 - App.src.log - INFO - DDL作业ID:680818593264304128
2025-02-21 16:50:07,404 - App.src.log - INFO - 保存更新DDL作业请求发送中...
2025-02-21 16:50:07,550 - App.src.log - INFO - 返回状态码:  200
2025-02-21 16:50:07,550 - App.src.log - INFO - 运行测试参数作业请求发送中...
2025-02-21 16:50:07,612 - App.src.log - INFO - 返回状态码:  200
2025-02-21 16:50:07,613 - App.src.log - INFO - 执行作业请求发送中...
2025-02-21 16:50:07,687 - App.src.log - INFO - 返回状态码:  200
2025-02-21 16:50:07,687 - App.src.log - INFO - 作业:680818593264304128,执行成功!
2025-02-21 16:50:07,688 - App.src.log - INFO - 建表语句请求发送中...
2025-02-21 16:50:07,727 - App.src.log - INFO - 返回状态码:  200
2025-02-21 16:50:07,728 - App.src.log - INFO - 发送创建DDL工作请求中...
2025-02-21 16:50:07,905 - App.src.log - INFO - 返回状态码:  200
2025-02-21 16:50:07,906 - App.src.log - INFO - 返回该作业id: 680818595361456128
2025-02-21 16:50:07,906 - App.src.log - INFO - 创建DDL作业成功
2025-02-21 16:50:07,906 - App.src.log - INFO - DDL作业ID:680818595361456128
2025-02-21 16:50:07,907 - App.src.log - INFO - 保存更新DDL作业请求发送中...
2025-02-21 16:50:08,054 - App.src.log - INFO - 返回状态码:  200
2025-02-21 16:50:08,054 - App.src.log - INFO - 运行测试参数作业请求发送中...
2025-02-21 16:50:08,122 - App.src.log - INFO - 返回状态码:  200
2025-02-21 16:50:08,122 - App.src.log - INFO - 执行作业请求发送中...
2025-02-21 16:50:08,214 - App.src.log - INFO - 返回状态码:  200
2025-02-21 16:50:08,214 - App.src.log - INFO - 作业:680818595361456128,执行成功!
2025-02-21 16:50:08,215 - App.src.log - INFO - 建表语句请求发送中...
2025-02-21 16:50:08,266 - App.src.log - INFO - 返回状态码:  200
2025-02-21 16:50:08,267 - App.src.log - INFO - 发送创建DDL工作请求中...
2025-02-21 16:50:08,461 - App.src.log - INFO - 返回状态码:  200
2025-02-21 16:50:08,461 - App.src.log - INFO - 返回该作业id: 680818597626380288
2025-02-21 16:50:08,461 - App.src.log - INFO - 创建DDL作业成功
2025-02-21 16:50:08,461 - App.src.log - INFO - DDL作业ID:680818597626380288
2025-02-21 16:50:08,462 - App.src.log - INFO - 保存更新DDL作业请求发送中...
2025-02-21 16:50:08,568 - App.src.log - INFO - 返回状态码:  200
2025-02-21 16:50:08,568 - App.src.log - INFO - 运行测试参数作业请求发送中...
2025-02-21 16:50:08,647 - App.src.log - INFO - 返回状态码:  200
2025-02-21 16:50:08,648 - App.src.log - INFO - 执行作业请求发送中...
2025-02-21 16:50:08,739 - App.src.log - INFO - 返回状态码:  200
2025-02-21 16:50:08,740 - App.src.log - INFO - 作业:680818597626380288,执行成功!
2025-02-21 16:50:08,740 - App.src.log - INFO - 建表语句请求发送中...
2025-02-21 16:50:08,864 - App.src.log - INFO - 返回状态码:  200
2025-02-21 16:50:08,864 - App.src.log - INFO - 发送创建DDL工作请求中...
2025-02-21 16:50:09,033 - App.src.log - INFO - 返回状态码:  200
2025-02-21 16:50:09,033 - App.src.log - INFO - 返回该作业id: 680818600071659520
2025-02-21 16:50:09,034 - App.src.log - INFO - 创建DDL作业成功
2025-02-21 16:50:09,034 - App.src.log - INFO - DDL作业ID:680818600071659520
2025-02-21 16:50:09,034 - App.src.log - INFO - 保存更新DDL作业请求发送中...
2025-02-21 16:50:09,231 - App.src.log - INFO - 返回状态码:  200
2025-02-21 16:50:09,231 - App.src.log - INFO - 运行测试参数作业请求发送中...
2025-02-21 16:50:09,322 - App.src.log - INFO - 返回状态码:  200
2025-02-21 16:50:09,322 - App.src.log - INFO - 执行作业请求发送中...
2025-02-21 16:50:09,417 - App.src.log - INFO - 返回状态码:  200
2025-02-21 16:50:09,417 - App.src.log - INFO - 作业:680818600071659520,执行成功!
2025-02-21 16:50:09,418 - App.src.log - INFO - 建表语句请求发送中...
2025-02-21 16:50:09,495 - App.src.log - INFO - 返回状态码:  200
2025-02-21 16:50:09,496 - App.src.log - INFO - 发送创建DDL工作请求中...
2025-02-21 16:50:09,746 - App.src.log - INFO - 返回状态码:  200
2025-02-21 16:50:09,746 - App.src.log - INFO - 返回该作业id: 680818603053809664
2025-02-21 16:50:09,746 - App.src.log - INFO - 创建DDL作业成功
2025-02-21 16:50:09,746 - App.src.log - INFO - DDL作业ID:680818603053809664
2025-02-21 16:50:09,747 - App.src.log - INFO - 保存更新DDL作业请求发送中...
2025-02-21 16:50:09,884 - App.src.log - INFO - 返回状态码:  200
2025-02-21 16:50:09,884 - App.src.log - INFO - 运行测试参数作业请求发送中...
2025-02-21 16:50:09,947 - App.src.log - INFO - 返回状态码:  200
2025-02-21 16:50:09,947 - App.src.log - INFO - 执行作业请求发送中...
2025-02-21 16:50:10,024 - App.src.log - INFO - 返回状态码:  200
2025-02-21 16:50:10,024 - App.src.log - INFO - 作业:680818603053809664,执行成功!
2025-02-21 16:50:10,024 - App.src.log - INFO - 建表语句请求发送中...
2025-02-21 16:50:10,088 - App.src.log - INFO - 返回状态码:  200
2025-02-21 16:50:10,088 - App.src.log - INFO - 发送创建DDL工作请求中...
2025-02-21 16:50:10,272 - App.src.log - INFO - 返回状态码:  200
2025-02-21 16:50:10,273 - App.src.log - INFO - 返回该作业id: 680818605230653440
2025-02-21 16:50:10,273 - App.src.log - INFO - 创建DDL作业成功
2025-02-21 16:50:10,273 - App.src.log - INFO - DDL作业ID:680818605230653440
2025-02-21 16:50:10,274 - App.src.log - INFO - 保存更新DDL作业请求发送中...
2025-02-21 16:50:10,386 - App.src.log - INFO - 返回状态码:  200
2025-02-21 16:50:10,387 - App.src.log - INFO - 运行测试参数作业请求发送中...
2025-02-21 16:50:10,535 - App.src.log - INFO - 返回状态码:  200
2025-02-21 16:50:10,535 - App.src.log - INFO - 执行作业请求发送中...
2025-02-21 16:50:10,620 - App.src.log - INFO - 返回状态码:  200
2025-02-21 16:50:10,620 - App.src.log - INFO - 作业:680818605230653440,执行成功!
2025-02-21 16:50:10,621 - App.src.log - INFO - 建表语句请求发送中...
2025-02-21 16:50:10,691 - App.src.log - INFO - 返回状态码:  200
2025-02-21 16:50:10,692 - App.src.log - INFO - 发送创建DDL工作请求中...
2025-02-21 16:50:10,874 - App.src.log - INFO - 返回状态码:  200
2025-02-21 16:50:10,874 - App.src.log - INFO - 返回该作业id: 680818607793373184
2025-02-21 16:50:10,874 - App.src.log - INFO - 创建DDL作业成功
2025-02-21 16:50:10,874 - App.src.log - INFO - DDL作业ID:680818607793373184
2025-02-21 16:50:10,875 - App.src.log - INFO - 保存更新DDL作业请求发送中...
2025-02-21 16:50:10,984 - App.src.log - INFO - 返回状态码:  200
2025-02-21 16:50:10,985 - App.src.log - INFO - 运行测试参数作业请求发送中...
2025-02-21 16:50:11,062 - App.src.log - INFO - 返回状态码:  200
2025-02-21 16:50:11,062 - App.src.log - INFO - 执行作业请求发送中...
2025-02-21 16:50:11,125 - App.src.log - INFO - 返回状态码:  200
2025-02-21 16:50:11,126 - App.src.log - INFO - 作业:680818607793373184,执行成功!
