2025-02-21 17:11:11,017 - App.src.log - WARNING - 未获取到项目目录信息，正在获取项目目录
2025-02-21 17:11:11,018 - App.src.log - WARNING - 未获取到项目信息，正在获取项目
2025-02-21 17:11:11,018 - App.src.log - INFO - 发送查询项目请求中...
2025-02-21 17:11:11,098 - App.src.log - INFO - 返回状态码:  200
2025-02-21 17:11:11,098 - App.src.log - INFO - 项目名称:农险统计分析项目,项目ID:659865788999532544,环境ID:660123898615955456
2025-02-21 17:11:11,099 - App.src.log - INFO - 项目名称:保单域模型开发,项目ID:660489178949091328,环境ID:660489357961986048
2025-02-21 17:11:11,099 - App.src.log - INFO - 项目名称:理赔域模型开发,项目ID:664105169524359168,环境ID:664110609901551616
2025-02-21 17:11:11,099 - App.src.log - INFO - 项目名称:收付域模型开发,项目ID:665558091214880768,环境ID:665558589229760512
2025-02-21 17:11:11,099 - App.src.log - INFO - 项目名称:产品域模型开发,项目ID:667309876069793792,环境ID:667310114419507200
2025-02-21 17:11:11,099 - App.src.log - INFO - 项目名称:公共域模型开发,项目ID:667309925382225920,环境ID:667310350181335040
2025-02-21 17:11:11,099 - App.src.log - INFO - 项目名称:销管域模型开发,项目ID:669492845551288320,环境ID:669492992658112512
2025-02-21 17:11:11,099 - App.src.log - INFO - 项目名称:机构域模型开发,项目ID:669499243865571328,环境ID:669499579246313472
2025-02-21 17:11:11,099 - App.src.log - INFO - 项目名称:财务域模型开发,项目ID:669499189998125056,环境ID:669500013042204672
2025-02-21 17:11:11,099 - App.src.log - INFO - 项目名称:再保域模型开发,项目ID:669540045408960512,环境ID:669540279086219264
2025-02-21 17:11:11,100 - App.src.log - INFO - 项目名称:客户域模型开发,项目ID:669544231576010752,环境ID:669544379244871680
2025-02-21 17:11:11,100 - App.src.log - INFO - 项目名称:系统配置域模型开发,项目ID:669567632545939456,环境ID:669567973840650240
2025-02-21 17:11:11,100 - App.src.log - INFO - 项目名称:监管报送,项目ID:680416668777709568,环境ID:680417741324156928
2025-02-21 17:11:11,100 - App.src.log - INFO - 项目名称:新农险域模型开发,项目ID:680809261319585792,环境ID:680809423555264512
2025-02-21 17:11:11,100 - App.src.log - INFO - 查询项目成功
2025-02-21 17:11:11,100 - App.src.log - INFO - 发送查询数据开发作业请求中...
2025-02-21 17:11:11,205 - App.src.log - INFO - 返回状态码:  200
2025-02-21 17:11:11,206 - App.src.log - INFO - 查询离线作业成功
2025-02-21 17:11:11,206 - App.src.log - INFO - 建表语句请求发送中...
2025-02-21 17:11:11,346 - App.src.log - INFO - 返回状态码:  200
2025-02-21 17:11:11,347 - App.src.log - INFO - 发送创建DDL工作请求中...
2025-02-21 17:11:11,607 - App.src.log - INFO - 返回状态码:  200
2025-02-21 17:11:11,608 - App.src.log - INFO - 返回该作业id: 680823895376265216
2025-02-21 17:11:11,608 - App.src.log - INFO - 创建DDL作业成功
2025-02-21 17:11:11,608 - App.src.log - INFO - DDL作业ID:680823895376265216
2025-02-21 17:11:11,609 - App.src.log - INFO - 保存更新DDL作业请求发送中...
2025-02-21 17:11:11,780 - App.src.log - INFO - 返回状态码:  200
2025-02-21 17:11:11,780 - App.src.log - INFO - 运行测试参数作业请求发送中...
2025-02-21 17:11:11,852 - App.src.log - INFO - 返回状态码:  200
2025-02-21 17:11:11,852 - App.src.log - INFO - 执行作业请求发送中...
2025-02-21 17:11:11,929 - App.src.log - INFO - 返回状态码:  200
2025-02-21 17:11:11,929 - App.src.log - INFO - 作业:680823895376265216,执行成功!
2025-02-21 17:11:11,930 - App.src.log - INFO - 建表语句请求发送中...
2025-02-21 17:11:11,998 - App.src.log - INFO - 返回状态码:  200
2025-02-21 17:11:11,998 - App.src.log - INFO - 发送创建DDL工作请求中...
2025-02-21 17:11:12,207 - App.src.log - INFO - 返回状态码:  200
2025-02-21 17:11:12,207 - App.src.log - INFO - 返回该作业id: 680823898131922944
2025-02-21 17:11:12,207 - App.src.log - INFO - 创建DDL作业成功
2025-02-21 17:11:12,207 - App.src.log - INFO - DDL作业ID:680823898131922944
2025-02-21 17:11:12,208 - App.src.log - INFO - 保存更新DDL作业请求发送中...
2025-02-21 17:11:12,317 - App.src.log - INFO - 返回状态码:  200
2025-02-21 17:11:12,317 - App.src.log - INFO - 运行测试参数作业请求发送中...
2025-02-21 17:11:12,469 - App.src.log - INFO - 返回状态码:  200
2025-02-21 17:11:12,469 - App.src.log - INFO - 执行作业请求发送中...
2025-02-21 17:11:12,562 - App.src.log - INFO - 返回状态码:  200
2025-02-21 17:11:12,562 - App.src.log - INFO - 作业:680823898131922944,执行成功!
2025-02-21 17:11:12,563 - App.src.log - INFO - 建表语句请求发送中...
2025-02-21 17:11:12,637 - App.src.log - INFO - 返回状态码:  200
2025-02-21 17:11:12,637 - App.src.log - INFO - 发送创建DDL工作请求中...
2025-02-21 17:11:12,853 - App.src.log - INFO - 返回状态码:  200
2025-02-21 17:11:12,853 - App.src.log - INFO - 返回该作业id: 680823900837249024
2025-02-21 17:11:12,853 - App.src.log - INFO - 创建DDL作业成功
2025-02-21 17:11:12,853 - App.src.log - INFO - DDL作业ID:680823900837249024
2025-02-21 17:11:12,854 - App.src.log - INFO - 保存更新DDL作业请求发送中...
2025-02-21 17:11:13,009 - App.src.log - INFO - 返回状态码:  200
2025-02-21 17:11:13,010 - App.src.log - INFO - 运行测试参数作业请求发送中...
2025-02-21 17:11:13,092 - App.src.log - INFO - 返回状态码:  200
2025-02-21 17:11:13,092 - App.src.log - INFO - 执行作业请求发送中...
2025-02-21 17:11:13,161 - App.src.log - INFO - 返回状态码:  200
2025-02-21 17:11:13,161 - App.src.log - INFO - 作业:680823900837249024,执行成功!
2025-02-21 17:11:13,162 - App.src.log - INFO - 建表语句请求发送中...
2025-02-21 17:11:13,315 - App.src.log - INFO - 返回状态码:  200
2025-02-21 17:11:13,315 - App.src.log - INFO - 发送创建DDL工作请求中...
2025-02-21 17:11:13,515 - App.src.log - INFO - 返回状态码:  200
2025-02-21 17:11:13,515 - App.src.log - INFO - 返回该作业id: 680823903672598528
2025-02-21 17:11:13,515 - App.src.log - INFO - 创建DDL作业成功
2025-02-21 17:11:13,515 - App.src.log - INFO - DDL作业ID:680823903672598528
2025-02-21 17:11:13,516 - App.src.log - INFO - 保存更新DDL作业请求发送中...
2025-02-21 17:11:13,703 - App.src.log - INFO - 返回状态码:  200
2025-02-21 17:11:13,703 - App.src.log - INFO - 运行测试参数作业请求发送中...
2025-02-21 17:11:13,794 - App.src.log - INFO - 返回状态码:  200
2025-02-21 17:11:13,794 - App.src.log - INFO - 执行作业请求发送中...
2025-02-21 17:11:13,935 - App.src.log - INFO - 返回状态码:  200
2025-02-21 17:11:13,935 - App.src.log - INFO - 作业:680823903672598528,执行成功!
2025-02-21 17:11:13,936 - App.src.log - INFO - 建表语句请求发送中...
2025-02-21 17:11:14,027 - App.src.log - INFO - 返回状态码:  200
2025-02-21 17:11:14,028 - App.src.log - INFO - 发送创建DDL工作请求中...
2025-02-21 17:11:14,243 - App.src.log - INFO - 返回状态码:  200
2025-02-21 17:11:14,243 - App.src.log - INFO - 返回该作业id: 680823906931572736
2025-02-21 17:11:14,243 - App.src.log - INFO - 创建DDL作业成功
2025-02-21 17:11:14,243 - App.src.log - INFO - DDL作业ID:680823906931572736
2025-02-21 17:11:14,244 - App.src.log - INFO - 保存更新DDL作业请求发送中...
2025-02-21 17:11:14,431 - App.src.log - INFO - 返回状态码:  200
2025-02-21 17:11:14,431 - App.src.log - INFO - 运行测试参数作业请求发送中...
2025-02-21 17:11:14,537 - App.src.log - INFO - 返回状态码:  200
2025-02-21 17:11:14,538 - App.src.log - INFO - 执行作业请求发送中...
2025-02-21 17:11:14,650 - App.src.log - INFO - 返回状态码:  200
2025-02-21 17:11:14,650 - App.src.log - INFO - 作业:680823906931572736,执行成功!
2025-02-21 17:11:14,650 - App.src.log - INFO - 建表语句请求发送中...
2025-02-21 17:11:14,726 - App.src.log - INFO - 返回状态码:  200
2025-02-21 17:11:14,727 - App.src.log - INFO - 发送创建DDL工作请求中...
2025-02-21 17:11:14,930 - App.src.log - INFO - 返回状态码:  200
2025-02-21 17:11:14,930 - App.src.log - INFO - 返回该作业id: 680823909573984256
2025-02-21 17:11:14,931 - App.src.log - INFO - 创建DDL作业成功
2025-02-21 17:11:14,931 - App.src.log - INFO - DDL作业ID:680823909573984256
2025-02-21 17:11:14,932 - App.src.log - INFO - 保存更新DDL作业请求发送中...
2025-02-21 17:11:15,049 - App.src.log - INFO - 返回状态码:  200
2025-02-21 17:11:15,049 - App.src.log - INFO - 运行测试参数作业请求发送中...
2025-02-21 17:11:15,123 - App.src.log - INFO - 返回状态码:  200
2025-02-21 17:11:15,123 - App.src.log - INFO - 执行作业请求发送中...
2025-02-21 17:11:15,218 - App.src.log - INFO - 返回状态码:  200
2025-02-21 17:11:15,218 - App.src.log - INFO - 作业:680823909573984256,执行成功!
2025-02-21 17:11:15,219 - App.src.log - INFO - 建表语句请求发送中...
2025-02-21 17:11:15,272 - App.src.log - INFO - 返回状态码:  200
2025-02-21 17:11:15,273 - App.src.log - INFO - 发送创建DDL工作请求中...
2025-02-21 17:11:15,479 - App.src.log - INFO - 返回状态码:  200
2025-02-21 17:11:15,479 - App.src.log - INFO - 返回该作业id: 680823911906017280
2025-02-21 17:11:15,479 - App.src.log - INFO - 创建DDL作业成功
2025-02-21 17:11:15,479 - App.src.log - INFO - DDL作业ID:680823911906017280
2025-02-21 17:11:15,480 - App.src.log - INFO - 保存更新DDL作业请求发送中...
2025-02-21 17:11:15,592 - App.src.log - INFO - 返回状态码:  200
2025-02-21 17:11:15,592 - App.src.log - INFO - 运行测试参数作业请求发送中...
2025-02-21 17:11:15,683 - App.src.log - INFO - 返回状态码:  200
2025-02-21 17:11:15,684 - App.src.log - INFO - 执行作业请求发送中...
2025-02-21 17:11:15,808 - App.src.log - INFO - 返回状态码:  200
2025-02-21 17:11:15,809 - App.src.log - INFO - 作业:680823911906017280,执行成功!
2025-02-21 17:11:15,809 - App.src.log - INFO - 建表语句请求发送中...
2025-02-21 17:11:15,882 - App.src.log - INFO - 返回状态码:  200
2025-02-21 17:11:15,883 - App.src.log - INFO - 发送创建DDL工作请求中...
2025-02-21 17:11:16,070 - App.src.log - INFO - 返回状态码:  200
2025-02-21 17:11:16,070 - App.src.log - INFO - 返回该作业id: 680823914426793984
2025-02-21 17:11:16,070 - App.src.log - INFO - 创建DDL作业成功
2025-02-21 17:11:16,070 - App.src.log - INFO - DDL作业ID:680823914426793984
2025-02-21 17:11:16,071 - App.src.log - INFO - 保存更新DDL作业请求发送中...
2025-02-21 17:11:16,191 - App.src.log - INFO - 返回状态码:  200
2025-02-21 17:11:16,191 - App.src.log - INFO - 运行测试参数作业请求发送中...
2025-02-21 17:11:16,268 - App.src.log - INFO - 返回状态码:  200
2025-02-21 17:11:16,269 - App.src.log - INFO - 执行作业请求发送中...
2025-02-21 17:11:16,394 - App.src.log - INFO - 返回状态码:  200
2025-02-21 17:11:16,394 - App.src.log - INFO - 作业:680823914426793984,执行成功!
2025-02-21 17:11:16,394 - App.src.log - INFO - 建表语句请求发送中...
2025-02-21 17:11:16,472 - App.src.log - INFO - 返回状态码:  200
2025-02-21 17:11:16,472 - App.src.log - INFO - 发送创建DDL工作请求中...
2025-02-21 17:11:16,640 - App.src.log - INFO - 返回状态码:  200
2025-02-21 17:11:16,640 - App.src.log - INFO - 返回该作业id: 680823916976930816
2025-02-21 17:11:16,640 - App.src.log - INFO - 创建DDL作业成功
2025-02-21 17:11:16,640 - App.src.log - INFO - DDL作业ID:680823916976930816
2025-02-21 17:11:16,641 - App.src.log - INFO - 保存更新DDL作业请求发送中...
2025-02-21 17:11:16,768 - App.src.log - INFO - 返回状态码:  200
2025-02-21 17:11:16,768 - App.src.log - INFO - 运行测试参数作业请求发送中...
2025-02-21 17:11:16,844 - App.src.log - INFO - 返回状态码:  200
2025-02-21 17:11:16,844 - App.src.log - INFO - 执行作业请求发送中...
2025-02-21 17:11:16,923 - App.src.log - INFO - 返回状态码:  200
2025-02-21 17:11:16,923 - App.src.log - INFO - 作业:680823916976930816,执行成功!
2025-02-21 17:11:16,924 - App.src.log - INFO - 建表语句请求发送中...
2025-02-21 17:11:17,000 - App.src.log - INFO - 返回状态码:  200
2025-02-21 17:11:17,001 - App.src.log - INFO - 发送创建DDL工作请求中...
2025-02-21 17:11:17,155 - App.src.log - INFO - 返回状态码:  200
2025-02-21 17:11:17,156 - App.src.log - INFO - 返回该作业id: 680823919157968896
2025-02-21 17:11:17,156 - App.src.log - INFO - 创建DDL作业成功
2025-02-21 17:11:17,156 - App.src.log - INFO - DDL作业ID:680823919157968896
2025-02-21 17:11:17,157 - App.src.log - INFO - 保存更新DDL作业请求发送中...
2025-02-21 17:11:17,373 - App.src.log - INFO - 返回状态码:  200
2025-02-21 17:11:17,373 - App.src.log - INFO - 运行测试参数作业请求发送中...
2025-02-21 17:11:17,454 - App.src.log - INFO - 返回状态码:  200
2025-02-21 17:11:17,454 - App.src.log - INFO - 执行作业请求发送中...
2025-02-21 17:11:17,544 - App.src.log - INFO - 返回状态码:  200
2025-02-21 17:11:17,545 - App.src.log - INFO - 作业:680823919157968896,执行成功!
2025-02-21 17:11:17,545 - App.src.log - INFO - 建表语句请求发送中...
2025-02-21 17:11:17,597 - App.src.log - INFO - 返回状态码:  200
2025-02-21 17:11:17,598 - App.src.log - INFO - 发送创建DDL工作请求中...
2025-02-21 17:11:17,808 - App.src.log - INFO - 返回状态码:  200
2025-02-21 17:11:17,808 - App.src.log - INFO - 返回该作业id: 680823921670356992
2025-02-21 17:11:17,808 - App.src.log - INFO - 创建DDL作业成功
2025-02-21 17:11:17,808 - App.src.log - INFO - DDL作业ID:680823921670356992
2025-02-21 17:11:17,809 - App.src.log - INFO - 保存更新DDL作业请求发送中...
2025-02-21 17:11:17,930 - App.src.log - INFO - 返回状态码:  200
2025-02-21 17:11:17,930 - App.src.log - INFO - 运行测试参数作业请求发送中...
2025-02-21 17:11:18,030 - App.src.log - INFO - 返回状态码:  200
2025-02-21 17:11:18,031 - App.src.log - INFO - 执行作业请求发送中...
2025-02-21 17:11:18,197 - App.src.log - INFO - 返回状态码:  200
2025-02-21 17:11:18,197 - App.src.log - INFO - 作业:680823921670356992,执行成功!
2025-02-21 17:11:18,198 - App.src.log - INFO - 建表语句请求发送中...
2025-02-21 17:11:18,261 - App.src.log - INFO - 返回状态码:  200
2025-02-21 17:11:18,262 - App.src.log - INFO - 发送创建DDL工作请求中...
2025-02-21 17:11:18,461 - App.src.log - INFO - 返回状态码:  200
2025-02-21 17:11:18,461 - App.src.log - INFO - 返回该作业id: 680823924392460288
2025-02-21 17:11:18,461 - App.src.log - INFO - 创建DDL作业成功
2025-02-21 17:11:18,461 - App.src.log - INFO - DDL作业ID:680823924392460288
2025-02-21 17:11:18,462 - App.src.log - INFO - 保存更新DDL作业请求发送中...
2025-02-21 17:11:18,584 - App.src.log - INFO - 返回状态码:  200
2025-02-21 17:11:18,584 - App.src.log - INFO - 运行测试参数作业请求发送中...
2025-02-21 17:11:18,666 - App.src.log - INFO - 返回状态码:  200
2025-02-21 17:11:18,666 - App.src.log - INFO - 执行作业请求发送中...
2025-02-21 17:11:18,746 - App.src.log - INFO - 返回状态码:  200
2025-02-21 17:11:18,746 - App.src.log - INFO - 作业:680823924392460288,执行成功!
2025-02-21 17:11:18,747 - App.src.log - INFO - 建表语句请求发送中...
2025-02-21 17:11:18,838 - App.src.log - INFO - 返回状态码:  200
2025-02-21 17:11:18,839 - App.src.log - INFO - 发送创建DDL工作请求中...
2025-02-21 17:11:19,146 - App.src.log - INFO - 返回状态码:  200
2025-02-21 17:11:19,146 - App.src.log - INFO - 返回该作业id: 680823927181672448
2025-02-21 17:11:19,146 - App.src.log - INFO - 创建DDL作业成功
2025-02-21 17:11:19,146 - App.src.log - INFO - DDL作业ID:680823927181672448
2025-02-21 17:11:19,147 - App.src.log - INFO - 保存更新DDL作业请求发送中...
2025-02-21 17:11:19,318 - App.src.log - INFO - 返回状态码:  200
2025-02-21 17:11:19,318 - App.src.log - INFO - 运行测试参数作业请求发送中...
2025-02-21 17:11:19,395 - App.src.log - INFO - 返回状态码:  200
2025-02-21 17:11:19,395 - App.src.log - INFO - 执行作业请求发送中...
2025-02-21 17:11:19,474 - App.src.log - INFO - 返回状态码:  200
2025-02-21 17:11:19,474 - App.src.log - INFO - 作业:680823927181672448,执行成功!
2025-02-21 17:11:19,475 - App.src.log - INFO - 建表语句请求发送中...
2025-02-21 17:11:19,551 - App.src.log - INFO - 返回状态码:  200
2025-02-21 17:11:19,552 - App.src.log - INFO - 发送创建DDL工作请求中...
2025-02-21 17:11:19,832 - App.src.log - INFO - 返回状态码:  200
2025-02-21 17:11:19,833 - App.src.log - INFO - 返回该作业id: 680823930172211200
2025-02-21 17:11:19,833 - App.src.log - INFO - 创建DDL作业成功
2025-02-21 17:11:19,833 - App.src.log - INFO - DDL作业ID:680823930172211200
2025-02-21 17:11:19,834 - App.src.log - INFO - 保存更新DDL作业请求发送中...
2025-02-21 17:11:19,949 - App.src.log - INFO - 返回状态码:  200
2025-02-21 17:11:19,949 - App.src.log - INFO - 运行测试参数作业请求发送中...
2025-02-21 17:11:20,019 - App.src.log - INFO - 返回状态码:  200
2025-02-21 17:11:20,019 - App.src.log - INFO - 执行作业请求发送中...
2025-02-21 17:11:20,128 - App.src.log - INFO - 返回状态码:  200
2025-02-21 17:11:20,128 - App.src.log - INFO - 作业:680823930172211200,执行成功!
2025-02-21 17:11:20,129 - App.src.log - INFO - 建表语句请求发送中...
2025-02-21 17:11:20,184 - App.src.log - INFO - 返回状态码:  200
2025-02-21 17:11:20,186 - App.src.log - INFO - 发送创建DDL工作请求中...
2025-02-21 17:11:20,409 - App.src.log - INFO - 返回状态码:  200
2025-02-21 17:11:20,410 - App.src.log - INFO - 返回该作业id: 680823932479078400
2025-02-21 17:11:20,410 - App.src.log - INFO - 创建DDL作业成功
2025-02-21 17:11:20,410 - App.src.log - INFO - DDL作业ID:680823932479078400
2025-02-21 17:11:20,411 - App.src.log - INFO - 保存更新DDL作业请求发送中...
2025-02-21 17:11:20,575 - App.src.log - INFO - 返回状态码:  200
2025-02-21 17:11:20,575 - App.src.log - INFO - 运行测试参数作业请求发送中...
2025-02-21 17:11:20,671 - App.src.log - INFO - 返回状态码:  200
2025-02-21 17:11:20,671 - App.src.log - INFO - 执行作业请求发送中...
2025-02-21 17:11:20,760 - App.src.log - INFO - 返回状态码:  200
2025-02-21 17:11:20,760 - App.src.log - INFO - 作业:680823932479078400,执行成功!
