2025-02-21 17:10:53,585 - App.src.log - WARNING - 未获取到项目目录信息，正在获取项目目录
2025-02-21 17:10:53,585 - App.src.log - WARNING - 未获取到项目信息，正在获取项目
2025-02-21 17:10:53,585 - App.src.log - INFO - 发送查询项目请求中...
2025-02-21 17:10:53,681 - App.src.log - INFO - 返回状态码:  200
2025-02-21 17:10:53,681 - App.src.log - INFO - 项目名称:农险统计分析项目,项目ID:659865788999532544,环境ID:660123898615955456
2025-02-21 17:10:53,681 - App.src.log - INFO - 项目名称:保单域模型开发,项目ID:660489178949091328,环境ID:660489357961986048
2025-02-21 17:10:53,686 - App.src.log - INFO - 项目名称:理赔域模型开发,项目ID:664105169524359168,环境ID:664110609901551616
2025-02-21 17:10:53,686 - App.src.log - INFO - 项目名称:收付域模型开发,项目ID:665558091214880768,环境ID:665558589229760512
2025-02-21 17:10:53,686 - App.src.log - INFO - 项目名称:产品域模型开发,项目ID:667309876069793792,环境ID:667310114419507200
2025-02-21 17:10:53,686 - App.src.log - INFO - 项目名称:公共域模型开发,项目ID:667309925382225920,环境ID:667310350181335040
2025-02-21 17:10:53,686 - App.src.log - INFO - 项目名称:销管域模型开发,项目ID:669492845551288320,环境ID:669492992658112512
2025-02-21 17:10:53,686 - App.src.log - INFO - 项目名称:机构域模型开发,项目ID:669499243865571328,环境ID:669499579246313472
2025-02-21 17:10:53,686 - App.src.log - INFO - 项目名称:财务域模型开发,项目ID:669499189998125056,环境ID:669500013042204672
2025-02-21 17:10:53,686 - App.src.log - INFO - 项目名称:再保域模型开发,项目ID:669540045408960512,环境ID:669540279086219264
2025-02-21 17:10:53,686 - App.src.log - INFO - 项目名称:客户域模型开发,项目ID:669544231576010752,环境ID:669544379244871680
2025-02-21 17:10:53,686 - App.src.log - INFO - 项目名称:系统配置域模型开发,项目ID:669567632545939456,环境ID:669567973840650240
2025-02-21 17:10:53,686 - App.src.log - INFO - 项目名称:监管报送,项目ID:680416668777709568,环境ID:680417741324156928
2025-02-21 17:10:53,686 - App.src.log - INFO - 项目名称:新农险域模型开发,项目ID:680809261319585792,环境ID:680809423555264512
2025-02-21 17:10:53,687 - App.src.log - INFO - 查询项目成功
2025-02-21 17:10:53,687 - App.src.log - INFO - 发送查询数据开发作业请求中...
2025-02-21 17:10:53,775 - App.src.log - INFO - 返回状态码:  200
2025-02-21 17:10:53,777 - App.src.log - INFO - 查询离线作业成功
2025-02-21 17:10:53,777 - App.src.log - INFO - 建表语句请求发送中...
2025-02-21 17:10:54,179 - App.src.log - INFO - 返回状态码:  200
2025-02-21 17:10:54,180 - App.src.log - INFO - 发送创建DDL工作请求中...
2025-02-21 17:10:54,393 - App.src.log - INFO - 返回状态码:  200
2025-02-21 17:10:54,393 - App.src.log - INFO - 返回该作业id: 680823823385231360
2025-02-21 17:10:54,393 - App.src.log - INFO - 创建DDL作业成功
2025-02-21 17:10:54,393 - App.src.log - INFO - DDL作业ID:680823823385231360
2025-02-21 17:10:54,394 - App.src.log - INFO - 保存更新DDL作业请求发送中...
2025-02-21 17:10:54,511 - App.src.log - INFO - 返回状态码:  200
2025-02-21 17:10:54,511 - App.src.log - INFO - 运行测试参数作业请求发送中...
2025-02-21 17:10:54,590 - App.src.log - INFO - 返回状态码:  200
2025-02-21 17:10:54,590 - App.src.log - INFO - 执行作业请求发送中...
2025-02-21 17:10:54,683 - App.src.log - INFO - 返回状态码:  200
2025-02-21 17:10:54,684 - App.src.log - INFO - 作业:680823823385231360,执行成功!
2025-02-21 17:10:54,685 - App.src.log - INFO - 建表语句请求发送中...
2025-02-21 17:10:54,882 - App.src.log - INFO - 返回状态码:  200
2025-02-21 17:10:54,883 - App.src.log - INFO - 发送创建DDL工作请求中...
2025-02-21 17:10:55,148 - App.src.log - INFO - 返回状态码:  200
2025-02-21 17:10:55,148 - App.src.log - INFO - 返回该作业id: 680823826669371392
2025-02-21 17:10:55,148 - App.src.log - INFO - 创建DDL作业成功
2025-02-21 17:10:55,149 - App.src.log - INFO - DDL作业ID:680823826669371392
2025-02-21 17:10:55,149 - App.src.log - INFO - 保存更新DDL作业请求发送中...
2025-02-21 17:10:55,270 - App.src.log - INFO - 返回状态码:  200
2025-02-21 17:10:55,270 - App.src.log - INFO - 运行测试参数作业请求发送中...
2025-02-21 17:10:55,338 - App.src.log - INFO - 返回状态码:  200
2025-02-21 17:10:55,338 - App.src.log - INFO - 执行作业请求发送中...
2025-02-21 17:10:55,460 - App.src.log - INFO - 返回状态码:  200
2025-02-21 17:10:55,460 - App.src.log - INFO - 作业:680823826669371392,执行成功!
2025-02-21 17:10:55,461 - App.src.log - INFO - 建表语句请求发送中...
2025-02-21 17:10:55,616 - App.src.log - INFO - 返回状态码:  200
2025-02-21 17:10:55,616 - App.src.log - INFO - 发送创建DDL工作请求中...
2025-02-21 17:10:55,805 - App.src.log - INFO - 返回状态码:  200
2025-02-21 17:10:55,805 - App.src.log - INFO - 返回该作业id: 680823829408251904
2025-02-21 17:10:55,805 - App.src.log - INFO - 创建DDL作业成功
2025-02-21 17:10:55,805 - App.src.log - INFO - DDL作业ID:680823829408251904
2025-02-21 17:10:55,806 - App.src.log - INFO - 保存更新DDL作业请求发送中...
2025-02-21 17:10:56,019 - App.src.log - INFO - 返回状态码:  200
2025-02-21 17:10:56,019 - App.src.log - INFO - 运行测试参数作业请求发送中...
2025-02-21 17:10:56,118 - App.src.log - INFO - 返回状态码:  200
2025-02-21 17:10:56,118 - App.src.log - INFO - 执行作业请求发送中...
2025-02-21 17:10:56,204 - App.src.log - INFO - 返回状态码:  200
2025-02-21 17:10:56,205 - App.src.log - INFO - 作业:680823829408251904,执行成功!
2025-02-21 17:10:56,205 - App.src.log - INFO - 建表语句请求发送中...
2025-02-21 17:10:56,286 - App.src.log - INFO - 返回状态码:  200
2025-02-21 17:10:56,286 - App.src.log - INFO - 发送创建DDL工作请求中...
2025-02-21 17:10:56,498 - App.src.log - INFO - 返回状态码:  200
2025-02-21 17:10:56,498 - App.src.log - INFO - 返回该作业id: 680823832214241280
2025-02-21 17:10:56,499 - App.src.log - INFO - 创建DDL作业成功
2025-02-21 17:10:56,499 - App.src.log - INFO - DDL作业ID:680823832214241280
2025-02-21 17:10:56,500 - App.src.log - INFO - 保存更新DDL作业请求发送中...
2025-02-21 17:10:56,641 - App.src.log - INFO - 返回状态码:  200
2025-02-21 17:10:56,642 - App.src.log - INFO - 运行测试参数作业请求发送中...
2025-02-21 17:10:56,768 - App.src.log - INFO - 返回状态码:  200
2025-02-21 17:10:56,768 - App.src.log - INFO - 执行作业请求发送中...
2025-02-21 17:10:56,894 - App.src.log - INFO - 返回状态码:  200
2025-02-21 17:10:56,894 - App.src.log - INFO - 作业:680823832214241280,执行成功!
2025-02-21 17:10:56,895 - App.src.log - INFO - 建表语句请求发送中...
2025-02-21 17:10:57,015 - App.src.log - INFO - 返回状态码:  200
2025-02-21 17:10:57,015 - App.src.log - INFO - 发送创建DDL工作请求中...
2025-02-21 17:10:57,245 - App.src.log - INFO - 返回状态码:  200
2025-02-21 17:10:57,245 - App.src.log - INFO - 返回该作业id: 680823835347386368
2025-02-21 17:10:57,245 - App.src.log - INFO - 创建DDL作业成功
2025-02-21 17:10:57,245 - App.src.log - INFO - DDL作业ID:680823835347386368
2025-02-21 17:10:57,246 - App.src.log - INFO - 保存更新DDL作业请求发送中...
2025-02-21 17:10:57,408 - App.src.log - INFO - 返回状态码:  200
2025-02-21 17:10:57,408 - App.src.log - INFO - 运行测试参数作业请求发送中...
2025-02-21 17:10:57,492 - App.src.log - INFO - 返回状态码:  200
2025-02-21 17:10:57,492 - App.src.log - INFO - 执行作业请求发送中...
2025-02-21 17:10:57,662 - App.src.log - INFO - 返回状态码:  200
2025-02-21 17:10:57,662 - App.src.log - INFO - 作业:680823835347386368,执行成功!
2025-02-21 17:10:57,663 - App.src.log - INFO - 建表语句请求发送中...
2025-02-21 17:10:57,783 - App.src.log - INFO - 返回状态码:  200
2025-02-21 17:10:57,784 - App.src.log - INFO - 发送创建DDL工作请求中...
2025-02-21 17:10:57,974 - App.src.log - INFO - 返回状态码:  200
2025-02-21 17:10:57,974 - App.src.log - INFO - 返回该作业id: 680823838501502976
2025-02-21 17:10:57,974 - App.src.log - INFO - 创建DDL作业成功
2025-02-21 17:10:57,974 - App.src.log - INFO - DDL作业ID:680823838501502976
2025-02-21 17:10:57,975 - App.src.log - INFO - 保存更新DDL作业请求发送中...
2025-02-21 17:10:58,085 - App.src.log - INFO - 返回状态码:  200
2025-02-21 17:10:58,086 - App.src.log - INFO - 运行测试参数作业请求发送中...
2025-02-21 17:10:58,144 - App.src.log - INFO - 返回状态码:  200
2025-02-21 17:10:58,144 - App.src.log - INFO - 执行作业请求发送中...
2025-02-21 17:10:58,253 - App.src.log - INFO - 返回状态码:  200
2025-02-21 17:10:58,253 - App.src.log - INFO - 作业:680823838501502976,执行成功!
2025-02-21 17:10:58,254 - App.src.log - INFO - 建表语句请求发送中...
2025-02-21 17:10:58,501 - App.src.log - INFO - 返回状态码:  200
2025-02-21 17:10:58,501 - App.src.log - INFO - 发送创建DDL工作请求中...
2025-02-21 17:10:58,701 - App.src.log - INFO - 返回状态码:  200
2025-02-21 17:10:58,701 - App.src.log - INFO - 返回该作业id: 680823841559150592
2025-02-21 17:10:58,701 - App.src.log - INFO - 创建DDL作业成功
2025-02-21 17:10:58,701 - App.src.log - INFO - DDL作业ID:680823841559150592
2025-02-21 17:10:58,702 - App.src.log - INFO - 保存更新DDL作业请求发送中...
2025-02-21 17:10:58,810 - App.src.log - INFO - 返回状态码:  200
2025-02-21 17:10:58,810 - App.src.log - INFO - 运行测试参数作业请求发送中...
2025-02-21 17:10:58,889 - App.src.log - INFO - 返回状态码:  200
2025-02-21 17:10:58,890 - App.src.log - INFO - 执行作业请求发送中...
2025-02-21 17:10:59,011 - App.src.log - INFO - 返回状态码:  200
2025-02-21 17:10:59,012 - App.src.log - INFO - 作业:680823841559150592,执行成功!
2025-02-21 17:10:59,012 - App.src.log - INFO - 建表语句请求发送中...
2025-02-21 17:10:59,191 - App.src.log - INFO - 返回状态码:  200
2025-02-21 17:10:59,193 - App.src.log - INFO - 发送创建DDL工作请求中...
2025-02-21 17:10:59,423 - App.src.log - INFO - 返回状态码:  200
2025-02-21 17:10:59,423 - App.src.log - INFO - 返回该作业id: 680823844763598848
2025-02-21 17:10:59,424 - App.src.log - INFO - 创建DDL作业成功
2025-02-21 17:10:59,424 - App.src.log - INFO - DDL作业ID:680823844763598848
2025-02-21 17:10:59,424 - App.src.log - INFO - 保存更新DDL作业请求发送中...
2025-02-21 17:10:59,550 - App.src.log - INFO - 返回状态码:  200
2025-02-21 17:10:59,550 - App.src.log - INFO - 运行测试参数作业请求发送中...
2025-02-21 17:10:59,616 - App.src.log - INFO - 返回状态码:  200
2025-02-21 17:10:59,616 - App.src.log - INFO - 执行作业请求发送中...
2025-02-21 17:10:59,690 - App.src.log - INFO - 返回状态码:  200
2025-02-21 17:10:59,690 - App.src.log - INFO - 作业:680823844763598848,执行成功!
2025-02-21 17:10:59,691 - App.src.log - INFO - 建表语句请求发送中...
2025-02-21 17:10:59,833 - App.src.log - INFO - 返回状态码:  200
2025-02-21 17:10:59,833 - App.src.log - INFO - 发送创建DDL工作请求中...
2025-02-21 17:11:00,033 - App.src.log - INFO - 返回状态码:  200
2025-02-21 17:11:00,033 - App.src.log - INFO - 返回该作业id: 680823847133380608
2025-02-21 17:11:00,033 - App.src.log - INFO - 创建DDL作业成功
2025-02-21 17:11:00,033 - App.src.log - INFO - DDL作业ID:680823847133380608
2025-02-21 17:11:00,034 - App.src.log - INFO - 保存更新DDL作业请求发送中...
2025-02-21 17:11:00,234 - App.src.log - INFO - 返回状态码:  200
2025-02-21 17:11:00,234 - App.src.log - INFO - 运行测试参数作业请求发送中...
2025-02-21 17:11:00,312 - App.src.log - INFO - 返回状态码:  200
2025-02-21 17:11:00,313 - App.src.log - INFO - 执行作业请求发送中...
2025-02-21 17:11:00,427 - App.src.log - INFO - 返回状态码:  200
2025-02-21 17:11:00,427 - App.src.log - INFO - 作业:680823847133380608,执行成功!
2025-02-21 17:11:00,428 - App.src.log - INFO - 建表语句请求发送中...
2025-02-21 17:11:00,542 - App.src.log - INFO - 返回状态码:  200
2025-02-21 17:11:00,543 - App.src.log - INFO - 发送创建DDL工作请求中...
2025-02-21 17:11:00,744 - App.src.log - INFO - 返回状态码:  200
2025-02-21 17:11:00,745 - App.src.log - INFO - 返回该作业id: 680823850094559232
2025-02-21 17:11:00,745 - App.src.log - INFO - 创建DDL作业成功
2025-02-21 17:11:00,745 - App.src.log - INFO - DDL作业ID:680823850094559232
2025-02-21 17:11:00,745 - App.src.log - INFO - 保存更新DDL作业请求发送中...
2025-02-21 17:11:00,901 - App.src.log - INFO - 返回状态码:  200
2025-02-21 17:11:00,902 - App.src.log - INFO - 运行测试参数作业请求发送中...
2025-02-21 17:11:00,981 - App.src.log - INFO - 返回状态码:  200
2025-02-21 17:11:00,982 - App.src.log - INFO - 执行作业请求发送中...
2025-02-21 17:11:01,057 - App.src.log - INFO - 返回状态码:  200
2025-02-21 17:11:01,057 - App.src.log - INFO - 作业:680823850094559232,执行成功!
2025-02-21 17:11:01,058 - App.src.log - INFO - 建表语句请求发送中...
2025-02-21 17:11:01,173 - App.src.log - INFO - 返回状态码:  200
2025-02-21 17:11:01,173 - App.src.log - INFO - 发送创建DDL工作请求中...
2025-02-21 17:11:01,352 - App.src.log - INFO - 返回状态码:  200
2025-02-21 17:11:01,352 - App.src.log - INFO - 返回该作业id: 680823852686639104
2025-02-21 17:11:01,352 - App.src.log - INFO - 创建DDL作业成功
2025-02-21 17:11:01,352 - App.src.log - INFO - DDL作业ID:680823852686639104
2025-02-21 17:11:01,353 - App.src.log - INFO - 保存更新DDL作业请求发送中...
2025-02-21 17:11:01,459 - App.src.log - INFO - 返回状态码:  200
2025-02-21 17:11:01,459 - App.src.log - INFO - 运行测试参数作业请求发送中...
2025-02-21 17:11:01,556 - App.src.log - INFO - 返回状态码:  200
2025-02-21 17:11:01,556 - App.src.log - INFO - 执行作业请求发送中...
2025-02-21 17:11:01,679 - App.src.log - INFO - 返回状态码:  200
2025-02-21 17:11:01,679 - App.src.log - INFO - 作业:680823852686639104,执行成功!
2025-02-21 17:11:01,680 - App.src.log - INFO - 建表语句请求发送中...
2025-02-21 17:11:01,836 - App.src.log - INFO - 返回状态码:  200
2025-02-21 17:11:01,837 - App.src.log - INFO - 发送创建DDL工作请求中...
2025-02-21 17:11:02,022 - App.src.log - INFO - 返回状态码:  200
2025-02-21 17:11:02,022 - App.src.log - INFO - 返回该作业id: 680823855501017088
2025-02-21 17:11:02,023 - App.src.log - INFO - 创建DDL作业成功
2025-02-21 17:11:02,023 - App.src.log - INFO - DDL作业ID:680823855501017088
2025-02-21 17:11:02,023 - App.src.log - INFO - 保存更新DDL作业请求发送中...
2025-02-21 17:11:02,149 - App.src.log - INFO - 返回状态码:  200
2025-02-21 17:11:02,149 - App.src.log - INFO - 运行测试参数作业请求发送中...
2025-02-21 17:11:02,209 - App.src.log - INFO - 返回状态码:  200
2025-02-21 17:11:02,210 - App.src.log - INFO - 执行作业请求发送中...
2025-02-21 17:11:02,321 - App.src.log - INFO - 返回状态码:  200
2025-02-21 17:11:02,321 - App.src.log - INFO - 作业:680823855501017088,执行成功!
2025-02-21 17:11:02,321 - App.src.log - INFO - 建表语句请求发送中...
2025-02-21 17:11:02,472 - App.src.log - INFO - 返回状态码:  200
2025-02-21 17:11:02,472 - App.src.log - INFO - 发送创建DDL工作请求中...
2025-02-21 17:11:02,737 - App.src.log - INFO - 返回状态码:  200
2025-02-21 17:11:02,737 - App.src.log - INFO - 返回该作业id: 680823858525110272
2025-02-21 17:11:02,737 - App.src.log - INFO - 创建DDL作业成功
2025-02-21 17:11:02,737 - App.src.log - INFO - DDL作业ID:680823858525110272
2025-02-21 17:11:02,738 - App.src.log - INFO - 保存更新DDL作业请求发送中...
2025-02-21 17:11:02,874 - App.src.log - INFO - 返回状态码:  200
2025-02-21 17:11:02,875 - App.src.log - INFO - 运行测试参数作业请求发送中...
2025-02-21 17:11:02,954 - App.src.log - INFO - 返回状态码:  200
2025-02-21 17:11:02,954 - App.src.log - INFO - 执行作业请求发送中...
2025-02-21 17:11:03,048 - App.src.log - INFO - 返回状态码:  200
2025-02-21 17:11:03,048 - App.src.log - INFO - 作业:680823858525110272,执行成功!
2025-02-21 17:11:03,048 - App.src.log - INFO - 建表语句请求发送中...
2025-02-21 17:11:03,134 - App.src.log - INFO - 返回状态码:  200
2025-02-21 17:11:03,134 - App.src.log - INFO - 发送创建DDL工作请求中...
2025-02-21 17:11:03,356 - App.src.log - INFO - 返回状态码:  200
2025-02-21 17:11:03,356 - App.src.log - INFO - 返回该作业id: 680823860953612288
2025-02-21 17:11:03,357 - App.src.log - INFO - 创建DDL作业成功
2025-02-21 17:11:03,357 - App.src.log - INFO - DDL作业ID:680823860953612288
2025-02-21 17:11:03,357 - App.src.log - INFO - 保存更新DDL作业请求发送中...
2025-02-21 17:11:03,468 - App.src.log - INFO - 返回状态码:  200
2025-02-21 17:11:03,469 - App.src.log - INFO - 运行测试参数作业请求发送中...
2025-02-21 17:11:03,542 - App.src.log - INFO - 返回状态码:  200
2025-02-21 17:11:03,542 - App.src.log - INFO - 执行作业请求发送中...
2025-02-21 17:11:03,622 - App.src.log - INFO - 返回状态码:  200
2025-02-21 17:11:03,623 - App.src.log - INFO - 作业:680823860953612288,执行成功!
2025-02-21 17:11:03,623 - App.src.log - INFO - 建表语句请求发送中...
2025-02-21 17:11:03,788 - App.src.log - INFO - 返回状态码:  200
2025-02-21 17:11:03,790 - App.src.log - INFO - 发送创建DDL工作请求中...
2025-02-21 17:11:03,940 - App.src.log - INFO - 返回状态码:  200
2025-02-21 17:11:03,940 - App.src.log - INFO - 返回该作业id: 680823863667326976
2025-02-21 17:11:03,940 - App.src.log - INFO - 创建DDL作业成功
2025-02-21 17:11:03,940 - App.src.log - INFO - DDL作业ID:680823863667326976
2025-02-21 17:11:03,941 - App.src.log - INFO - 保存更新DDL作业请求发送中...
2025-02-21 17:11:04,047 - App.src.log - INFO - 返回状态码:  200
2025-02-21 17:11:04,047 - App.src.log - INFO - 运行测试参数作业请求发送中...
2025-02-21 17:11:04,128 - App.src.log - INFO - 返回状态码:  200
2025-02-21 17:11:04,128 - App.src.log - INFO - 执行作业请求发送中...
2025-02-21 17:11:04,316 - App.src.log - INFO - 返回状态码:  200
2025-02-21 17:11:04,316 - App.src.log - INFO - 作业:680823863667326976,执行成功!
