2025-02-24 19:31:15,614 - App.src.log - INFO - 发送登入请求中...
2025-02-24 19:31:15,614 - App.src.log - DEBUG - 头请求内容：
 {'content-type': 'application/json', 'connection': 'keep-alive'}
2025-02-24 19:31:15,614 - App.src.log - DEBUG - 请求体内容：
 {'account': 'hbbxlb', 'password': '75bb443b4e5cc61b9ce02131bcff3e96', 'type': 'account'}
2025-02-24 19:31:15,617 - urllib3.connectionpool - DEBUG - Starting new HTTP connection (1): 192.168.16.100:30104
2025-02-24 19:31:15,686 - urllib3.connectionpool - DEBUG - http://192.168.16.100:30104 "POST /dehoop-admin/fnd/user/login HTTP/1.1" 200 None
2025-02-24 19:31:15,701 - App.src.log - INFO - 返回状态码:  200
2025-02-24 19:31:15,701 - App.src.log - DEBUG - 返回结果: 
 {"code":"ok","bizCode":null,"message":"登录成功","interval":null,"data":{"sysRole":"MEMBER","enableTenantInfoList":[{"id":"642417283011969024","name":"恒邦测试环境","code":null,"tenantKey":null,"tenantSecret":null,"hasWorkNumLimit":null,"workNumLimit":null,"tenantAdmins":null,"userNum":null,"proNum":null,"descr":null,"createBy":null,"creationDate":null,"state":null,"icon":null,"iconUrl":null,"sysRole":"MEMBER"}],"tenantid":"642417283011969024","userinfo":{"id":"643741146048102400","username":"柳彬","phone":"17773010647","account":"hbbxlb","jobNo":"000003","sex":"SECRET","state":"ENABLE","type":"PLATFORM","effectStartDate":"2024-11-11","effectEndDate":"2026-02-28"},"token":"eyJ0eXAiOiJKV1QiLCJhbGciOiJIUzUxMiJ9.eyJkZWhvb3B1c2VyaWQiOiI2NDM3NDExNDYwNDgxMDI0MDAiLCJ0ZW5hbnRpZCI6IjY0MjQxNzI4MzAxMTk2OTAyNCIsImV4cCI6MTc0MDY1NTcyMSwiaWF0IjoxNzQwMzk2NTIxfQ.0mnpiDZSBV5r2l9HuCpvv3YPNnzksFgOe7zRZH14a9JTW3MCVK1fyFTPtZ1ORbfcrPUFIId42i3tRyF_aBizpw"}}
2025-02-24 19:31:15,702 - App.src.log - INFO - 登入成功
2025-02-24 19:31:15,702 - App.src.log - INFO - token:eyJ0eXAiOiJKV1QiLCJhbGciOiJIUzUxMiJ9.eyJkZWhvb3B1c2VyaWQiOiI2NDM3NDExNDYwNDgxMDI0MDAiLCJ0ZW5hbnRpZCI6IjY0MjQxNzI4MzAxMTk2OTAyNCIsImV4cCI6MTc0MDY1NTcyMSwiaWF0IjoxNzQwMzk2NTIxfQ.0mnpiDZSBV5r2l9HuCpvv3YPNnzksFgOe7zRZH14a9JTW3MCVK1fyFTPtZ1ORbfcrPUFIId42i3tRyF_aBizpw
2025-02-24 19:31:15,702 - App.src.log - INFO - tenantid:642417283011969024
2025-02-24 19:31:15,702 - App.src.log - WARNING - 未获取到项目信息，正在获取项目
2025-02-24 19:31:15,702 - App.src.log - INFO - 发送查询项目请求中...
2025-02-24 19:31:15,702 - App.src.log - DEBUG - 头请求内容：
 {'dehooptoken': 'eyJ0eXAiOiJKV1QiLCJhbGciOiJIUzUxMiJ9.eyJkZWhvb3B1c2VyaWQiOiI2NDM3NDExNDYwNDgxMDI0MDAiLCJ0ZW5hbnRpZCI6IjY0MjQxNzI4MzAxMTk2OTAyNCIsImV4cCI6MTc0MDY1NTcyMSwiaWF0IjoxNzQwMzk2NTIxfQ.0mnpiDZSBV5r2l9HuCpvv3YPNnzksFgOe7zRZH14a9JTW3MCVK1fyFTPtZ1ORbfcrPUFIId42i3tRyF_aBizpw', 'tenantid': '642417283011969024', 'connection': 'keep-alive', 'content-type': 'application/json'}
2025-02-24 19:31:15,702 - App.src.log - DEBUG - 请求体内容：
 {'searchWord': '', 'page': 1, 'pageSize': 2147483646}
2025-02-24 19:31:15,704 - urllib3.connectionpool - DEBUG - Starting new HTTP connection (1): 192.168.16.100:30104
2025-02-24 19:31:15,806 - urllib3.connectionpool - DEBUG - http://192.168.16.100:30104 "POST /dehoop-admin/pro/tabProjects?timestamp=1740396675 HTTP/1.1" 200 None
2025-02-24 19:31:15,807 - App.src.log - INFO - 返回状态码:  200
2025-02-24 19:31:15,807 - App.src.log - DEBUG - 返回结果: 
 {"bizCode":null,"code":"ok","message":"查询成功","total":2,"table":[{"projectName":"恒邦POT","projectId":"643765953825341440","envId":"643766293589131264","envName":"测试环境","role":"CREATOR","type":"DEV","cycleScheduling":"DISABLE","submitCheck":"ENABLE","downloadQuery":"ENABLE","editJob":"ENABLE","runJob":"ENABLE","submitJob":"ENABLE","businessUintId":"642669303081992192","businessUintName":"测试开发存储空间","dataFieldId":"643765834929405952","dataFieldName":"技术验证"},{"projectName":"API项目","projectId":"649935401082945536","envId":"649936207970566144","envName":"开发环境","role":"CREATOR","type":"DEV","cycleScheduling":"DISABLE","submitCheck":"ENABLE","downloadQuery":"ENABLE","editJob":"ENABLE","runJob":"ENABLE","submitJob":"ENABLE","businessUintId":"642669303081992192","businessUintName":"测试开发存储空间","dataFieldId":"643765834929405952","dataFieldName":"技术验证"}]}
2025-02-24 19:31:15,807 - App.src.log - INFO - 项目名称:恒邦POT,项目ID:643765953825341440,环境ID:643766293589131264
2025-02-24 19:31:15,807 - App.src.log - INFO - 项目名称:API项目,项目ID:649935401082945536,环境ID:649936207970566144
2025-02-24 19:31:15,808 - App.src.log - INFO - 查询项目成功
2025-02-24 19:31:15,808 - App.src.log - DEBUG - http://192.168.16.100:30104/dehoop-admin/job/sync/tableColumnInfo?timestamp=1740396675
2025-02-24 19:31:15,808 - App.src.log - INFO - 保存语句请求发送中...
2025-02-24 19:31:15,808 - App.src.log - DEBUG - 头请求内容：
 {'dehooptoken': 'eyJ0eXAiOiJKV1QiLCJhbGciOiJIUzUxMiJ9.eyJkZWhvb3B1c2VyaWQiOiI2NDM3NDExNDYwNDgxMDI0MDAiLCJ0ZW5hbnRpZCI6IjY0MjQxNzI4MzAxMTk2OTAyNCIsImV4cCI6MTc0MDY1NTcyMSwiaWF0IjoxNzQwMzk2NTIxfQ.0mnpiDZSBV5r2l9HuCpvv3YPNnzksFgOe7zRZH14a9JTW3MCVK1fyFTPtZ1ORbfcrPUFIId42i3tRyF_aBizpw', 'tenantid': '642417283011969024', 'projectid': '643765953825341440', 'connection': 'keep-alive', 'content-type': 'application/json'}
2025-02-24 19:31:15,808 - App.src.log - DEBUG - 请求体内容：
 {'dbSourceId': '643766294172139520', 'tableName': 'ggcode', 'dbSourceDirection': 'dist', 'schema': None, 'dataListPath': None}
2025-02-24 19:31:15,809 - urllib3.connectionpool - DEBUG - Starting new HTTP connection (1): 192.168.16.100:30104
2025-02-24 19:31:16,313 - urllib3.connectionpool - DEBUG - http://192.168.16.100:30104 "POST /dehoop-admin/job/sync/tableColumnInfo?timestamp=1740396675 HTTP/1.1" 200 None
2025-02-24 19:31:16,314 - App.src.log - INFO - 返回状态码:  200
2025-02-24 19:31:16,314 - App.src.log - DEBUG - 返回结果: 
 {"code":"ok","bizCode":null,"message":"查询成功","interval":null,"data":{"tableColumnInfos":[{"field":"codetype","type":"varchar(400)","typeCn":null,"collation":null,"key":null,"extra":null,"privileges":null,"comment":"对应GGCodeType.CodeType","commentval":null,"originField":null,"defaultVal":null,"path":null,"pathList":null,"value":null},{"field":"companycode","type":"varchar(10)","typeCn":null,"collation":null,"key":null,"extra":null,"privileges":null,"comment":"","commentval":null,"originField":null,"defaultVal":null,"path":null,"pathList":null,"value":null},{"field":"codecode","type":"varchar(400)","typeCn":null,"collation":null,"key":null,"extra":null,"privileges":null,"comment":"","commentval":null,"originField":null,"defaultVal":null,"path":null,"pathList":null,"value":null},{"field":"codecname","type":"varchar(1000)","typeCn":null,"collation":null,"key":null,"extra":null,"privileges":null,"comment":"","commentval":null,"originField":null,"defaultVal":null,"path":null,"pathList":null,"value":null},{"field":"codetname","type":"varchar(1000)","typeCn":null,"collation":null,"key":null,"extra":null,"privileges":null,"comment":"","commentval":null,"originField":null,"defaultVal":null,"path":null,"pathList":null,"value":null},{"field":"codeename","type":"varchar(1000)","typeCn":null,"collation":null,"key":null,"extra":null,"privileges":null,"comment":"","commentval":null,"originField":null,"defaultVal":null,"path":null,"pathList":null,"value":null},{"field":"creatorcode","type":"varchar(400)","typeCn":null,"collation":null,"key":null,"extra":null,"privileges":null,"comment":"","commentval":null,"originField":null,"defaultVal":null,"path":null,"pathList":null,"value":null},{"field":"createtime","type":"timestamp","typeCn":null,"collation":null,"key":null,"extra":null,"privileges":null,"comment":"","commentval":null,"originField":null,"defaultVal":null,"path":null,"pathList":null,"value":null},{"field":"updatercode","type":"varchar(10)","typeCn":null,"collation":null,"key":null,"extra":null,"privileges":null,"comment":"","commentval":null,"originField":null,"defaultVal":null,"path":null,"pathList":null,"value":null},{"field":"updatetime","type":"timestamp","typeCn":null,"collation":null,"key":null,"extra":null,"privileges":null,"comment":"","commentval":null,"originField":null,"defaultVal":null,"path":null,"pathList":null,"value":null},{"field":"validdate","type":"timestamp","typeCn":null,"collation":null,"key":null,"extra":null,"privileges":null,"comment":"","commentval":null,"originField":null,"defaultVal":null,"path":null,"pathList":null,"value":null},{"field":"invaliddate","type":"timestamp","typeCn":null,"collation":null,"key":null,"extra":null,"privileges":null,"comment":"","commentval":null,"originField":null,"defaultVal":null,"path":null,"pathList":null,"value":null},{"field":"validind","type":"varchar(1)","typeCn":null,"collation":null,"key":null,"extra":null,"privileges":null,"comment":"1:有效 0:无效","commentval":null,"originField":null,"defaultVal":null,"path":null,"pathList":null,"value":null},{"field":"remark","type":"varchar(4000)","typeCn":null,"collation":null,"key":null,"extra":null,"privileges":null,"comment":"","commentval":null,"originField":null,"defaultVal":null,"path":null,"pathList":null,"value":null},{"field":"flag","type":"varchar(10)","typeCn":null,"collation":null,"key":null,"extra":null,"privileges":null,"comment":"??????","commentval":null,"originField":null,"defaultVal":null,"path":null,"pathList":null,"value":null},{"field":"displayno","type":"decimal(8,2)","typeCn":null,"collation":null,"key":null,"extra":null,"privileges":null,"comment":"????","commentval":null,"originField":null,"defaultVal":null,"path":null,"pathList":null,"value":null},{"field":"elt_timestamp","type":"timestamp","typeCn":null,"collation":null,"key":null,"extra":null,"privileges":null,"comment":"","commentval":null,"originField":null,"defaultVal":null,"path":null,"pathList":null,"value":null}],"partitionColumnInfos":[],"hiveTableLocation":null,"hiveHdfsUrl":null,"totalSize":null,"numRows":null,"hasPartition":false,"lastModifyTime":null,"lastTransientTime":null,"name":null,"rows":null,"dataLength":null,"createTime":null,"updateTime":null,"createDateStr":null,"lineSplitBy":null,"fieldSplitBy":null,"timestampColumn":["createtime","updatetime","validdate","invaliddate","elt_timestamp"],"location":null,"tableType":null,"isAvroTable":null,"serializationNullFormat":null,"fileType":null,"dbUrl":null,"sourceId":null,"director":null,"owner":null,"tableInfoStringFormatted":null,"projectId":null,"envId":null,"envType":null,"businessId":null,"dbSourceId":null,"tableId":null,"ready":null,"calEngineId":null,"schema":null,"columnInfos":null,"comment":null,"totalStorage":null}}
