2025-02-21 16:46:09,777 - App.src.log - WARNING - 未获取到项目目录信息，正在获取项目目录
2025-02-21 16:46:09,778 - App.src.log - WARNING - 未获取到项目信息，正在获取项目
2025-02-21 16:46:09,778 - App.src.log - INFO - 发送查询项目请求中...
2025-02-21 16:46:09,867 - App.src.log - INFO - 返回状态码:  200
2025-02-21 16:46:09,867 - App.src.log - INFO - 项目名称:农险统计分析项目,项目ID:659865788999532544,环境ID:660123898615955456
2025-02-21 16:46:09,867 - App.src.log - INFO - 项目名称:保单域模型开发,项目ID:660489178949091328,环境ID:660489357961986048
2025-02-21 16:46:09,874 - App.src.log - INFO - 项目名称:理赔域模型开发,项目ID:664105169524359168,环境ID:664110609901551616
2025-02-21 16:46:09,874 - App.src.log - INFO - 项目名称:收付域模型开发,项目ID:665558091214880768,环境ID:665558589229760512
2025-02-21 16:46:09,874 - App.src.log - INFO - 项目名称:产品域模型开发,项目ID:667309876069793792,环境ID:667310114419507200
2025-02-21 16:46:09,874 - App.src.log - INFO - 项目名称:公共域模型开发,项目ID:667309925382225920,环境ID:667310350181335040
2025-02-21 16:46:09,875 - App.src.log - INFO - 项目名称:销管域模型开发,项目ID:669492845551288320,环境ID:669492992658112512
2025-02-21 16:46:09,875 - App.src.log - INFO - 项目名称:机构域模型开发,项目ID:669499243865571328,环境ID:669499579246313472
2025-02-21 16:46:09,875 - App.src.log - INFO - 项目名称:财务域模型开发,项目ID:669499189998125056,环境ID:669500013042204672
2025-02-21 16:46:09,875 - App.src.log - INFO - 项目名称:再保域模型开发,项目ID:669540045408960512,环境ID:669540279086219264
2025-02-21 16:46:09,875 - App.src.log - INFO - 项目名称:客户域模型开发,项目ID:669544231576010752,环境ID:669544379244871680
2025-02-21 16:46:09,875 - App.src.log - INFO - 项目名称:系统配置域模型开发,项目ID:669567632545939456,环境ID:669567973840650240
2025-02-21 16:46:09,875 - App.src.log - INFO - 项目名称:监管报送,项目ID:680416668777709568,环境ID:680417741324156928
2025-02-21 16:46:09,875 - App.src.log - INFO - 项目名称:新农险域模型开发,项目ID:680809261319585792,环境ID:680809423555264512
2025-02-21 16:46:09,875 - App.src.log - INFO - 查询项目成功
2025-02-21 16:46:09,875 - App.src.log - INFO - 发送查询数据开发作业请求中...
2025-02-21 16:46:09,940 - App.src.log - INFO - 返回状态码:  200
2025-02-21 16:46:09,940 - App.src.log - INFO - 查询离线作业成功
2025-02-21 16:46:09,940 - App.src.log - INFO - 建表语句请求发送中...
2025-02-21 16:46:10,085 - App.src.log - INFO - 返回状态码:  200
2025-02-21 16:46:10,085 - App.src.log - INFO - 发送创建DDL工作请求中...
2025-02-21 16:46:10,277 - App.src.log - INFO - 返回状态码:  200
2025-02-21 16:46:10,277 - App.src.log - INFO - 返回该作业id: 680817598618664960
2025-02-21 16:46:10,277 - App.src.log - INFO - 创建DDL作业成功
2025-02-21 16:46:10,277 - App.src.log - INFO - DDL作业ID:680817598618664960
2025-02-21 16:46:10,278 - App.src.log - INFO - 保存更新DDL作业请求发送中...
2025-02-21 16:46:10,389 - App.src.log - INFO - 返回状态码:  200
2025-02-21 16:46:10,390 - App.src.log - INFO - 运行测试参数作业请求发送中...
2025-02-21 16:46:10,465 - App.src.log - INFO - 返回状态码:  200
2025-02-21 16:46:10,465 - App.src.log - INFO - 执行作业请求发送中...
2025-02-21 16:46:10,556 - App.src.log - INFO - 返回状态码:  200
2025-02-21 16:46:10,556 - App.src.log - INFO - 作业:680817598618664960,执行成功!
2025-02-21 16:46:10,557 - App.src.log - INFO - 建表语句请求发送中...
2025-02-21 16:46:10,704 - App.src.log - INFO - 返回状态码:  200
2025-02-21 16:46:10,704 - App.src.log - INFO - 发送创建DDL工作请求中...
2025-02-21 16:46:10,957 - App.src.log - INFO - 返回状态码:  200
2025-02-21 16:46:10,957 - App.src.log - INFO - 返回该作业id: 680817601437237248
2025-02-21 16:46:10,957 - App.src.log - INFO - 创建DDL作业成功
2025-02-21 16:46:10,958 - App.src.log - INFO - DDL作业ID:680817601437237248
2025-02-21 16:46:10,958 - App.src.log - INFO - 保存更新DDL作业请求发送中...
2025-02-21 16:46:11,071 - App.src.log - INFO - 返回状态码:  200
2025-02-21 16:46:11,071 - App.src.log - INFO - 运行测试参数作业请求发送中...
2025-02-21 16:46:11,150 - App.src.log - INFO - 返回状态码:  200
2025-02-21 16:46:11,150 - App.src.log - INFO - 执行作业请求发送中...
2025-02-21 16:46:11,223 - App.src.log - INFO - 返回状态码:  200
2025-02-21 16:46:11,224 - App.src.log - INFO - 作业:680817601437237248,执行成功!
2025-02-21 16:46:11,224 - App.src.log - INFO - 建表语句请求发送中...
2025-02-21 16:46:11,562 - App.src.log - INFO - 返回状态码:  200
2025-02-21 16:46:11,564 - App.src.log - INFO - 发送创建DDL工作请求中...
2025-02-21 16:46:11,746 - App.src.log - INFO - 返回状态码:  200
2025-02-21 16:46:11,746 - App.src.log - INFO - 返回该作业id: 680817604805263360
2025-02-21 16:46:11,746 - App.src.log - INFO - 创建DDL作业成功
2025-02-21 16:46:11,746 - App.src.log - INFO - DDL作业ID:680817604805263360
2025-02-21 16:46:11,747 - App.src.log - INFO - 保存更新DDL作业请求发送中...
2025-02-21 16:46:11,870 - App.src.log - INFO - 返回状态码:  200
2025-02-21 16:46:11,870 - App.src.log - INFO - 运行测试参数作业请求发送中...
2025-02-21 16:46:11,980 - App.src.log - INFO - 返回状态码:  200
2025-02-21 16:46:11,980 - App.src.log - INFO - 执行作业请求发送中...
2025-02-21 16:46:12,059 - App.src.log - INFO - 返回状态码:  200
2025-02-21 16:46:12,059 - App.src.log - INFO - 作业:680817604805263360,执行成功!
2025-02-21 16:46:12,060 - App.src.log - INFO - 建表语句请求发送中...
2025-02-21 16:46:12,373 - App.src.log - INFO - 返回状态码:  200
2025-02-21 16:46:12,376 - App.src.log - INFO - 发送创建DDL工作请求中...
2025-02-21 16:46:12,567 - App.src.log - INFO - 返回状态码:  200
2025-02-21 16:46:12,567 - App.src.log - INFO - 返回该作业id: 680817608219426816
2025-02-21 16:46:12,567 - App.src.log - INFO - 创建DDL作业成功
2025-02-21 16:46:12,568 - App.src.log - INFO - DDL作业ID:680817608219426816
2025-02-21 16:46:12,568 - App.src.log - INFO - 保存更新DDL作业请求发送中...
2025-02-21 16:46:12,688 - App.src.log - INFO - 返回状态码:  200
2025-02-21 16:46:12,688 - App.src.log - INFO - 运行测试参数作业请求发送中...
2025-02-21 16:46:12,768 - App.src.log - INFO - 返回状态码:  200
2025-02-21 16:46:12,769 - App.src.log - INFO - 执行作业请求发送中...
2025-02-21 16:46:12,875 - App.src.log - INFO - 返回状态码:  200
2025-02-21 16:46:12,875 - App.src.log - INFO - 作业:680817608219426816,执行成功!
2025-02-21 16:46:12,876 - App.src.log - INFO - 建表语句请求发送中...
2025-02-21 16:46:13,007 - App.src.log - INFO - 返回状态码:  200
2025-02-21 16:46:13,008 - App.src.log - INFO - 发送创建DDL工作请求中...
2025-02-21 16:46:13,162 - App.src.log - INFO - 返回状态码:  200
2025-02-21 16:46:13,162 - App.src.log - INFO - 返回该作业id: 680817610882809856
2025-02-21 16:46:13,162 - App.src.log - INFO - 创建DDL作业成功
2025-02-21 16:46:13,162 - App.src.log - INFO - DDL作业ID:680817610882809856
2025-02-21 16:46:13,163 - App.src.log - INFO - 保存更新DDL作业请求发送中...
2025-02-21 16:46:13,328 - App.src.log - INFO - 返回状态码:  200
2025-02-21 16:46:13,328 - App.src.log - INFO - 运行测试参数作业请求发送中...
2025-02-21 16:46:13,405 - App.src.log - INFO - 返回状态码:  200
2025-02-21 16:46:13,405 - App.src.log - INFO - 执行作业请求发送中...
2025-02-21 16:46:13,467 - App.src.log - INFO - 返回状态码:  200
2025-02-21 16:46:13,467 - App.src.log - INFO - 作业:680817610882809856,执行成功!
2025-02-21 16:46:13,468 - App.src.log - INFO - 建表语句请求发送中...
2025-02-21 16:46:13,622 - App.src.log - INFO - 返回状态码:  200
2025-02-21 16:46:13,623 - App.src.log - INFO - 发送创建DDL工作请求中...
2025-02-21 16:46:13,814 - App.src.log - INFO - 返回状态码:  200
2025-02-21 16:46:13,814 - App.src.log - INFO - 返回该作业id: 680817613428752384
2025-02-21 16:46:13,814 - App.src.log - INFO - 创建DDL作业成功
2025-02-21 16:46:13,814 - App.src.log - INFO - DDL作业ID:680817613428752384
2025-02-21 16:46:13,815 - App.src.log - INFO - 保存更新DDL作业请求发送中...
2025-02-21 16:46:13,947 - App.src.log - INFO - 返回状态码:  200
2025-02-21 16:46:13,947 - App.src.log - INFO - 运行测试参数作业请求发送中...
2025-02-21 16:46:14,025 - App.src.log - INFO - 返回状态码:  200
2025-02-21 16:46:14,025 - App.src.log - INFO - 执行作业请求发送中...
2025-02-21 16:46:14,099 - App.src.log - INFO - 返回状态码:  200
2025-02-21 16:46:14,099 - App.src.log - INFO - 作业:680817613428752384,执行成功!
2025-02-21 16:46:14,100 - App.src.log - INFO - 建表语句请求发送中...
2025-02-21 16:46:14,237 - App.src.log - INFO - 返回状态码:  200
2025-02-21 16:46:14,237 - App.src.log - INFO - 发送创建DDL工作请求中...
2025-02-21 16:46:14,425 - App.src.log - INFO - 返回状态码:  200
2025-02-21 16:46:14,425 - App.src.log - INFO - 返回该作业id: 680817616016637952
2025-02-21 16:46:14,425 - App.src.log - INFO - 创建DDL作业成功
2025-02-21 16:46:14,425 - App.src.log - INFO - DDL作业ID:680817616016637952
2025-02-21 16:46:14,426 - App.src.log - INFO - 保存更新DDL作业请求发送中...
2025-02-21 16:46:14,549 - App.src.log - INFO - 返回状态码:  200
2025-02-21 16:46:14,549 - App.src.log - INFO - 运行测试参数作业请求发送中...
2025-02-21 16:46:14,621 - App.src.log - INFO - 返回状态码:  200
2025-02-21 16:46:14,622 - App.src.log - INFO - 执行作业请求发送中...
2025-02-21 16:46:14,701 - App.src.log - INFO - 返回状态码:  200
2025-02-21 16:46:14,701 - App.src.log - INFO - 作业:680817616016637952,执行成功!
2025-02-21 16:46:14,701 - App.src.log - INFO - 建表语句请求发送中...
2025-02-21 16:46:14,933 - App.src.log - INFO - 返回状态码:  200
2025-02-21 16:46:14,934 - App.src.log - INFO - 发送创建DDL工作请求中...
2025-02-21 16:46:15,120 - App.src.log - INFO - 返回状态码:  200
2025-02-21 16:46:15,120 - App.src.log - INFO - 返回该作业id: 680817618961039360
2025-02-21 16:46:15,120 - App.src.log - INFO - 创建DDL作业成功
2025-02-21 16:46:15,120 - App.src.log - INFO - DDL作业ID:680817618961039360
2025-02-21 16:46:15,122 - App.src.log - INFO - 保存更新DDL作业请求发送中...
2025-02-21 16:46:15,277 - App.src.log - INFO - 返回状态码:  200
2025-02-21 16:46:15,277 - App.src.log - INFO - 运行测试参数作业请求发送中...
2025-02-21 16:46:15,339 - App.src.log - INFO - 返回状态码:  200
2025-02-21 16:46:15,339 - App.src.log - INFO - 执行作业请求发送中...
2025-02-21 16:46:15,477 - App.src.log - INFO - 返回状态码:  200
2025-02-21 16:46:15,477 - App.src.log - INFO - 作业:680817618961039360,执行成功!
2025-02-21 16:46:15,478 - App.src.log - INFO - 建表语句请求发送中...
2025-02-21 16:46:15,632 - App.src.log - INFO - 返回状态码:  200
2025-02-21 16:46:15,632 - App.src.log - INFO - 发送创建DDL工作请求中...
2025-02-21 16:46:15,838 - App.src.log - INFO - 返回状态码:  200
2025-02-21 16:46:15,838 - App.src.log - INFO - 返回该作业id: 680817621863497728
2025-02-21 16:46:15,839 - App.src.log - INFO - 创建DDL作业成功
2025-02-21 16:46:15,839 - App.src.log - INFO - DDL作业ID:680817621863497728
2025-02-21 16:46:15,839 - App.src.log - INFO - 保存更新DDL作业请求发送中...
2025-02-21 16:46:15,976 - App.src.log - INFO - 返回状态码:  200
2025-02-21 16:46:15,976 - App.src.log - INFO - 运行测试参数作业请求发送中...
2025-02-21 16:46:16,050 - App.src.log - INFO - 返回状态码:  200
2025-02-21 16:46:16,050 - App.src.log - INFO - 执行作业请求发送中...
2025-02-21 16:46:16,112 - App.src.log - INFO - 返回状态码:  200
2025-02-21 16:46:16,113 - App.src.log - INFO - 作业:680817621863497728,执行成功!
2025-02-21 16:46:16,113 - App.src.log - INFO - 建表语句请求发送中...
2025-02-21 16:46:16,361 - App.src.log - INFO - 返回状态码:  200
2025-02-21 16:46:16,361 - App.src.log - INFO - 发送创建DDL工作请求中...
2025-02-21 16:46:16,549 - App.src.log - INFO - 返回状态码:  200
2025-02-21 16:46:16,549 - App.src.log - INFO - 返回该作业id: 680817624942116864
2025-02-21 16:46:16,549 - App.src.log - INFO - 创建DDL作业成功
2025-02-21 16:46:16,549 - App.src.log - INFO - DDL作业ID:680817624942116864
2025-02-21 16:46:16,550 - App.src.log - INFO - 保存更新DDL作业请求发送中...
2025-02-21 16:46:16,649 - App.src.log - INFO - 返回状态码:  200
2025-02-21 16:46:16,649 - App.src.log - INFO - 运行测试参数作业请求发送中...
2025-02-21 16:46:16,704 - App.src.log - INFO - 返回状态码:  200
2025-02-21 16:46:16,704 - App.src.log - INFO - 执行作业请求发送中...
2025-02-21 16:46:16,811 - App.src.log - INFO - 返回状态码:  200
2025-02-21 16:46:16,811 - App.src.log - INFO - 作业:680817624942116864,执行成功!
2025-02-21 16:46:16,812 - App.src.log - INFO - 建表语句请求发送中...
2025-02-21 16:46:16,964 - App.src.log - INFO - 返回状态码:  200
2025-02-21 16:46:16,964 - App.src.log - INFO - 发送创建DDL工作请求中...
2025-02-21 16:46:17,163 - App.src.log - INFO - 返回状态码:  200
2025-02-21 16:46:17,164 - App.src.log - INFO - 返回该作业id: 680817627462893568
2025-02-21 16:46:17,164 - App.src.log - INFO - 创建DDL作业成功
2025-02-21 16:46:17,164 - App.src.log - INFO - DDL作业ID:680817627462893568
2025-02-21 16:46:17,165 - App.src.log - INFO - 保存更新DDL作业请求发送中...
2025-02-21 16:46:17,265 - App.src.log - INFO - 返回状态码:  200
2025-02-21 16:46:17,265 - App.src.log - INFO - 运行测试参数作业请求发送中...
2025-02-21 16:46:17,321 - App.src.log - INFO - 返回状态码:  200
2025-02-21 16:46:17,321 - App.src.log - INFO - 执行作业请求发送中...
2025-02-21 16:46:17,428 - App.src.log - INFO - 返回状态码:  200
2025-02-21 16:46:17,428 - App.src.log - INFO - 作业:680817627462893568,执行成功!
2025-02-21 16:46:17,429 - App.src.log - INFO - 建表语句请求发送中...
2025-02-21 16:46:17,576 - App.src.log - INFO - 返回状态码:  200
2025-02-21 16:46:17,576 - App.src.log - INFO - 发送创建DDL工作请求中...
2025-02-21 16:46:17,816 - App.src.log - INFO - 返回状态码:  200
2025-02-21 16:46:17,816 - App.src.log - INFO - 返回该作业id: 680817630201774080
2025-02-21 16:46:17,816 - App.src.log - INFO - 创建DDL作业成功
2025-02-21 16:46:17,816 - App.src.log - INFO - DDL作业ID:680817630201774080
2025-02-21 16:46:17,817 - App.src.log - INFO - 保存更新DDL作业请求发送中...
2025-02-21 16:46:17,932 - App.src.log - INFO - 返回状态码:  200
2025-02-21 16:46:17,933 - App.src.log - INFO - 运行测试参数作业请求发送中...
2025-02-21 16:46:18,031 - App.src.log - INFO - 返回状态码:  200
2025-02-21 16:46:18,031 - App.src.log - INFO - 执行作业请求发送中...
2025-02-21 16:46:18,138 - App.src.log - INFO - 返回状态码:  200
2025-02-21 16:46:18,138 - App.src.log - INFO - 作业:680817630201774080,执行成功!
2025-02-21 16:46:18,139 - App.src.log - INFO - 建表语句请求发送中...
2025-02-21 16:46:18,227 - App.src.log - INFO - 返回状态码:  200
2025-02-21 16:46:18,228 - App.src.log - INFO - 发送创建DDL工作请求中...
2025-02-21 16:46:18,416 - App.src.log - INFO - 返回状态码:  200
2025-02-21 16:46:18,416 - App.src.log - INFO - 返回该作业id: 680817632772882432
2025-02-21 16:46:18,417 - App.src.log - INFO - 创建DDL作业成功
2025-02-21 16:46:18,417 - App.src.log - INFO - DDL作业ID:680817632772882432
2025-02-21 16:46:18,417 - App.src.log - INFO - 保存更新DDL作业请求发送中...
2025-02-21 16:46:18,576 - App.src.log - INFO - 返回状态码:  200
2025-02-21 16:46:18,576 - App.src.log - INFO - 运行测试参数作业请求发送中...
2025-02-21 16:46:18,666 - App.src.log - INFO - 返回状态码:  200
2025-02-21 16:46:18,666 - App.src.log - INFO - 执行作业请求发送中...
2025-02-21 16:46:18,760 - App.src.log - INFO - 返回状态码:  200
2025-02-21 16:46:18,760 - App.src.log - INFO - 作业:680817632772882432,执行成功!
2025-02-21 16:46:18,761 - App.src.log - INFO - 建表语句请求发送中...
2025-02-21 16:46:18,894 - App.src.log - INFO - 返回状态码:  200
2025-02-21 16:46:18,895 - App.src.log - INFO - 发送创建DDL工作请求中...
2025-02-21 16:46:19,069 - App.src.log - INFO - 返回状态码:  200
2025-02-21 16:46:19,069 - App.src.log - INFO - 返回该作业id: 680817635532734464
2025-02-21 16:46:19,069 - App.src.log - INFO - 创建DDL作业成功
2025-02-21 16:46:19,069 - App.src.log - INFO - DDL作业ID:680817635532734464
2025-02-21 16:46:19,070 - App.src.log - INFO - 保存更新DDL作业请求发送中...
2025-02-21 16:46:19,185 - App.src.log - INFO - 返回状态码:  200
2025-02-21 16:46:19,186 - App.src.log - INFO - 运行测试参数作业请求发送中...
2025-02-21 16:46:19,290 - App.src.log - INFO - 返回状态码:  200
2025-02-21 16:46:19,290 - App.src.log - INFO - 执行作业请求发送中...
2025-02-21 16:46:19,379 - App.src.log - INFO - 返回状态码:  200
2025-02-21 16:46:19,379 - App.src.log - INFO - 作业:680817635532734464,执行成功!
2025-02-21 16:46:19,379 - App.src.log - INFO - 建表语句请求发送中...
2025-02-21 16:46:19,504 - App.src.log - INFO - 返回状态码:  200
2025-02-21 16:46:19,504 - App.src.log - INFO - 发送创建DDL工作请求中...
2025-02-21 16:46:19,720 - App.src.log - INFO - 返回状态码:  200
2025-02-21 16:46:19,720 - App.src.log - INFO - 返回该作业id: 680817638259032064
2025-02-21 16:46:19,721 - App.src.log - INFO - 创建DDL作业成功
2025-02-21 16:46:19,721 - App.src.log - INFO - DDL作业ID:680817638259032064
2025-02-21 16:46:19,721 - App.src.log - INFO - 保存更新DDL作业请求发送中...
2025-02-21 16:46:19,860 - App.src.log - INFO - 返回状态码:  200
2025-02-21 16:46:19,861 - App.src.log - INFO - 运行测试参数作业请求发送中...
2025-02-21 16:46:19,922 - App.src.log - INFO - 返回状态码:  200
2025-02-21 16:46:19,922 - App.src.log - INFO - 执行作业请求发送中...
2025-02-21 16:46:20,000 - App.src.log - INFO - 返回状态码:  200
2025-02-21 16:46:20,000 - App.src.log - INFO - 作业:680817638259032064,执行成功!
2025-02-21 16:46:20,000 - App.src.log - INFO - 建表语句请求发送中...
2025-02-21 16:46:20,160 - App.src.log - INFO - 返回状态码:  200
2025-02-21 16:46:20,161 - App.src.log - INFO - 发送创建DDL工作请求中...
2025-02-21 16:46:20,357 - App.src.log - INFO - 返回状态码:  200
2025-02-21 16:46:20,357 - App.src.log - INFO - 返回该作业id: 680817640893054976
2025-02-21 16:46:20,357 - App.src.log - INFO - 创建DDL作业成功
2025-02-21 16:46:20,357 - App.src.log - INFO - DDL作业ID:680817640893054976
2025-02-21 16:46:20,358 - App.src.log - INFO - 保存更新DDL作业请求发送中...
2025-02-21 16:46:20,458 - App.src.log - INFO - 返回状态码:  200
2025-02-21 16:46:20,458 - App.src.log - INFO - 运行测试参数作业请求发送中...
2025-02-21 16:46:20,513 - App.src.log - INFO - 返回状态码:  200
2025-02-21 16:46:20,514 - App.src.log - INFO - 执行作业请求发送中...
2025-02-21 16:46:20,590 - App.src.log - INFO - 返回状态码:  200
2025-02-21 16:46:20,590 - App.src.log - INFO - 作业:680817640893054976,执行成功!
2025-02-21 16:46:20,591 - App.src.log - INFO - 建表语句请求发送中...
2025-02-21 16:46:20,732 - App.src.log - INFO - 返回状态码:  200
2025-02-21 16:46:20,733 - App.src.log - INFO - 发送创建DDL工作请求中...
2025-02-21 16:46:20,916 - App.src.log - INFO - 返回状态码:  200
2025-02-21 16:46:20,916 - App.src.log - INFO - 返回该作业id: 680817643258642432
2025-02-21 16:46:20,916 - App.src.log - INFO - 创建DDL作业成功
2025-02-21 16:46:20,916 - App.src.log - INFO - DDL作业ID:680817643258642432
2025-02-21 16:46:20,917 - App.src.log - INFO - 保存更新DDL作业请求发送中...
2025-02-21 16:46:21,015 - App.src.log - INFO - 返回状态码:  200
2025-02-21 16:46:21,015 - App.src.log - INFO - 运行测试参数作业请求发送中...
2025-02-21 16:46:21,072 - App.src.log - INFO - 返回状态码:  200
2025-02-21 16:46:21,073 - App.src.log - INFO - 执行作业请求发送中...
2025-02-21 16:46:21,163 - App.src.log - INFO - 返回状态码:  200
2025-02-21 16:46:21,163 - App.src.log - INFO - 作业:680817643258642432,执行成功!
2025-02-21 16:46:21,163 - App.src.log - INFO - 建表语句请求发送中...
2025-02-21 16:46:21,286 - App.src.log - INFO - 返回状态码:  200
2025-02-21 16:46:21,286 - App.src.log - INFO - 发送创建DDL工作请求中...
2025-02-21 16:46:21,473 - App.src.log - INFO - 返回状态码:  200
2025-02-21 16:46:21,473 - App.src.log - INFO - 返回该作业id: 680817645582286848
2025-02-21 16:46:21,473 - App.src.log - INFO - 创建DDL作业成功
2025-02-21 16:46:21,473 - App.src.log - INFO - DDL作业ID:680817645582286848
2025-02-21 16:46:21,474 - App.src.log - INFO - 保存更新DDL作业请求发送中...
2025-02-21 16:46:21,660 - App.src.log - INFO - 返回状态码:  200
2025-02-21 16:46:21,660 - App.src.log - INFO - 运行测试参数作业请求发送中...
2025-02-21 16:46:21,736 - App.src.log - INFO - 返回状态码:  200
2025-02-21 16:46:21,736 - App.src.log - INFO - 执行作业请求发送中...
2025-02-21 16:46:21,845 - App.src.log - INFO - 返回状态码:  200
2025-02-21 16:46:21,845 - App.src.log - INFO - 作业:680817645582286848,执行成功!
2025-02-21 16:46:21,846 - App.src.log - INFO - 建表语句请求发送中...
2025-02-21 16:46:22,078 - App.src.log - INFO - 返回状态码:  200
2025-02-21 16:46:22,078 - App.src.log - INFO - 发送创建DDL工作请求中...
2025-02-21 16:46:22,265 - App.src.log - INFO - 返回状态码:  200
2025-02-21 16:46:22,266 - App.src.log - INFO - 返回该作业id: 680817648908369920
2025-02-21 16:46:22,266 - App.src.log - INFO - 创建DDL作业成功
2025-02-21 16:46:22,266 - App.src.log - INFO - DDL作业ID:680817648908369920
2025-02-21 16:46:22,267 - App.src.log - INFO - 保存更新DDL作业请求发送中...
2025-02-21 16:46:22,421 - App.src.log - INFO - 返回状态码:  200
2025-02-21 16:46:22,421 - App.src.log - INFO - 运行测试参数作业请求发送中...
2025-02-21 16:46:22,513 - App.src.log - INFO - 返回状态码:  200
2025-02-21 16:46:22,513 - App.src.log - INFO - 执行作业请求发送中...
2025-02-21 16:46:22,623 - App.src.log - INFO - 返回状态码:  200
2025-02-21 16:46:22,623 - App.src.log - INFO - 作业:680817648908369920,执行成功!
2025-02-21 16:46:22,624 - App.src.log - INFO - 建表语句请求发送中...
2025-02-21 16:46:22,765 - App.src.log - INFO - 返回状态码:  200
2025-02-21 16:46:22,766 - App.src.log - INFO - 发送创建DDL工作请求中...
2025-02-21 16:46:22,968 - App.src.log - INFO - 返回状态码:  200
2025-02-21 16:46:22,968 - App.src.log - INFO - 返回该作业id: 680817651781468160
2025-02-21 16:46:22,968 - App.src.log - INFO - 创建DDL作业成功
2025-02-21 16:46:22,969 - App.src.log - INFO - DDL作业ID:680817651781468160
2025-02-21 16:46:22,969 - App.src.log - INFO - 保存更新DDL作业请求发送中...
2025-02-21 16:46:23,073 - App.src.log - INFO - 返回状态码:  200
2025-02-21 16:46:23,073 - App.src.log - INFO - 运行测试参数作业请求发送中...
2025-02-21 16:46:23,124 - App.src.log - INFO - 返回状态码:  200
2025-02-21 16:46:23,124 - App.src.log - INFO - 执行作业请求发送中...
2025-02-21 16:46:23,217 - App.src.log - INFO - 返回状态码:  200
2025-02-21 16:46:23,218 - App.src.log - INFO - 作业:680817651781468160,执行成功!
2025-02-21 16:46:23,218 - App.src.log - INFO - 建表语句请求发送中...
2025-02-21 16:46:23,338 - App.src.log - INFO - 返回状态码:  200
2025-02-21 16:46:23,338 - App.src.log - INFO - 发送创建DDL工作请求中...
2025-02-21 16:46:23,523 - App.src.log - INFO - 返回状态码:  200
2025-02-21 16:46:23,523 - App.src.log - INFO - 返回该作业id: 680817654184804352
2025-02-21 16:46:23,523 - App.src.log - INFO - 创建DDL作业成功
2025-02-21 16:46:23,523 - App.src.log - INFO - DDL作业ID:680817654184804352
2025-02-21 16:46:23,524 - App.src.log - INFO - 保存更新DDL作业请求发送中...
2025-02-21 16:46:23,620 - App.src.log - INFO - 返回状态码:  200
2025-02-21 16:46:23,621 - App.src.log - INFO - 运行测试参数作业请求发送中...
2025-02-21 16:46:23,722 - App.src.log - INFO - 返回状态码:  200
2025-02-21 16:46:23,722 - App.src.log - INFO - 执行作业请求发送中...
2025-02-21 16:46:23,800 - App.src.log - INFO - 返回状态码:  200
2025-02-21 16:46:23,801 - App.src.log - INFO - 作业:680817654184804352,执行成功!
2025-02-21 16:46:23,801 - App.src.log - INFO - 建表语句请求发送中...
2025-02-21 16:46:23,880 - App.src.log - INFO - 返回状态码:  200
2025-02-21 16:46:23,881 - App.src.log - INFO - 发送创建DDL工作请求中...
2025-02-21 16:46:24,064 - App.src.log - INFO - 返回状态码:  200
2025-02-21 16:46:24,064 - App.src.log - INFO - 返回该作业id: 680817656432951296
2025-02-21 16:46:24,065 - App.src.log - INFO - 创建DDL作业成功
2025-02-21 16:46:24,065 - App.src.log - INFO - DDL作业ID:680817656432951296
2025-02-21 16:46:24,065 - App.src.log - INFO - 保存更新DDL作业请求发送中...
2025-02-21 16:46:24,203 - App.src.log - INFO - 返回状态码:  200
2025-02-21 16:46:24,203 - App.src.log - INFO - 运行测试参数作业请求发送中...
2025-02-21 16:46:24,284 - App.src.log - INFO - 返回状态码:  200
2025-02-21 16:46:24,284 - App.src.log - INFO - 执行作业请求发送中...
2025-02-21 16:46:24,358 - App.src.log - INFO - 返回状态码:  200
2025-02-21 16:46:24,358 - App.src.log - INFO - 作业:680817656432951296,执行成功!
2025-02-21 16:46:24,358 - App.src.log - INFO - 建表语句请求发送中...
2025-02-21 16:46:24,483 - App.src.log - INFO - 返回状态码:  200
2025-02-21 16:46:24,484 - App.src.log - INFO - 发送创建DDL工作请求中...
2025-02-21 16:46:24,673 - App.src.log - INFO - 返回状态码:  200
2025-02-21 16:46:24,674 - App.src.log - INFO - 返回该作业id: 680817658991476736
2025-02-21 16:46:24,674 - App.src.log - INFO - 创建DDL作业成功
2025-02-21 16:46:24,674 - App.src.log - INFO - DDL作业ID:680817658991476736
2025-02-21 16:46:24,675 - App.src.log - INFO - 保存更新DDL作业请求发送中...
2025-02-21 16:46:24,827 - App.src.log - INFO - 返回状态码:  200
2025-02-21 16:46:24,827 - App.src.log - INFO - 运行测试参数作业请求发送中...
2025-02-21 16:46:24,905 - App.src.log - INFO - 返回状态码:  200
2025-02-21 16:46:24,905 - App.src.log - INFO - 执行作业请求发送中...
2025-02-21 16:46:24,999 - App.src.log - INFO - 返回状态码:  200
2025-02-21 16:46:24,999 - App.src.log - INFO - 作业:680817658991476736,执行成功!
2025-02-21 16:46:24,999 - App.src.log - INFO - 建表语句请求发送中...
2025-02-21 16:46:25,125 - App.src.log - INFO - 返回状态码:  200
2025-02-21 16:46:25,125 - App.src.log - INFO - 发送创建DDL工作请求中...
2025-02-21 16:46:25,321 - App.src.log - INFO - 返回状态码:  200
2025-02-21 16:46:25,321 - App.src.log - INFO - 返回该作业id: 680817661700997120
2025-02-21 16:46:25,322 - App.src.log - INFO - 创建DDL作业成功
2025-02-21 16:46:25,322 - App.src.log - INFO - DDL作业ID:680817661700997120
2025-02-21 16:46:25,322 - App.src.log - INFO - 保存更新DDL作业请求发送中...
2025-02-21 16:46:25,463 - App.src.log - INFO - 返回状态码:  200
2025-02-21 16:46:25,464 - App.src.log - INFO - 运行测试参数作业请求发送中...
2025-02-21 16:46:25,524 - App.src.log - INFO - 返回状态码:  200
2025-02-21 16:46:25,524 - App.src.log - INFO - 执行作业请求发送中...
2025-02-21 16:46:25,650 - App.src.log - INFO - 返回状态码:  200
2025-02-21 16:46:25,651 - App.src.log - INFO - 作业:680817661700997120,执行成功!
2025-02-21 16:46:25,651 - App.src.log - INFO - 建表语句请求发送中...
2025-02-21 16:46:25,773 - App.src.log - INFO - 返回状态码:  200
2025-02-21 16:46:25,774 - App.src.log - INFO - 发送创建DDL工作请求中...
2025-02-21 16:46:25,959 - App.src.log - INFO - 返回状态码:  200
2025-02-21 16:46:25,959 - App.src.log - INFO - 返回该作业id: 680817664402128896
2025-02-21 16:46:25,959 - App.src.log - INFO - 创建DDL作业成功
2025-02-21 16:46:25,959 - App.src.log - INFO - DDL作业ID:680817664402128896
2025-02-21 16:46:25,960 - App.src.log - INFO - 保存更新DDL作业请求发送中...
2025-02-21 16:46:26,081 - App.src.log - INFO - 返回状态码:  200
2025-02-21 16:46:26,082 - App.src.log - INFO - 运行测试参数作业请求发送中...
2025-02-21 16:46:26,143 - App.src.log - INFO - 返回状态码:  200
2025-02-21 16:46:26,143 - App.src.log - INFO - 执行作业请求发送中...
2025-02-21 16:46:26,206 - App.src.log - INFO - 返回状态码:  200
2025-02-21 16:46:26,206 - App.src.log - INFO - 作业:680817664402128896,执行成功!
