2025-02-21 16:36:48,031 - App.src.log - WARNING - 未获取到项目目录信息，正在获取项目目录
2025-02-21 16:36:48,031 - App.src.log - WARNING - 未获取到项目信息，正在获取项目
2025-02-21 16:36:48,031 - App.src.log - INFO - 发送查询项目请求中...
2025-02-21 16:36:48,154 - App.src.log - INFO - 返回状态码:  200
2025-02-21 16:36:48,154 - App.src.log - INFO - 项目名称:农险统计分析项目,项目ID:659865788999532544,环境ID:660123898615955456
2025-02-21 16:36:48,154 - App.src.log - INFO - 项目名称:保单域模型开发,项目ID:660489178949091328,环境ID:660489357961986048
2025-02-21 16:36:48,159 - App.src.log - INFO - 项目名称:理赔域模型开发,项目ID:664105169524359168,环境ID:664110609901551616
2025-02-21 16:36:48,159 - App.src.log - INFO - 项目名称:收付域模型开发,项目ID:665558091214880768,环境ID:665558589229760512
2025-02-21 16:36:48,159 - App.src.log - INFO - 项目名称:产品域模型开发,项目ID:667309876069793792,环境ID:667310114419507200
2025-02-21 16:36:48,160 - App.src.log - INFO - 项目名称:公共域模型开发,项目ID:667309925382225920,环境ID:667310350181335040
2025-02-21 16:36:48,160 - App.src.log - INFO - 项目名称:销管域模型开发,项目ID:669492845551288320,环境ID:669492992658112512
2025-02-21 16:36:48,160 - App.src.log - INFO - 项目名称:机构域模型开发,项目ID:669499243865571328,环境ID:669499579246313472
2025-02-21 16:36:48,160 - App.src.log - INFO - 项目名称:财务域模型开发,项目ID:669499189998125056,环境ID:669500013042204672
2025-02-21 16:36:48,160 - App.src.log - INFO - 项目名称:再保域模型开发,项目ID:669540045408960512,环境ID:669540279086219264
2025-02-21 16:36:48,160 - App.src.log - INFO - 项目名称:客户域模型开发,项目ID:669544231576010752,环境ID:669544379244871680
2025-02-21 16:36:48,160 - App.src.log - INFO - 项目名称:系统配置域模型开发,项目ID:669567632545939456,环境ID:669567973840650240
2025-02-21 16:36:48,160 - App.src.log - INFO - 项目名称:监管报送,项目ID:680416668777709568,环境ID:680417741324156928
2025-02-21 16:36:48,160 - App.src.log - INFO - 项目名称:新农险域模型开发,项目ID:680809261319585792,环境ID:680809423555264512
2025-02-21 16:36:48,160 - App.src.log - INFO - 查询项目成功
2025-02-21 16:36:48,160 - App.src.log - INFO - 发送查询数据开发作业请求中...
2025-02-21 16:36:48,224 - App.src.log - INFO - 返回状态码:  200
2025-02-21 16:36:48,224 - App.src.log - INFO - 查询离线作业成功
2025-02-21 16:36:48,225 - App.src.log - INFO - 建表语句请求发送中...
2025-02-21 16:36:48,350 - App.src.log - INFO - 返回状态码:  200
2025-02-21 16:36:48,350 - App.src.log - INFO - 发送创建DDL工作请求中...
2025-02-21 16:36:48,550 - App.src.log - INFO - 返回状态码:  200
2025-02-21 16:36:48,550 - App.src.log - INFO - 返回该作业id: 680815242476781568
2025-02-21 16:36:48,550 - App.src.log - INFO - 创建DDL作业成功
2025-02-21 16:36:48,550 - App.src.log - INFO - DDL作业ID:680815242476781568
2025-02-21 16:36:48,551 - App.src.log - INFO - 保存更新DDL作业请求发送中...
2025-02-21 16:36:48,673 - App.src.log - INFO - 返回状态码:  200
2025-02-21 16:36:48,673 - App.src.log - INFO - 运行测试参数作业请求发送中...
2025-02-21 16:36:48,735 - App.src.log - INFO - 返回状态码:  200
2025-02-21 16:36:48,735 - App.src.log - INFO - 执行作业请求发送中...
2025-02-21 16:36:48,814 - App.src.log - INFO - 返回状态码:  200
2025-02-21 16:36:48,814 - App.src.log - INFO - 作业:680815242476781568,执行成功!
2025-02-21 16:36:48,815 - App.src.log - INFO - 建表语句请求发送中...
2025-02-21 16:36:48,888 - App.src.log - INFO - 返回状态码:  200
2025-02-21 16:36:48,888 - App.src.log - INFO - 发送创建DDL工作请求中...
2025-02-21 16:36:49,076 - App.src.log - INFO - 返回状态码:  200
2025-02-21 16:36:49,076 - App.src.log - INFO - 返回该作业id: 680815244750094336
2025-02-21 16:36:49,076 - App.src.log - INFO - 创建DDL作业成功
2025-02-21 16:36:49,076 - App.src.log - INFO - DDL作业ID:680815244750094336
2025-02-21 16:36:49,077 - App.src.log - INFO - 保存更新DDL作业请求发送中...
2025-02-21 16:36:49,187 - App.src.log - INFO - 返回状态码:  200
2025-02-21 16:36:49,187 - App.src.log - INFO - 运行测试参数作业请求发送中...
2025-02-21 16:36:49,264 - App.src.log - INFO - 返回状态码:  200
2025-02-21 16:36:49,264 - App.src.log - INFO - 执行作业请求发送中...
2025-02-21 16:36:49,337 - App.src.log - INFO - 返回状态码:  200
2025-02-21 16:36:49,337 - App.src.log - INFO - 作业:680815244750094336,执行成功!
2025-02-21 16:36:49,337 - App.src.log - INFO - 建表语句请求发送中...
2025-02-21 16:36:49,386 - App.src.log - INFO - 返回状态码:  200
2025-02-21 16:36:49,387 - App.src.log - INFO - 发送创建DDL工作请求中...
2025-02-21 16:36:49,570 - App.src.log - INFO - 返回状态码:  200
2025-02-21 16:36:49,570 - App.src.log - INFO - 返回该作业id: 680815246834663424
2025-02-21 16:36:49,570 - App.src.log - INFO - 创建DDL作业成功
2025-02-21 16:36:49,570 - App.src.log - INFO - DDL作业ID:680815246834663424
2025-02-21 16:36:49,571 - App.src.log - INFO - 保存更新DDL作业请求发送中...
2025-02-21 16:36:49,709 - App.src.log - INFO - 返回状态码:  200
2025-02-21 16:36:49,709 - App.src.log - INFO - 运行测试参数作业请求发送中...
2025-02-21 16:36:49,802 - App.src.log - INFO - 返回状态码:  200
2025-02-21 16:36:49,802 - App.src.log - INFO - 执行作业请求发送中...
2025-02-21 16:36:49,887 - App.src.log - INFO - 返回状态码:  200
2025-02-21 16:36:49,887 - App.src.log - INFO - 作业:680815246834663424,执行成功!
2025-02-21 16:36:49,888 - App.src.log - INFO - 建表语句请求发送中...
2025-02-21 16:36:49,987 - App.src.log - INFO - 返回状态码:  200
2025-02-21 16:36:49,989 - App.src.log - INFO - 发送创建DDL工作请求中...
2025-02-21 16:36:50,178 - App.src.log - INFO - 返回状态码:  200
2025-02-21 16:36:50,179 - App.src.log - INFO - 返回该作业id: 680815249393188864
2025-02-21 16:36:50,179 - App.src.log - INFO - 创建DDL作业成功
2025-02-21 16:36:50,179 - App.src.log - INFO - DDL作业ID:680815249393188864
2025-02-21 16:36:50,180 - App.src.log - INFO - 保存更新DDL作业请求发送中...
2025-02-21 16:36:50,313 - App.src.log - INFO - 返回状态码:  200
2025-02-21 16:36:50,313 - App.src.log - INFO - 运行测试参数作业请求发送中...
2025-02-21 16:36:50,397 - App.src.log - INFO - 返回状态码:  200
2025-02-21 16:36:50,397 - App.src.log - INFO - 执行作业请求发送中...
2025-02-21 16:36:50,488 - App.src.log - INFO - 返回状态码:  200
2025-02-21 16:36:50,488 - App.src.log - INFO - 作业:680815249393188864,执行成功!
2025-02-21 16:36:50,488 - App.src.log - INFO - 建表语句请求发送中...
2025-02-21 16:36:50,566 - App.src.log - INFO - 返回状态码:  200
2025-02-21 16:36:50,567 - App.src.log - INFO - 发送创建DDL工作请求中...
2025-02-21 16:36:50,736 - App.src.log - INFO - 返回状态码:  200
2025-02-21 16:36:50,736 - App.src.log - INFO - 返回该作业id: 680815251767164928
2025-02-21 16:36:50,737 - App.src.log - INFO - 创建DDL作业成功
2025-02-21 16:36:50,737 - App.src.log - INFO - DDL作业ID:680815251767164928
2025-02-21 16:36:50,737 - App.src.log - INFO - 保存更新DDL作业请求发送中...
2025-02-21 16:36:50,862 - App.src.log - INFO - 返回状态码:  200
2025-02-21 16:36:50,862 - App.src.log - INFO - 运行测试参数作业请求发送中...
2025-02-21 16:36:50,939 - App.src.log - INFO - 返回状态码:  200
2025-02-21 16:36:50,940 - App.src.log - INFO - 执行作业请求发送中...
2025-02-21 16:36:51,016 - App.src.log - INFO - 返回状态码:  200
2025-02-21 16:36:51,016 - App.src.log - INFO - 作业:680815251767164928,执行成功!
2025-02-21 16:36:51,017 - App.src.log - INFO - 建表语句请求发送中...
2025-02-21 16:36:51,094 - App.src.log - INFO - 返回状态码:  200
2025-02-21 16:36:51,095 - App.src.log - INFO - 发送创建DDL工作请求中...
2025-02-21 16:36:51,280 - App.src.log - INFO - 返回状态码:  200
2025-02-21 16:36:51,280 - App.src.log - INFO - 返回该作业id: 680815253998534656
2025-02-21 16:36:51,280 - App.src.log - INFO - 创建DDL作业成功
2025-02-21 16:36:51,281 - App.src.log - INFO - DDL作业ID:680815253998534656
2025-02-21 16:36:51,281 - App.src.log - INFO - 保存更新DDL作业请求发送中...
2025-02-21 16:36:51,406 - App.src.log - INFO - 返回状态码:  200
2025-02-21 16:36:51,406 - App.src.log - INFO - 运行测试参数作业请求发送中...
2025-02-21 16:36:51,482 - App.src.log - INFO - 返回状态码:  200
2025-02-21 16:36:51,482 - App.src.log - INFO - 执行作业请求发送中...
2025-02-21 16:36:51,556 - App.src.log - INFO - 返回状态码:  200
2025-02-21 16:36:51,556 - App.src.log - INFO - 作业:680815253998534656,执行成功!
2025-02-21 16:36:51,557 - App.src.log - INFO - 建表语句请求发送中...
2025-02-21 16:36:51,631 - App.src.log - INFO - 返回状态码:  200
2025-02-21 16:36:51,632 - App.src.log - INFO - 发送创建DDL工作请求中...
2025-02-21 16:36:51,868 - App.src.log - INFO - 返回状态码:  200
2025-02-21 16:36:51,868 - App.src.log - INFO - 返回该作业id: 680815256481562624
2025-02-21 16:36:51,868 - App.src.log - INFO - 创建DDL作业成功
2025-02-21 16:36:51,868 - App.src.log - INFO - DDL作业ID:680815256481562624
2025-02-21 16:36:51,869 - App.src.log - INFO - 保存更新DDL作业请求发送中...
2025-02-21 16:36:51,981 - App.src.log - INFO - 返回状态码:  200
2025-02-21 16:36:51,982 - App.src.log - INFO - 运行测试参数作业请求发送中...
2025-02-21 16:36:52,069 - App.src.log - INFO - 返回状态码:  200
2025-02-21 16:36:52,069 - App.src.log - INFO - 执行作业请求发送中...
2025-02-21 16:36:52,147 - App.src.log - INFO - 返回状态码:  200
2025-02-21 16:36:52,147 - App.src.log - INFO - 作业:680815256481562624,执行成功!
2025-02-21 16:36:52,148 - App.src.log - INFO - 建表语句请求发送中...
2025-02-21 16:36:52,221 - App.src.log - INFO - 返回状态码:  200
2025-02-21 16:36:52,221 - App.src.log - INFO - 发送创建DDL工作请求中...
2025-02-21 16:36:52,414 - App.src.log - INFO - 返回状态码:  200
2025-02-21 16:36:52,414 - App.src.log - INFO - 返回该作业id: 680815258717126656
2025-02-21 16:36:52,414 - App.src.log - INFO - 创建DDL作业成功
2025-02-21 16:36:52,414 - App.src.log - INFO - DDL作业ID:680815258717126656
2025-02-21 16:36:52,415 - App.src.log - INFO - 保存更新DDL作业请求发送中...
2025-02-21 16:36:52,562 - App.src.log - INFO - 返回状态码:  200
2025-02-21 16:36:52,562 - App.src.log - INFO - 运行测试参数作业请求发送中...
2025-02-21 16:36:52,658 - App.src.log - INFO - 返回状态码:  200
2025-02-21 16:36:52,658 - App.src.log - INFO - 执行作业请求发送中...
2025-02-21 16:36:52,734 - App.src.log - INFO - 返回状态码:  200
2025-02-21 16:36:52,734 - App.src.log - INFO - 作业:680815258717126656,执行成功!
2025-02-21 16:36:52,735 - App.src.log - INFO - 建表语句请求发送中...
2025-02-21 16:36:52,811 - App.src.log - INFO - 返回状态码:  200
2025-02-21 16:36:52,811 - App.src.log - INFO - 发送创建DDL工作请求中...
2025-02-21 16:36:52,993 - App.src.log - INFO - 返回状态码:  200
2025-02-21 16:36:52,993 - App.src.log - INFO - 返回该作业id: 680815261221126144
2025-02-21 16:36:52,994 - App.src.log - INFO - 创建DDL作业成功
2025-02-21 16:36:52,994 - App.src.log - INFO - DDL作业ID:680815261221126144
2025-02-21 16:36:52,994 - App.src.log - INFO - 保存更新DDL作业请求发送中...
2025-02-21 16:36:53,166 - App.src.log - INFO - 返回状态码:  200
2025-02-21 16:36:53,167 - App.src.log - INFO - 运行测试参数作业请求发送中...
2025-02-21 16:36:53,242 - App.src.log - INFO - 返回状态码:  200
2025-02-21 16:36:53,243 - App.src.log - INFO - 执行作业请求发送中...
2025-02-21 16:36:53,319 - App.src.log - INFO - 返回状态码:  200
2025-02-21 16:36:53,319 - App.src.log - INFO - 作业:680815261221126144,执行成功!
2025-02-21 16:36:53,319 - App.src.log - INFO - 建表语句请求发送中...
2025-02-21 16:36:53,381 - App.src.log - INFO - 返回状态码:  200
2025-02-21 16:36:53,381 - App.src.log - INFO - 发送创建DDL工作请求中...
2025-02-21 16:36:53,629 - App.src.log - INFO - 返回状态码:  200
2025-02-21 16:36:53,629 - App.src.log - INFO - 返回该作业id: 680815263611879424
2025-02-21 16:36:53,629 - App.src.log - INFO - 创建DDL作业成功
2025-02-21 16:36:53,629 - App.src.log - INFO - DDL作业ID:680815263611879424
2025-02-21 16:36:53,630 - App.src.log - INFO - 保存更新DDL作业请求发送中...
2025-02-21 16:36:53,783 - App.src.log - INFO - 返回状态码:  200
2025-02-21 16:36:53,783 - App.src.log - INFO - 运行测试参数作业请求发送中...
2025-02-21 16:36:53,862 - App.src.log - INFO - 返回状态码:  200
2025-02-21 16:36:53,862 - App.src.log - INFO - 执行作业请求发送中...
2025-02-21 16:36:53,938 - App.src.log - INFO - 返回状态码:  200
2025-02-21 16:36:53,939 - App.src.log - INFO - 作业:680815263611879424,执行成功!
2025-02-21 16:36:53,939 - App.src.log - INFO - 建表语句请求发送中...
2025-02-21 16:36:54,008 - App.src.log - INFO - 返回状态码:  200
2025-02-21 16:36:54,008 - App.src.log - INFO - 发送创建DDL工作请求中...
2025-02-21 16:36:54,188 - App.src.log - INFO - 返回状态码:  200
2025-02-21 16:36:54,189 - App.src.log - INFO - 返回该作业id: 680815266220736512
2025-02-21 16:36:54,189 - App.src.log - INFO - 创建DDL作业成功
2025-02-21 16:36:54,189 - App.src.log - INFO - DDL作业ID:680815266220736512
2025-02-21 16:36:54,190 - App.src.log - INFO - 保存更新DDL作业请求发送中...
2025-02-21 16:36:54,296 - App.src.log - INFO - 返回状态码:  200
2025-02-21 16:36:54,296 - App.src.log - INFO - 运行测试参数作业请求发送中...
2025-02-21 16:36:54,345 - App.src.log - INFO - 返回状态码:  200
2025-02-21 16:36:54,345 - App.src.log - INFO - 执行作业请求发送中...
2025-02-21 16:36:54,439 - App.src.log - INFO - 返回状态码:  200
2025-02-21 16:36:54,440 - App.src.log - INFO - 作业:680815266220736512,执行成功!
2025-02-21 16:36:54,440 - App.src.log - INFO - 建表语句请求发送中...
2025-02-21 16:36:54,516 - App.src.log - INFO - 返回状态码:  200
2025-02-21 16:36:54,517 - App.src.log - INFO - 发送创建DDL工作请求中...
2025-02-21 16:36:54,650 - App.src.log - INFO - 返回状态码:  200
2025-02-21 16:36:54,650 - App.src.log - INFO - 返回该作业id: 680815268355637248
2025-02-21 16:36:54,650 - App.src.log - INFO - 创建DDL作业成功
2025-02-21 16:36:54,650 - App.src.log - INFO - DDL作业ID:680815268355637248
2025-02-21 16:36:54,651 - App.src.log - INFO - 保存更新DDL作业请求发送中...
2025-02-21 16:36:54,814 - App.src.log - INFO - 返回状态码:  200
2025-02-21 16:36:54,814 - App.src.log - INFO - 运行测试参数作业请求发送中...
2025-02-21 16:36:54,890 - App.src.log - INFO - 返回状态码:  200
2025-02-21 16:36:54,890 - App.src.log - INFO - 执行作业请求发送中...
2025-02-21 16:36:54,969 - App.src.log - INFO - 返回状态码:  200
2025-02-21 16:36:54,969 - App.src.log - INFO - 作业:680815268355637248,执行成功!
2025-02-21 16:36:54,970 - App.src.log - INFO - 建表语句请求发送中...
2025-02-21 16:36:55,016 - App.src.log - INFO - 返回状态码:  200
2025-02-21 16:36:55,017 - App.src.log - INFO - 发送创建DDL工作请求中...
2025-02-21 16:36:55,202 - App.src.log - INFO - 返回状态码:  200
2025-02-21 16:36:55,202 - App.src.log - INFO - 返回该作业id: 680815270465372160
2025-02-21 16:36:55,202 - App.src.log - INFO - 创建DDL作业成功
2025-02-21 16:36:55,202 - App.src.log - INFO - DDL作业ID:680815270465372160
2025-02-21 16:36:55,203 - App.src.log - INFO - 保存更新DDL作业请求发送中...
2025-02-21 16:36:55,304 - App.src.log - INFO - 返回状态码:  200
2025-02-21 16:36:55,305 - App.src.log - INFO - 运行测试参数作业请求发送中...
2025-02-21 16:36:55,358 - App.src.log - INFO - 返回状态码:  200
2025-02-21 16:36:55,359 - App.src.log - INFO - 执行作业请求发送中...
2025-02-21 16:36:55,481 - App.src.log - INFO - 返回状态码:  200
2025-02-21 16:36:55,482 - App.src.log - INFO - 作业:680815270465372160,执行成功!
2025-02-21 16:36:55,482 - App.src.log - INFO - 建表语句请求发送中...
2025-02-21 16:36:55,558 - App.src.log - INFO - 返回状态码:  200
2025-02-21 16:36:55,558 - App.src.log - INFO - 发送创建DDL工作请求中...
2025-02-21 16:36:55,711 - App.src.log - INFO - 返回状态码:  200
2025-02-21 16:36:55,711 - App.src.log - INFO - 返回该作业id: 680815272763850752
2025-02-21 16:36:55,711 - App.src.log - INFO - 创建DDL作业成功
2025-02-21 16:36:55,711 - App.src.log - INFO - DDL作业ID:680815272763850752
2025-02-21 16:36:55,712 - App.src.log - INFO - 保存更新DDL作业请求发送中...
2025-02-21 16:36:55,834 - App.src.log - INFO - 返回状态码:  200
2025-02-21 16:36:55,834 - App.src.log - INFO - 运行测试参数作业请求发送中...
2025-02-21 16:36:55,910 - App.src.log - INFO - 返回状态码:  200
2025-02-21 16:36:55,910 - App.src.log - INFO - 执行作业请求发送中...
2025-02-21 16:36:55,987 - App.src.log - INFO - 返回状态码:  200
2025-02-21 16:36:55,988 - App.src.log - INFO - 作业:680815272763850752,执行成功!
2025-02-21 16:36:55,988 - App.src.log - INFO - 建表语句请求发送中...
2025-02-21 16:36:56,047 - App.src.log - INFO - 返回状态码:  200
2025-02-21 16:36:56,048 - App.src.log - INFO - 发送创建DDL工作请求中...
2025-02-21 16:36:56,238 - App.src.log - INFO - 返回状态码:  200
2025-02-21 16:36:56,238 - App.src.log - INFO - 返回该作业id: 680815274814865408
2025-02-21 16:36:56,238 - App.src.log - INFO - 创建DDL作业成功
2025-02-21 16:36:56,238 - App.src.log - INFO - DDL作业ID:680815274814865408
2025-02-21 16:36:56,239 - App.src.log - INFO - 保存更新DDL作业请求发送中...
2025-02-21 16:36:56,375 - App.src.log - INFO - 返回状态码:  200
2025-02-21 16:36:56,375 - App.src.log - INFO - 运行测试参数作业请求发送中...
2025-02-21 16:36:56,435 - App.src.log - INFO - 返回状态码:  200
2025-02-21 16:36:56,435 - App.src.log - INFO - 执行作业请求发送中...
2025-02-21 16:36:56,518 - App.src.log - INFO - 返回状态码:  200
2025-02-21 16:36:56,518 - App.src.log - INFO - 作业:680815274814865408,执行成功!
2025-02-21 16:36:56,519 - App.src.log - INFO - 建表语句请求发送中...
2025-02-21 16:36:56,591 - App.src.log - INFO - 返回状态码:  200
2025-02-21 16:36:56,591 - App.src.log - INFO - 发送创建DDL工作请求中...
2025-02-21 16:36:56,777 - App.src.log - INFO - 返回状态码:  200
2025-02-21 16:36:56,777 - App.src.log - INFO - 返回该作业id: 680815277063012352
2025-02-21 16:36:56,777 - App.src.log - INFO - 创建DDL作业成功
2025-02-21 16:36:56,777 - App.src.log - INFO - DDL作业ID:680815277063012352
2025-02-21 16:36:56,778 - App.src.log - INFO - 保存更新DDL作业请求发送中...
2025-02-21 16:36:56,898 - App.src.log - INFO - 返回状态码:  200
2025-02-21 16:36:56,899 - App.src.log - INFO - 运行测试参数作业请求发送中...
2025-02-21 16:36:56,975 - App.src.log - INFO - 返回状态码:  200
2025-02-21 16:36:56,975 - App.src.log - INFO - 执行作业请求发送中...
2025-02-21 16:36:57,053 - App.src.log - INFO - 返回状态码:  200
2025-02-21 16:36:57,053 - App.src.log - INFO - 作业:680815277063012352,执行成功!
2025-02-21 16:36:57,054 - App.src.log - INFO - 建表语句请求发送中...
2025-02-21 16:36:57,103 - App.src.log - INFO - 返回状态码:  200
2025-02-21 16:36:57,103 - App.src.log - INFO - 发送创建DDL工作请求中...
2025-02-21 16:36:57,346 - App.src.log - INFO - 返回状态码:  200
2025-02-21 16:36:57,346 - App.src.log - INFO - 返回该作业id: 680815279411822592
2025-02-21 16:36:57,346 - App.src.log - INFO - 创建DDL作业成功
2025-02-21 16:36:57,346 - App.src.log - INFO - DDL作业ID:680815279411822592
2025-02-21 16:36:57,347 - App.src.log - INFO - 保存更新DDL作业请求发送中...
2025-02-21 16:36:57,444 - App.src.log - INFO - 返回状态码:  200
2025-02-21 16:36:57,444 - App.src.log - INFO - 运行测试参数作业请求发送中...
2025-02-21 16:36:57,506 - App.src.log - INFO - 返回状态码:  200
2025-02-21 16:36:57,506 - App.src.log - INFO - 执行作业请求发送中...
2025-02-21 16:36:57,608 - App.src.log - INFO - 返回状态码:  200
2025-02-21 16:36:57,609 - App.src.log - INFO - 作业:680815279411822592,执行成功!
2025-02-21 16:36:57,609 - App.src.log - INFO - 建表语句请求发送中...
2025-02-21 16:36:57,672 - App.src.log - INFO - 返回状态码:  200
2025-02-21 16:36:57,672 - App.src.log - INFO - 发送创建DDL工作请求中...
2025-02-21 16:36:57,856 - App.src.log - INFO - 返回状态码:  200
2025-02-21 16:36:57,856 - App.src.log - INFO - 返回该作业id: 680815281609637888
2025-02-21 16:36:57,856 - App.src.log - INFO - 创建DDL作业成功
2025-02-21 16:36:57,856 - App.src.log - INFO - DDL作业ID:680815281609637888
2025-02-21 16:36:57,857 - App.src.log - INFO - 保存更新DDL作业请求发送中...
2025-02-21 16:36:57,943 - App.src.log - INFO - 返回状态码:  200
2025-02-21 16:36:57,944 - App.src.log - INFO - 运行测试参数作业请求发送中...
2025-02-21 16:36:58,011 - App.src.log - INFO - 返回状态码:  200
2025-02-21 16:36:58,011 - App.src.log - INFO - 执行作业请求发送中...
2025-02-21 16:36:58,105 - App.src.log - INFO - 返回状态码:  200
2025-02-21 16:36:58,105 - App.src.log - INFO - 作业:680815281609637888,执行成功!
2025-02-21 16:36:58,106 - App.src.log - INFO - 建表语句请求发送中...
2025-02-21 16:36:58,182 - App.src.log - INFO - 返回状态码:  200
2025-02-21 16:36:58,183 - App.src.log - INFO - 发送创建DDL工作请求中...
2025-02-21 16:36:58,368 - App.src.log - INFO - 返回状态码:  200
2025-02-21 16:36:58,368 - App.src.log - INFO - 返回该作业id: 680815283761315840
2025-02-21 16:36:58,368 - App.src.log - INFO - 创建DDL作业成功
2025-02-21 16:36:58,368 - App.src.log - INFO - DDL作业ID:680815283761315840
2025-02-21 16:36:58,369 - App.src.log - INFO - 保存更新DDL作业请求发送中...
2025-02-21 16:36:58,508 - App.src.log - INFO - 返回状态码:  200
2025-02-21 16:36:58,508 - App.src.log - INFO - 运行测试参数作业请求发送中...
2025-02-21 16:36:58,582 - App.src.log - INFO - 返回状态码:  200
2025-02-21 16:36:58,583 - App.src.log - INFO - 执行作业请求发送中...
2025-02-21 16:36:58,661 - App.src.log - INFO - 返回状态码:  200
2025-02-21 16:36:58,661 - App.src.log - INFO - 作业:680815283761315840,执行成功!
2025-02-21 16:36:58,662 - App.src.log - INFO - 建表语句请求发送中...
2025-02-21 16:36:58,716 - App.src.log - INFO - 返回状态码:  200
2025-02-21 16:36:58,716 - App.src.log - INFO - 发送创建DDL工作请求中...
2025-02-21 16:36:58,909 - App.src.log - INFO - 返回状态码:  200
2025-02-21 16:36:58,909 - App.src.log - INFO - 返回该作业id: 680815286009462784
2025-02-21 16:36:58,909 - App.src.log - INFO - 创建DDL作业成功
2025-02-21 16:36:58,909 - App.src.log - INFO - DDL作业ID:680815286009462784
2025-02-21 16:36:58,910 - App.src.log - INFO - 保存更新DDL作业请求发送中...
2025-02-21 16:36:59,009 - App.src.log - INFO - 返回状态码:  200
2025-02-21 16:36:59,009 - App.src.log - INFO - 运行测试参数作业请求发送中...
2025-02-21 16:36:59,080 - App.src.log - INFO - 返回状态码:  200
2025-02-21 16:36:59,080 - App.src.log - INFO - 执行作业请求发送中...
2025-02-21 16:36:59,217 - App.src.log - INFO - 返回状态码:  200
2025-02-21 16:36:59,217 - App.src.log - INFO - 作业:680815286009462784,执行成功!
2025-02-21 16:36:59,218 - App.src.log - INFO - 建表语句请求发送中...
2025-02-21 16:36:59,260 - App.src.log - INFO - 返回状态码:  200
2025-02-21 16:36:59,261 - App.src.log - INFO - 发送创建DDL工作请求中...
2025-02-21 16:36:59,468 - App.src.log - INFO - 返回状态码:  200
2025-02-21 16:36:59,468 - App.src.log - INFO - 返回该作业id: 680815288358273024
2025-02-21 16:36:59,468 - App.src.log - INFO - 创建DDL作业成功
2025-02-21 16:36:59,468 - App.src.log - INFO - DDL作业ID:680815288358273024
2025-02-21 16:36:59,469 - App.src.log - INFO - 保存更新DDL作业请求发送中...
2025-02-21 16:36:59,656 - App.src.log - INFO - 返回状态码:  200
2025-02-21 16:36:59,657 - App.src.log - INFO - 运行测试参数作业请求发送中...
2025-02-21 16:36:59,747 - App.src.log - INFO - 返回状态码:  200
2025-02-21 16:36:59,747 - App.src.log - INFO - 执行作业请求发送中...
2025-02-21 16:36:59,822 - App.src.log - INFO - 返回状态码:  200
2025-02-21 16:36:59,822 - App.src.log - INFO - 作业:680815288358273024,执行成功!
2025-02-21 16:36:59,822 - App.src.log - INFO - 建表语句请求发送中...
2025-02-21 16:36:59,869 - App.src.log - INFO - 返回状态码:  200
2025-02-21 16:36:59,869 - App.src.log - INFO - 发送创建DDL工作请求中...
2025-02-21 16:37:00,053 - App.src.log - INFO - 返回状态码:  200
2025-02-21 16:37:00,054 - App.src.log - INFO - 返回该作业id: 680815290824523776
2025-02-21 16:37:00,054 - App.src.log - INFO - 创建DDL作业成功
2025-02-21 16:37:00,054 - App.src.log - INFO - DDL作业ID:680815290824523776
2025-02-21 16:37:00,055 - App.src.log - INFO - 保存更新DDL作业请求发送中...
2025-02-21 16:37:00,152 - App.src.log - INFO - 返回状态码:  200
2025-02-21 16:37:00,152 - App.src.log - INFO - 运行测试参数作业请求发送中...
2025-02-21 16:37:00,242 - App.src.log - INFO - 返回状态码:  200
2025-02-21 16:37:00,242 - App.src.log - INFO - 执行作业请求发送中...
2025-02-21 16:37:00,320 - App.src.log - INFO - 返回状态码:  200
2025-02-21 16:37:00,320 - App.src.log - INFO - 作业:680815290824523776,执行成功!
2025-02-21 16:37:00,321 - App.src.log - INFO - 建表语句请求发送中...
2025-02-21 16:37:00,371 - App.src.log - INFO - 返回状态码:  200
2025-02-21 16:37:00,371 - App.src.log - INFO - 发送创建DDL工作请求中...
2025-02-21 16:37:00,554 - App.src.log - INFO - 返回状态码:  200
2025-02-21 16:37:00,555 - App.src.log - INFO - 返回该作业id: 680815292909092864
2025-02-21 16:37:00,555 - App.src.log - INFO - 创建DDL作业成功
2025-02-21 16:37:00,555 - App.src.log - INFO - DDL作业ID:680815292909092864
2025-02-21 16:37:00,556 - App.src.log - INFO - 保存更新DDL作业请求发送中...
2025-02-21 16:37:00,653 - App.src.log - INFO - 返回状态码:  200
2025-02-21 16:37:00,653 - App.src.log - INFO - 运行测试参数作业请求发送中...
2025-02-21 16:37:00,725 - App.src.log - INFO - 返回状态码:  200
2025-02-21 16:37:00,725 - App.src.log - INFO - 执行作业请求发送中...
2025-02-21 16:37:00,799 - App.src.log - INFO - 返回状态码:  200
2025-02-21 16:37:00,799 - App.src.log - INFO - 作业:680815292909092864,执行成功!
2025-02-21 16:37:00,800 - App.src.log - INFO - 建表语句请求发送中...
2025-02-21 16:37:00,858 - App.src.log - INFO - 返回状态码:  200
2025-02-21 16:37:00,858 - App.src.log - INFO - 发送创建DDL工作请求中...
2025-02-21 16:37:01,080 - App.src.log - INFO - 返回状态码:  200
2025-02-21 16:37:01,080 - App.src.log - INFO - 返回该作业id: 680815295119491072
2025-02-21 16:37:01,081 - App.src.log - INFO - 创建DDL作业成功
2025-02-21 16:37:01,081 - App.src.log - INFO - DDL作业ID:680815295119491072
2025-02-21 16:37:01,081 - App.src.log - INFO - 保存更新DDL作业请求发送中...
2025-02-21 16:37:01,177 - App.src.log - INFO - 返回状态码:  200
2025-02-21 16:37:01,177 - App.src.log - INFO - 运行测试参数作业请求发送中...
2025-02-21 16:37:01,237 - App.src.log - INFO - 返回状态码:  200
2025-02-21 16:37:01,238 - App.src.log - INFO - 执行作业请求发送中...
2025-02-21 16:37:01,314 - App.src.log - INFO - 返回状态码:  200
2025-02-21 16:37:01,315 - App.src.log - INFO - 作业:680815295119491072,执行成功!
2025-02-21 16:37:01,315 - App.src.log - INFO - 建表语句请求发送中...
2025-02-21 16:37:01,367 - App.src.log - INFO - 返回状态码:  200
2025-02-21 16:37:01,368 - App.src.log - INFO - 发送创建DDL工作请求中...
2025-02-21 16:37:01,573 - App.src.log - INFO - 返回状态码:  200
2025-02-21 16:37:01,573 - App.src.log - INFO - 返回该作业id: 680815297132756992
2025-02-21 16:37:01,574 - App.src.log - INFO - 创建DDL作业成功
2025-02-21 16:37:01,574 - App.src.log - INFO - DDL作业ID:680815297132756992
2025-02-21 16:37:01,574 - App.src.log - INFO - 保存更新DDL作业请求发送中...
2025-02-21 16:37:01,676 - App.src.log - INFO - 返回状态码:  200
2025-02-21 16:37:01,676 - App.src.log - INFO - 运行测试参数作业请求发送中...
2025-02-21 16:37:01,751 - App.src.log - INFO - 返回状态码:  200
2025-02-21 16:37:01,751 - App.src.log - INFO - 执行作业请求发送中...
2025-02-21 16:37:01,836 - App.src.log - INFO - 返回状态码:  200
2025-02-21 16:37:01,836 - App.src.log - INFO - 作业:680815297132756992,执行成功!
